Log file open, 09/27/18 12:23:22
LogWindows: Failed to load 'aqProf.dll' (GetLastError=126)
LogWindows: File 'aqProf.dll' does not exist
LogWindows: Failed to load 'VtuneApi.dll' (GetLastError=126)
LogWindows: File 'VtuneApi.dll' does not exist
LogWindows: Failed to load 'VtuneApi32e.dll' (GetLastError=126)
LogWindows: File 'VtuneApi32e.dll' does not exist
LogInit: Display: Running engine for game: CIU_CarnEvil_Final
LogPlatformFile: Not using cached read wrapper
LogInit: Display: RandInit(-1864446130) SRandInit(-1864446130).
LogInit: Read version file with build ID '3944462'
LogInit: Overriding engine version to CL 4033788, compatible CL 3944462
LogInit: Registered custom module enumerator with build ID '3944462'
LogTaskGraph: Started task graph with 5 named threads and 59 total threads with 3 sets of task threads.
LogStats: Stats thread started at 0.657392
LogD3D11RHI: Aftermath initialized
LogICUInternationalization: Display: ICU TimeZone Detection - Raw Offset: +10:00, Platform Override: ''
LogModuleManager: Display: Found up-to-date module file ../../../Engine/Plugins/2D/Paper2D/Binaries/Win64/UE4Editor-Paper2D.dll (API version 3944462).
LogModuleManager: Display: Found up-to-date module file ../../../Engine/Plugins/2D/Paper2D/Binaries/Win64/UE4Editor-Paper2DEditor.dll (API version 3944462).
LogModuleManager: Display: Found up-to-date module file ../../../Engine/Plugins/2D/Paper2D/Binaries/Win64/UE4Editor-PaperSpriteSheetImporter.dll (API version 3944462).
LogModuleManager: Display: Found up-to-date module file ../../../Engine/Plugins/2D/Paper2D/Binaries/Win64/UE4Editor-PaperTiledImporter.dll (API version 3944462).
LogModuleManager: Display: Found up-to-date module file ../../../Engine/Plugins/2D/Paper2D/Binaries/Win64/UE4Editor-SmartSnapping.dll (API version 3944462).
LogModuleManager: Display: Found up-to-date module file ../../../Engine/Plugins/Blendables/LightPropagationVolume/Binaries/Win64/UE4Editor-LightPropagationVolumeRuntime.dll (API version 3944462).
LogModuleManager: Display: Found up-to-date module file ../../../Engine/Plugins/Blendables/LightPropagationVolume/Binaries/Win64/UE4Editor-LightPropagationVolumeEditor.dll (API version 3944462).
LogModuleManager: Display: Found up-to-date module file ../../../Engine/Plugins/Developer/CLionSourceCodeAccess/Binaries/Win64/UE4Editor-CLionSourceCodeAccess.dll (API version 3944462).
LogModuleManager: Display: Found up-to-date module file ../../../Engine/Plugins/Developer/GitSourceControl/Binaries/Win64/UE4Editor-GitSourceControl.dll (API version 3944462).
LogModuleManager: Display: Found up-to-date module file ../../../Engine/Plugins/Developer/PerforceSourceControl/Binaries/Win64/UE4Editor-PerforceSourceControl.dll (API version 3944462).
LogModuleManager: Display: Found up-to-date module file ../../../Engine/Plugins/Developer/SubversionSourceControl/Binaries/Win64/UE4Editor-SubversionSourceControl.dll (API version 3944462).
LogModuleManager: Display: Found up-to-date module file ../../../Engine/Plugins/Developer/UObjectPlugin/Binaries/Win64/UE4Editor-UObjectPlugin.dll (API version 3944462).
LogModuleManager: Display: Found up-to-date module file ../../../Engine/Plugins/Developer/VisualStudioCodeSourceCodeAccess/Binaries/Win64/UE4Editor-VisualStudioCodeSourceCodeAccess.dll (API version 3944462).
LogModuleManager: Display: Found up-to-date module file ../../../Engine/Plugins/Developer/VisualStudioSourceCodeAccess/Binaries/Win64/UE4Editor-VisualStudioSourceCodeAccess.dll (API version 3944462).
LogModuleManager: Display: Found up-to-date module file ../../../Engine/Plugins/Editor/AssetManagerEditor/Binaries/Win64/UE4Editor-AssetManagerEditor.dll (API version 3944462).
LogModuleManager: Display: Found up-to-date module file ../../../Engine/Plugins/Editor/CryptoKeys/Binaries/Win64/UE4Editor-CryptoKeys.dll (API version 3944462).
LogModuleManager: Display: Found up-to-date module file ../../../Engine/Plugins/Editor/CryptoKeys/Binaries/Win64/UE4Editor-CryptoKeysOpenSSL.dll (API version 3944462).
LogModuleManager: Display: Found up-to-date module file ../../../Engine/Plugins/Editor/DataValidation/Binaries/Win64/UE4Editor-DataValidation.dll (API version 3944462).
LogModuleManager: Display: Found up-to-date module file ../../../Engine/Plugins/Editor/FacialAnimation/Binaries/Win64/UE4Editor-FacialAnimation.dll (API version 3944462).
LogModuleManager: Display: Found up-to-date module file ../../../Engine/Plugins/Editor/FacialAnimation/Binaries/Win64/UE4Editor-FacialAnimationEditor.dll (API version 3944462).
LogModuleManager: Display: Found up-to-date module file ../../../Engine/Plugins/Editor/GameplayTagsEditor/Binaries/Win64/UE4Editor-GameplayTagsEditor.dll (API version 3944462).
LogModuleManager: Display: Found up-to-date module file ../../../Engine/Plugins/Editor/MobileLauncherProfileWizard/Binaries/Win64/UE4Editor-MobileLauncherProfileWizard.dll (API version 3944462).
LogModuleManager: Display: Found up-to-date module file ../../../Engine/Plugins/Editor/PluginBrowser/Binaries/Win64/UE4Editor-PluginBrowser.dll (API version 3944462).
LogModuleManager: Display: Found up-to-date module file ../../../Engine/Plugins/Editor/SpeedTreeImporter/Binaries/Win64/UE4Editor-SpeedTreeImporter.dll (API version 3944462).
LogModuleManager: Display: Found up-to-date module file ../../../Engine/Plugins/Enterprise/DatasmithContent/Binaries/Win64/UE4Editor-DatasmithContent.dll (API version 3944462).
LogModuleManager: Display: Found up-to-date module file ../../../Engine/Plugins/Experimental/AlembicImporter/Binaries/Win64/UE4Editor-AlembicImporter.dll (API version 3944462).
LogModuleManager: Display: Found up-to-date module file ../../../Engine/Plugins/Experimental/AlembicImporter/Binaries/Win64/UE4Editor-AlembicLibrary.dll (API version 3944462).
LogModuleManager: Display: Found up-to-date module file ../../../Engine/Plugins/Experimental/CharacterAI/Binaries/Win64/UE4Editor-CharacterAI.dll (API version 3944462).
LogModuleManager: Display: Found up-to-date module file ../../../Engine/Plugins/Experimental/HTML5Networking/Binaries/Win64/UE4Editor-HTML5Networking.dll (API version 3944462).
LogModuleManager: Display: Found up-to-date module file ../../../Engine/Plugins/Media/AndroidMedia/Binaries/Win64/UE4Editor-AndroidMediaEditor.dll (API version 3944462).
LogModuleManager: Display: Found up-to-date module file ../../../Engine/Plugins/Media/AndroidMedia/Binaries/Win64/UE4Editor-AndroidMediaFactory.dll (API version 3944462).
LogModuleManager: Display: Found up-to-date module file ../../../Engine/Plugins/Media/AvfMedia/Binaries/Win64/UE4Editor-AvfMediaEditor.dll (API version 3944462).
LogModuleManager: Display: Found up-to-date module file ../../../Engine/Plugins/Media/AvfMedia/Binaries/Win64/UE4Editor-AvfMediaFactory.dll (API version 3944462).
LogModuleManager: Display: Found up-to-date module file ../../../Engine/Plugins/Media/AvfMedia/Binaries/Win64/UE4Editor-AvfMediaFactory.dll (API version 3944462).
LogModuleManager: Display: Found up-to-date module file ../../../Engine/Plugins/Media/ImgMedia/Binaries/Win64/UE4Editor-ImgMedia.dll (API version 3944462).
LogModuleManager: Display: Found up-to-date module file ../../../Engine/Plugins/Media/ImgMedia/Binaries/Win64/UE4Editor-ImgMediaEditor.dll (API version 3944462).
LogModuleManager: Display: Found up-to-date module file ../../../Engine/Plugins/Media/ImgMedia/Binaries/Win64/UE4Editor-ImgMediaFactory.dll (API version 3944462).
LogModuleManager: Display: Found up-to-date module file ../../../Engine/Plugins/Media/ImgMedia/Binaries/Win64/UE4Editor-ImgMediaFactory.dll (API version 3944462).
LogModuleManager: Display: Found up-to-date module file ../../../Engine/Plugins/Media/ImgMedia/Binaries/Win64/UE4Editor-OpenExrWrapper.dll (API version 3944462).
LogModuleManager: Display: Found up-to-date module file ../../../Engine/Plugins/Media/LinearTimecode/Binaries/Win64/UE4Editor-LinearTimecode.dll (API version 3944462).
LogModuleManager: Display: Found up-to-date module file ../../../Engine/Plugins/Media/MediaCompositing/Binaries/Win64/UE4Editor-MediaCompositing.dll (API version 3944462).
LogModuleManager: Display: Found up-to-date module file ../../../Engine/Plugins/Media/MediaCompositing/Binaries/Win64/UE4Editor-MediaCompositingEditor.dll (API version 3944462).
LogModuleManager: Display: Found up-to-date module file ../../../Engine/Plugins/Media/MediaPlayerEditor/Binaries/Win64/UE4Editor-MediaPlayerEditor.dll (API version 3944462).
LogModuleManager: Display: Found up-to-date module file ../../../Engine/Plugins/Media/WmfMedia/Binaries/Win64/UE4Editor-WmfMedia.dll (API version 3944462).
LogModuleManager: Display: Found up-to-date module file ../../../Engine/Plugins/Media/WmfMedia/Binaries/Win64/UE4Editor-WmfMediaEditor.dll (API version 3944462).
LogModuleManager: Display: Found up-to-date module file ../../../Engine/Plugins/Media/WmfMedia/Binaries/Win64/UE4Editor-WmfMediaFactory.dll (API version 3944462).
LogModuleManager: Display: Found up-to-date module file ../../../Engine/Plugins/Media/WmfMedia/Binaries/Win64/UE4Editor-WmfMediaFactory.dll (API version 3944462).
LogModuleManager: Display: Found up-to-date module file ../../../Engine/Plugins/Messaging/TcpMessaging/Binaries/Win64/UE4Editor-TcpMessaging.dll (API version 3944462).
LogModuleManager: Display: Found up-to-date module file ../../../Engine/Plugins/Messaging/UdpMessaging/Binaries/Win64/UE4Editor-UdpMessaging.dll (API version 3944462).
LogModuleManager: Display: Found up-to-date module file ../../../Engine/Plugins/MovieScene/ActorSequence/Binaries/Win64/UE4Editor-ActorSequence.dll (API version 3944462).
LogModuleManager: Display: Found up-to-date module file ../../../Engine/Plugins/MovieScene/LevelSequenceEditor/Binaries/Win64/UE4Editor-LevelSequenceEditor.dll (API version 3944462).
LogModuleManager: Display: Found up-to-date module file ../../../Engine/Plugins/MovieScene/MatineeToLevelSequence/Binaries/Win64/UE4Editor-MatineeToLevelSequence.dll (API version 3944462).
LogModuleManager: Display: Found up-to-date module file ../../../Engine/Plugins/NetcodeUnitTest/NetcodeUnitTest/Binaries/Win64/UE4Editor-NetcodeUnitTest.dll (API version 3944462).
LogModuleManager: Display: Found up-to-date module file ../../../Engine/Plugins/NetcodeUnitTest/NUTUnrealEngine4/Binaries/Win64/UE4Editor-NUTUnrealEngine4.dll (API version 3944462).
LogModuleManager: Display: Found up-to-date module file ../../../Engine/Plugins/Online/OnlineSubsystem/Binaries/Win64/UE4Editor-OnlineSubsystem.dll (API version 3944462).
LogModuleManager: Display: Found up-to-date module file ../../../Engine/Plugins/Runtime/AndroidPermission/Binaries/Win64/UE4Editor-AndroidPermission.dll (API version 3944462).
LogModuleManager: Display: Found up-to-date module file ../../../Engine/Plugins/Online/OnlineSubsystemNull/Binaries/Win64/UE4Editor-OnlineSubsystemNull.dll (API version 3944462).
LogModuleManager: Display: Found up-to-date module file ../../../Engine/Plugins/Online/OnlineSubsystemUtils/Binaries/Win64/UE4Editor-OnlineSubsystemUtils.dll (API version 3944462).
LogModuleManager: Display: Found up-to-date module file ../../../Engine/Plugins/Online/OnlineSubsystemUtils/Binaries/Win64/UE4Editor-OnlineBlueprintSupport.dll (API version 3944462).
LogModuleManager: Display: Found up-to-date module file ../../../Engine/Plugins/Runtime/AndroidDeviceProfileSelector/Binaries/Win64/UE4Editor-AndroidDeviceProfileSelector.dll (API version 3944462).
LogModuleManager: Display: Found up-to-date module file ../../../Engine/Plugins/Runtime/AppleARKit/Binaries/Win64/UE4Editor-AppleARKit.dll (API version 3944462).
LogModuleManager: Display: Found up-to-date module file ../../../Engine/Plugins/Runtime/ProceduralMeshComponent/Binaries/Win64/UE4Editor-ProceduralMeshComponent.dll (API version 3944462).
LogModuleManager: Display: Found up-to-date module file ../../../Engine/Plugins/Runtime/ProceduralMeshComponent/Binaries/Win64/UE4Editor-ProceduralMeshComponentEditor.dll (API version 3944462).
LogModuleManager: Display: Found up-to-date module file ../../../Engine/Plugins/Animation/LiveLink/Binaries/Win64/UE4Editor-LiveLink.dll (API version 3944462).
LogModuleManager: Display: Found up-to-date module file ../../../Engine/Plugins/Animation/LiveLink/Binaries/Win64/UE4Editor-LiveLinkEditor.dll (API version 3944462).
LogModuleManager: Display: Found up-to-date module file ../../../Engine/Plugins/Runtime/ArchVisCharacter/Binaries/Win64/UE4Editor-ArchVisCharacter.dll (API version 3944462).
LogModuleManager: Display: Found up-to-date module file ../../../Engine/Plugins/Runtime/AudioCapture/Binaries/Win64/UE4Editor-AudioCapture.dll (API version 3944462).
LogModuleManager: Display: Found up-to-date module file ../../../Engine/Plugins/Runtime/AudioCapture/Binaries/Win64/UE4Editor-AudioCaptureEditor.dll (API version 3944462).
LogModuleManager: Display: Found up-to-date module file ../../../Engine/Plugins/Runtime/CableComponent/Binaries/Win64/UE4Editor-CableComponent.dll (API version 3944462).
LogModuleManager: Display: Found up-to-date module file ../../../Engine/Plugins/Runtime/CustomMeshComponent/Binaries/Win64/UE4Editor-CustomMeshComponent.dll (API version 3944462).
LogModuleManager: Display: Found up-to-date module file ../../../Engine/Plugins/Runtime/ExampleDeviceProfileSelector/Binaries/Win64/UE4Editor-ExampleDeviceProfileSelector.dll (API version 3944462).
LogModuleManager: Display: Found up-to-date module file ../../../Engine/Plugins/Runtime/ImmediatePhysics/Binaries/Win64/UE4Editor-ImmediatePhysics.dll (API version 3944462).
LogModuleManager: Display: Found up-to-date module file ../../../Engine/Plugins/Runtime/ImmediatePhysics/Binaries/Win64/UE4Editor-ImmediatePhysicsEditor.dll (API version 3944462).
LogModuleManager: Display: Found up-to-date module file ../../../Engine/Plugins/Runtime/LocationServicesBPLibrary/Binaries/Win64/UE4Editor-LocationServicesBPLibrary.dll (API version 3944462).
LogModuleManager: Display: Found up-to-date module file ../../../Engine/Plugins/Runtime/MobilePatchingUtils/Binaries/Win64/UE4Editor-MobilePatchingUtils.dll (API version 3944462).
LogModuleManager: Display: Found up-to-date module file ../../../Engine/Plugins/Runtime/Oculus/OculusVR/Binaries/Win64/UE4Editor-OculusHMD.dll (API version 3944462).
LogModuleManager: Display: Found up-to-date module file ../../../Engine/Plugins/Runtime/Oculus/OculusVR/Binaries/Win64/UE4Editor-OculusInput.dll (API version 3944462).
LogModuleManager: Display: Found up-to-date module file ../../../Engine/Plugins/Runtime/Oculus/OculusVR/Binaries/Win64/UE4Editor-OculusEditor.dll (API version 3944462).
LogModuleManager: Display: Found up-to-date module file ../../../Engine/Plugins/Runtime/PhysXVehicles/Binaries/Win64/UE4Editor-PhysXVehicles.dll (API version 3944462).
LogModuleManager: Display: Found up-to-date module file ../../../Engine/Plugins/Runtime/PhysXVehicles/Binaries/Win64/UE4Editor-PhysXVehiclesEditor.dll (API version 3944462).
LogModuleManager: Display: Found up-to-date module file ../../../Engine/Plugins/Runtime/RuntimePhysXCooking/Binaries/Win64/UE4Editor-RuntimePhysXCooking.dll (API version 3944462).
LogModuleManager: Display: Found up-to-date module file ../../../Engine/Plugins/Runtime/Steam/SteamVR/Binaries/Win64/UE4Editor-SteamVR.dll (API version 3944462).
LogModuleManager: Display: Found up-to-date module file ../../../Engine/Plugins/Runtime/Steam/SteamVR/Binaries/Win64/UE4Editor-SteamVRController.dll (API version 3944462).
LogModuleManager: Display: Found up-to-date module file ../../../Engine/Plugins/Runtime/WindowsMoviePlayer/Binaries/Win64/UE4Editor-WindowsMoviePlayer.dll (API version 3944462).
LogPluginManager: Mounting plugin Paper2D
LogPluginManager: Mounting plugin LiveLink
LogPluginManager: Mounting plugin LightPropagationVolume
LogPluginManager: Mounting plugin CLionSourceCodeAccess
LogPluginManager: Mounting plugin CodeLiteSourceCodeAccess
LogPluginManager: Mounting plugin GitSourceControl
LogPluginManager: Mounting plugin KDevelopSourceCodeAccess
LogPluginManager: Mounting plugin NullSourceCodeAccess
LogPluginManager: Mounting plugin PerforceSourceControl
LogPluginManager: Mounting plugin SubversionSourceControl
LogPluginManager: Mounting plugin UObjectPlugin
LogPluginManager: Mounting plugin VisualStudioCodeSourceCodeAccess
LogPluginManager: Mounting plugin VisualStudioSourceCodeAccess
LogPluginManager: Mounting plugin XCodeSourceCodeAccess
LogPluginManager: Mounting plugin AssetManagerEditor
LogPluginManager: Mounting plugin CryptoKeys
LogPluginManager: Mounting plugin DataValidation
LogPluginManager: Mounting plugin FacialAnimation
LogPluginManager: Mounting plugin GameplayTagsEditor
LogPluginManager: Mounting plugin MobileLauncherProfileWizard
LogPluginManager: Mounting plugin PluginBrowser
LogPluginManager: Mounting plugin SpeedTreeImporter
LogPluginManager: Mounting plugin DatasmithContent
LogPluginManager: Mounting plugin AlembicImporter
LogPluginManager: Mounting plugin CharacterAI
LogPluginManager: Mounting plugin HTML5Networking
LogPluginManager: Mounting plugin AndroidMedia
LogPluginManager: Mounting plugin AvfMedia
LogPluginManager: Mounting plugin ImgMedia
LogPluginManager: Mounting plugin LinearTimecode
LogPluginManager: Mounting plugin MediaCompositing
LogPluginManager: Mounting plugin MediaPlayerEditor
LogPluginManager: Mounting plugin WmfMedia
LogPluginManager: Mounting plugin TcpMessaging
LogPluginManager: Mounting plugin UdpMessaging
LogPluginManager: Mounting plugin ActorSequence
LogPluginManager: Mounting plugin LevelSequenceEditor
LogPluginManager: Mounting plugin MatineeToLevelSequence
LogPluginManager: Mounting plugin NetcodeUnitTest
LogPluginManager: Mounting plugin NUTUnrealEngine4
LogPluginManager: Mounting plugin OnlineSubsystemGooglePlay
LogPluginManager: Mounting plugin OnlineSubsystemIOS
LogPluginManager: Mounting plugin OnlineSubsystem
LogPluginManager: Mounting plugin OnlineSubsystemNull
LogPluginManager: Mounting plugin OnlineSubsystemUtils
LogPluginManager: Mounting plugin AndroidDeviceProfileSelector
LogPluginManager: Mounting plugin AndroidMoviePlayer
LogPluginManager: Mounting plugin AndroidPermission
LogPluginManager: Mounting plugin AppleARKit
LogPluginManager: Mounting plugin AppleMoviePlayer
LogPluginManager: Mounting plugin ArchVisCharacter
LogPluginManager: Mounting plugin AudioCapture
LogPluginManager: Mounting plugin CableComponent
LogPluginManager: Mounting plugin CustomMeshComponent
LogPluginManager: Mounting plugin ExampleDeviceProfileSelector
LogPluginManager: Mounting plugin GoogleCloudMessaging
LogPluginManager: Mounting plugin ImmediatePhysics
LogPluginManager: Mounting plugin IOSDeviceProfileSelector
LogPluginManager: Mounting plugin LinuxDeviceProfileSelector
LogPluginManager: Mounting plugin LocationServicesBPLibrary
LogPluginManager: Mounting plugin MobilePatchingUtils
LogPluginManager: Mounting plugin OculusVR
LogPluginManager: Plugin shader directory ../../../Engine/Plugins/Runtime/Oculus/OculusVR/Shaders found
LogPluginManager: Mapping shader source directory ../../../Engine/Plugins/Runtime/Oculus/OculusVR/Shaders to virtual directory /Plugin/OculusVR
LogPluginManager: Mounting plugin PhysXVehicles
LogPluginManager: Mounting plugin ProceduralMeshComponent
LogPluginManager: Mounting plugin RuntimePhysXCooking
LogPluginManager: Mounting plugin SteamVR
LogPluginManager: Mounting plugin WindowsMoviePlayer
LogStreaming: Display: Took  0.583s to configure plugins.
LogInit: Using libcurl 7.47.1
LogInit:  - built for x86_64-pc-win32
LogInit:  - supports SSL with OpenSSL/1.0.2g
LogInit:  - supports HTTP deflate (compression) using libz 1.2.8
LogInit:  - other features:
LogInit:      CURL_VERSION_SSL
LogInit:      CURL_VERSION_LIBZ
LogInit:      CURL_VERSION_IPV6
LogInit:      CURL_VERSION_ASYNCHDNS
LogInit:      CURL_VERSION_LARGEFILE
LogInit:      CURL_VERSION_IDN
LogInit:  CurlRequestOptions (configurable via config and command line):
LogInit:  - bVerifyPeer = false  - Libcurl will NOT verify peer certificate
LogInit:  - bUseHttpProxy = false  - Libcurl will NOT use HTTP proxy
LogInit:  - bDontReuseConnections = false  - Libcurl will reuse connections
LogInit:  - CertBundlePath = nullptr  - Libcurl will use whatever was configured at build time.
LogInit:  - MaxHostConnections = 16  - Libcurl will limit the number of connections to a host
LogInit:  - LocalHostAddr = Default
LogInit: WinSock: version 1.1 (2.2), MaxSocks=32767, MaxUdp=65467
LogInit: WinSock: I am DESKTOP-QTNQBAN (192.168.0.5:0)
LogInit: Build: ++UE4+Release-4.19-CL-4033788
LogInit: Engine Version: 4.19.2-4033788+++UE4+Release-4.19
LogInit: Compatible Engine Version: 4.19.0-3944462+++UE4+Release-4.19
LogInit: Net CL: 3944462
LogDevObjectVersion: Number of dev versions registered: 18
LogDevObjectVersion:   Dev-Blueprints (B0D832E4-1F89-4F0D-ACCF-7EB736FD4AA2): 10
LogDevObjectVersion:   Dev-Build (E1C64328-A22C-4D53-A36C-8E866417BD8C): 0
LogDevObjectVersion:   Dev-Core (375EC13C-06E4-48FB-B500-84F0262A717E): 2
LogDevObjectVersion:   Dev-Editor (E4B068ED-F494-42E9-A231-DA0B2E46BB41): 23
LogDevObjectVersion:   Dev-Framework (CFFC743F-43B0-4480-9391-14DF171D2073): 33
LogDevObjectVersion:   Dev-Mobile (B02B49B5-BB20-44E9-A304-32B752E40360): 2
LogDevObjectVersion:   Dev-Networking (A4E4105C-59A1-49B5-A7C5-40C4547EDFEE): 0
LogDevObjectVersion:   Dev-Online (39C831C9-5AE6-47DC-9A44-9C173E1C8E7C): 0
LogDevObjectVersion:   Dev-Physics (78F01B33-EBEA-4F98-B9B4-84EACCB95AA2): 0
LogDevObjectVersion:   Dev-Platform (6631380F-2D4D-43E0-8009-CF276956A95A): 0
LogDevObjectVersion:   Dev-Rendering (12F88B9F-8875-4AFC-A67C-D90C383ABD29): 25
LogDevObjectVersion:   Dev-Sequencer (7B5AE74C-D270-4C10-A958-57980B212A5A): 6
LogDevObjectVersion:   Dev-VR (D7296918-1DD6-4BDD-9DE2-64A83CC13884): 1
LogDevObjectVersion:   Dev-LoadTimes (C2A15278-BFE7-4AFE-6C17-90FF531DF755): 1
LogDevObjectVersion:   Private-Geometry (6EACA3D4-40EC-4CC1-B786-8BED09428FC5): 2
LogDevObjectVersion:   Dev-AnimPhys (29E575DD-E0A3-4627-9D10-D276232CDCEA): 16
LogDevObjectVersion:   Dev-ReflectionCapture (6B266CEC-1EC7-4B8F-A30B-E4D90942FC07): 1
LogDevObjectVersion:   Dev-Automation (0DF73D61-A23F-47EA-B727-89E90C41499A): 1
LogInit: Compiled (64-bit): Apr 27 2018 02:06:57
LogInit: Compiled with Visual C++: 19.00.24215.01
LogInit: Build Configuration: Development
LogInit: Branch Name: ++UE4+Release-4.19
LogInit: Command Line:  
LogInit: Base Directory: D:/Game Engines/Epic Games/UE_4.19/Engine/Binaries/Win64/
LogInit: Installed Engine Build: 1
LogStreaming: Display: Took  0.002s to delete old logs.
LogInit: Presizing for max 8388607 objects, including 0 objects not considered by GC, pre-allocating 0 bytes for permanent pool.
LogInit: Object subsystem initialized
[2018.09.27-02.23.22:957][  0]LogInit: Selected Device Profile: [Windows]
[2018.09.27-02.23.22:957][  0]LogInit: Applying CVar settings loaded from the selected device profile: [Windows]
[2018.09.27-02.23.22:968][  0]LogInit: Computer: DESKTOP-QTNQBAN
[2018.09.27-02.23.22:968][  0]LogInit: User: Matt
[2018.09.27-02.23.22:968][  0]LogInit: CPU Page size=4096, Cores=10
[2018.09.27-02.23.22:968][  0]LogInit: High frequency timer resolution =3.234378 MHz
[2018.09.27-02.23.22:968][  0]LogMemory: Memory total: Physical=31.7GB (32GB approx)
[2018.09.27-02.23.22:968][  0]LogMemory: Platform Memory Stats for Windows
[2018.09.27-02.23.22:968][  0]LogMemory: Process Physical Memory: 278.05 MB used, 278.05 MB peak
[2018.09.27-02.23.22:968][  0]LogMemory: Process Virtual Memory: 273.32 MB used, 273.32 MB peak
[2018.09.27-02.23.22:968][  0]LogMemory: Physical Memory: 13009.82 MB used,  19436.55 MB free, 32446.36 MB total
[2018.09.27-02.23.22:968][  0]LogMemory: Virtual Memory: 4843.56 MB used,  19436.55 MB free, 134217728.00 MB total
[2018.09.27-02.23.22:986][  0]LogInit: Using OS detected language (en-GB).
[2018.09.27-02.23.22:986][  0]LogInit: Using OS detected locale (en-GB).
[2018.09.27-02.23.22:988][  0]LogTextLocalizationManager: No specific localization for 'en-GB' exists, so the 'en' localization will be used.
[2018.09.27-02.23.23:359][  0]LogStreaming: Display: Took  0.373s to EndInitTextLocalization.
[2018.09.27-02.23.23:359][  0]LogInit: Setting process to per monitor DPI aware
[2018.09.27-02.23.23:382][  0]LogSlate: New Slate User Created.  User Index 0, Is Virtual User: 0
[2018.09.27-02.23.23:382][  0]LogSlate: Slate User Registered.  User Index 0, Is Virtual User: 0
[2018.09.27-02.23.23:521][  0]LogD3D11RHI: D3D11 adapters:
[2018.09.27-02.23.23:576][  0]LogD3D11RHI:    0. 'NVIDIA GeForce GTX 1080 Ti' (Feature Level 11_0)
[2018.09.27-02.23.23:576][  0]LogD3D11RHI:       11127/0/16223 MB DedicatedVideo/DedicatedSystem/SharedSystem, Outputs:1, VendorId:0x10de
[2018.09.27-02.23.23:577][  0]LogD3D11RHI:    1. 'Microsoft Basic Render Driver' (Feature Level 11_0)
[2018.09.27-02.23.23:577][  0]LogD3D11RHI:       0/0/16223 MB DedicatedVideo/DedicatedSystem/SharedSystem, Outputs:0, VendorId:0x1414
[2018.09.27-02.23.23:578][  0]LogD3D11RHI: Chosen D3D11 Adapter: 0
[2018.09.27-02.23.23:585][  0]LogD3D11RHI: Creating new Direct3DDevice
[2018.09.27-02.23.23:585][  0]LogD3D11RHI:     GPU DeviceId: 0x1b06 (for the marketing name, search the web for "GPU Device Id")
[2018.09.27-02.23.23:585][  0]LogWindows: EnumDisplayDevices:
[2018.09.27-02.23.23:586][  0]LogWindows:    0. 'NVIDIA GeForce GTX 1080 Ti' (P:1 D:1)
[2018.09.27-02.23.23:586][  0]LogWindows:    1. 'NVIDIA GeForce GTX 1080 Ti' (P:0 D:0)
[2018.09.27-02.23.23:586][  0]LogWindows:    2. 'NVIDIA GeForce GTX 1080 Ti' (P:0 D:0)
[2018.09.27-02.23.23:586][  0]LogWindows:    3. 'NVIDIA GeForce GTX 1080 Ti' (P:0 D:0)
[2018.09.27-02.23.23:586][  0]LogWindows: DebugString: GetVideoDriverDetailsInvalid PrimaryIsNotTheChoosenAdapter GetVideoDriverDetailsInvalid PrimaryIsNotTheChoosenAdapter GetVideoDriverDetailsInvalid PrimaryIsNotTheChoosenAdapter GetVideoDriverDetailsInvalid PrimaryIsNotTheChoosenAdapter FoundDriverCount:0 
[2018.09.27-02.23.23:586][  0]LogD3D11RHI:     Adapter Name: NVIDIA GeForce GTX 1080 Ti
[2018.09.27-02.23.23:586][  0]LogD3D11RHI:   Driver Version: Unknown (internal:Unknown, unified:Unknown)
[2018.09.27-02.23.23:586][  0]LogD3D11RHI:      Driver Date: Unknown
[2018.09.27-02.23.23:586][  0]LogRHI: Texture pool is 7788 MB (70% of 11127 MB)
[2018.09.27-02.23.23:623][  0]LogD3D11RHI: [Aftermath] Aftermath enabled and primed
[2018.09.27-02.23.23:623][  0]LogD3D11RHI: [Aftermath] Aftermath enabled and primed
[2018.09.27-02.23.23:623][  0]LogD3D11RHI: Async texture creation enabled
[2018.09.27-02.23.23:640][  0]LogD3D11RHI: GPU Timing Frequency: 1000.000000 (Debug: 2 2)
[2018.09.27-02.23.23:641][  0]LogShaderCompilers: Guid format shader working directory is -20 characters bigger than the processId version (C:/Users/Matt/Desktop/CIU_Final_CarnEvil_4.19.2/CIU_CarnEvil_Final/Intermediate/Shaders/WorkingDirectory/160/).
[2018.09.27-02.23.23:641][  0]LogShaderCompilers: Cleaned the shader compiler working directory 'C:/Users/Matt/AppData/Local/Temp/UnrealShaderWorkingDir/42568FB34411109B280F12A2FFE8F932/'.
[2018.09.27-02.23.23:803][  0]LogTemp: Display: Loaded TP AllDesktopTargetPlatform
[2018.09.27-02.23.23:814][  0]LogTemp: Display: Loaded TP MacClientTargetPlatform
[2018.09.27-02.23.23:824][  0]LogTemp: Display: Loaded TP MacNoEditorTargetPlatform
[2018.09.27-02.23.23:835][  0]LogTemp: Display: Loaded TP MacServerTargetPlatform
[2018.09.27-02.23.23:846][  0]LogTemp: Display: Loaded TP MacTargetPlatform
[2018.09.27-02.23.23:856][  0]LogTemp: Display: Loaded TP WindowsClientTargetPlatform
[2018.09.27-02.23.23:868][  0]LogTemp: Display: Loaded TP WindowsNoEditorTargetPlatform
[2018.09.27-02.23.23:878][  0]LogTemp: Display: Loaded TP WindowsServerTargetPlatform
[2018.09.27-02.23.23:883][  0]LogTemp: Display: Loaded TP WindowsTargetPlatform
[2018.09.27-02.23.23:893][  0]LogTemp: Display: Loaded TP Android_ASTCTargetPlatform
[2018.09.27-02.23.23:902][  0]LogTemp: Display: Loaded TP Android_ATCTargetPlatform
[2018.09.27-02.23.23:912][  0]LogTemp: Display: Loaded TP Android_DXTTargetPlatform
[2018.09.27-02.23.23:922][  0]LogTemp: Display: Loaded TP Android_ETC1aTargetPlatform
[2018.09.27-02.23.23:931][  0]LogTemp: Display: Loaded TP Android_ETC1TargetPlatform
[2018.09.27-02.23.23:941][  0]LogTemp: Display: Loaded TP Android_ETC2TargetPlatform
[2018.09.27-02.23.23:961][  0]LogTemp: Display: Loaded TP Android_MultiTargetPlatform
[2018.09.27-02.23.23:961][  0]LogTemp: Display: Loaded TP Android_PVRTCTargetPlatform
[2018.09.27-02.23.23:972][  0]LogTemp: Display: Loaded TP AndroidTargetPlatform
[2018.09.27-02.23.23:973][  0]LogTemp: Display: Loaded TP HTML5TargetPlatform
[2018.09.27-02.23.24:006][  0]LogTemp: Display: Loaded TP IOSTargetPlatform
[2018.09.27-02.23.24:015][  0]LogTemp: Display: Loaded TP TVOSTargetPlatform
[2018.09.27-02.23.24:025][  0]LogTemp: Display: Loaded TP LinuxClientTargetPlatform
[2018.09.27-02.23.24:035][  0]LogTemp: Display: Loaded TP LinuxNoEditorTargetPlatform
[2018.09.27-02.23.24:046][  0]LogTemp: Display: Loaded TP LinuxServerTargetPlatform
[2018.09.27-02.23.24:057][  0]LogTemp: Display: Loaded TP LinuxTargetPlatform
[2018.09.27-02.23.24:057][  0]LogTargetPlatformManager: Display: Building Assets For Windows
[2018.09.27-02.23.24:128][  0]LogXGEController: Cleaning working directory: C:/Users/Matt/AppData/Local/Temp/UnrealXGEWorkingDir/
[2018.09.27-02.23.24:128][  0]LogXGEController: Cannot use XGE Controller as Incredibuild is not installed on this machine.
[2018.09.27-02.23.24:128][  0]LogShaderCompilers: Cannot use XGE Shader Compiler as Incredibuild is not installed on this machine.
[2018.09.27-02.23.24:128][  0]LogShaderCompilers: Display: Using Local Shader Compiler.
[2018.09.27-02.23.24:671][  0]LogDerivedDataCache: Display: Max Cache Size: 512 MB
[2018.09.27-02.23.24:732][  0]LogDerivedDataCache: Loaded boot cache 0.06s 74MB C:/Users/Matt/AppData/Local/UnrealEngine/4.19/DerivedDataCache/Boot.ddc.
[2018.09.27-02.23.24:732][  0]LogDerivedDataCache: Display: Loaded Boot cache: C:/Users/Matt/AppData/Local/UnrealEngine/4.19/DerivedDataCache/Boot.ddc
[2018.09.27-02.23.24:733][  0]LogDerivedDataCache: FDerivedDataBackendGraph:  Pak pak cache file C:/Users/Matt/Desktop/CIU_Final_CarnEvil_4.19.2/CIU_CarnEvil_Final/DerivedDataCache/DDC.ddp not found, will not use a pak cache.
[2018.09.27-02.23.24:733][  0]LogDerivedDataCache: Unable to find inner node Pak for hierarchical cache Hierarchy.
[2018.09.27-02.23.24:733][  0]LogDerivedDataCache: FDerivedDataBackendGraph:  CompressedPak pak cache file C:/Users/Matt/Desktop/CIU_Final_CarnEvil_4.19.2/CIU_CarnEvil_Final/DerivedDataCache/Compressed.ddp not found, will not use a pak cache.
[2018.09.27-02.23.24:733][  0]LogDerivedDataCache: Unable to find inner node CompressedPak for hierarchical cache Hierarchy.
[2018.09.27-02.23.24:745][  0]LogDerivedDataCache: Display: Pak cache opened for reading ../../../Engine/DerivedDataCache/Compressed.ddp.
[2018.09.27-02.23.24:758][  0]LogDerivedDataCache: Using Local data cache path C:/Users/Matt/AppData/Local/UnrealEngine/Common/DerivedDataCache: Writable
[2018.09.27-02.23.24:758][  0]LogDerivedDataCache: Shared data cache path not found in *engine.ini, will not use an Shared cache.
[2018.09.27-02.23.24:758][  0]LogDerivedDataCache: Unable to find inner node Shared for hierarchical cache Hierarchy.
[2018.09.27-02.23.24:768][  0]LogMaterial: Verifying Global Shaders for PCD3D_SM5
[2018.09.27-02.23.24:769][  0]LogSlate: Using Freetype 2.6.0
[2018.09.27-02.23.24:769][  0]LogSlate: SlateFontCache - WITH_FREETYPE: 1, WITH_HARFBUZZ: 1
[2018.09.27-02.23.24:769][  0]LogSlate: SlateFontCache - WITH_FREETYPE: 1, WITH_HARFBUZZ: 1
[2018.09.27-02.23.24:867][  0]LogAssetRegistry: FAssetRegistry took 0.0258 seconds to start up
[2018.09.27-02.23.25:135][  0]LogInit: Selected Device Profile: [Windows]
[2018.09.27-02.23.25:248][  0]LogSimplygon: Simplygon DLL not present - disabling.
[2018.09.27-02.23.25:250][  0]LogMeshReduction: Using SimplygonSwarm for distributed automatic mesh merging
[2018.09.27-02.23.25:250][  0]LogMeshReduction: Using QuadricMeshReduction for automatic static mesh reduction
[2018.09.27-02.23.25:250][  0]LogMeshReduction: No automatic skeletal mesh reduction module available
[2018.09.27-02.23.25:250][  0]LogMeshReduction: No automatic mesh merging module available
[2018.09.27-02.23.25:250][  0]LogMeshMerging: No automatic mesh merging module available
[2018.09.27-02.23.25:272][  0]LogNetVersion: CIU_CarnEvil_Final , NetCL: 3944462, EngineNetVer: 2, GameNetVer: 0 (Checksum: 2718905845)
[2018.09.27-02.23.25:627][  0]LogPackageLocalizationCache: Processed 9 localized package path(s) for 2 prioritized culture(s) in 0.068917 seconds
[2018.09.27-02.23.25:632][  0]LogUObjectArray: 36728 objects as part of root set at end of initial load.
[2018.09.27-02.23.25:633][  0]LogUObjectAllocator: 7314304 out of 0 bytes used by permanent object pool.
[2018.09.27-02.23.25:633][  0]LogUObjectArray: CloseDisregardForGC: 0/0 objects in disregard for GC pool
[2018.09.27-02.23.26:890][  0]LogTcpMessaging: Initializing TcpMessaging bridge
[2018.09.27-02.23.26:913][  0]LogUdpMessaging: Initializing bridge on interface 0.0.0.0:0 to multicast group 230.0.0.1:6666.
[2018.09.27-02.23.27:157][  0]SourceControl: Source control is disabled
[2018.09.27-02.23.27:157][  0]SourceControl: Source control is disabled
[2018.09.27-02.23.27:168][  0]SourceControl: Source control is disabled
[2018.09.27-02.23.27:179][  0]SourceControl: Source control is disabled
[2018.09.27-02.23.27:514][  0]LogAndroidPermission: UAndroidPermissionCallbackProxy::GetInstance
[2018.09.27-02.23.27:653][  0]LogOcInput: OculusInput pre-init called
[2018.09.27-02.23.27:729][  0]LogEngine: Initializing Engine...
[2018.09.27-02.23.28:503][  0]LogHMD: SteamVR initialized.  Driver: holographic  Display: WindowsHolographic
[2018.09.27-02.23.28:505][  0]LogStats: UGameplayTagsManager::ConstructGameplayTagTree: Construct from data asset -  0.000 s
[2018.09.27-02.23.28:505][  0]LogStats: UGameplayTagsManager::ConstructGameplayTagTree: GameplayTagTreeChangedEvent.Broadcast -  0.000 s
[2018.09.27-02.23.28:747][  0]LogAIModule: Creating AISystem for world Untitled
[2018.09.27-02.23.28:764][  0]LogInit: XAudio2 using 'Headset Earphone (Sennheiser Communication Audio)' : 2 channels at 48 kHz using 16 bits per sample (channel mask 0x3)
[2018.09.27-02.23.28:781][  0]LogInit: FAudioDevice initialized.
[2018.09.27-02.23.28:862][  0]LogDerivedDataCache: Saved boot cache 0.08s 74MB C:/Users/Matt/AppData/Local/UnrealEngine/4.19/DerivedDataCache/Boot.ddc.
[2018.09.27-02.23.28:868][  0]LogInit: Texture streaming: Enabled
[2018.09.27-02.23.28:880][  0]LogEngineSessionManager: EngineSessionManager initialized
[2018.09.27-02.23.28:897][  0]LogInit: Transaction tracking system initialized
[2018.09.27-02.23.28:914][  0]BlueprintLog: New page: Editor Load
[2018.09.27-02.23.28:974][  0]LocalizationService: Localization service is disabled
[2018.09.27-02.23.29:065][  0]LogConsoleResponse: Display: 
[2018.09.27-02.23.29:172][  0]LogCook: Display: Max memory allowance for cook 16384mb min free memory 0mb
[2018.09.27-02.23.29:172][  0]LogCook: Display: Mobile HDR setting 1
[2018.09.27-02.23.29:172][  0]LogGameplayTags: Display: UGameplayTagsManager::DoneAddingNativeTags. DelegateIsBound: 0
[2018.09.27-02.23.29:172][  0]LogStats: UGameplayTagsManager::ConstructGameplayTagTree: Construct from data asset -  0.000 s
[2018.09.27-02.23.29:172][  0]LogStats: UGameplayTagsManager::ConstructGameplayTagTree: GameplayTagTreeChangedEvent.Broadcast -  0.000 s
[2018.09.27-02.23.29:417][  0]LogFileCache: Scanning file cache for directory 'C:/Users/Matt/Desktop/CIU_Final_CarnEvil_4.19.2/CIU_CarnEvil_Final/Content/' took 0.03s
[2018.09.27-02.23.29:417][  0]SourceControl: Source control is disabled
[2018.09.27-02.23.29:417][  0]Cmd: MAP LOAD FILE="C:/Users/Matt/Desktop/CIU_Final_CarnEvil_4.19.2/CIU_CarnEvil_Final/Content/_Scenes/VR_Menu.umap" TEMPLATE=0 SHOWPROGRESS=1 FEATURELEVEL=3
[2018.09.27-02.23.29:418][  0]LightingResults: New page: Lighting Build
[2018.09.27-02.23.29:419][  0]MapCheck: New page: Map Check
[2018.09.27-02.23.29:419][  0]LightingResults: New page: Lighting Build
[2018.09.27-02.23.29:510][  0]LogUObjectGlobals: Created PersistentFrame Addr=0x000002764e97acc8, Size=24, Default__RightHand_AnimBP_C Function /Game/VirtualReality/Mannequin/Animations/RightHand_AnimBP.RightHand_AnimBP_C:ExecuteUbergraph_RightHand_AnimBP
[2018.09.27-02.23.29:513][  0]LogUObjectGlobals: Destroyed PersistentFrame Addr=0x000002764e97acc8, Size=24
[2018.09.27-02.23.29:513][  0]LogUObjectGlobals: Created PersistentFrame Addr=0x000002764e97acc8, Size=24, Default__RightHand_AnimBP_C Function /Engine/Transient.REINST_RightHand_AnimBP_C_0:ExecuteUbergraph_RightHand_AnimBP
[2018.09.27-02.23.29:515][  0]LogUObjectGlobals: Created PersistentFrame Addr=0x000002764e979f90, Size=24, Default__RightHand_AnimBP_C Function /Game/VirtualReality/Mannequin/Animations/RightHand_AnimBP.RightHand_AnimBP_C:ExecuteUbergraph_RightHand_AnimBP
[2018.09.27-02.23.29:522][  0]LogUObjectGlobals: Created PersistentFrame Addr=0x000002764e985ba0, Size=32, Default__BP_Bat_C Function /Game/Blueprints/HeartBall/BP_Bat.BP_Bat_C:ExecuteUbergraph_BP_Bat
[2018.09.27-02.23.29:524][  0]LogUObjectGlobals: Destroyed PersistentFrame Addr=0x000002764e985ba0, Size=32
[2018.09.27-02.23.29:524][  0]LogUObjectGlobals: Created PersistentFrame Addr=0x000002764e985ba0, Size=32, Default__BP_Bat_C Function /Engine/Transient.REINST_BP_Bat_C_10:ExecuteUbergraph_BP_Bat
[2018.09.27-02.23.29:525][  0]LogUObjectGlobals: Created PersistentFrame Addr=0x0000027659cd7f20, Size=32, Default__BP_Bat_C Function /Game/Blueprints/HeartBall/BP_Bat.BP_Bat_C:ExecuteUbergraph_BP_Bat
[2018.09.27-02.23.29:558][  0]LogUObjectGlobals: Created PersistentFrame Addr=0x000002765277a400, Size=1088, Default__BP_MotionController_C Function /Game/VirtualRealityBP/Blueprints/BP_MotionController.BP_MotionController_C:ExecuteUbergraph_BP_MotionController
[2018.09.27-02.23.29:582][  0]LogUObjectGlobals: Destroyed PersistentFrame Addr=0x000002765277a400, Size=1088
[2018.09.27-02.23.29:582][  0]LogUObjectGlobals: Created PersistentFrame Addr=0x0000027652695d00, Size=1088, Default__BP_MotionController_C Function /Engine/Transient.REINST_BP_MotionController_C_12:ExecuteUbergraph_BP_MotionController
[2018.09.27-02.23.29:604][  0]LogUObjectGlobals: Created PersistentFrame Addr=0x0000027653254f00, Size=1088, Default__BP_MotionController_C Function /Game/VirtualRealityBP/Blueprints/BP_MotionController.BP_MotionController_C:ExecuteUbergraph_BP_MotionController
[2018.09.27-02.23.29:609][  0]LogUObjectGlobals: Created PersistentFrame Addr=0x00000276531ec480, Size=800, Default__BP_Button_Quit_C Function /Game/Blueprints/_GeneralUse/Buttons/BP_Button_Quit.BP_Button_Quit_C:ExecuteUbergraph_BP_Button_Quit
[2018.09.27-02.23.29:616][  0]LogUObjectGlobals: Destroyed PersistentFrame Addr=0x00000276531ec480, Size=800
[2018.09.27-02.23.29:616][  0]LogUObjectGlobals: Created PersistentFrame Addr=0x000002765325f580, Size=800, Default__BP_Button_Quit_C Function /Engine/Transient.REINST_BP_Button_Quit_C_14:ExecuteUbergraph_BP_Button_Quit
[2018.09.27-02.23.29:622][  0]LogUObjectGlobals: Created PersistentFrame Addr=0x000002765325eb00, Size=800, Default__BP_Button_Quit_C Function /Game/Blueprints/_GeneralUse/Buttons/BP_Button_Quit.BP_Button_Quit_C:ExecuteUbergraph_BP_Button_Quit
[2018.09.27-02.23.29:628][  0]LogUObjectGlobals: Created PersistentFrame Addr=0x000002765325e400, Size=800, Default__BP_Button_Start_C Function /Game/Blueprints/_GeneralUse/Buttons/BP_Button_Start.BP_Button_Start_C:ExecuteUbergraph_BP_Button_Start
[2018.09.27-02.23.29:636][  0]LogUObjectGlobals: Destroyed PersistentFrame Addr=0x000002765325e400, Size=800
[2018.09.27-02.23.29:636][  0]LogUObjectGlobals: Created PersistentFrame Addr=0x000002765325e400, Size=800, Default__BP_Button_Start_C Function /Engine/Transient.REINST_BP_Button_Start_C_16:ExecuteUbergraph_BP_Button_Start
[2018.09.27-02.23.29:643][  0]LogUObjectGlobals: Created PersistentFrame Addr=0x000002765325d980, Size=800, Default__BP_Button_Start_C Function /Game/Blueprints/_GeneralUse/Buttons/BP_Button_Start.BP_Button_Start_C:ExecuteUbergraph_BP_Button_Start
[2018.09.27-02.23.29:649][  0]LogUObjectGlobals: Created PersistentFrame Addr=0x000002765324cd00, Size=752, Default__MotionControllerPawn_C Function /Game/VirtualRealityBP/Blueprints/MotionControllerPawn.MotionControllerPawn_C:ExecuteUbergraph_MotionControllerPawn
[2018.09.27-02.23.29:659][  0]LogUObjectGlobals: Destroyed PersistentFrame Addr=0x000002765324cd00, Size=752
[2018.09.27-02.23.29:659][  0]LogUObjectGlobals: Created PersistentFrame Addr=0x00000276532cd900, Size=752, Default__MotionControllerPawn_C Function /Engine/Transient.REINST_MotionControllerPawn_C_18:ExecuteUbergraph_MotionControllerPawn
[2018.09.27-02.23.29:667][  0]LogUObjectGlobals: Created PersistentFrame Addr=0x000002765304f700, Size=752, Default__MotionControllerPawn_C Function /Game/VirtualRealityBP/Blueprints/MotionControllerPawn.MotionControllerPawn_C:ExecuteUbergraph_MotionControllerPawn
[2018.09.27-02.23.29:720][  0]LogUObjectGlobals: Created PersistentFrame Addr=0x00000276532c1420, Size=8, Default__VR_Menu_C Function /Game/_Scenes/VR_Menu.VR_Menu_C:ExecuteUbergraph_VR_Menu
[2018.09.27-02.23.29:720][  0]LogUObjectGlobals: Destroyed PersistentFrame Addr=0x00000276532c1420, Size=8
[2018.09.27-02.23.29:720][  0]LogUObjectGlobals: Created PersistentFrame Addr=0x00000276532c1420, Size=8, Default__VR_Menu_C Function /Engine/Transient.REINST_VR_Menu_C_20:ExecuteUbergraph_VR_Menu
[2018.09.27-02.23.29:721][  0]LogUObjectGlobals: Created PersistentFrame Addr=0x00000276532c1380, Size=8, Default__VR_Menu_C Function /Game/_Scenes/VR_Menu.VR_Menu_C:ExecuteUbergraph_VR_Menu
[2018.09.27-02.23.29:964][  0]LogSkeletalMesh: Skeletal Mesh found in DDC [1.628752ms] /Game/VirtualReality/Mannequin/Character/Mesh/MannequinHand_Right.MannequinHand_Right
[2018.09.27-02.23.29:997][  0]LogAIModule: Creating AISystem for world VR_Menu
[2018.09.27-02.23.30:006][  0]LogEditorServer: Finished looking for orphan Actors (0.000 secs)
[2018.09.27-02.23.30:018][  0]LogUObjectGlobals: Destroyed PersistentFrame Addr=0x000002764e97acc8, Size=24
[2018.09.27-02.23.30:018][  0]LogUObjectGlobals: Destroyed PersistentFrame Addr=0x000002764e985ba0, Size=32
[2018.09.27-02.23.30:018][  0]LogUObjectGlobals: Destroyed PersistentFrame Addr=0x0000027652695d00, Size=1088
[2018.09.27-02.23.30:018][  0]LogUObjectGlobals: Destroyed PersistentFrame Addr=0x000002765325f580, Size=800
[2018.09.27-02.23.30:018][  0]LogUObjectGlobals: Destroyed PersistentFrame Addr=0x000002765325e400, Size=800
[2018.09.27-02.23.30:018][  0]LogUObjectGlobals: Destroyed PersistentFrame Addr=0x00000276532cd900, Size=752
[2018.09.27-02.23.30:018][  0]LogUObjectGlobals: Destroyed PersistentFrame Addr=0x00000276532c1420, Size=8
[2018.09.27-02.23.30:019][  0]Cmd: MAP CHECKDEP NOCLEARLOG
[2018.09.27-02.23.30:065][  0]MapCheck: Map check complete: 0 Error(s), 0 Warning(s), took 45.796ms to complete.
[2018.09.27-02.23.30:065][  0]LogFileHelpers: Loading map 'VR_Menu' took 0.648
[2018.09.27-02.23.30:184][  0]LogCollectionManager: Loaded 0 collections in 0.000860 seconds
[2018.09.27-02.23.30:224][  0]LogFileCache: Scanning file cache for directory 'C:/Users/Matt/Desktop/CIU_Final_CarnEvil_4.19.2/CIU_CarnEvil_Final/Saved/Collections/' took 0.01s
[2018.09.27-02.23.30:225][  0]LogFileCache: Scanning file cache for directory 'C:/Users/Matt/Desktop/CIU_Final_CarnEvil_4.19.2/CIU_CarnEvil_Final/Content/Developers/Matt/Collections/' took 0.01s
[2018.09.27-02.23.30:225][  0]LogFileCache: Scanning file cache for directory 'C:/Users/Matt/Desktop/CIU_Final_CarnEvil_4.19.2/CIU_CarnEvil_Final/Content/Collections/' took 0.01s
[2018.09.27-02.23.30:225][  0]LogCollectionManager: Rebuilt the GUID cache for 0 collections in 0.000001 seconds
[2018.09.27-02.23.30:233][  0]LogContentBrowser: Native class hierarchy populated in 0.0078 seconds. Added 2452 classes and 558 folders.
[2018.09.27-02.23.30:239][  0]LogContentBrowser: Native class hierarchy updated for 'WidgetCarousel' in 0.0002 seconds. Added 0 classes and 0 folders.
[2018.09.27-02.23.30:277][  0]LogContentBrowser: Native class hierarchy updated for 'AddContentDialog' in 0.0002 seconds. Added 0 classes and 0 folders.
[2018.09.27-02.23.30:280][  0]LogContentBrowser: Native class hierarchy updated for 'SceneOutliner' in 0.0002 seconds. Added 1 classes and 2 folders.
[2018.09.27-02.23.30:369][  0]LogContentBrowser: Native class hierarchy updated for 'HierarchicalLODOutliner' in 0.0002 seconds. Added 0 classes and 0 folders.
[2018.09.27-02.23.30:369][  0]LogLoad: (Engine Initialization) Total time: 9.79 seconds
[2018.09.27-02.23.30:369][  0]LogLoad: (Engine Initialization) Total Blueprint compile time: 0.00 seconds
[2018.09.27-02.23.30:730][  0]LogContentStreaming: Texture pool size now 3000 MB
[2018.09.27-02.23.30:732][  0]LogSlate: Took 0.000269 seconds to synchronously load lazily loaded font '../../../Engine/Content/Slate/Fonts/Roboto-Regular.ttf' (155K)
[2018.09.27-02.23.30:733][  0]LogSlate: Took 0.000178 seconds to synchronously load lazily loaded font '../../../Engine/Content/Slate/Fonts/Roboto-Bold.ttf' (160K)
[2018.09.27-02.23.30:738][  0]LogSlate: Took 0.000209 seconds to synchronously load lazily loaded font '../../../Engine/Content/Editor/Slate/Fonts/FontAwesome.ttf' (139K)
[2018.09.27-02.23.30:845][  0]LogSlate: Took 0.000180 seconds to synchronously load lazily loaded font '../../../Engine/Content/Slate/Fonts/Roboto-Light.ttf' (167K)
[2018.09.27-02.23.30:870][  1]LogRenderer: Reallocating scene render targets to support 864x460 Format 10 NumSamples 1 (Frame:1).
[2018.09.27-02.23.31:065][  1]LogAssetRegistry: Asset discovery search completed in 6.2206 seconds
[2018.09.27-02.23.31:069][  1]LogCollectionManager: Rebuilt the object cache for 0 collections in 0.000000 seconds (found 0 objects)
[2018.09.27-02.23.31:069][  1]LogCollectionManager: Fixed up redirectors for 0 collections in 0.000056 seconds (updated 0 objects)
[2018.09.27-02.23.34:036][ 10]LogSlate: FSceneViewport::OnFocusLost() reason 0
[2018.09.27-02.23.44:892][298]LogUObjectGlobals: Created PersistentFrame Addr=0x000002765334fe80, Size=352, Default__BP_Axe_C Function /Game/Blueprints/KnifeThrow/BP_Axe.BP_Axe_C:ExecuteUbergraph_BP_Axe
[2018.09.27-02.23.44:895][298]LogUObjectGlobals: Destroyed PersistentFrame Addr=0x000002765334fe80, Size=352
[2018.09.27-02.23.44:895][298]LogUObjectGlobals: Created PersistentFrame Addr=0x000002765331f280, Size=352, Default__BP_Axe_C Function /Engine/Transient.REINST_BP_Axe_C_22:ExecuteUbergraph_BP_Axe
[2018.09.27-02.23.44:897][298]LogUObjectGlobals: Created PersistentFrame Addr=0x000002767d6d3880, Size=352, Default__BP_Axe_C Function /Game/Blueprints/KnifeThrow/BP_Axe.BP_Axe_C:ExecuteUbergraph_BP_Axe
[2018.09.27-02.23.44:913][298]LogSlate: Took 0.000157 seconds to synchronously load lazily loaded font '../../../Engine/Content/Slate/Fonts/Roboto-Light.ttf' (167K)
[2018.09.27-02.23.45:120][298]LogContentBrowser: Native class hierarchy updated for 'BlueprintGraph' in 0.0005 seconds. Added 116 classes and 0 folders.
[2018.09.27-02.23.45:347][298]LogUObjectGlobals: Created PersistentFrame Addr=0x000002761f089330, Size=4, Default__SKEL_PROTO_BP_AnimBlueprint_0_C Function /Engine/Transient.SKEL_PROTO_BP_AnimBlueprint_0_C:ExecuteUbergraph_PROTO_BP_AnimBlueprint_0
[2018.09.27-02.23.45:348][298]LogUObjectGlobals: Created PersistentFrame Addr=0x000002761f089328, Size=4, Default__PROTO_BP_AnimBlueprint_0_C Function /Engine/Transient.PROTO_BP_AnimBlueprint_0_C:ExecuteUbergraph_PROTO_BP_AnimBlueprint_0
[2018.09.27-02.23.45:676][298]LogSlate: Took 0.000234 seconds to synchronously load lazily loaded font '../../../Engine/Content/Slate/Fonts/Roboto-BoldCondensed.ttf' (158K)
[2018.09.27-02.23.45:719][299]LogSlate: Took 0.000224 seconds to synchronously load lazily loaded font '../../../Engine/Content/Slate/Fonts/Roboto-Italic.ttf' (157K)
[2018.09.27-02.23.59:257][853]LogRenderer: Reallocating scene render targets to support 864x512 Format 10 NumSamples 1 (Frame:1).
[2018.09.27-02.24.03:862][399]LogUObjectGlobals: Created PersistentFrame Addr=0x000002764e55d600, Size=352, Default__BP_KitchenKnife_C Function /Game/Blueprints/KnifeThrow/BP_KitchenKnife.BP_KitchenKnife_C:ExecuteUbergraph_BP_KitchenKnife
[2018.09.27-02.24.03:865][399]LogUObjectGlobals: Destroyed PersistentFrame Addr=0x000002764e55d600, Size=352
[2018.09.27-02.24.03:865][399]LogUObjectGlobals: Created PersistentFrame Addr=0x0000027615369d80, Size=352, Default__BP_KitchenKnife_C Function /Engine/Transient.REINST_BP_KitchenKnife_C_36:ExecuteUbergraph_BP_KitchenKnife
[2018.09.27-02.24.03:867][399]LogUObjectGlobals: Created PersistentFrame Addr=0x0000027600ae5900, Size=352, Default__BP_KitchenKnife_C Function /Game/Blueprints/KnifeThrow/BP_KitchenKnife.BP_KitchenKnife_C:ExecuteUbergraph_BP_KitchenKnife
[2018.09.27-02.24.35:537][126]LogUObjectGlobals: Created PersistentFrame Addr=0x000002765d006080, Size=800, Default__BP_Button_Bowling_C Function /Game/Blueprints/_GeneralUse/Buttons/BP_Button_Bowling.BP_Button_Bowling_C:ExecuteUbergraph_BP_Button_Bowling
[2018.09.27-02.24.35:544][126]LogUObjectGlobals: Destroyed PersistentFrame Addr=0x000002765d006080, Size=800
[2018.09.27-02.24.35:544][126]LogUObjectGlobals: Created PersistentFrame Addr=0x000002765d006080, Size=800, Default__BP_Button_Bowling_C Function /Engine/Transient.REINST_BP_Button_Bowling_C_38:ExecuteUbergraph_BP_Button_Bowling
[2018.09.27-02.24.35:550][126]LogUObjectGlobals: Created PersistentFrame Addr=0x000002765d004f00, Size=800, Default__BP_Button_Bowling_C Function /Game/Blueprints/_GeneralUse/Buttons/BP_Button_Bowling.BP_Button_Bowling_C:ExecuteUbergraph_BP_Button_Bowling
[2018.09.27-02.24.35:556][126]LogUObjectGlobals: Created PersistentFrame Addr=0x000002765d005d00, Size=800, Default__BP_Button_ClownBall_C Function /Game/Blueprints/_GeneralUse/Buttons/BP_Button_ClownBall.BP_Button_ClownBall_C:ExecuteUbergraph_BP_Button_ClownBall
[2018.09.27-02.24.35:562][126]LogUObjectGlobals: Destroyed PersistentFrame Addr=0x000002765d005d00, Size=800
[2018.09.27-02.24.35:562][126]LogUObjectGlobals: Created PersistentFrame Addr=0x000002765d005d00, Size=800, Default__BP_Button_ClownBall_C Function /Engine/Transient.REINST_BP_Button_ClownBall_C_40:ExecuteUbergraph_BP_Button_ClownBall
[2018.09.27-02.24.35:569][126]LogUObjectGlobals: Created PersistentFrame Addr=0x000002765cff9d00, Size=800, Default__BP_Button_ClownBall_C Function /Game/Blueprints/_GeneralUse/Buttons/BP_Button_ClownBall.BP_Button_ClownBall_C:ExecuteUbergraph_BP_Button_ClownBall
[2018.09.27-02.24.35:575][126]LogUObjectGlobals: Created PersistentFrame Addr=0x000002765cff9980, Size=800, Default__BP_Button_HeartBall_C Function /Game/Blueprints/_GeneralUse/Buttons/BP_Button_HeartBall.BP_Button_HeartBall_C:ExecuteUbergraph_BP_Button_HeartBall
[2018.09.27-02.24.35:581][126]LogUObjectGlobals: Destroyed PersistentFrame Addr=0x000002765cff9980, Size=800
[2018.09.27-02.24.35:581][126]LogUObjectGlobals: Created PersistentFrame Addr=0x000002765cff9980, Size=800, Default__BP_Button_HeartBall_C Function /Engine/Transient.REINST_BP_Button_HeartBall_C_42:ExecuteUbergraph_BP_Button_HeartBall
[2018.09.27-02.24.35:588][126]LogUObjectGlobals: Created PersistentFrame Addr=0x0000027600bb0100, Size=800, Default__BP_Button_HeartBall_C Function /Game/Blueprints/_GeneralUse/Buttons/BP_Button_HeartBall.BP_Button_HeartBall_C:ExecuteUbergraph_BP_Button_HeartBall
[2018.09.27-02.24.35:593][126]LogUObjectGlobals: Created PersistentFrame Addr=0x0000027600bb2080, Size=800, Default__BP_Button_Menu_C Function /Game/Blueprints/_GeneralUse/Buttons/BP_Button_Menu.BP_Button_Menu_C:ExecuteUbergraph_BP_Button_Menu
[2018.09.27-02.24.35:600][126]LogUObjectGlobals: Destroyed PersistentFrame Addr=0x0000027600bb2080, Size=800
[2018.09.27-02.24.35:600][126]LogUObjectGlobals: Created PersistentFrame Addr=0x0000027600bb2080, Size=800, Default__BP_Button_Menu_C Function /Engine/Transient.REINST_BP_Button_Menu_C_44:ExecuteUbergraph_BP_Button_Menu
[2018.09.27-02.24.35:607][126]LogUObjectGlobals: Created PersistentFrame Addr=0x0000027618037c80, Size=800, Default__BP_Button_Menu_C Function /Game/Blueprints/_GeneralUse/Buttons/BP_Button_Menu.BP_Button_Menu_C:ExecuteUbergraph_BP_Button_Menu
[2018.09.27-02.24.35:612][126]LogUObjectGlobals: Created PersistentFrame Addr=0x0000027618056c80, Size=352, Default__BP_Knife_C Function /Game/Blueprints/KnifeThrow/BP_Knife.BP_Knife_C:ExecuteUbergraph_BP_Knife
[2018.09.27-02.24.35:615][126]LogUObjectGlobals: Destroyed PersistentFrame Addr=0x0000027618056c80, Size=352
[2018.09.27-02.24.35:615][126]LogUObjectGlobals: Created PersistentFrame Addr=0x0000027619a0a800, Size=352, Default__BP_Knife_C Function /Engine/Transient.REINST_BP_Knife_C_46:ExecuteUbergraph_BP_Knife
[2018.09.27-02.24.35:617][126]LogUObjectGlobals: Created PersistentFrame Addr=0x000002761801e200, Size=352, Default__BP_Knife_C Function /Game/Blueprints/KnifeThrow/BP_Knife.BP_Knife_C:ExecuteUbergraph_BP_Knife
[2018.09.27-02.24.35:664][126]LogUObjectGlobals: Created PersistentFrame Addr=0x0000027619948800, Size=1232, Default__KnifeThrow_C Function /Game/_Scenes/KnifeThrow.KnifeThrow_C:ExecuteUbergraph_KnifeThrow
[2018.09.27-02.24.35:687][126]LogUObjectGlobals: Destroyed PersistentFrame Addr=0x0000027619948800, Size=1232
[2018.09.27-02.24.35:687][126]LogUObjectGlobals: Created PersistentFrame Addr=0x000002768b46e400, Size=1232, Default__KnifeThrow_C Function /Engine/Transient.REINST_KnifeThrow_C_50:ExecuteUbergraph_KnifeThrow
[2018.09.27-02.24.35:705][126]LogUObjectGlobals: Created PersistentFrame Addr=0x000002768b354f00, Size=1232, Default__KnifeThrow_C Function /Game/_Scenes/KnifeThrow.KnifeThrow_C:ExecuteUbergraph_KnifeThrow
[2018.09.27-02.24.35:898][126]LogAIModule: Creating AISystem for world KnifeThrow
[2018.09.27-02.24.35:929][126]LogUObjectGlobals: Destroyed PersistentFrame Addr=0x000002765331f280, Size=352
[2018.09.27-02.24.35:930][126]LogUObjectGlobals: Destroyed PersistentFrame Addr=0x0000027615369d80, Size=352
[2018.09.27-02.24.35:930][126]LogUObjectGlobals: Destroyed PersistentFrame Addr=0x000002765d006080, Size=800
[2018.09.27-02.24.35:930][126]LogUObjectGlobals: Destroyed PersistentFrame Addr=0x000002765d005d00, Size=800
[2018.09.27-02.24.35:930][126]LogUObjectGlobals: Destroyed PersistentFrame Addr=0x000002765cff9980, Size=800
[2018.09.27-02.24.35:930][126]LogUObjectGlobals: Destroyed PersistentFrame Addr=0x0000027600bb2080, Size=800
[2018.09.27-02.24.35:930][126]LogUObjectGlobals: Destroyed PersistentFrame Addr=0x0000027619a0a800, Size=352
[2018.09.27-02.24.35:930][126]LogUObjectGlobals: Destroyed PersistentFrame Addr=0x000002768b46e400, Size=1232
[2018.09.27-02.24.35:933][126]Cmd: MAP LOAD FILE="C:/Users/Matt/Desktop/CIU_Final_CarnEvil_4.19.2/CIU_CarnEvil_Final/Content/_Scenes/KnifeThrow.umap" TEMPLATE=0 SHOWPROGRESS=1 FEATURELEVEL=3
[2018.09.27-02.24.35:933][126]LightingResults: New page: Lighting Build
[2018.09.27-02.24.35:934][126]LoadErrors: New page: Loading map: KnifeThrow.umap
[2018.09.27-02.24.35:935][126]MapCheck: New page: Map Check
[2018.09.27-02.24.35:935][126]LightingResults: New page: Lighting Build
[2018.09.27-02.24.35:952][126]LogUObjectGlobals: Destroyed PersistentFrame Addr=0x00000276532c1380, Size=8
[2018.09.27-02.24.36:038][126]LogEditorServer: Finished looking for orphan Actors (0.000 secs)
[2018.09.27-02.24.36:089][126]Cmd: MAP CHECKDEP NOCLEARLOG
[2018.09.27-02.24.36:136][126]MapCheck: Map check complete: 0 Error(s), 0 Warning(s), took 47.221ms to complete.
[2018.09.27-02.24.36:137][126]LogFileHelpers: Loading map 'KnifeThrow' took 0.204
[2018.09.27-02.24.37:226][250]LogEditorViewport: Clicking on Actor (LMB): BP_TargetBackBoard_Target_C (BP_TargetBackBoard_Target)
[2018.09.27-02.24.50:671][850]LogSlate: FSceneViewport::OnFocusLost() reason 2
[2018.09.27-02.24.59:981][812]LogRenderer: Reallocating scene render targets to support 888x512 Format 10 NumSamples 1 (Frame:2527).
[2018.09.27-02.25.00:024][813]LogRenderer: Reallocating scene render targets to support 892x512 Format 10 NumSamples 1 (Frame:2529).
[2018.09.27-02.25.00:067][814]LogRenderer: Reallocating scene render targets to support 920x512 Format 10 NumSamples 1 (Frame:2531).
[2018.09.27-02.25.48:657][528]BlueprintLog: New page: Compile BP_TargetBackBoard_Target
[2018.09.27-02.25.49:411][577]LogSavePackage: Save=19.43ms
[2018.09.27-02.25.49:411][577]LogSavePackage: Moving 'C:/Users/Matt/Desktop/CIU_Final_CarnEvil_4.19.2/CIU_CarnEvil_Final/Saved/BP_TargetBackBoard_TargetDBCC6D3B484D2689E6D0039772F8E4B7.tmp' to 'C:/Users/Matt/Desktop/CIU_Final_CarnEvil_4.19.2/CIU_CarnEvil_Final/Content/Blueprints/KnifeThrow/BP_TargetBackBoard_Target.uasset'
[2018.09.27-02.25.49:413][577]LogSavePackage: Display: Finished SavePackage C:/Users/Matt/Desktop/CIU_Final_CarnEvil_4.19.2/CIU_CarnEvil_Final/Content/Blueprints/KnifeThrow/BP_TargetBackBoard_Target.uasset
[2018.09.27-02.26.35:896][ 94]BlueprintLog: New page: Compile BP_TargetBackBoard_Target
[2018.09.27-02.26.36:763][150]LogSavePackage: Save=20.10ms
[2018.09.27-02.26.36:763][150]LogSavePackage: Moving 'C:/Users/Matt/Desktop/CIU_Final_CarnEvil_4.19.2/CIU_CarnEvil_Final/Saved/BP_TargetBackBoard_TargetEE0CCA304CC0D9C55785498FDBC1D388.tmp' to 'C:/Users/Matt/Desktop/CIU_Final_CarnEvil_4.19.2/CIU_CarnEvil_Final/Content/Blueprints/KnifeThrow/BP_TargetBackBoard_Target.uasset'
[2018.09.27-02.26.36:765][150]LogSavePackage: Display: Finished SavePackage C:/Users/Matt/Desktop/CIU_Final_CarnEvil_4.19.2/CIU_CarnEvil_Final/Content/Blueprints/KnifeThrow/BP_TargetBackBoard_Target.uasset
[2018.09.27-02.26.41:366][666]LogUObjectGlobals: Destroyed PersistentFrame Addr=0x000002768b354f00, Size=1232
[2018.09.27-02.26.41:366][666]LogUObjectGlobals: Created PersistentFrame Addr=0x0000027685bba400, Size=1232, Default__KnifeThrow_C Function /Engine/Transient.REINST_KnifeThrow_C_62:ExecuteUbergraph_KnifeThrow
[2018.09.27-02.26.41:386][666]LogUObjectGlobals: Created PersistentFrame Addr=0x0000027686440f00, Size=1232, Default__KnifeThrow_C Function /Game/_Scenes/KnifeThrow.KnifeThrow_C:ExecuteUbergraph_KnifeThrow
[2018.09.27-02.26.41:739][666]LogSavePackage: Save=468.76ms
[2018.09.27-02.26.41:739][666]LogSavePackage: Moving 'C:/Users/Matt/Desktop/CIU_Final_CarnEvil_4.19.2/CIU_CarnEvil_Final/Saved/KnifeThrow9BD83F77470AEADD09C5E396300EA3AB.tmp' to 'C:/Users/Matt/Desktop/CIU_Final_CarnEvil_4.19.2/CIU_CarnEvil_Final/Content/_Scenes/KnifeThrow.umap'
[2018.09.27-02.26.41:741][666]LogSavePackage: Display: Finished SavePackage C:/Users/Matt/Desktop/CIU_Final_CarnEvil_4.19.2/CIU_CarnEvil_Final/Content/_Scenes/KnifeThrow.umap
[2018.09.27-02.26.41:773][666]LogFileHelpers: Saving map 'KnifeThrow' took 0.586
[2018.09.27-02.26.58:984][717]Cmd: OBJ SAVEPACKAGE PACKAGE="/Game/Blueprints/KnifeThrow/BP_Axe" FILE="C:/Users/Matt/Desktop/CIU_Final_CarnEvil_4.19.2/CIU_CarnEvil_Final/Content/Blueprints/KnifeThrow/BP_Axe.uasset" SILENT=true
[2018.09.27-02.26.59:039][717]LogSavePackage: Save=36.02ms
[2018.09.27-02.26.59:039][717]LogSavePackage: Moving 'C:/Users/Matt/Desktop/CIU_Final_CarnEvil_4.19.2/CIU_CarnEvil_Final/Saved/BP_Axe2DF3936B40F52CA4BAFC9F826CA775E2.tmp' to 'C:/Users/Matt/Desktop/CIU_Final_CarnEvil_4.19.2/CIU_CarnEvil_Final/Content/Blueprints/KnifeThrow/BP_Axe.uasset'
[2018.09.27-02.26.59:040][717]LogSavePackage: Display: Finished SavePackage C:/Users/Matt/Desktop/CIU_Final_CarnEvil_4.19.2/CIU_CarnEvil_Final/Content/Blueprints/KnifeThrow/BP_Axe.uasset
[2018.09.27-02.27.01:714][ 16]LogSavePackage: Save=27.50ms
[2018.09.27-02.27.01:714][ 16]LogSavePackage: Moving 'C:/Users/Matt/Desktop/CIU_Final_CarnEvil_4.19.2/CIU_CarnEvil_Final/Saved/BP_KitchenKnife9F7ED4B94754E4490A01E798AFB933ED.tmp' to 'C:/Users/Matt/Desktop/CIU_Final_CarnEvil_4.19.2/CIU_CarnEvil_Final/Content/Blueprints/KnifeThrow/BP_KitchenKnife.uasset'
[2018.09.27-02.27.01:715][ 16]LogSavePackage: Display: Finished SavePackage C:/Users/Matt/Desktop/CIU_Final_CarnEvil_4.19.2/CIU_CarnEvil_Final/Content/Blueprints/KnifeThrow/BP_KitchenKnife.uasset
[2018.09.27-02.27.02:664][128]LogActorComponent: UnregisterComponent: (/Engine/Transient.EditorFloorComp) Not registered. Aborting.
[2018.09.27-02.27.04:577][337]LogSavePackage: Save=13.54ms
[2018.09.27-02.27.04:577][337]LogSavePackage: Moving 'C:/Users/Matt/Desktop/CIU_Final_CarnEvil_4.19.2/CIU_CarnEvil_Final/Saved/BP_TargetBackBoard_Target0518531D46BF3B6180C184A9FD99FCC5.tmp' to 'C:/Users/Matt/Desktop/CIU_Final_CarnEvil_4.19.2/CIU_CarnEvil_Final/Content/Blueprints/KnifeThrow/BP_TargetBackBoard_Target.uasset'
[2018.09.27-02.27.04:578][337]LogSavePackage: Display: Finished SavePackage C:/Users/Matt/Desktop/CIU_Final_CarnEvil_4.19.2/CIU_CarnEvil_Final/Content/Blueprints/KnifeThrow/BP_TargetBackBoard_Target.uasset
[2018.09.27-02.27.05:718][472]LogActorComponent: UnregisterComponent: (/Engine/Transient.EditorFloorComp) Not registered. Aborting.
[2018.09.27-02.27.07:671][691]LogUObjectGlobals: Destroyed PersistentFrame Addr=0x0000027685bba400, Size=1232
[2018.09.27-02.27.11:268][112]LogUObjectGlobals: Created PersistentFrame Addr=0x0000027683db87c8, Size=8, Default__VR_Menu_C Function /Game/_Scenes/VR_Menu.VR_Menu_C:ExecuteUbergraph_VR_Menu
[2018.09.27-02.27.11:269][112]LogUObjectGlobals: Destroyed PersistentFrame Addr=0x0000027683db87c8, Size=8
[2018.09.27-02.27.11:269][112]LogUObjectGlobals: Created PersistentFrame Addr=0x0000027683db87c8, Size=8, Default__VR_Menu_C Function /Engine/Transient.REINST_VR_Menu_C_64:ExecuteUbergraph_VR_Menu
[2018.09.27-02.27.11:269][112]LogUObjectGlobals: Created PersistentFrame Addr=0x0000027683db81f0, Size=8, Default__VR_Menu_C Function /Game/_Scenes/VR_Menu.VR_Menu_C:ExecuteUbergraph_VR_Menu
[2018.09.27-02.27.11:287][112]LogAIModule: Creating AISystem for world VR_Menu
[2018.09.27-02.27.11:306][112]LogUObjectGlobals: Destroyed PersistentFrame Addr=0x0000027683db87c8, Size=8
[2018.09.27-02.27.11:307][112]Cmd: MAP LOAD FILE="C:/Users/Matt/Desktop/CIU_Final_CarnEvil_4.19.2/CIU_CarnEvil_Final/Content/_Scenes/VR_Menu.umap" TEMPLATE=0 SHOWPROGRESS=1 FEATURELEVEL=3
[2018.09.27-02.27.11:307][112]LightingResults: New page: Lighting Build
[2018.09.27-02.27.11:308][112]LoadErrors: New page: Loading map: VR_Menu.umap
[2018.09.27-02.27.11:309][112]MapCheck: New page: Map Check
[2018.09.27-02.27.11:310][112]LightingResults: New page: Lighting Build
[2018.09.27-02.27.11:325][112]LogUObjectGlobals: Destroyed PersistentFrame Addr=0x0000027686440f00, Size=1232
[2018.09.27-02.27.11:424][112]LogEditorServer: Finished looking for orphan Actors (0.000 secs)
[2018.09.27-02.27.11:472][112]Cmd: MAP CHECKDEP NOCLEARLOG
[2018.09.27-02.27.11:518][112]MapCheck: Map check complete: 0 Error(s), 0 Warning(s), took 46.279ms to complete.
[2018.09.27-02.27.11:519][112]LogFileHelpers: Loading map 'VR_Menu' took 0.213
[2018.09.27-02.27.19:010][998]LogSlate: FSceneViewport::OnFocusLost() reason 2
[2018.09.27-02.27.26:265][856]Cmd: CLOSE_SLATE_MAINFRAME
[2018.09.27-02.27.26:352][856]LogSlate: Window 'CIU_CarnEvil_Final - Unreal Editor' being destroyed
[2018.09.27-02.27.26:353][856]LogWindowsTextInputMethodSystem: Display: IME system now deactivated.
[2018.09.27-02.27.26:596][857]Cmd: QUIT_EDITOR
[2018.09.27-02.27.26:622][857]LogSlate: Slate User Destroyed.  User Index 0, Is Virtual User: 0
[2018.09.27-02.27.26:622][857]LogExit: Preparing to exit.
[2018.09.27-02.27.27:089][857]LogExit: Editor shut down
[2018.09.27-02.27.27:092][857]LogExit: Transaction tracking system shut down
[2018.09.27-02.27.27:093][857]LogUObjectGlobals: Destroyed PersistentFrame Addr=0x000002764e979f90, Size=24
[2018.09.27-02.27.27:093][857]LogUObjectGlobals: Destroyed PersistentFrame Addr=0x0000027659cd7f20, Size=32
[2018.09.27-02.27.27:093][857]LogUObjectGlobals: Destroyed PersistentFrame Addr=0x0000027653254f00, Size=1088
[2018.09.27-02.27.27:093][857]LogUObjectGlobals: Destroyed PersistentFrame Addr=0x000002765325eb00, Size=800
[2018.09.27-02.27.27:093][857]LogUObjectGlobals: Destroyed PersistentFrame Addr=0x000002765325d980, Size=800
[2018.09.27-02.27.27:093][857]LogUObjectGlobals: Destroyed PersistentFrame Addr=0x000002767d6d3880, Size=352
[2018.09.27-02.27.27:093][857]LogUObjectGlobals: Destroyed PersistentFrame Addr=0x000002765304f700, Size=752
[2018.09.27-02.27.27:095][857]LogUObjectGlobals: Destroyed PersistentFrame Addr=0x000002761f089330, Size=4
[2018.09.27-02.27.27:095][857]LogUObjectGlobals: Destroyed PersistentFrame Addr=0x000002761f089328, Size=4
[2018.09.27-02.27.27:096][857]LogUObjectGlobals: Destroyed PersistentFrame Addr=0x0000027600ae5900, Size=352
[2018.09.27-02.27.27:096][857]LogUObjectGlobals: Destroyed PersistentFrame Addr=0x000002765d004f00, Size=800
[2018.09.27-02.27.27:096][857]LogUObjectGlobals: Destroyed PersistentFrame Addr=0x000002765cff9d00, Size=800
[2018.09.27-02.27.27:096][857]LogUObjectGlobals: Destroyed PersistentFrame Addr=0x0000027600bb0100, Size=800
[2018.09.27-02.27.27:096][857]LogUObjectGlobals: Destroyed PersistentFrame Addr=0x0000027618037c80, Size=800
[2018.09.27-02.27.27:096][857]LogUObjectGlobals: Destroyed PersistentFrame Addr=0x000002761801e200, Size=352
[2018.09.27-02.27.27:097][857]LogUObjectGlobals: Destroyed PersistentFrame Addr=0x0000027683db81f0, Size=8
[2018.09.27-02.27.27:193][857]LogDirectoryWatcher: A directory notification for '../../../Engine/Content/' was aborted.
[2018.09.27-02.27.27:193][857]LogDirectoryWatcher: A directory notification for 'C:/Users/Matt/Desktop/CIU_Final_CarnEvil_4.19.2/CIU_CarnEvil_Final/Content/' was aborted.
[2018.09.27-02.27.27:193][857]LogDirectoryWatcher: A directory notification for '../../Plugins/2D/Paper2D/Content/' was aborted.
[2018.09.27-02.27.27:193][857]LogDirectoryWatcher: A directory notification for '../../Plugins/Enterprise/DatasmithContent/Content/' was aborted.
[2018.09.27-02.27.27:193][857]LogDirectoryWatcher: A directory notification for '../../Plugins/Media/MediaCompositing/Content/' was aborted.
[2018.09.27-02.27.27:193][857]LogDirectoryWatcher: A directory notification for '../../Plugins/Runtime/AppleARKit/Content/' was aborted.
[2018.09.27-02.27.27:193][857]LogDirectoryWatcher: A directory notification for '../../Plugins/Runtime/Oculus/OculusVR/Content/' was aborted.
[2018.09.27-02.27.27:194][857]LogDirectoryWatcher: A directory notification for '../../Plugins/Runtime/Steam/SteamVR/Content/' was aborted.
[2018.09.27-02.27.27:292][857]LogExit: Object subsystem successfully closed.
[2018.09.27-02.27.27:320][857]LogShaderCompilers: Display: Shaders left to compile 0
[2018.09.27-02.27.27:324][857]LogD3D11RHI: Shutdown
[2018.09.27-02.27.27:324][857]LogD3D11RHI: CleanupD3DDevice
[2018.09.27-02.27.27:327][857]LogD3D11RHI: ~FD3D11DynamicRHI
[2018.09.27-02.27.27:336][857]LogModuleManager: Shutting down and abandoning module BlueprintGraph (576)
[2018.09.27-02.27.27:336][857]LogModuleManager: Shutting down and abandoning module HierarchicalLODOutliner (574)
[2018.09.27-02.27.27:336][857]LogModuleManager: Shutting down and abandoning module SceneOutliner (572)
[2018.09.27-02.27.27:336][857]LogModuleManager: Shutting down and abandoning module AddContentDialog (570)
[2018.09.27-02.27.27:336][857]LogDirectoryWatcher: A directory notification for 'D:/Game Engines/Epic Games/UE_4.19/FeaturePacks/' was aborted.
[2018.09.27-02.27.27:336][857]LogDirectoryWatcher: A directory notification for 'D:/Game Engines/Epic Games/UE_4.19/Enterprise/FeaturePacks/' was aborted.
[2018.09.27-02.27.27:337][857]LogModuleManager: Shutting down and abandoning module WidgetCarousel (569)
[2018.09.27-02.27.27:337][857]LogModuleManager: Shutting down and abandoning module EditorWidgets (566)
[2018.09.27-02.27.27:337][857]LogModuleManager: Shutting down and abandoning module CollectionManager (564)
[2018.09.27-02.27.27:337][857]LogDirectoryWatcher: A directory notification for 'C:/Users/Matt/Desktop/CIU_Final_CarnEvil_4.19.2/CIU_CarnEvil_Final/Content/Collections/' was aborted.
[2018.09.27-02.27.27:337][857]LogDirectoryWatcher: A directory notification for 'C:/Users/Matt/Desktop/CIU_Final_CarnEvil_4.19.2/CIU_CarnEvil_Final/Content/Developers/Matt/Collections/' was aborted.
[2018.09.27-02.27.27:337][857]LogDirectoryWatcher: A directory notification for 'C:/Users/Matt/Desktop/CIU_Final_CarnEvil_4.19.2/CIU_CarnEvil_Final/Saved/Collections/' was aborted.
[2018.09.27-02.27.27:337][857]LogModuleManager: Shutting down and abandoning module StatsViewer (562)
[2018.09.27-02.27.27:337][857]LogModuleManager: Shutting down and abandoning module FoliageEdit (560)
[2018.09.27-02.27.27:337][857]LogModuleManager: Shutting down and abandoning module LandscapeEditor (558)
[2018.09.27-02.27.27:337][857]LogModuleManager: Shutting down and abandoning module MeshPaintMode (556)
[2018.09.27-02.27.27:337][857]LogModuleManager: Shutting down and abandoning module SceneDepthPickerMode (554)
[2018.09.27-02.27.27:337][857]LogModuleManager: Shutting down and abandoning module ActorPickerMode (552)
[2018.09.27-02.27.27:337][857]LogModuleManager: Shutting down and abandoning module GeometryMode (550)
[2018.09.27-02.27.27:337][857]LogModuleManager: Shutting down and abandoning module TextureAlignMode (548)
[2018.09.27-02.27.27:337][857]LogModuleManager: Shutting down and abandoning module BspMode (546)
[2018.09.27-02.27.27:337][857]LogModuleManager: Shutting down and abandoning module PIEPreviewDeviceProfileSelector (544)
[2018.09.27-02.27.27:337][857]LogModuleManager: Shutting down and abandoning module HardwareSurvey (542)
[2018.09.27-02.27.27:337][857]LogModuleManager: Shutting down and abandoning module SequenceRecorderSections (540)
[2018.09.27-02.27.27:337][857]LogModuleManager: Shutting down and abandoning module AutomationWorker (538)
[2018.09.27-02.27.27:337][857]LogModuleManager: Shutting down and abandoning module AudioCaptureEditor (536)
[2018.09.27-02.27.27:337][857]LogModuleManager: Shutting down and abandoning module SequenceRecorder (535)
[2018.09.27-02.27.27:337][857]LogModuleManager: Shutting down and abandoning module MatineeToLevelSequence (532)
[2018.09.27-02.27.27:337][857]LogModuleManager: Shutting down and abandoning module LevelSequenceEditor (530)
[2018.09.27-02.27.27:337][857]LogModuleManager: Shutting down and abandoning module PlacementMode (529)
[2018.09.27-02.27.27:337][857]LogModuleManager: Shutting down and abandoning module MaterialEditor (528)
[2018.09.27-02.27.27:338][857]LogModuleManager: Shutting down and abandoning module WmfMediaFactory (524)
[2018.09.27-02.27.27:338][857]LogModuleManager: Shutting down and abandoning module WmfMediaEditor (522)
[2018.09.27-02.27.27:338][857]LogModuleManager: Shutting down and abandoning module MediaPlayerEditor (520)
[2018.09.27-02.27.27:338][857]LogModuleManager: Shutting down and abandoning module OpenExrWrapper (518)
[2018.09.27-02.27.27:338][857]LogModuleManager: Shutting down and abandoning module ImgMediaFactory (516)
[2018.09.27-02.27.27:338][857]LogModuleManager: Shutting down and abandoning module ImgMediaEditor (514)
[2018.09.27-02.27.27:338][857]LogModuleManager: Shutting down and abandoning module AvfMediaFactory (512)
[2018.09.27-02.27.27:338][857]LogModuleManager: Shutting down and abandoning module AvfMediaEditor (510)
[2018.09.27-02.27.27:338][857]LogModuleManager: Shutting down and abandoning module AndroidMediaFactory (508)
[2018.09.27-02.27.27:338][857]LogModuleManager: Shutting down and abandoning module AndroidMediaEditor (506)
[2018.09.27-02.27.27:338][857]LogModuleManager: Shutting down and abandoning module CharacterAI (504)
[2018.09.27-02.27.27:338][857]LogModuleManager: Shutting down and abandoning module SmartSnapping (502)
[2018.09.27-02.27.27:338][857]LogModuleManager: Shutting down and abandoning module SessionServices (500)
[2018.09.27-02.27.27:338][857]LogModuleManager: Shutting down and abandoning module ViewportSnapping (498)
[2018.09.27-02.27.27:338][857]LogModuleManager: Shutting down and abandoning module ViewportInteraction (496)
[2018.09.27-02.27.27:338][857]LogModuleManager: Shutting down and abandoning module ClothPainter (494)
[2018.09.27-02.27.27:338][857]LogModuleManager: Shutting down and abandoning module SkeletalMeshEditor (493)
[2018.09.27-02.27.27:338][857]LogModuleManager: Shutting down and abandoning module LogVisualizer (490)
[2018.09.27-02.27.27:338][857]LogModuleManager: Shutting down and abandoning module IntroTutorials (488)
[2018.09.27-02.27.27:338][857]LogModuleManager: Shutting down and abandoning module GameProjectGeneration (487)
[2018.09.27-02.27.27:338][857]LogModuleManager: Shutting down and abandoning module IOSPlatformEditor (484)
[2018.09.27-02.27.27:338][857]LogModuleManager: Shutting down and abandoning module HTML5PlatformEditor (482)
[2018.09.27-02.27.27:338][857]LogModuleManager: Shutting down and abandoning module AndroidPlatformEditor (480)
[2018.09.27-02.27.27:338][857]LogModuleManager: Shutting down and abandoning module AndroidDeviceDetection (479)
[2018.09.27-02.27.28:153][857]LogModuleManager: Shutting down and abandoning module WindowsPlatformEditor (476)
[2018.09.27-02.27.28:153][857]LogModuleManager: Shutting down and abandoning module IOSRuntimeSettings (474)
[2018.09.27-02.27.28:153][857]LogModuleManager: Shutting down and abandoning module AndroidRuntimeSettings (472)
[2018.09.27-02.27.28:153][857]LogModuleManager: Shutting down and abandoning module InputBindingEditor (470)
[2018.09.27-02.27.28:153][857]LogModuleManager: Shutting down and abandoning module MergeActors (468)
[2018.09.27-02.27.28:153][857]LogModuleManager: Shutting down and abandoning module LocalizationDashboard (466)
[2018.09.27-02.27.28:153][857]LogModuleManager: Shutting down and abandoning module LocalizationService (465)
[2018.09.27-02.27.28:153][857]LogModuleManager: Shutting down and abandoning module HardwareTargeting (462)
[2018.09.27-02.27.28:153][857]LogModuleManager: Shutting down and abandoning module DeviceProfileEditor (460)
[2018.09.27-02.27.28:153][857]LogModuleManager: Shutting down and abandoning module UndoHistory (458)
[2018.09.27-02.27.28:153][857]LogModuleManager: Shutting down and abandoning module XmlParser (456)
[2018.09.27-02.27.28:153][857]LogModuleManager: Shutting down and abandoning module Blutility (454)
[2018.09.27-02.27.28:153][857]LogModuleManager: Shutting down and abandoning module ProjectSettingsViewer (452)
[2018.09.27-02.27.28:153][857]LogModuleManager: Shutting down and abandoning module ProjectTargetPlatformEditor (451)
[2018.09.27-02.27.28:153][857]LogModuleManager: Shutting down and abandoning module EditorSettingsViewer (448)
[2018.09.27-02.27.28:153][857]LogModuleManager: Shutting down and abandoning module SettingsEditor (446)
[2018.09.27-02.27.28:153][857]LogModuleManager: Shutting down and abandoning module ProjectLauncher (444)
[2018.09.27-02.27.28:153][857]LogModuleManager: Shutting down and abandoning module SessionFrontend (442)
[2018.09.27-02.27.28:153][857]LogModuleManager: Shutting down and abandoning module ProfilerClient (440)
[2018.09.27-02.27.28:153][857]LogModuleManager: Shutting down and abandoning module DeviceManager (438)
[2018.09.27-02.27.28:153][857]LogModuleManager: Shutting down and abandoning module TargetDeviceServices (437)
[2018.09.27-02.27.28:218][857]LogModuleManager: Shutting down and abandoning module AutomationController (434)
[2018.09.27-02.27.28:218][857]LogModuleManager: Shutting down and abandoning module AutomationWindow (432)
[2018.09.27-02.27.28:218][857]LogModuleManager: Shutting down and abandoning module Layers (430)
[2018.09.27-02.27.28:218][857]LogModuleManager: Shutting down and abandoning module ComponentVisualizers (428)
[2018.09.27-02.27.28:218][857]LogModuleManager: Shutting down and abandoning module DetailCustomizations (426)
[2018.09.27-02.27.28:218][857]LogModuleManager: Shutting down and abandoning module PackagesDialog (424)
[2018.09.27-02.27.28:218][857]LogModuleManager: Shutting down and abandoning module Persona (422)
[2018.09.27-02.27.28:218][857]LogModuleManager: Shutting down and abandoning module AdvancedPreviewScene (421)
[2018.09.27-02.27.28:218][857]LogModuleManager: Shutting down and abandoning module AnimGraph (419)
[2018.09.27-02.27.28:218][857]LogModuleManager: Shutting down and abandoning module Kismet (416)
[2018.09.27-02.27.28:223][857]LogModuleManager: Shutting down and abandoning module GraphEditor (414)
[2018.09.27-02.27.28:223][857]LogModuleManager: Shutting down and abandoning module ClassViewer (412)
[2018.09.27-02.27.28:223][857]LogModuleManager: Shutting down and abandoning module Toolbox (410)
[2018.09.27-02.27.28:223][857]LogModuleManager: Shutting down and abandoning module ModuleUI (408)
[2018.09.27-02.27.28:223][857]LogModuleManager: Shutting down and abandoning module MovieSceneTools (406)
[2018.09.27-02.27.28:224][857]LogModuleManager: Shutting down and abandoning module OutputLog (404)
[2018.09.27-02.27.28:224][857]LogModuleManager: Shutting down and abandoning module GammaUI (402)
[2018.09.27-02.27.28:224][857]LogModuleManager: Shutting down and abandoning module Documentation (400)
[2018.09.27-02.27.28:224][857]LogModuleManager: Shutting down and abandoning module MovieSceneTracks (398)
[2018.09.27-02.27.28:224][857]LogModuleManager: Shutting down and abandoning module MovieScene (396)
[2018.09.27-02.27.28:224][857]LogModuleManager: Shutting down and abandoning module StreamingPauseRendering (394)
[2018.09.27-02.27.28:224][857]LogModuleManager: Shutting down and abandoning module LauncherPlatform (392)
[2018.09.27-02.27.28:224][857]LogModuleManager: Shutting down and abandoning module AnalyticsET (390)
[2018.09.27-02.27.28:224][857]LogModuleManager: Shutting down and abandoning module PortalServices (388)
[2018.09.27-02.27.28:224][857]LogModuleManager: Shutting down and abandoning module PortalRpc (386)
[2018.09.27-02.27.28:224][857]LogModuleManager: Shutting down and abandoning module MessagingRpc (384)
[2018.09.27-02.27.28:224][857]LogModuleManager: Shutting down and abandoning module AIModule (382)
[2018.09.27-02.27.28:224][857]LogModuleManager: Shutting down and abandoning module GameplayDebugger (381)
[2018.09.27-02.27.28:224][857]LogModuleManager: Shutting down and abandoning module AITestSuite (379)
[2018.09.27-02.27.28:224][857]LogModuleManager: Shutting down and abandoning module DesktopPlatform (376)
[2018.09.27-02.27.28:224][857]LogModuleManager: Shutting down and abandoning module ProfilerService (374)
[2018.09.27-02.27.28:452][857]LogModuleManager: Shutting down and abandoning module TaskGraph (372)
[2018.09.27-02.27.28:452][857]LogModuleManager: Shutting down and abandoning module SteamVRController (370)
[2018.09.27-02.27.28:452][857]LogModuleManager: Shutting down and abandoning module ProceduralMeshComponentEditor (368)
[2018.09.27-02.27.28:452][857]LogModuleManager: Shutting down and abandoning module ProceduralMeshComponent (366)
[2018.09.27-02.27.28:452][857]LogModuleManager: Shutting down and abandoning module OculusInput (364)
[2018.09.27-02.27.28:452][857]LogModuleManager: Shutting down and abandoning module MobilePatchingUtils (362)
[2018.09.27-02.27.28:452][857]LogModuleManager: Shutting down and abandoning module CustomMeshComponent (360)
[2018.09.27-02.27.28:452][857]LogModuleManager: Shutting down and abandoning module CableComponent (358)
[2018.09.27-02.27.28:452][857]LogModuleManager: Shutting down and abandoning module AudioCapture (356)
[2018.09.27-02.27.28:452][857]LogModuleManager: Shutting down and abandoning module ArchVisCharacter (354)
[2018.09.27-02.27.28:452][857]LogModuleManager: Shutting down and abandoning module AndroidPermission (352)
[2018.09.27-02.27.28:452][857]LogModuleManager: Shutting down and abandoning module NUTUnrealEngine4 (348)
[2018.09.27-02.27.28:452][857]LogModuleManager: Shutting down and abandoning module NetcodeUnitTest (346)
[2018.09.27-02.27.28:452][857]LogModuleManager: Shutting down and abandoning module MediaCompositingEditor (344)
[2018.09.27-02.27.28:452][857]LogModuleManager: Shutting down and abandoning module MediaCompositing (342)
[2018.09.27-02.27.28:452][857]LogModuleManager: Shutting down and abandoning module LinearTimecode (340)
[2018.09.27-02.27.28:452][857]LogModuleManager: Shutting down and abandoning module ImgMedia (338)
[2018.09.27-02.27.28:455][857]LogModuleManager: Shutting down and abandoning module HTML5Networking (336)
[2018.09.27-02.27.28:455][857]LogModuleManager: Shutting down and abandoning module AlembicImporter (334)
[2018.09.27-02.27.28:455][857]LogModuleManager: Shutting down and abandoning module AlembicLibrary (333)
[2018.09.27-02.27.28:456][857]LogModuleManager: Shutting down and abandoning module GeometryCache (332)
[2018.09.27-02.27.28:456][857]LogModuleManager: Shutting down and abandoning module GeometryCacheEd (331)
[2018.09.27-02.27.28:456][857]LogModuleManager: Shutting down and abandoning module DatasmithContent (326)
[2018.09.27-02.27.28:456][857]LogModuleManager: Shutting down and abandoning module SpeedTreeImporter (324)
[2018.09.27-02.27.28:456][857]LogModuleManager: Shutting down and abandoning module PluginBrowser (322)
[2018.09.27-02.27.28:456][857]LogModuleManager: Shutting down and abandoning module MobileLauncherProfileWizard (320)
[2018.09.27-02.27.28:456][857]LogModuleManager: Shutting down and abandoning module CryptoKeysOpenSSL (318)
[2018.09.27-02.27.28:456][857]LogModuleManager: Shutting down and abandoning module CryptoKeys (316)
[2018.09.27-02.27.28:456][857]LogModuleManager: Shutting down and abandoning module VisualStudioSourceCodeAccess (314)
[2018.09.27-02.27.28:456][857]LogModuleManager: Shutting down and abandoning module VisualStudioCodeSourceCodeAccess (312)
[2018.09.27-02.27.28:456][857]LogModuleManager: Shutting down and abandoning module UObjectPlugin (310)
[2018.09.27-02.27.28:456][857]LogModuleManager: Shutting down and abandoning module SubversionSourceControl (308)
[2018.09.27-02.27.28:456][857]LogModuleManager: Shutting down and abandoning module PerforceSourceControl (306)
[2018.09.27-02.27.28:456][857]LogModuleManager: Shutting down and abandoning module GitSourceControl (304)
[2018.09.27-02.27.28:456][857]LogModuleManager: Shutting down and abandoning module SourceControl (303)
[2018.09.27-02.27.28:456][857]LogModuleManager: Shutting down and abandoning module CLionSourceCodeAccess (300)
[2018.09.27-02.27.28:456][857]LogModuleManager: Shutting down and abandoning module LightPropagationVolumeEditor (298)
[2018.09.27-02.27.28:456][857]LogModuleManager: Shutting down and abandoning module PaperTiledImporter (296)
[2018.09.27-02.27.28:456][857]LogModuleManager: Shutting down and abandoning module PaperSpriteSheetImporter (294)
[2018.09.27-02.27.28:456][857]LogModuleManager: Shutting down and abandoning module Paper2DEditor (292)
[2018.09.27-02.27.28:456][857]LogModuleManager: Shutting down and abandoning module MeshPaint (291)
[2018.09.27-02.27.28:456][857]LogModuleManager: Shutting down and abandoning module RuntimePhysXCooking (288)
[2018.09.27-02.27.28:456][857]LogModuleManager: Shutting down and abandoning module PhysXVehiclesEditor (286)
[2018.09.27-02.27.28:456][857]LogModuleManager: Shutting down and abandoning module PhysXVehicles (284)
[2018.09.27-02.27.28:456][857]LogModuleManager: Shutting down and abandoning module OculusEditor (282)
[2018.09.27-02.27.28:456][857]LogModuleManager: Shutting down and abandoning module LocationServicesBPLibrary (280)
[2018.09.27-02.27.28:456][857]LogModuleManager: Shutting down and abandoning module ImmediatePhysicsEditor (278)
[2018.09.27-02.27.28:456][857]LogModuleManager: Shutting down and abandoning module ImmediatePhysics (276)
[2018.09.27-02.27.28:456][857]LogModuleManager: Shutting down and abandoning module ActorSequence (274)
[2018.09.27-02.27.28:456][857]LogModuleManager: Shutting down and abandoning module UdpMessaging (272)
[2018.09.27-02.27.28:557][857]LogModuleManager: Shutting down and abandoning module TcpMessaging (270)
[2018.09.27-02.27.28:658][857]LogModuleManager: Shutting down and abandoning module GameplayTagsEditor (268)
[2018.09.27-02.27.28:658][857]LogModuleManager: Shutting down and abandoning module FacialAnimationEditor (266)
[2018.09.27-02.27.28:658][857]LogModuleManager: Shutting down and abandoning module FacialAnimation (264)
[2018.09.27-02.27.28:658][857]LogModuleManager: Shutting down and abandoning module DataValidation (262)
[2018.09.27-02.27.28:658][857]LogModuleManager: Shutting down and abandoning module AssetManagerEditor (260)
[2018.09.27-02.27.28:658][857]LogModuleManager: Shutting down and abandoning module LevelEditor (259)
[2018.09.27-02.27.28:659][857]LogModuleManager: Shutting down and abandoning module PixelInspectorModule (258)
[2018.09.27-02.27.28:659][857]LogModuleManager: Shutting down and abandoning module CommonMenuExtensions (256)
[2018.09.27-02.27.28:659][857]LogModuleManager: Shutting down and abandoning module MainFrame (254)
[2018.09.27-02.27.28:659][857]LogModuleManager: Shutting down and abandoning module HotReload (253)
[2018.09.27-02.27.28:659][857]LogModuleManager: Shutting down and abandoning module ContentBrowser (249)
[2018.09.27-02.27.28:660][857]LogModuleManager: Shutting down and abandoning module TreeMap (247)
[2018.09.27-02.27.28:660][857]LogModuleManager: Shutting down and abandoning module LightPropagationVolumeRuntime (244)
[2018.09.27-02.27.28:660][857]LogModuleManager: Shutting down and abandoning module LiveLinkEditor (242)
[2018.09.27-02.27.28:660][857]LogModuleManager: Shutting down and abandoning module LiveLink (240)
[2018.09.27-02.27.28:814][857]LogModuleManager: Shutting down and abandoning module Paper2D (238)
[2018.09.27-02.27.28:814][857]LogModuleManager: Shutting down and abandoning module WindowsMoviePlayer (236)
[2018.09.27-02.27.28:814][857]LogModuleManager: Shutting down and abandoning module WmfMedia (234)
[2018.09.27-02.27.28:816][857]LogModuleManager: Shutting down and abandoning module Media (233)
[2018.09.27-02.27.28:822][857]LogModuleManager: Shutting down and abandoning module PacketHandler (230)
[2018.09.27-02.27.28:822][857]LogModuleManager: Shutting down and abandoning module ClothingSystemEditor (228)
[2018.09.27-02.27.28:822][857]LogModuleManager: Shutting down and abandoning module ClothingSystemRuntime (226)
[2018.09.27-02.27.28:822][857]LogModuleManager: Shutting down and abandoning module MediaAssets (224)
[2018.09.27-02.27.28:822][857]LogModuleManager: Shutting down and abandoning module Overlay (222)
[2018.09.27-02.27.28:822][857]LogModuleManager: Shutting down and abandoning module OverlayEditor (221)
[2018.09.27-02.27.28:822][857]LogModuleManager: Shutting down and abandoning module VREditor (218)
[2018.09.27-02.27.28:822][857]LogModuleManager: Shutting down and abandoning module StringTableEditor (216)
[2018.09.27-02.27.28:822][857]LogModuleManager: Shutting down and abandoning module GameplayTasksEditor (214)
[2018.09.27-02.27.28:822][857]LogModuleManager: Shutting down and abandoning module BehaviorTreeEditor (212)
[2018.09.27-02.27.28:822][857]LogModuleManager: Shutting down and abandoning module FunctionalTesting (210)
[2018.09.27-02.27.28:822][857]LogModuleManager: Shutting down and abandoning module CollisionAnalyzer (208)
[2018.09.27-02.27.28:822][857]LogModuleManager: Shutting down and abandoning module WorkspaceMenuStructure (207)
[2018.09.27-02.27.28:822][857]LogModuleManager: Shutting down and abandoning module UMG (204)
[2018.09.27-02.27.28:822][857]LogModuleManager: Shutting down and abandoning module UMGEditor (203)
[2018.09.27-02.27.28:822][857]LogModuleManager: Shutting down and abandoning module Sequencer (202)
[2018.09.27-02.27.28:823][857]LogModuleManager: Shutting down and abandoning module MessageLog (199)
[2018.09.27-02.27.28:823][857]LogModuleManager: Shutting down and abandoning module SlateReflector (194)
[2018.09.27-02.27.28:823][857]LogModuleManager: Shutting down and abandoning module Slate (192)
[2018.09.27-02.27.28:823][857]LogModuleManager: Shutting down and abandoning module EditorStyle (190)
[2018.09.27-02.27.28:824][857]LogModuleManager: Shutting down and abandoning module MRMesh (188)
[2018.09.27-02.27.28:824][857]LogModuleManager: Shutting down and abandoning module SourceCodeAccess (186)
[2018.09.27-02.27.28:824][857]LogModuleManager: Shutting down and abandoning module HeadMountedDisplay (184)
[2018.09.27-02.27.28:824][857]LogModuleManager: Shutting down and abandoning module XAudio2 (182)
[2018.09.27-02.27.28:824][857]LogModuleManager: Shutting down and abandoning module Networking (180)
[2018.09.27-02.27.28:824][857]LogModuleManager: Shutting down and abandoning module Core (178)
[2018.09.27-02.27.28:824][857]LogModuleManager: Shutting down and abandoning module LevelSequence (176)
[2018.09.27-02.27.28:824][857]LogModuleManager: Shutting down and abandoning module KismetCompiler (174)
[2018.09.27-02.27.28:824][857]LogModuleManager: Shutting down and abandoning module MeshUtilities (172)
[2018.09.27-02.27.28:824][857]LogModuleManager: Shutting down and abandoning module MeshMergeUtilities (171)
[2018.09.27-02.27.28:824][857]LogModuleManager: Shutting down and abandoning module MeshReductionInterface (170)
[2018.09.27-02.27.28:824][857]LogModuleManager: Shutting down and abandoning module SimplygonSwarm (169)
[2018.09.27-02.27.28:824][857]LogModuleManager: Shutting down and abandoning module SimplygonMeshReduction (167)
[2018.09.27-02.27.28:824][857]LogModuleManager: Shutting down and abandoning module QuadricMeshReduction (165)
[2018.09.27-02.27.28:824][857]LogModuleManager: Shutting down and abandoning module MaterialBaking (161)
[2018.09.27-02.27.28:824][857]LogModuleManager: Shutting down and abandoning module DirectoryWatcher (157)
[2018.09.27-02.27.28:825][857]LogModuleManager: Shutting down and abandoning module DerivedDataCache (154)
[2018.09.27-02.27.28:865][857]LogDerivedDataCache: Shutdown
[2018.09.27-02.27.28:865][857]LogModuleManager: Shutting down and abandoning module XGEController (152)
[2018.09.27-02.27.28:865][857]LogXGEController: Cleaning working directory: C:/Users/Matt/AppData/Local/Temp/UnrealXGEWorkingDir/
[2018.09.27-02.27.28:865][857]LogModuleManager: Shutting down and abandoning module TargetPlatform (150)
[2018.09.27-02.27.28:865][857]LogModuleManager: Shutting down and abandoning module VulkanShaderFormat (149)
[2018.09.27-02.27.28:865][857]LogModuleManager: Shutting down and abandoning module ShaderFormatVectorVM (147)
[2018.09.27-02.27.28:865][857]LogModuleManager: Shutting down and abandoning module ShaderFormatOpenGL (145)
[2018.09.27-02.27.28:865][857]LogModuleManager: Shutting down and abandoning module ShaderFormatD3D (143)
[2018.09.27-02.27.28:865][857]LogModuleManager: Shutting down and abandoning module MetalShaderFormat (141)
[2018.09.27-02.27.28:865][857]LogModuleManager: Shutting down and abandoning module TextureFormatUncompressed (139)
[2018.09.27-02.27.28:866][857]LogModuleManager: Shutting down and abandoning module TextureFormatPVR (137)
[2018.09.27-02.27.28:866][857]LogModuleManager: Shutting down and abandoning module TextureFormatDXT (135)
[2018.09.27-02.27.28:866][857]LogModuleManager: Shutting down and abandoning module TextureFormatIntelISPCTexComp (133)
[2018.09.27-02.27.28:866][857]LogModuleManager: Shutting down and abandoning module TextureFormatASTC (131)
[2018.09.27-02.27.28:866][857]LogModuleManager: Shutting down and abandoning module ImageWrapper (130)
[2018.09.27-02.27.28:866][857]LogModuleManager: Shutting down and abandoning module TextureFormatAndroid (127)
[2018.09.27-02.27.28:866][857]LogModuleManager: Shutting down and abandoning module AudioFormatOpus (125)
[2018.09.27-02.27.28:866][857]LogModuleManager: Shutting down and abandoning module AudioFormatOgg (123)
[2018.09.27-02.27.28:866][857]LogModuleManager: Shutting down and abandoning module AudioFormatADPCM (121)
[2018.09.27-02.27.28:866][857]LogModuleManager: Shutting down and abandoning module LinuxTargetPlatform (119)
[2018.09.27-02.27.28:866][857]LogModuleManager: Shutting down and abandoning module LinuxServerTargetPlatform (117)
[2018.09.27-02.27.28:866][857]LogModuleManager: Shutting down and abandoning module LinuxNoEditorTargetPlatform (115)
[2018.09.27-02.27.28:866][857]LogModuleManager: Shutting down and abandoning module LinuxClientTargetPlatform (113)
[2018.09.27-02.27.28:866][857]LogModuleManager: Shutting down and abandoning module TVOSTargetPlatform (111)
[2018.09.27-02.27.28:866][857]LogModuleManager: Shutting down and abandoning module Messaging (109)
[2018.09.27-02.27.28:866][857]LogModuleManager: Shutting down and abandoning module IOSTargetPlatform (107)
[2018.09.27-02.27.28:866][857]LogModuleManager: Shutting down and abandoning module HTML5TargetPlatform (105)
[2018.09.27-02.27.28:866][857]LogModuleManager: Shutting down and abandoning module AndroidTargetPlatform (103)
[2018.09.27-02.27.28:866][857]LogModuleManager: Shutting down and abandoning module Android_PVRTCTargetPlatform (101)
[2018.09.27-02.27.28:866][857]LogModuleManager: Shutting down and abandoning module Android_MultiTargetPlatform (99)
[2018.09.27-02.27.28:866][857]LogModuleManager: Shutting down and abandoning module Android_ETC2TargetPlatform (97)
[2018.09.27-02.27.28:866][857]LogModuleManager: Shutting down and abandoning module Android_ETC1TargetPlatform (95)
[2018.09.27-02.27.28:866][857]LogModuleManager: Shutting down and abandoning module Android_ETC1aTargetPlatform (93)
[2018.09.27-02.27.28:866][857]LogModuleManager: Shutting down and abandoning module Android_DXTTargetPlatform (91)
[2018.09.27-02.27.28:866][857]LogModuleManager: Shutting down and abandoning module Android_ATCTargetPlatform (89)
[2018.09.27-02.27.28:866][857]LogModuleManager: Shutting down and abandoning module Android_ASTCTargetPlatform (87)
[2018.09.27-02.27.28:866][857]LogModuleManager: Shutting down and abandoning module WindowsTargetPlatform (85)
[2018.09.27-02.27.28:866][857]LogModuleManager: Shutting down and abandoning module WindowsServerTargetPlatform (83)
[2018.09.27-02.27.28:866][857]LogModuleManager: Shutting down and abandoning module WindowsNoEditorTargetPlatform (81)
[2018.09.27-02.27.28:866][857]LogModuleManager: Shutting down and abandoning module WindowsClientTargetPlatform (79)
[2018.09.27-02.27.28:866][857]LogModuleManager: Shutting down and abandoning module MacTargetPlatform (77)
[2018.09.27-02.27.28:866][857]LogModuleManager: Shutting down and abandoning module MacServerTargetPlatform (75)
[2018.09.27-02.27.28:866][857]LogModuleManager: Shutting down and abandoning module MacNoEditorTargetPlatform (73)
[2018.09.27-02.27.28:866][857]LogModuleManager: Shutting down and abandoning module MacClientTargetPlatform (71)
[2018.09.27-02.27.28:866][857]LogModuleManager: Shutting down and abandoning module AllDesktopTargetPlatform (69)
[2018.09.27-02.27.28:866][857]LogModuleManager: Shutting down and abandoning module InputCore (66)
[2018.09.27-02.27.28:866][857]LogModuleManager: Shutting down and abandoning module Settings (64)
[2018.09.27-02.27.28:866][857]LogModuleManager: Shutting down and abandoning module PhysXCooking (62)
[2018.09.27-02.27.28:866][857]LogModuleManager: Shutting down and abandoning module SteamVR (60)
[2018.09.27-02.27.28:866][857]LogModuleManager: Shutting down and abandoning module OculusHMD (58)
[2018.09.27-02.27.28:866][857]LogModuleManager: Shutting down and abandoning module ExampleDeviceProfileSelector (56)
[2018.09.27-02.27.28:866][857]LogModuleManager: Shutting down and abandoning module AppleARKit (54)
[2018.09.27-02.27.28:866][857]LogModuleManager: Shutting down and abandoning module AugmentedReality (51)
[2018.09.27-02.27.28:866][857]LogModuleManager: Shutting down and abandoning module OnlineBlueprintSupport (48)
[2018.09.27-02.27.28:866][857]LogModuleManager: Shutting down and abandoning module OnlineSubsystem (44)
[2018.09.27-02.27.28:866][857]LogModuleManager: Shutting down and abandoning module XMPP (43)
[2018.09.27-02.27.28:866][857]LogModuleManager: Shutting down and abandoning module HTTP (41)
[2018.09.27-02.27.28:866][857]LogHttp: Display: Http module shutting down, but needs to wait on 1 outstanding Http requests:
[2018.09.27-02.27.28:866][857]LogHttp: Display: 	verb=[POST] url=[https://datarouter.ol.epicgames.com/datarouter/api/v1/public/data?SessionID=%7B505B19D8-4B3E-03EE-BDA7-2A9C36A83036%7D&AppID=UEEditor.Rocket.Release&AppVersion=4.19.2-4033788%2B%2B%2BUE4%2BRelease-4.19&UserID=8670ddc143f166d963b47d878f9a65f4%7C60970d98e3a64dd2a97c27b60aa77d2a%7Cbc5c8457-a208-415d-8abb-8bae24e0202f&AppEnvironment=datacollector-binary&UploadType=eteventstream] status=Processing
[2018.09.27-02.27.28:893][857]LogModuleManager: Shutting down and abandoning module SSL (40)
[2018.09.27-02.27.28:894][857]LogModuleManager: Shutting down and abandoning module AnimationModifiers (36)
[2018.09.27-02.27.28:894][857]LogModuleManager: Shutting down and abandoning module PropertyEditor (35)
[2018.09.27-02.27.28:894][857]LogModuleManager: Shutting down and abandoning module AudioEditor (32)
[2018.09.27-02.27.28:894][857]LogModuleManager: Shutting down and abandoning module TextureCompressor (30)
[2018.09.27-02.27.28:894][857]LogModuleManager: Shutting down and abandoning module ShaderCore (28)
[2018.09.27-02.27.28:894][857]LogModuleManager: Shutting down and abandoning module Landscape (26)
[2018.09.27-02.27.28:894][857]LogModuleManager: Shutting down and abandoning module SlateRHIRenderer (24)
[2018.09.27-02.27.28:895][857]LogModuleManager: Shutting down and abandoning module OpenGLDrv (22)
[2018.09.27-02.27.28:895][857]LogModuleManager: Shutting down and abandoning module D3D11RHI (20)
[2018.09.27-02.27.28:895][857]LogModuleManager: Shutting down and abandoning module AnimGraphRuntime (18)
[2018.09.27-02.27.28:895][857]LogModuleManager: Shutting down and abandoning module Renderer (16)
[2018.09.27-02.27.28:895][857]LogModuleManager: Shutting down and abandoning module Engine (14)
[2018.09.27-02.27.28:895][857]LogModuleManager: Shutting down and abandoning module CoreUObject (12)
[2018.09.27-02.27.28:895][857]LogModuleManager: Shutting down and abandoning module NetworkFile (10)
[2018.09.27-02.27.28:895][857]LogModuleManager: Shutting down and abandoning module CookedIterativeFile (8)
[2018.09.27-02.27.28:895][857]LogModuleManager: Shutting down and abandoning module StreamingFile (6)
[2018.09.27-02.27.28:895][857]LogModuleManager: Shutting down and abandoning module SandboxFile (4)
[2018.09.27-02.27.28:895][857]LogModuleManager: Shutting down and abandoning module PakFile (2)
[2018.09.27-02.27.28:908][857]LogExit: Exiting.
[2018.09.27-02.27.28:924][857]Log file closed, 09/27/18 12:27:28
