Log file open, 09/08/18 12:49:59
LogWindows: Failed to load 'aqProf.dll' (GetLastError=126)
LogWindows: File 'aqProf.dll' does not exist
LogWindows: Failed to load 'VtuneApi.dll' (GetLastError=126)
LogWindows: File 'VtuneApi.dll' does not exist
LogWindows: Failed to load 'VtuneApi32e.dll' (GetLastError=126)
LogWindows: File 'VtuneApi32e.dll' does not exist
LogInit: Display: Running engine for game: CIU_CarnEvil_Final
LogPlatformFile: Not using cached read wrapper
LogInit: Display: RandInit(-151670578) SRandInit(-151670578).
LogInit: Read version file with build ID '3944462'
LogInit: Overriding engine version to CL 4033788, compatible CL 3944462
LogInit: Registered custom module enumerator with build ID '3944462'
LogTaskGraph: Started task graph with 5 named threads and 59 total threads with 3 sets of task threads.
LogStats: Stats thread started at 0.654599
LogD3D11RHI: Aftermath initialized
LogICUInternationalization: Display: ICU TimeZone Detection - Raw Offset: +10:00, Platform Override: ''
LogModuleManager: Display: Found up-to-date module file ../../../Engine/Plugins/2D/Paper2D/Binaries/Win64/UE4Editor-Paper2D.dll (API version 3944462).
LogModuleManager: Display: Found up-to-date module file ../../../Engine/Plugins/2D/Paper2D/Binaries/Win64/UE4Editor-Paper2DEditor.dll (API version 3944462).
LogModuleManager: Display: Found up-to-date module file ../../../Engine/Plugins/2D/Paper2D/Binaries/Win64/UE4Editor-PaperSpriteSheetImporter.dll (API version 3944462).
LogModuleManager: Display: Found up-to-date module file ../../../Engine/Plugins/2D/Paper2D/Binaries/Win64/UE4Editor-PaperTiledImporter.dll (API version 3944462).
LogModuleManager: Display: Found up-to-date module file ../../../Engine/Plugins/2D/Paper2D/Binaries/Win64/UE4Editor-SmartSnapping.dll (API version 3944462).
LogModuleManager: Display: Found up-to-date module file ../../../Engine/Plugins/Blendables/LightPropagationVolume/Binaries/Win64/UE4Editor-LightPropagationVolumeRuntime.dll (API version 3944462).
LogModuleManager: Display: Found up-to-date module file ../../../Engine/Plugins/Blendables/LightPropagationVolume/Binaries/Win64/UE4Editor-LightPropagationVolumeEditor.dll (API version 3944462).
LogModuleManager: Display: Found up-to-date module file ../../../Engine/Plugins/Developer/CLionSourceCodeAccess/Binaries/Win64/UE4Editor-CLionSourceCodeAccess.dll (API version 3944462).
LogModuleManager: Display: Found up-to-date module file ../../../Engine/Plugins/Developer/GitSourceControl/Binaries/Win64/UE4Editor-GitSourceControl.dll (API version 3944462).
LogModuleManager: Display: Found up-to-date module file ../../../Engine/Plugins/Developer/PerforceSourceControl/Binaries/Win64/UE4Editor-PerforceSourceControl.dll (API version 3944462).
LogModuleManager: Display: Found up-to-date module file ../../../Engine/Plugins/Developer/SubversionSourceControl/Binaries/Win64/UE4Editor-SubversionSourceControl.dll (API version 3944462).
LogModuleManager: Display: Found up-to-date module file ../../../Engine/Plugins/Developer/UObjectPlugin/Binaries/Win64/UE4Editor-UObjectPlugin.dll (API version 3944462).
LogModuleManager: Display: Found up-to-date module file ../../../Engine/Plugins/Developer/VisualStudioCodeSourceCodeAccess/Binaries/Win64/UE4Editor-VisualStudioCodeSourceCodeAccess.dll (API version 3944462).
LogModuleManager: Display: Found up-to-date module file ../../../Engine/Plugins/Developer/VisualStudioSourceCodeAccess/Binaries/Win64/UE4Editor-VisualStudioSourceCodeAccess.dll (API version 3944462).
LogModuleManager: Display: Found up-to-date module file ../../../Engine/Plugins/Editor/AssetManagerEditor/Binaries/Win64/UE4Editor-AssetManagerEditor.dll (API version 3944462).
LogModuleManager: Display: Found up-to-date module file ../../../Engine/Plugins/Editor/CryptoKeys/Binaries/Win64/UE4Editor-CryptoKeys.dll (API version 3944462).
LogModuleManager: Display: Found up-to-date module file ../../../Engine/Plugins/Editor/CryptoKeys/Binaries/Win64/UE4Editor-CryptoKeysOpenSSL.dll (API version 3944462).
LogModuleManager: Display: Found up-to-date module file ../../../Engine/Plugins/Editor/DataValidation/Binaries/Win64/UE4Editor-DataValidation.dll (API version 3944462).
LogModuleManager: Display: Found up-to-date module file ../../../Engine/Plugins/Editor/FacialAnimation/Binaries/Win64/UE4Editor-FacialAnimation.dll (API version 3944462).
LogModuleManager: Display: Found up-to-date module file ../../../Engine/Plugins/Editor/FacialAnimation/Binaries/Win64/UE4Editor-FacialAnimationEditor.dll (API version 3944462).
LogModuleManager: Display: Found up-to-date module file ../../../Engine/Plugins/Editor/GameplayTagsEditor/Binaries/Win64/UE4Editor-GameplayTagsEditor.dll (API version 3944462).
LogModuleManager: Display: Found up-to-date module file ../../../Engine/Plugins/Editor/MobileLauncherProfileWizard/Binaries/Win64/UE4Editor-MobileLauncherProfileWizard.dll (API version 3944462).
LogModuleManager: Display: Found up-to-date module file ../../../Engine/Plugins/Editor/PluginBrowser/Binaries/Win64/UE4Editor-PluginBrowser.dll (API version 3944462).
LogModuleManager: Display: Found up-to-date module file ../../../Engine/Plugins/Editor/SpeedTreeImporter/Binaries/Win64/UE4Editor-SpeedTreeImporter.dll (API version 3944462).
LogModuleManager: Display: Found up-to-date module file ../../../Engine/Plugins/Enterprise/DatasmithContent/Binaries/Win64/UE4Editor-DatasmithContent.dll (API version 3944462).
LogModuleManager: Display: Found up-to-date module file ../../../Engine/Plugins/Experimental/AlembicImporter/Binaries/Win64/UE4Editor-AlembicImporter.dll (API version 3944462).
LogModuleManager: Display: Found up-to-date module file ../../../Engine/Plugins/Experimental/AlembicImporter/Binaries/Win64/UE4Editor-AlembicLibrary.dll (API version 3944462).
LogModuleManager: Display: Found up-to-date module file ../../../Engine/Plugins/Experimental/CharacterAI/Binaries/Win64/UE4Editor-CharacterAI.dll (API version 3944462).
LogModuleManager: Display: Found up-to-date module file ../../../Engine/Plugins/Experimental/HTML5Networking/Binaries/Win64/UE4Editor-HTML5Networking.dll (API version 3944462).
LogModuleManager: Display: Found up-to-date module file ../../../Engine/Plugins/Media/AndroidMedia/Binaries/Win64/UE4Editor-AndroidMediaEditor.dll (API version 3944462).
LogModuleManager: Display: Found up-to-date module file ../../../Engine/Plugins/Media/AndroidMedia/Binaries/Win64/UE4Editor-AndroidMediaFactory.dll (API version 3944462).
LogModuleManager: Display: Found up-to-date module file ../../../Engine/Plugins/Media/AvfMedia/Binaries/Win64/UE4Editor-AvfMediaEditor.dll (API version 3944462).
LogModuleManager: Display: Found up-to-date module file ../../../Engine/Plugins/Media/AvfMedia/Binaries/Win64/UE4Editor-AvfMediaFactory.dll (API version 3944462).
LogModuleManager: Display: Found up-to-date module file ../../../Engine/Plugins/Media/AvfMedia/Binaries/Win64/UE4Editor-AvfMediaFactory.dll (API version 3944462).
LogModuleManager: Display: Found up-to-date module file ../../../Engine/Plugins/Media/ImgMedia/Binaries/Win64/UE4Editor-ImgMedia.dll (API version 3944462).
LogModuleManager: Display: Found up-to-date module file ../../../Engine/Plugins/Media/ImgMedia/Binaries/Win64/UE4Editor-ImgMediaEditor.dll (API version 3944462).
LogModuleManager: Display: Found up-to-date module file ../../../Engine/Plugins/Media/ImgMedia/Binaries/Win64/UE4Editor-ImgMediaFactory.dll (API version 3944462).
LogModuleManager: Display: Found up-to-date module file ../../../Engine/Plugins/Media/ImgMedia/Binaries/Win64/UE4Editor-ImgMediaFactory.dll (API version 3944462).
LogModuleManager: Display: Found up-to-date module file ../../../Engine/Plugins/Media/ImgMedia/Binaries/Win64/UE4Editor-OpenExrWrapper.dll (API version 3944462).
LogModuleManager: Display: Found up-to-date module file ../../../Engine/Plugins/Media/LinearTimecode/Binaries/Win64/UE4Editor-LinearTimecode.dll (API version 3944462).
LogModuleManager: Display: Found up-to-date module file ../../../Engine/Plugins/Media/MediaCompositing/Binaries/Win64/UE4Editor-MediaCompositing.dll (API version 3944462).
LogModuleManager: Display: Found up-to-date module file ../../../Engine/Plugins/Media/MediaCompositing/Binaries/Win64/UE4Editor-MediaCompositingEditor.dll (API version 3944462).
LogModuleManager: Display: Found up-to-date module file ../../../Engine/Plugins/Media/MediaPlayerEditor/Binaries/Win64/UE4Editor-MediaPlayerEditor.dll (API version 3944462).
LogModuleManager: Display: Found up-to-date module file ../../../Engine/Plugins/Media/WmfMedia/Binaries/Win64/UE4Editor-WmfMedia.dll (API version 3944462).
LogModuleManager: Display: Found up-to-date module file ../../../Engine/Plugins/Media/WmfMedia/Binaries/Win64/UE4Editor-WmfMediaEditor.dll (API version 3944462).
LogModuleManager: Display: Found up-to-date module file ../../../Engine/Plugins/Media/WmfMedia/Binaries/Win64/UE4Editor-WmfMediaFactory.dll (API version 3944462).
LogModuleManager: Display: Found up-to-date module file ../../../Engine/Plugins/Media/WmfMedia/Binaries/Win64/UE4Editor-WmfMediaFactory.dll (API version 3944462).
LogModuleManager: Display: Found up-to-date module file ../../../Engine/Plugins/Messaging/TcpMessaging/Binaries/Win64/UE4Editor-TcpMessaging.dll (API version 3944462).
LogModuleManager: Display: Found up-to-date module file ../../../Engine/Plugins/Messaging/UdpMessaging/Binaries/Win64/UE4Editor-UdpMessaging.dll (API version 3944462).
LogModuleManager: Display: Found up-to-date module file ../../../Engine/Plugins/MovieScene/ActorSequence/Binaries/Win64/UE4Editor-ActorSequence.dll (API version 3944462).
LogModuleManager: Display: Found up-to-date module file ../../../Engine/Plugins/MovieScene/LevelSequenceEditor/Binaries/Win64/UE4Editor-LevelSequenceEditor.dll (API version 3944462).
LogModuleManager: Display: Found up-to-date module file ../../../Engine/Plugins/MovieScene/MatineeToLevelSequence/Binaries/Win64/UE4Editor-MatineeToLevelSequence.dll (API version 3944462).
LogModuleManager: Display: Found up-to-date module file ../../../Engine/Plugins/NetcodeUnitTest/NetcodeUnitTest/Binaries/Win64/UE4Editor-NetcodeUnitTest.dll (API version 3944462).
LogModuleManager: Display: Found up-to-date module file ../../../Engine/Plugins/NetcodeUnitTest/NUTUnrealEngine4/Binaries/Win64/UE4Editor-NUTUnrealEngine4.dll (API version 3944462).
LogModuleManager: Display: Found up-to-date module file ../../../Engine/Plugins/Online/OnlineSubsystem/Binaries/Win64/UE4Editor-OnlineSubsystem.dll (API version 3944462).
LogModuleManager: Display: Found up-to-date module file ../../../Engine/Plugins/Runtime/AndroidPermission/Binaries/Win64/UE4Editor-AndroidPermission.dll (API version 3944462).
LogModuleManager: Display: Found up-to-date module file ../../../Engine/Plugins/Online/OnlineSubsystemNull/Binaries/Win64/UE4Editor-OnlineSubsystemNull.dll (API version 3944462).
LogModuleManager: Display: Found up-to-date module file ../../../Engine/Plugins/Online/OnlineSubsystemUtils/Binaries/Win64/UE4Editor-OnlineSubsystemUtils.dll (API version 3944462).
LogModuleManager: Display: Found up-to-date module file ../../../Engine/Plugins/Online/OnlineSubsystemUtils/Binaries/Win64/UE4Editor-OnlineBlueprintSupport.dll (API version 3944462).
LogModuleManager: Display: Found up-to-date module file ../../../Engine/Plugins/Runtime/AndroidDeviceProfileSelector/Binaries/Win64/UE4Editor-AndroidDeviceProfileSelector.dll (API version 3944462).
LogModuleManager: Display: Found up-to-date module file ../../../Engine/Plugins/Runtime/AppleARKit/Binaries/Win64/UE4Editor-AppleARKit.dll (API version 3944462).
LogModuleManager: Display: Found up-to-date module file ../../../Engine/Plugins/Runtime/ProceduralMeshComponent/Binaries/Win64/UE4Editor-ProceduralMeshComponent.dll (API version 3944462).
LogModuleManager: Display: Found up-to-date module file ../../../Engine/Plugins/Runtime/ProceduralMeshComponent/Binaries/Win64/UE4Editor-ProceduralMeshComponentEditor.dll (API version 3944462).
LogModuleManager: Display: Found up-to-date module file ../../../Engine/Plugins/Animation/LiveLink/Binaries/Win64/UE4Editor-LiveLink.dll (API version 3944462).
LogModuleManager: Display: Found up-to-date module file ../../../Engine/Plugins/Animation/LiveLink/Binaries/Win64/UE4Editor-LiveLinkEditor.dll (API version 3944462).
LogModuleManager: Display: Found up-to-date module file ../../../Engine/Plugins/Runtime/ArchVisCharacter/Binaries/Win64/UE4Editor-ArchVisCharacter.dll (API version 3944462).
LogModuleManager: Display: Found up-to-date module file ../../../Engine/Plugins/Runtime/AudioCapture/Binaries/Win64/UE4Editor-AudioCapture.dll (API version 3944462).
LogModuleManager: Display: Found up-to-date module file ../../../Engine/Plugins/Runtime/AudioCapture/Binaries/Win64/UE4Editor-AudioCaptureEditor.dll (API version 3944462).
LogModuleManager: Display: Found up-to-date module file ../../../Engine/Plugins/Runtime/CableComponent/Binaries/Win64/UE4Editor-CableComponent.dll (API version 3944462).
LogModuleManager: Display: Found up-to-date module file ../../../Engine/Plugins/Runtime/CustomMeshComponent/Binaries/Win64/UE4Editor-CustomMeshComponent.dll (API version 3944462).
LogModuleManager: Display: Found up-to-date module file ../../../Engine/Plugins/Runtime/ExampleDeviceProfileSelector/Binaries/Win64/UE4Editor-ExampleDeviceProfileSelector.dll (API version 3944462).
LogModuleManager: Display: Found up-to-date module file ../../../Engine/Plugins/Runtime/ImmediatePhysics/Binaries/Win64/UE4Editor-ImmediatePhysics.dll (API version 3944462).
LogModuleManager: Display: Found up-to-date module file ../../../Engine/Plugins/Runtime/ImmediatePhysics/Binaries/Win64/UE4Editor-ImmediatePhysicsEditor.dll (API version 3944462).
LogModuleManager: Display: Found up-to-date module file ../../../Engine/Plugins/Runtime/LocationServicesBPLibrary/Binaries/Win64/UE4Editor-LocationServicesBPLibrary.dll (API version 3944462).
LogModuleManager: Display: Found up-to-date module file ../../../Engine/Plugins/Runtime/MobilePatchingUtils/Binaries/Win64/UE4Editor-MobilePatchingUtils.dll (API version 3944462).
LogModuleManager: Display: Found up-to-date module file ../../../Engine/Plugins/Runtime/Oculus/OculusVR/Binaries/Win64/UE4Editor-OculusHMD.dll (API version 3944462).
LogModuleManager: Display: Found up-to-date module file ../../../Engine/Plugins/Runtime/Oculus/OculusVR/Binaries/Win64/UE4Editor-OculusInput.dll (API version 3944462).
LogModuleManager: Display: Found up-to-date module file ../../../Engine/Plugins/Runtime/Oculus/OculusVR/Binaries/Win64/UE4Editor-OculusEditor.dll (API version 3944462).
LogModuleManager: Display: Found up-to-date module file ../../../Engine/Plugins/Runtime/PhysXVehicles/Binaries/Win64/UE4Editor-PhysXVehicles.dll (API version 3944462).
LogModuleManager: Display: Found up-to-date module file ../../../Engine/Plugins/Runtime/PhysXVehicles/Binaries/Win64/UE4Editor-PhysXVehiclesEditor.dll (API version 3944462).
LogModuleManager: Display: Found up-to-date module file ../../../Engine/Plugins/Runtime/RuntimePhysXCooking/Binaries/Win64/UE4Editor-RuntimePhysXCooking.dll (API version 3944462).
LogModuleManager: Display: Found up-to-date module file ../../../Engine/Plugins/Runtime/Steam/SteamVR/Binaries/Win64/UE4Editor-SteamVR.dll (API version 3944462).
LogModuleManager: Display: Found up-to-date module file ../../../Engine/Plugins/Runtime/Steam/SteamVR/Binaries/Win64/UE4Editor-SteamVRController.dll (API version 3944462).
LogModuleManager: Display: Found up-to-date module file ../../../Engine/Plugins/Runtime/WindowsMoviePlayer/Binaries/Win64/UE4Editor-WindowsMoviePlayer.dll (API version 3944462).
LogPluginManager: Mounting plugin Paper2D
LogPluginManager: Mounting plugin LiveLink
LogPluginManager: Mounting plugin LightPropagationVolume
LogPluginManager: Mounting plugin CLionSourceCodeAccess
LogPluginManager: Mounting plugin CodeLiteSourceCodeAccess
LogPluginManager: Mounting plugin GitSourceControl
LogPluginManager: Mounting plugin KDevelopSourceCodeAccess
LogPluginManager: Mounting plugin NullSourceCodeAccess
LogPluginManager: Mounting plugin PerforceSourceControl
LogPluginManager: Mounting plugin SubversionSourceControl
LogPluginManager: Mounting plugin UObjectPlugin
LogPluginManager: Mounting plugin VisualStudioCodeSourceCodeAccess
LogPluginManager: Mounting plugin VisualStudioSourceCodeAccess
LogPluginManager: Mounting plugin XCodeSourceCodeAccess
LogPluginManager: Mounting plugin AssetManagerEditor
LogPluginManager: Mounting plugin CryptoKeys
LogPluginManager: Mounting plugin DataValidation
LogPluginManager: Mounting plugin FacialAnimation
LogPluginManager: Mounting plugin GameplayTagsEditor
LogPluginManager: Mounting plugin MobileLauncherProfileWizard
LogPluginManager: Mounting plugin PluginBrowser
LogPluginManager: Mounting plugin SpeedTreeImporter
LogPluginManager: Mounting plugin DatasmithContent
LogPluginManager: Mounting plugin AlembicImporter
LogPluginManager: Mounting plugin CharacterAI
LogPluginManager: Mounting plugin HTML5Networking
LogPluginManager: Mounting plugin AndroidMedia
LogPluginManager: Mounting plugin AvfMedia
LogPluginManager: Mounting plugin ImgMedia
LogPluginManager: Mounting plugin LinearTimecode
LogPluginManager: Mounting plugin MediaCompositing
LogPluginManager: Mounting plugin MediaPlayerEditor
LogPluginManager: Mounting plugin WmfMedia
LogPluginManager: Mounting plugin TcpMessaging
LogPluginManager: Mounting plugin UdpMessaging
LogPluginManager: Mounting plugin ActorSequence
LogPluginManager: Mounting plugin LevelSequenceEditor
LogPluginManager: Mounting plugin MatineeToLevelSequence
LogPluginManager: Mounting plugin NetcodeUnitTest
LogPluginManager: Mounting plugin NUTUnrealEngine4
LogPluginManager: Mounting plugin OnlineSubsystemGooglePlay
LogPluginManager: Mounting plugin OnlineSubsystemIOS
LogPluginManager: Mounting plugin OnlineSubsystem
LogPluginManager: Mounting plugin OnlineSubsystemNull
LogPluginManager: Mounting plugin OnlineSubsystemUtils
LogPluginManager: Mounting plugin AndroidDeviceProfileSelector
LogPluginManager: Mounting plugin AndroidMoviePlayer
LogPluginManager: Mounting plugin AndroidPermission
LogPluginManager: Mounting plugin AppleARKit
LogPluginManager: Mounting plugin AppleMoviePlayer
LogPluginManager: Mounting plugin ArchVisCharacter
LogPluginManager: Mounting plugin AudioCapture
LogPluginManager: Mounting plugin CableComponent
LogPluginManager: Mounting plugin CustomMeshComponent
LogPluginManager: Mounting plugin ExampleDeviceProfileSelector
LogPluginManager: Mounting plugin GoogleCloudMessaging
LogPluginManager: Mounting plugin ImmediatePhysics
LogPluginManager: Mounting plugin IOSDeviceProfileSelector
LogPluginManager: Mounting plugin LinuxDeviceProfileSelector
LogPluginManager: Mounting plugin LocationServicesBPLibrary
LogPluginManager: Mounting plugin MobilePatchingUtils
LogPluginManager: Mounting plugin OculusVR
LogPluginManager: Plugin shader directory ../../../Engine/Plugins/Runtime/Oculus/OculusVR/Shaders found
LogPluginManager: Mapping shader source directory ../../../Engine/Plugins/Runtime/Oculus/OculusVR/Shaders to virtual directory /Plugin/OculusVR
LogPluginManager: Mounting plugin PhysXVehicles
LogPluginManager: Mounting plugin ProceduralMeshComponent
LogPluginManager: Mounting plugin RuntimePhysXCooking
LogPluginManager: Mounting plugin SteamVR
LogPluginManager: Mounting plugin WindowsMoviePlayer
LogStreaming: Display: Took  0.488s to configure plugins.
LogInit: Using libcurl 7.47.1
LogInit:  - built for x86_64-pc-win32
LogInit:  - supports SSL with OpenSSL/1.0.2g
LogInit:  - supports HTTP deflate (compression) using libz 1.2.8
LogInit:  - other features:
LogInit:      CURL_VERSION_SSL
LogInit:      CURL_VERSION_LIBZ
LogInit:      CURL_VERSION_IPV6
LogInit:      CURL_VERSION_ASYNCHDNS
LogInit:      CURL_VERSION_LARGEFILE
LogInit:      CURL_VERSION_IDN
LogInit:  CurlRequestOptions (configurable via config and command line):
LogInit:  - bVerifyPeer = false  - Libcurl will NOT verify peer certificate
LogInit:  - bUseHttpProxy = false  - Libcurl will NOT use HTTP proxy
LogInit:  - bDontReuseConnections = false  - Libcurl will reuse connections
LogInit:  - CertBundlePath = nullptr  - Libcurl will use whatever was configured at build time.
LogInit:  - MaxHostConnections = 16  - Libcurl will limit the number of connections to a host
LogInit:  - LocalHostAddr = Default
LogInit: WinSock: version 1.1 (2.2), MaxSocks=32767, MaxUdp=65467
LogInit: WinSock: I am DESKTOP-QTNQBAN (192.168.0.5:0)
LogInit: Build: ++UE4+Release-4.19-CL-4033788
LogInit: Engine Version: 4.19.2-4033788+++UE4+Release-4.19
LogInit: Compatible Engine Version: 4.19.0-3944462+++UE4+Release-4.19
LogInit: Net CL: 3944462
LogDevObjectVersion: Number of dev versions registered: 18
LogDevObjectVersion:   Dev-Blueprints (B0D832E4-1F89-4F0D-ACCF-7EB736FD4AA2): 10
LogDevObjectVersion:   Dev-Build (E1C64328-A22C-4D53-A36C-8E866417BD8C): 0
LogDevObjectVersion:   Dev-Core (375EC13C-06E4-48FB-B500-84F0262A717E): 2
LogDevObjectVersion:   Dev-Editor (E4B068ED-F494-42E9-A231-DA0B2E46BB41): 23
LogDevObjectVersion:   Dev-Framework (CFFC743F-43B0-4480-9391-14DF171D2073): 33
LogDevObjectVersion:   Dev-Mobile (B02B49B5-BB20-44E9-A304-32B752E40360): 2
LogDevObjectVersion:   Dev-Networking (A4E4105C-59A1-49B5-A7C5-40C4547EDFEE): 0
LogDevObjectVersion:   Dev-Online (39C831C9-5AE6-47DC-9A44-9C173E1C8E7C): 0
LogDevObjectVersion:   Dev-Physics (78F01B33-EBEA-4F98-B9B4-84EACCB95AA2): 0
LogDevObjectVersion:   Dev-Platform (6631380F-2D4D-43E0-8009-CF276956A95A): 0
LogDevObjectVersion:   Dev-Rendering (12F88B9F-8875-4AFC-A67C-D90C383ABD29): 25
LogDevObjectVersion:   Dev-Sequencer (7B5AE74C-D270-4C10-A958-57980B212A5A): 6
LogDevObjectVersion:   Dev-VR (D7296918-1DD6-4BDD-9DE2-64A83CC13884): 1
LogDevObjectVersion:   Dev-LoadTimes (C2A15278-BFE7-4AFE-6C17-90FF531DF755): 1
LogDevObjectVersion:   Private-Geometry (6EACA3D4-40EC-4CC1-B786-8BED09428FC5): 2
LogDevObjectVersion:   Dev-AnimPhys (29E575DD-E0A3-4627-9D10-D276232CDCEA): 16
LogDevObjectVersion:   Dev-ReflectionCapture (6B266CEC-1EC7-4B8F-A30B-E4D90942FC07): 1
LogDevObjectVersion:   Dev-Automation (0DF73D61-A23F-47EA-B727-89E90C41499A): 1
LogInit: Compiled (64-bit): Apr 27 2018 02:06:57
LogInit: Compiled with Visual C++: 19.00.24215.01
LogInit: Build Configuration: Development
LogInit: Branch Name: ++UE4+Release-4.19
LogInit: Command Line:  
LogInit: Base Directory: D:/Game Engines/Epic Games/UE_4.19/Engine/Binaries/Win64/
LogInit: Installed Engine Build: 1
LogStreaming: Display: Took  0.001s to delete old logs.
LogInit: Presizing for max 8388607 objects, including 0 objects not considered by GC, pre-allocating 0 bytes for permanent pool.
LogInit: Object subsystem initialized
[2018.09.08-02.50.00:102][  0]LogInit: Selected Device Profile: [Windows]
[2018.09.08-02.50.00:102][  0]LogInit: Applying CVar settings loaded from the selected device profile: [Windows]
[2018.09.08-02.50.00:112][  0]LogInit: Computer: DESKTOP-QTNQBAN
[2018.09.08-02.50.00:113][  0]LogInit: User: Matt
[2018.09.08-02.50.00:113][  0]LogInit: CPU Page size=4096, Cores=10
[2018.09.08-02.50.00:113][  0]LogInit: High frequency timer resolution =3.234378 MHz
[2018.09.08-02.50.00:113][  0]LogMemory: Memory total: Physical=31.7GB (32GB approx)
[2018.09.08-02.50.00:113][  0]LogMemory: Platform Memory Stats for Windows
[2018.09.08-02.50.00:113][  0]LogMemory: Process Physical Memory: 276.90 MB used, 276.90 MB peak
[2018.09.08-02.50.00:113][  0]LogMemory: Process Virtual Memory: 275.14 MB used, 275.14 MB peak
[2018.09.08-02.50.00:113][  0]LogMemory: Physical Memory: 9689.16 MB used,  22757.21 MB free, 32446.36 MB total
[2018.09.08-02.50.00:113][  0]LogMemory: Virtual Memory: 4845.62 MB used,  22757.21 MB free, 134217728.00 MB total
[2018.09.08-02.50.00:126][  0]LogInit: Using OS detected language (en-GB).
[2018.09.08-02.50.00:126][  0]LogInit: Using OS detected locale (en-GB).
[2018.09.08-02.50.00:128][  0]LogTextLocalizationManager: No specific localization for 'en-GB' exists, so the 'en' localization will be used.
[2018.09.08-02.50.00:480][  0]LogStreaming: Display: Took  0.353s to EndInitTextLocalization.
[2018.09.08-02.50.00:480][  0]LogInit: Setting process to per monitor DPI aware
[2018.09.08-02.50.00:497][  0]LogSlate: New Slate User Created.  User Index 0, Is Virtual User: 0
[2018.09.08-02.50.00:497][  0]LogSlate: Slate User Registered.  User Index 0, Is Virtual User: 0
[2018.09.08-02.50.00:616][  0]LogD3D11RHI: D3D11 adapters:
[2018.09.08-02.50.00:685][  0]LogD3D11RHI:    0. 'NVIDIA GeForce GTX 1080 Ti' (Feature Level 11_0)
[2018.09.08-02.50.00:685][  0]LogD3D11RHI:       11127/0/16223 MB DedicatedVideo/DedicatedSystem/SharedSystem, Outputs:1, VendorId:0x10de
[2018.09.08-02.50.00:686][  0]LogD3D11RHI:    1. 'Microsoft Basic Render Driver' (Feature Level 11_0)
[2018.09.08-02.50.00:686][  0]LogD3D11RHI:       0/0/16223 MB DedicatedVideo/DedicatedSystem/SharedSystem, Outputs:0, VendorId:0x1414
[2018.09.08-02.50.00:686][  0]LogD3D11RHI: Chosen D3D11 Adapter: 0
[2018.09.08-02.50.00:692][  0]LogD3D11RHI: Creating new Direct3DDevice
[2018.09.08-02.50.00:692][  0]LogD3D11RHI:     GPU DeviceId: 0x1b06 (for the marketing name, search the web for "GPU Device Id")
[2018.09.08-02.50.00:692][  0]LogWindows: EnumDisplayDevices:
[2018.09.08-02.50.00:692][  0]LogWindows:    0. 'NVIDIA GeForce GTX 1080 Ti' (P:1 D:1)
[2018.09.08-02.50.00:692][  0]LogWindows:    1. 'NVIDIA GeForce GTX 1080 Ti' (P:0 D:0)
[2018.09.08-02.50.00:692][  0]LogWindows:    2. 'NVIDIA GeForce GTX 1080 Ti' (P:0 D:0)
[2018.09.08-02.50.00:692][  0]LogWindows:    3. 'NVIDIA GeForce GTX 1080 Ti' (P:0 D:0)
[2018.09.08-02.50.00:692][  0]LogWindows: DebugString: GetVideoDriverDetailsInvalid PrimaryIsNotTheChoosenAdapter GetVideoDriverDetailsInvalid PrimaryIsNotTheChoosenAdapter GetVideoDriverDetailsInvalid PrimaryIsNotTheChoosenAdapter GetVideoDriverDetailsInvalid PrimaryIsNotTheChoosenAdapter FoundDriverCount:0 
[2018.09.08-02.50.00:692][  0]LogD3D11RHI:     Adapter Name: NVIDIA GeForce GTX 1080 Ti
[2018.09.08-02.50.00:692][  0]LogD3D11RHI:   Driver Version: Unknown (internal:Unknown, unified:Unknown)
[2018.09.08-02.50.00:692][  0]LogD3D11RHI:      Driver Date: Unknown
[2018.09.08-02.50.00:692][  0]LogRHI: Texture pool is 7788 MB (70% of 11127 MB)
[2018.09.08-02.50.00:727][  0]LogD3D11RHI: [Aftermath] Aftermath enabled and primed
[2018.09.08-02.50.00:727][  0]LogD3D11RHI: [Aftermath] Aftermath enabled and primed
[2018.09.08-02.50.00:727][  0]LogD3D11RHI: Async texture creation enabled
[2018.09.08-02.50.00:758][  0]LogD3D11RHI: GPU Timing Frequency: 1000.000000 (Debug: 2 2)
[2018.09.08-02.50.00:759][  0]LogShaderCompilers: Guid format shader working directory is -22 characters bigger than the processId version (C:/Users/Matt/Desktop/CIU_Final_CarnEvil_4.19.2/CIU_CarnEvil_Final/Intermediate/Shaders/WorkingDirectory/13388/).
[2018.09.08-02.50.00:759][  0]LogShaderCompilers: Cleaned the shader compiler working directory 'C:/Users/Matt/AppData/Local/Temp/UnrealShaderWorkingDir/1BB4A37F4F1AE0AA659970B04143E93A/'.
[2018.09.08-02.50.00:912][  0]LogTemp: Display: Loaded TP AllDesktopTargetPlatform
[2018.09.08-02.50.00:922][  0]LogTemp: Display: Loaded TP MacClientTargetPlatform
[2018.09.08-02.50.00:932][  0]LogTemp: Display: Loaded TP MacNoEditorTargetPlatform
[2018.09.08-02.50.00:942][  0]LogTemp: Display: Loaded TP MacServerTargetPlatform
[2018.09.08-02.50.00:952][  0]LogTemp: Display: Loaded TP MacTargetPlatform
[2018.09.08-02.50.00:962][  0]LogTemp: Display: Loaded TP WindowsClientTargetPlatform
[2018.09.08-02.50.00:972][  0]LogTemp: Display: Loaded TP WindowsNoEditorTargetPlatform
[2018.09.08-02.50.00:982][  0]LogTemp: Display: Loaded TP WindowsServerTargetPlatform
[2018.09.08-02.50.00:987][  0]LogTemp: Display: Loaded TP WindowsTargetPlatform
[2018.09.08-02.50.00:996][  0]LogTemp: Display: Loaded TP Android_ASTCTargetPlatform
[2018.09.08-02.50.01:005][  0]LogTemp: Display: Loaded TP Android_ATCTargetPlatform
[2018.09.08-02.50.01:014][  0]LogTemp: Display: Loaded TP Android_DXTTargetPlatform
[2018.09.08-02.50.01:023][  0]LogTemp: Display: Loaded TP Android_ETC1aTargetPlatform
[2018.09.08-02.50.01:032][  0]LogTemp: Display: Loaded TP Android_ETC1TargetPlatform
[2018.09.08-02.50.01:041][  0]LogTemp: Display: Loaded TP Android_ETC2TargetPlatform
[2018.09.08-02.50.01:060][  0]LogTemp: Display: Loaded TP Android_MultiTargetPlatform
[2018.09.08-02.50.01:060][  0]LogTemp: Display: Loaded TP Android_PVRTCTargetPlatform
[2018.09.08-02.50.01:069][  0]LogTemp: Display: Loaded TP AndroidTargetPlatform
[2018.09.08-02.50.01:070][  0]LogTemp: Display: Loaded TP HTML5TargetPlatform
[2018.09.08-02.50.01:103][  0]LogTemp: Display: Loaded TP IOSTargetPlatform
[2018.09.08-02.50.01:112][  0]LogTemp: Display: Loaded TP TVOSTargetPlatform
[2018.09.08-02.50.01:121][  0]LogTemp: Display: Loaded TP LinuxClientTargetPlatform
[2018.09.08-02.50.01:130][  0]LogTemp: Display: Loaded TP LinuxNoEditorTargetPlatform
[2018.09.08-02.50.01:139][  0]LogTemp: Display: Loaded TP LinuxServerTargetPlatform
[2018.09.08-02.50.01:151][  0]LogTemp: Display: Loaded TP LinuxTargetPlatform
[2018.09.08-02.50.01:151][  0]LogTargetPlatformManager: Display: Building Assets For Windows
[2018.09.08-02.50.01:209][  0]LogXGEController: Cleaning working directory: C:/Users/Matt/AppData/Local/Temp/UnrealXGEWorkingDir/
[2018.09.08-02.50.01:210][  0]LogXGEController: Cannot use XGE Controller as Incredibuild is not installed on this machine.
[2018.09.08-02.50.01:210][  0]LogShaderCompilers: Cannot use XGE Shader Compiler as Incredibuild is not installed on this machine.
[2018.09.08-02.50.01:210][  0]LogShaderCompilers: Display: Using Local Shader Compiler.
[2018.09.08-02.50.01:721][  0]LogDerivedDataCache: Display: Max Cache Size: 512 MB
[2018.09.08-02.50.01:781][  0]LogDerivedDataCache: Loaded boot cache 0.06s 74MB C:/Users/Matt/AppData/Local/UnrealEngine/4.19/DerivedDataCache/Boot.ddc.
[2018.09.08-02.50.01:781][  0]LogDerivedDataCache: Display: Loaded Boot cache: C:/Users/Matt/AppData/Local/UnrealEngine/4.19/DerivedDataCache/Boot.ddc
[2018.09.08-02.50.01:781][  0]LogDerivedDataCache: FDerivedDataBackendGraph:  Pak pak cache file C:/Users/Matt/Desktop/CIU_Final_CarnEvil_4.19.2/CIU_CarnEvil_Final/DerivedDataCache/DDC.ddp not found, will not use a pak cache.
[2018.09.08-02.50.01:781][  0]LogDerivedDataCache: Unable to find inner node Pak for hierarchical cache Hierarchy.
[2018.09.08-02.50.01:781][  0]LogDerivedDataCache: FDerivedDataBackendGraph:  CompressedPak pak cache file C:/Users/Matt/Desktop/CIU_Final_CarnEvil_4.19.2/CIU_CarnEvil_Final/DerivedDataCache/Compressed.ddp not found, will not use a pak cache.
[2018.09.08-02.50.01:781][  0]LogDerivedDataCache: Unable to find inner node CompressedPak for hierarchical cache Hierarchy.
[2018.09.08-02.50.01:794][  0]LogDerivedDataCache: Display: Pak cache opened for reading ../../../Engine/DerivedDataCache/Compressed.ddp.
[2018.09.08-02.50.01:806][  0]LogDerivedDataCache: Using Local data cache path C:/Users/Matt/AppData/Local/UnrealEngine/Common/DerivedDataCache: Writable
[2018.09.08-02.50.01:806][  0]LogDerivedDataCache: Shared data cache path not found in *engine.ini, will not use an Shared cache.
[2018.09.08-02.50.01:806][  0]LogDerivedDataCache: Unable to find inner node Shared for hierarchical cache Hierarchy.
[2018.09.08-02.50.01:816][  0]LogMaterial: Verifying Global Shaders for PCD3D_SM5
[2018.09.08-02.50.01:816][  0]LogSlate: Using Freetype 2.6.0
[2018.09.08-02.50.01:816][  0]LogSlate: SlateFontCache - WITH_FREETYPE: 1, WITH_HARFBUZZ: 1
[2018.09.08-02.50.01:816][  0]LogSlate: SlateFontCache - WITH_FREETYPE: 1, WITH_HARFBUZZ: 1
[2018.09.08-02.50.01:901][  0]LogAssetRegistry: FAssetRegistry took 0.0253 seconds to start up
[2018.09.08-02.50.02:163][  0]LogInit: Selected Device Profile: [Windows]
[2018.09.08-02.50.02:268][  0]LogSimplygon: Simplygon DLL not present - disabling.
[2018.09.08-02.50.02:269][  0]LogMeshReduction: Using SimplygonSwarm for distributed automatic mesh merging
[2018.09.08-02.50.02:269][  0]LogMeshReduction: Using QuadricMeshReduction for automatic static mesh reduction
[2018.09.08-02.50.02:269][  0]LogMeshReduction: No automatic skeletal mesh reduction module available
[2018.09.08-02.50.02:269][  0]LogMeshReduction: No automatic mesh merging module available
[2018.09.08-02.50.02:269][  0]LogMeshMerging: No automatic mesh merging module available
[2018.09.08-02.50.02:288][  0]LogNetVersion: CIU_CarnEvil_Final , NetCL: 3944462, EngineNetVer: 2, GameNetVer: 0 (Checksum: 2718905845)
[2018.09.08-02.50.02:604][  0]LogPackageLocalizationCache: Processed 9 localized package path(s) for 2 prioritized culture(s) in 0.050393 seconds
[2018.09.08-02.50.02:608][  0]LogUObjectArray: 36728 objects as part of root set at end of initial load.
[2018.09.08-02.50.02:608][  0]LogUObjectAllocator: 7314304 out of 0 bytes used by permanent object pool.
[2018.09.08-02.50.02:608][  0]LogUObjectArray: CloseDisregardForGC: 0/0 objects in disregard for GC pool
[2018.09.08-02.50.03:752][  0]LogTcpMessaging: Initializing TcpMessaging bridge
[2018.09.08-02.50.03:773][  0]LogUdpMessaging: Initializing bridge on interface 0.0.0.0:0 to multicast group 230.0.0.1:6666.
[2018.09.08-02.50.03:984][  0]SourceControl: Source control is disabled
[2018.09.08-02.50.03:984][  0]SourceControl: Source control is disabled
[2018.09.08-02.50.03:992][  0]SourceControl: Source control is disabled
[2018.09.08-02.50.04:000][  0]SourceControl: Source control is disabled
[2018.09.08-02.50.04:281][  0]LogAndroidPermission: UAndroidPermissionCallbackProxy::GetInstance
[2018.09.08-02.50.04:384][  0]LogOcInput: OculusInput pre-init called
[2018.09.08-02.50.04:448][  0]LogEngine: Initializing Engine...
[2018.09.08-02.50.09:663][  0]LogHMD: Failed to initialize OpenVR with code 108
[2018.09.08-02.50.09:665][  0]LogStats: UGameplayTagsManager::ConstructGameplayTagTree: Construct from data asset -  0.000 s
[2018.09.08-02.50.09:665][  0]LogStats: UGameplayTagsManager::ConstructGameplayTagTree: GameplayTagTreeChangedEvent.Broadcast -  0.000 s
[2018.09.08-02.50.09:823][  0]LogAIModule: Creating AISystem for world Untitled
[2018.09.08-02.50.09:889][  0]LogInit: XAudio2 using 'Headset Earphone (Sennheiser Communication Audio)' : 2 channels at 48 kHz using 16 bits per sample (channel mask 0x3)
[2018.09.08-02.50.09:899][  0]LogInit: FAudioDevice initialized.
[2018.09.08-02.50.09:970][  0]LogDerivedDataCache: Saved boot cache 0.07s 74MB C:/Users/Matt/AppData/Local/UnrealEngine/4.19/DerivedDataCache/Boot.ddc.
[2018.09.08-02.50.09:981][  0]LogInit: Texture streaming: Enabled
[2018.09.08-02.50.09:990][  0]LogEngineSessionManager: EngineSessionManager initialized
[2018.09.08-02.50.10:014][  0]LogInit: Transaction tracking system initialized
[2018.09.08-02.50.10:031][  0]BlueprintLog: New page: Editor Load
[2018.09.08-02.50.10:087][  0]LocalizationService: Localization service is disabled
[2018.09.08-02.50.10:166][  0]LogConsoleResponse: Display: 
[2018.09.08-02.50.10:264][  0]LogCook: Display: Max memory allowance for cook 16384mb min free memory 0mb
[2018.09.08-02.50.10:264][  0]LogCook: Display: Mobile HDR setting 1
[2018.09.08-02.50.10:264][  0]LogGameplayTags: Display: UGameplayTagsManager::DoneAddingNativeTags. DelegateIsBound: 0
[2018.09.08-02.50.10:264][  0]LogStats: UGameplayTagsManager::ConstructGameplayTagTree: Construct from data asset -  0.000 s
[2018.09.08-02.50.10:264][  0]LogStats: UGameplayTagsManager::ConstructGameplayTagTree: GameplayTagTreeChangedEvent.Broadcast -  0.000 s
[2018.09.08-02.50.10:467][  0]LogFileCache: Scanning file cache for directory 'C:/Users/Matt/Desktop/CIU_Final_CarnEvil_4.19.2/CIU_CarnEvil_Final/Content/' took 0.03s
[2018.09.08-02.50.10:467][  0]SourceControl: Source control is disabled
[2018.09.08-02.50.10:467][  0]Cmd: MAP LOAD FILE="C:/Users/Matt/Desktop/CIU_Final_CarnEvil_4.19.2/CIU_CarnEvil_Final/Content/_Scenes/IntroScene.umap" TEMPLATE=0 SHOWPROGRESS=1 FEATURELEVEL=3
[2018.09.08-02.50.10:467][  0]LightingResults: New page: Lighting Build
[2018.09.08-02.50.10:468][  0]MapCheck: New page: Map Check
[2018.09.08-02.50.10:469][  0]LightingResults: New page: Lighting Build
[2018.09.08-02.50.10:551][  0]LogUObjectGlobals: Created PersistentFrame Addr=0x0000017ecb7cadb8, Size=24, Default__RightHand_AnimBP_C Function /Game/VirtualReality/Mannequin/Animations/RightHand_AnimBP.RightHand_AnimBP_C:ExecuteUbergraph_RightHand_AnimBP
[2018.09.08-02.50.10:553][  0]LogUObjectGlobals: Destroyed PersistentFrame Addr=0x0000017ecb7cadb8, Size=24
[2018.09.08-02.50.10:553][  0]LogUObjectGlobals: Created PersistentFrame Addr=0x0000017ecb7cadb8, Size=24, Default__RightHand_AnimBP_C Function /Engine/Transient.REINST_RightHand_AnimBP_C_0:ExecuteUbergraph_RightHand_AnimBP
[2018.09.08-02.50.10:555][  0]LogUObjectGlobals: Created PersistentFrame Addr=0x0000017ecb7ca080, Size=24, Default__RightHand_AnimBP_C Function /Game/VirtualReality/Mannequin/Animations/RightHand_AnimBP.RightHand_AnimBP_C:ExecuteUbergraph_RightHand_AnimBP
[2018.09.08-02.50.10:585][  0]LogUObjectGlobals: Created PersistentFrame Addr=0x0000017ecb6db000, Size=968, Default__BP_MotionController_C Function /Game/VirtualRealityBP/Blueprints/BP_MotionController.BP_MotionController_C:ExecuteUbergraph_BP_MotionController
[2018.09.08-02.50.10:607][  0]LogUObjectGlobals: Destroyed PersistentFrame Addr=0x0000017ecb6db000, Size=968
[2018.09.08-02.50.10:607][  0]LogUObjectGlobals: Created PersistentFrame Addr=0x0000017ecb6db000, Size=968, Default__BP_MotionController_C Function /Engine/Transient.REINST_BP_MotionController_C_8:ExecuteUbergraph_BP_MotionController
[2018.09.08-02.50.10:626][  0]LogUObjectGlobals: Created PersistentFrame Addr=0x0000017ecb6d9000, Size=968, Default__BP_MotionController_C Function /Game/VirtualRealityBP/Blueprints/BP_MotionController.BP_MotionController_C:ExecuteUbergraph_BP_MotionController
[2018.09.08-02.50.10:631][  0]LogUObjectGlobals: Created PersistentFrame Addr=0x0000017eceb9b100, Size=752, Default__MotionControllerPawn_C Function /Game/VirtualRealityBP/Blueprints/MotionControllerPawn.MotionControllerPawn_C:ExecuteUbergraph_MotionControllerPawn
[2018.09.08-02.50.10:641][  0]LogUObjectGlobals: Destroyed PersistentFrame Addr=0x0000017eceb9b100, Size=752
[2018.09.08-02.50.10:641][  0]LogUObjectGlobals: Created PersistentFrame Addr=0x0000017ecebe5f00, Size=752, Default__MotionControllerPawn_C Function /Engine/Transient.REINST_MotionControllerPawn_C_10:ExecuteUbergraph_MotionControllerPawn
[2018.09.08-02.50.10:649][  0]LogUObjectGlobals: Created PersistentFrame Addr=0x0000017ecebe4400, Size=752, Default__MotionControllerPawn_C Function /Game/VirtualRealityBP/Blueprints/MotionControllerPawn.MotionControllerPawn_C:ExecuteUbergraph_MotionControllerPawn
[2018.09.08-02.50.11:081][  0]LogSkeletalMesh: Skeletal Mesh found in DDC [1.696771ms] /Game/VirtualReality/Mannequin/Character/Mesh/MannequinHand_Right.MannequinHand_Right
[2018.09.08-02.50.11:349][  0]LogAIModule: Creating AISystem for world IntroScene
[2018.09.08-02.50.11:358][  0]LogEditorServer: Finished looking for orphan Actors (0.000 secs)
[2018.09.08-02.50.11:368][  0]LogUObjectGlobals: Destroyed PersistentFrame Addr=0x0000017ecb7cadb8, Size=24
[2018.09.08-02.50.11:368][  0]LogUObjectGlobals: Destroyed PersistentFrame Addr=0x0000017ecb6db000, Size=968
[2018.09.08-02.50.11:369][  0]LogUObjectGlobals: Destroyed PersistentFrame Addr=0x0000017ecebe5f00, Size=752
[2018.09.08-02.50.11:536][  0]Cmd: MAP CHECKDEP NOCLEARLOG
[2018.09.08-02.50.11:568][  0]MapCheck: Map check complete: 0 Error(s), 0 Warning(s), took 33.393ms to complete.
[2018.09.08-02.50.11:568][  0]LogFileHelpers: Loading map 'IntroScene' took 1.102
[2018.09.08-02.50.11:674][  0]LogCollectionManager: Loaded 0 collections in 0.000751 seconds
[2018.09.08-02.50.11:711][  0]LogFileCache: Scanning file cache for directory 'C:/Users/Matt/Desktop/CIU_Final_CarnEvil_4.19.2/CIU_CarnEvil_Final/Saved/Collections/' took 0.01s
[2018.09.08-02.50.11:711][  0]LogFileCache: Scanning file cache for directory 'C:/Users/Matt/Desktop/CIU_Final_CarnEvil_4.19.2/CIU_CarnEvil_Final/Content/Developers/Matt/Collections/' took 0.01s
[2018.09.08-02.50.11:711][  0]LogFileCache: Scanning file cache for directory 'C:/Users/Matt/Desktop/CIU_Final_CarnEvil_4.19.2/CIU_CarnEvil_Final/Content/Collections/' took 0.01s
[2018.09.08-02.50.11:711][  0]LogCollectionManager: Rebuilt the GUID cache for 0 collections in 0.000000 seconds
[2018.09.08-02.50.11:719][  0]LogContentBrowser: Native class hierarchy populated in 0.0076 seconds. Added 2452 classes and 558 folders.
[2018.09.08-02.50.11:724][  0]LogContentBrowser: Native class hierarchy updated for 'WidgetCarousel' in 0.0002 seconds. Added 0 classes and 0 folders.
[2018.09.08-02.50.11:752][  0]LogContentBrowser: Native class hierarchy updated for 'AddContentDialog' in 0.0002 seconds. Added 0 classes and 0 folders.
[2018.09.08-02.50.11:756][  0]LogContentBrowser: Native class hierarchy updated for 'SceneOutliner' in 0.0002 seconds. Added 1 classes and 2 folders.
[2018.09.08-02.50.11:838][  0]LogContentBrowser: Native class hierarchy updated for 'HierarchicalLODOutliner' in 0.0002 seconds. Added 0 classes and 0 folders.
[2018.09.08-02.50.11:838][  0]LogLoad: (Engine Initialization) Total time: 13.87 seconds
[2018.09.08-02.50.11:838][  0]LogLoad: (Engine Initialization) Total Blueprint compile time: 0.00 seconds
[2018.09.08-02.50.12:197][  0]LogContentStreaming: Texture pool size now 3000 MB
[2018.09.08-02.50.12:198][  0]LogSlate: Took 0.000220 seconds to synchronously load lazily loaded font '../../../Engine/Content/Slate/Fonts/Roboto-Regular.ttf' (155K)
[2018.09.08-02.50.12:200][  0]LogSlate: Took 0.000143 seconds to synchronously load lazily loaded font '../../../Engine/Content/Slate/Fonts/Roboto-Bold.ttf' (160K)
[2018.09.08-02.50.12:204][  0]LogSlate: Took 0.000137 seconds to synchronously load lazily loaded font '../../../Engine/Content/Editor/Slate/Fonts/FontAwesome.ttf' (139K)
[2018.09.08-02.50.12:295][  0]LogSlate: Took 0.000171 seconds to synchronously load lazily loaded font '../../../Engine/Content/Slate/Fonts/Roboto-Light.ttf' (167K)
[2018.09.08-02.50.12:528][  1]LogRenderer: Reallocating scene render targets to support 936x552 Format 10 NumSamples 1 (Frame:1).
[2018.09.08-02.50.12:528][  1]LogAssetRegistry: Asset discovery search completed in 10.6488 seconds
[2018.09.08-02.50.12:531][  1]LogCollectionManager: Rebuilt the object cache for 0 collections in 0.000000 seconds (found 0 objects)
[2018.09.08-02.50.12:531][  1]LogCollectionManager: Fixed up redirectors for 0 collections in 0.000070 seconds (updated 0 objects)
[2018.09.08-02.50.16:962][328]LogEditorViewport: Clicking on Actor (LMB): PaperSpriteActor (ParahnaV2_Sprite)
[2018.09.08-02.50.18:558][512]LogSlate: FSceneViewport::OnFocusLost() reason 0
[2018.09.08-02.50.35:853][282]LogSlate: Took 0.000158 seconds to synchronously load lazily loaded font '../../../Engine/Content/Slate/Fonts/Roboto-Light.ttf' (167K)
[2018.09.08-02.50.35:867][282]LogFactory: FactoryCreateFile: Texture with ReimportTextureFactory (0 0 F:/_CIU/_Original Assets/IntroTicketBooth/Parahna/ParahnaV3.png)
[2018.09.08-02.50.36:077][282]LogTexture: Display: Building textures: ParahnaV3 (BGRA8, 3666X1912)
[2018.09.08-02.50.42:477][963]Cmd: DELETE
[2018.09.08-02.50.42:477][963]Cmd: ACTOR DELETE
[2018.09.08-02.50.42:479][963]LogEditorActor: Actor ParahnaV2_Sprite is referenced by MatineeActor_Parahna.
[2018.09.08-02.50.44:242][963]LogSlate: Window 'Message' being destroyed
[2018.09.08-02.50.44:246][963]LogEditorActor: Deleted Actor: PaperSpriteActor
[2018.09.08-02.50.44:253][963]LogEditorActor: Deleted 1 Actors (1.777 secs)
[2018.09.08-02.50.46:869][266]LogEditorViewport: Clicking on Actor (LMB): MatineeActor (MatineeActor_Parahna)
[2018.09.08-02.50.48:051][404]LogSlate: FSceneViewport::OnFocusLost() reason 0
[2018.09.08-02.50.49:791][414]LogSlate: Window 'Convert Matinee to Level Sequence Asset' being destroyed
[2018.09.08-02.50.49:797][414]LogContentBrowser: Native class hierarchy updated for 'Matinee' in 0.0003 seconds. Added 15 classes and 2 folders.
[2018.09.08-02.50.49:800][414]LogInit: Transaction tracking system initialized
[2018.09.08-02.50.49:800][414]EditorErrors: New page: Matinee Initialization
[2018.09.08-02.50.53:337][818]LogSlate: FSceneViewport::OnFocusLost() reason 2
[2018.09.08-02.50.57:615][330]LogSlate: FSceneViewport::OnFocusLost() reason 0
[2018.09.08-02.50.58:193][379]LogSlate: Window 'MatineeActor_Parahna*' being destroyed
[2018.09.08-02.51.08:100][521]LogSlate: FSceneViewport::OnFocusLost() reason 0
[2018.09.08-02.51.27:943][774]LogSlate: FSceneViewport::OnFocusLost() reason 0
[2018.09.08-02.51.29:012][902]EditorErrors: New page: Actor attachment
[2018.09.08-02.51.54:115][865]LogSlate: FSceneViewport::OnFocusLost() reason 0
[2018.09.08-02.52.06:604][356]LogSlate: FSceneViewport::OnFocusLost() reason 0
[2018.09.08-02.52.13:451][170]LogSlate: FSceneViewport::OnFocusLost() reason 0
[2018.09.08-02.52.28:096][918]LogSlate: FSceneViewport::OnFocusLost() reason 0
[2018.09.08-02.52.32:548][452]LogSlate: FSceneViewport::OnFocusLost() reason 0
[2018.09.08-02.52.46:270][ 67]LogSlate: FSceneViewport::OnFocusLost() reason 0
[2018.09.08-02.52.53:241][898]LogSlate: FSceneViewport::OnFocusLost() reason 0
[2018.09.08-02.53.05:895][403]LogSlate: FSceneViewport::OnFocusLost() reason 0
[2018.09.08-02.53.28:735][129]LogSlate: FSceneViewport::OnFocusLost() reason 0
[2018.09.08-02.53.48:600][502]LogSlate: FSceneViewport::OnFocusLost() reason 0
[2018.09.08-02.53.48:667][510]LogTemp: Repeating last play command: Simulate
[2018.09.08-02.53.50:124][510]LogSlate: Window 'Message' being destroyed
[2018.09.08-02.53.50:227][510]LogBlueprintUserMessages: Early PlayInEditor Detection: Level '/Game/_Scenes/IntroScene.IntroScene:PersistentLevel' has LevelScriptBlueprint '/Game/_Scenes/IntroScene.IntroScene:PersistentLevel.IntroScene' with GeneratedClass '/Game/_Scenes/IntroScene.IntroScene_C' with ClassGeneratedBy '/Game/_Scenes/IntroScene.IntroScene:PersistentLevel.IntroScene'
[2018.09.08-02.53.50:227][510]LogPlayLevel: PlayLevel: No blueprints needed recompiling
[2018.09.08-02.53.50:228][510]PIE: New page: SIE session: IntroScene (8 Sep 2018 22:53:50)
[2018.09.08-02.53.50:228][510]LogPlayLevel: Creating play world package: /Game/_Scenes/UEDPIE_0_IntroScene
[2018.09.08-02.53.50:234][510]LogPlayLevel: PIE: StaticDuplicateObject took: (0.005809s)
[2018.09.08-02.53.50:234][510]LogAIModule: Creating AISystem for world IntroScene
[2018.09.08-02.53.50:234][510]LogPlayLevel: PIE: World Init took: (0.000628s)
[2018.09.08-02.53.50:234][510]LogPlayLevel: PIE: Created PIE world by copying editor world from /Game/_Scenes/IntroScene.IntroScene to /Game/_Scenes/UEDPIE_0_IntroScene.IntroScene (0.006602s)
[2018.09.08-02.53.50:242][510]LogExit: Transaction tracking system shut down
[2018.09.08-02.53.50:249][510]LogInit: XAudio2 using 'Headset Earphone (Sennheiser Communication Audio)' : 2 channels at 48 kHz using 16 bits per sample (channel mask 0x3)
[2018.09.08-02.53.50:257][510]LogInit: FAudioDevice initialized.
[2018.09.08-02.53.50:301][510]LogUObjectGlobals: Warning: Failed to find object 'Class None.'
[2018.09.08-02.53.50:301][510]LogLoad: Game class is 'GameModeBase'
[2018.09.08-02.53.50:304][510]LogWorld: Bringing World /Game/_Scenes/UEDPIE_0_IntroScene.IntroScene up for play (max tick rate 0) at 2018.09.08-12.53.50
[2018.09.08-02.53.50:304][510]LogWorld: Bringing up level for play took: 0.002240
[2018.09.08-02.53.50:304][510]LogGameMode: FindPlayerStart: PATHS NOT DEFINED or NO PLAYERSTART with positive rating
[2018.09.08-02.53.50:307][510]LogContentBrowser: Native class hierarchy updated for 'MovieSceneCapture' in 0.0002 seconds. Added 11 classes and 0 folders.
[2018.09.08-02.53.50:309][510]PIE: Play in editor start time for /Game/_Scenes/UEDPIE_0_IntroScene 2.521
[2018.09.08-02.53.50:327][510]LogBlueprintUserMessages: Late PlayInEditor Detection: Level '/Game/_Scenes/IntroScene.IntroScene:PersistentLevel' has LevelScriptBlueprint '/Game/_Scenes/IntroScene.IntroScene:PersistentLevel.IntroScene' with GeneratedClass '/Game/_Scenes/IntroScene.IntroScene_C' with ClassGeneratedBy '/Game/_Scenes/IntroScene.IntroScene:PersistentLevel.IntroScene'
[2018.09.08-02.53.56:655][195]LogSlate: FSceneViewport::OnFocusLost() reason 0
[2018.09.08-02.53.56:747][206]LogBlueprintUserMessages: Early EndPlayMap Detection: Level '/Game/_Scenes/IntroScene.IntroScene:PersistentLevel' has LevelScriptBlueprint '/Game/_Scenes/IntroScene.IntroScene:PersistentLevel.IntroScene' with GeneratedClass '/Game/_Scenes/IntroScene.IntroScene_C' with ClassGeneratedBy '/Game/_Scenes/IntroScene.IntroScene:PersistentLevel.IntroScene'
[2018.09.08-02.53.56:776][206]LogBlueprintUserMessages: Late EndPlayMap Detection: Level '/Game/_Scenes/IntroScene.IntroScene:PersistentLevel' has LevelScriptBlueprint '/Game/_Scenes/IntroScene.IntroScene:PersistentLevel.IntroScene' with GeneratedClass '/Game/_Scenes/IntroScene.IntroScene_C' with ClassGeneratedBy '/Game/_Scenes/IntroScene.IntroScene:PersistentLevel.IntroScene'
[2018.09.08-02.53.57:185][252]LogTemp: Repeating last play command: Simulate
[2018.09.08-02.53.57:201][252]LogBlueprintUserMessages: Early PlayInEditor Detection: Level '/Game/_Scenes/IntroScene.IntroScene:PersistentLevel' has LevelScriptBlueprint '/Game/_Scenes/IntroScene.IntroScene:PersistentLevel.IntroScene' with GeneratedClass '/Game/_Scenes/IntroScene.IntroScene_C' with ClassGeneratedBy '/Game/_Scenes/IntroScene.IntroScene:PersistentLevel.IntroScene'
[2018.09.08-02.53.57:201][252]LogPlayLevel: PlayLevel: No blueprints needed recompiling
[2018.09.08-02.53.57:201][252]PIE: New page: SIE session: IntroScene (8 Sep 2018 22:53:57)
[2018.09.08-02.53.57:201][252]LogPlayLevel: Creating play world package: /Game/_Scenes/UEDPIE_0_IntroScene
[2018.09.08-02.53.57:206][252]LogPlayLevel: PIE: StaticDuplicateObject took: (0.005189s)
[2018.09.08-02.53.57:207][252]LogAIModule: Creating AISystem for world IntroScene
[2018.09.08-02.53.57:207][252]LogPlayLevel: PIE: World Init took: (0.000622s)
[2018.09.08-02.53.57:207][252]LogPlayLevel: PIE: Created PIE world by copying editor world from /Game/_Scenes/IntroScene.IntroScene to /Game/_Scenes/UEDPIE_0_IntroScene.IntroScene (0.005946s)
[2018.09.08-02.53.57:220][252]LogInit: XAudio2 using 'Headset Earphone (Sennheiser Communication Audio)' : 2 channels at 48 kHz using 16 bits per sample (channel mask 0x3)
[2018.09.08-02.53.57:228][252]LogInit: FAudioDevice initialized.
[2018.09.08-02.53.57:259][252]LogUObjectGlobals: Warning: Failed to find object 'Class None.'
[2018.09.08-02.53.57:259][252]LogLoad: Game class is 'GameModeBase'
[2018.09.08-02.53.57:262][252]LogWorld: Bringing World /Game/_Scenes/UEDPIE_0_IntroScene.IntroScene up for play (max tick rate 0) at 2018.09.08-12.53.57
[2018.09.08-02.53.57:262][252]LogWorld: Bringing up level for play took: 0.002137
[2018.09.08-02.53.57:262][252]LogGameMode: FindPlayerStart: PATHS NOT DEFINED or NO PLAYERSTART with positive rating
[2018.09.08-02.53.57:264][252]PIE: Play in editor start time for /Game/_Scenes/UEDPIE_0_IntroScene -0.524
[2018.09.08-02.53.57:267][252]LogBlueprintUserMessages: Late PlayInEditor Detection: Level '/Game/_Scenes/IntroScene.IntroScene:PersistentLevel' has LevelScriptBlueprint '/Game/_Scenes/IntroScene.IntroScene:PersistentLevel.IntroScene' with GeneratedClass '/Game/_Scenes/IntroScene.IntroScene_C' with ClassGeneratedBy '/Game/_Scenes/IntroScene.IntroScene:PersistentLevel.IntroScene'
[2018.09.08-02.54.11:152][881]LogSlate: FSceneViewport::OnFocusLost() reason 0
[2018.09.08-02.54.15:441][382]LogSlate: FSceneViewport::OnFocusLost() reason 0
[2018.09.08-02.54.18:863][786]LogBlueprintUserMessages: Early EndPlayMap Detection: Level '/Game/_Scenes/IntroScene.IntroScene:PersistentLevel' has LevelScriptBlueprint '/Game/_Scenes/IntroScene.IntroScene:PersistentLevel.IntroScene' with GeneratedClass '/Game/_Scenes/IntroScene.IntroScene_C' with ClassGeneratedBy '/Game/_Scenes/IntroScene.IntroScene:PersistentLevel.IntroScene'
[2018.09.08-02.54.18:899][786]LogBlueprintUserMessages: Late EndPlayMap Detection: Level '/Game/_Scenes/IntroScene.IntroScene:PersistentLevel' has LevelScriptBlueprint '/Game/_Scenes/IntroScene.IntroScene:PersistentLevel.IntroScene' with GeneratedClass '/Game/_Scenes/IntroScene.IntroScene_C' with ClassGeneratedBy '/Game/_Scenes/IntroScene.IntroScene:PersistentLevel.IntroScene'
[2018.09.08-02.54.24:012][208]LogSlate: Window 'Convert Matinee to Level Sequence Asset' being destroyed
[2018.09.08-02.54.24:014][208]LogInit: Transaction tracking system initialized
[2018.09.08-02.54.24:014][208]EditorErrors: New page: Matinee Initialization
[2018.09.08-02.54.28:960][763]LogSlate: FSceneViewport::OnFocusLost() reason 0
[2018.09.08-02.54.29:727][834]LogSlate: Window 'MatineeActor_Parahna*' being destroyed
[2018.09.08-02.55.01:932][669]LogSlate: FSceneViewport::OnFocusLost() reason 0
[2018.09.08-02.55.09:528][576]LogEditorTransaction: Undo Cut Selected Track or Group
[2018.09.08-02.55.10:282][666]LogEditorTransaction: Undo Paste Selected Keyframe
[2018.09.08-02.55.15:406][277]LogSlate: FSceneViewport::OnFocusLost() reason 0
[2018.09.08-02.55.22:170][ 79]LogSlate: FSceneViewport::OnFocusLost() reason 0
[2018.09.08-02.56.00:343][627]LogTemp: Repeating last play command: Simulate
[2018.09.08-02.56.01:995][627]LogSlate: Window 'Message' being destroyed
[2018.09.08-02.56.02:094][627]LogBlueprintUserMessages: Early PlayInEditor Detection: Level '/Game/_Scenes/IntroScene.IntroScene:PersistentLevel' has LevelScriptBlueprint '/Game/_Scenes/IntroScene.IntroScene:PersistentLevel.IntroScene' with GeneratedClass '/Game/_Scenes/IntroScene.IntroScene_C' with ClassGeneratedBy '/Game/_Scenes/IntroScene.IntroScene:PersistentLevel.IntroScene'
[2018.09.08-02.56.02:094][627]LogPlayLevel: PlayLevel: No blueprints needed recompiling
[2018.09.08-02.56.02:094][627]PIE: New page: SIE session: IntroScene (8 Sep 2018 22:56:02)
[2018.09.08-02.56.02:094][627]LogPlayLevel: Creating play world package: /Game/_Scenes/UEDPIE_0_IntroScene
[2018.09.08-02.56.02:100][627]LogPlayLevel: PIE: StaticDuplicateObject took: (0.005519s)
[2018.09.08-02.56.02:100][627]LogAIModule: Creating AISystem for world IntroScene
[2018.09.08-02.56.02:101][627]LogPlayLevel: PIE: World Init took: (0.000698s)
[2018.09.08-02.56.02:101][627]LogPlayLevel: PIE: Created PIE world by copying editor world from /Game/_Scenes/IntroScene.IntroScene to /Game/_Scenes/UEDPIE_0_IntroScene.IntroScene (0.006376s)
[2018.09.08-02.56.02:108][627]LogExit: Transaction tracking system shut down
[2018.09.08-02.56.02:114][627]LogInit: XAudio2 using 'Headset Earphone (Sennheiser Communication Audio)' : 2 channels at 48 kHz using 16 bits per sample (channel mask 0x3)
[2018.09.08-02.56.02:123][627]LogInit: FAudioDevice initialized.
[2018.09.08-02.56.02:158][627]LogUObjectGlobals: Warning: Failed to find object 'Class None.'
[2018.09.08-02.56.02:158][627]LogLoad: Game class is 'GameModeBase'
[2018.09.08-02.56.02:161][627]LogWorld: Bringing World /Game/_Scenes/UEDPIE_0_IntroScene.IntroScene up for play (max tick rate 0) at 2018.09.08-12.56.02
[2018.09.08-02.56.02:161][627]LogWorld: Bringing up level for play took: 0.002102
[2018.09.08-02.56.02:161][627]LogGameMode: FindPlayerStart: PATHS NOT DEFINED or NO PLAYERSTART with positive rating
[2018.09.08-02.56.02:164][627]PIE: Play in editor start time for /Game/_Scenes/UEDPIE_0_IntroScene 2.375
[2018.09.08-02.56.02:171][627]LogBlueprintUserMessages: Late PlayInEditor Detection: Level '/Game/_Scenes/IntroScene.IntroScene:PersistentLevel' has LevelScriptBlueprint '/Game/_Scenes/IntroScene.IntroScene:PersistentLevel.IntroScene' with GeneratedClass '/Game/_Scenes/IntroScene.IntroScene_C' with ClassGeneratedBy '/Game/_Scenes/IntroScene.IntroScene:PersistentLevel.IntroScene'
[2018.09.08-02.56.14:406][ 50]LogSlate: FSceneViewport::OnFocusLost() reason 0
[2018.09.08-02.56.14:491][ 60]LogBlueprintUserMessages: Early EndPlayMap Detection: Level '/Game/_Scenes/IntroScene.IntroScene:PersistentLevel' has LevelScriptBlueprint '/Game/_Scenes/IntroScene.IntroScene:PersistentLevel.IntroScene' with GeneratedClass '/Game/_Scenes/IntroScene.IntroScene_C' with ClassGeneratedBy '/Game/_Scenes/IntroScene.IntroScene:PersistentLevel.IntroScene'
[2018.09.08-02.56.14:525][ 60]LogBlueprintUserMessages: Late EndPlayMap Detection: Level '/Game/_Scenes/IntroScene.IntroScene:PersistentLevel' has LevelScriptBlueprint '/Game/_Scenes/IntroScene.IntroScene:PersistentLevel.IntroScene' with GeneratedClass '/Game/_Scenes/IntroScene.IntroScene_C' with ClassGeneratedBy '/Game/_Scenes/IntroScene.IntroScene:PersistentLevel.IntroScene'
[2018.09.08-02.56.28:499][695]LogSavePackage: Save=105.34ms
[2018.09.08-02.56.28:499][695]LogSavePackage: Moving 'C:/Users/Matt/Desktop/CIU_Final_CarnEvil_4.19.2/CIU_CarnEvil_Final/Saved/IntroScene1992B01F48304BE202A6C9B1D315FF4F.tmp' to 'C:/Users/Matt/Desktop/CIU_Final_CarnEvil_4.19.2/CIU_CarnEvil_Final/Content/_Scenes/IntroScene.umap'
[2018.09.08-02.56.28:501][695]LogSavePackage: Display: Finished SavePackage C:/Users/Matt/Desktop/CIU_Final_CarnEvil_4.19.2/CIU_CarnEvil_Final/Content/_Scenes/IntroScene.umap
[2018.09.08-02.56.28:524][695]LogFileHelpers: Saving map 'IntroScene' took 0.192
[2018.09.08-02.56.28:926][695]LogSavePackage: Save=390.77ms
[2018.09.08-02.56.28:926][695]LogSavePackage: Moving 'C:/Users/Matt/Desktop/CIU_Final_CarnEvil_4.19.2/CIU_CarnEvil_Final/Saved/ParahnaV3BA1FA99341376EF30258908ECA35DC77.tmp' to 'C:/Users/Matt/Desktop/CIU_Final_CarnEvil_4.19.2/CIU_CarnEvil_Final/Content/Sprites_Decals/IntroScene/Parahna/ParahnaV3.uasset'
[2018.09.08-02.56.28:926][695]LogSavePackage: Display: Finished SavePackage C:/Users/Matt/Desktop/CIU_Final_CarnEvil_4.19.2/CIU_CarnEvil_Final/Content/Sprites_Decals/IntroScene/Parahna/ParahnaV3.uasset
[2018.09.08-02.56.28:952][695]LogSavePackage: Save=9.70ms
[2018.09.08-02.56.28:952][695]LogSavePackage: Moving 'C:/Users/Matt/Desktop/CIU_Final_CarnEvil_4.19.2/CIU_CarnEvil_Final/Saved/ParahnaV3_Sprite2AD614AC4EB36CAABE94DC8E745E3089.tmp' to 'C:/Users/Matt/Desktop/CIU_Final_CarnEvil_4.19.2/CIU_CarnEvil_Final/Content/Sprites_Decals/IntroScene/Parahna/ParahnaV3_Sprite.uasset'
[2018.09.08-02.56.28:954][695]LogSavePackage: Display: Finished SavePackage C:/Users/Matt/Desktop/CIU_Final_CarnEvil_4.19.2/CIU_CarnEvil_Final/Content/Sprites_Decals/IntroScene/Parahna/ParahnaV3_Sprite.uasset
[2018.09.08-02.56.31:597][997]Cmd: CLOSE_SLATE_MAINFRAME
[2018.09.08-02.56.31:670][997]LogSlate: Window 'CIU_CarnEvil_Final - Unreal Editor' being destroyed
[2018.09.08-02.56.31:931][998]Cmd: QUIT_EDITOR
[2018.09.08-02.56.32:570][998]LogWindowsTextInputMethodSystem: Display: IME system now deactivated.
[2018.09.08-02.56.32:578][998]LogSlate: Slate User Destroyed.  User Index 0, Is Virtual User: 0
[2018.09.08-02.56.32:578][998]LogExit: Preparing to exit.
[2018.09.08-02.56.33:019][998]LogExit: Editor shut down
[2018.09.08-02.56.33:023][998]LogExit: Transaction tracking system shut down
[2018.09.08-02.56.33:023][998]LogUObjectGlobals: Destroyed PersistentFrame Addr=0x0000017ecb7ca080, Size=24
[2018.09.08-02.56.33:023][998]LogUObjectGlobals: Destroyed PersistentFrame Addr=0x0000017ecb6d9000, Size=968
[2018.09.08-02.56.33:026][998]LogUObjectGlobals: Destroyed PersistentFrame Addr=0x0000017ecebe4400, Size=752
[2018.09.08-02.56.33:124][998]LogDirectoryWatcher: A directory notification for '../../../Engine/Content/' was aborted.
[2018.09.08-02.56.33:124][998]LogDirectoryWatcher: A directory notification for 'C:/Users/Matt/Desktop/CIU_Final_CarnEvil_4.19.2/CIU_CarnEvil_Final/Content/' was aborted.
[2018.09.08-02.56.33:124][998]LogDirectoryWatcher: A directory notification for '../../Plugins/2D/Paper2D/Content/' was aborted.
[2018.09.08-02.56.33:124][998]LogDirectoryWatcher: A directory notification for '../../Plugins/Enterprise/DatasmithContent/Content/' was aborted.
[2018.09.08-02.56.33:124][998]LogDirectoryWatcher: A directory notification for '../../Plugins/Media/MediaCompositing/Content/' was aborted.
[2018.09.08-02.56.33:124][998]LogDirectoryWatcher: A directory notification for '../../Plugins/Runtime/AppleARKit/Content/' was aborted.
[2018.09.08-02.56.33:125][998]LogDirectoryWatcher: A directory notification for '../../Plugins/Runtime/Oculus/OculusVR/Content/' was aborted.
[2018.09.08-02.56.33:125][998]LogDirectoryWatcher: A directory notification for '../../Plugins/Runtime/Steam/SteamVR/Content/' was aborted.
[2018.09.08-02.56.33:226][998]LogExit: Object subsystem successfully closed.
[2018.09.08-02.56.33:272][998]LogShaderCompilers: Display: Shaders left to compile 0
[2018.09.08-02.56.33:277][998]LogD3D11RHI: Shutdown
[2018.09.08-02.56.33:277][998]LogD3D11RHI: CleanupD3DDevice
[2018.09.08-02.56.33:280][998]LogD3D11RHI: ~FD3D11DynamicRHI
[2018.09.08-02.56.33:287][998]LogModuleManager: Shutting down and abandoning module MovieSceneCapture (580)
[2018.09.08-02.56.33:287][998]LogModuleManager: Shutting down and abandoning module DistCurveEditor (578)
[2018.09.08-02.56.33:287][998]LogModuleManager: Shutting down and abandoning module Matinee (576)
[2018.09.08-02.56.33:287][998]LogModuleManager: Shutting down and abandoning module HierarchicalLODOutliner (574)
[2018.09.08-02.56.33:287][998]LogModuleManager: Shutting down and abandoning module SceneOutliner (572)
[2018.09.08-02.56.33:287][998]LogModuleManager: Shutting down and abandoning module AddContentDialog (570)
[2018.09.08-02.56.33:287][998]LogDirectoryWatcher: A directory notification for 'D:/Game Engines/Epic Games/UE_4.19/FeaturePacks/' was aborted.
[2018.09.08-02.56.33:288][998]LogDirectoryWatcher: A directory notification for 'D:/Game Engines/Epic Games/UE_4.19/Enterprise/FeaturePacks/' was aborted.
[2018.09.08-02.56.33:288][998]LogModuleManager: Shutting down and abandoning module WidgetCarousel (569)
[2018.09.08-02.56.33:288][998]LogModuleManager: Shutting down and abandoning module EditorWidgets (566)
[2018.09.08-02.56.33:288][998]LogModuleManager: Shutting down and abandoning module CollectionManager (564)
[2018.09.08-02.56.33:288][998]LogDirectoryWatcher: A directory notification for 'C:/Users/Matt/Desktop/CIU_Final_CarnEvil_4.19.2/CIU_CarnEvil_Final/Content/Collections/' was aborted.
[2018.09.08-02.56.33:288][998]LogDirectoryWatcher: A directory notification for 'C:/Users/Matt/Desktop/CIU_Final_CarnEvil_4.19.2/CIU_CarnEvil_Final/Content/Developers/Matt/Collections/' was aborted.
[2018.09.08-02.56.33:288][998]LogDirectoryWatcher: A directory notification for 'C:/Users/Matt/Desktop/CIU_Final_CarnEvil_4.19.2/CIU_CarnEvil_Final/Saved/Collections/' was aborted.
[2018.09.08-02.56.33:289][998]LogModuleManager: Shutting down and abandoning module StatsViewer (562)
[2018.09.08-02.56.33:289][998]LogModuleManager: Shutting down and abandoning module FoliageEdit (560)
[2018.09.08-02.56.33:289][998]LogModuleManager: Shutting down and abandoning module LandscapeEditor (558)
[2018.09.08-02.56.33:289][998]LogModuleManager: Shutting down and abandoning module MeshPaintMode (556)
[2018.09.08-02.56.33:289][998]LogModuleManager: Shutting down and abandoning module SceneDepthPickerMode (554)
[2018.09.08-02.56.33:289][998]LogModuleManager: Shutting down and abandoning module ActorPickerMode (552)
[2018.09.08-02.56.33:289][998]LogModuleManager: Shutting down and abandoning module GeometryMode (550)
[2018.09.08-02.56.33:289][998]LogModuleManager: Shutting down and abandoning module TextureAlignMode (548)
[2018.09.08-02.56.33:289][998]LogModuleManager: Shutting down and abandoning module BspMode (546)
[2018.09.08-02.56.33:289][998]LogModuleManager: Shutting down and abandoning module PIEPreviewDeviceProfileSelector (544)
[2018.09.08-02.56.33:289][998]LogModuleManager: Shutting down and abandoning module HardwareSurvey (542)
[2018.09.08-02.56.33:289][998]LogModuleManager: Shutting down and abandoning module SequenceRecorderSections (540)
[2018.09.08-02.56.33:289][998]LogModuleManager: Shutting down and abandoning module AutomationWorker (538)
[2018.09.08-02.56.33:289][998]LogModuleManager: Shutting down and abandoning module AudioCaptureEditor (536)
[2018.09.08-02.56.33:289][998]LogModuleManager: Shutting down and abandoning module SequenceRecorder (535)
[2018.09.08-02.56.33:289][998]LogModuleManager: Shutting down and abandoning module MatineeToLevelSequence (532)
[2018.09.08-02.56.33:289][998]LogModuleManager: Shutting down and abandoning module LevelSequenceEditor (530)
[2018.09.08-02.56.33:289][998]LogModuleManager: Shutting down and abandoning module PlacementMode (529)
[2018.09.08-02.56.33:289][998]LogModuleManager: Shutting down and abandoning module MaterialEditor (528)
[2018.09.08-02.56.33:289][998]LogModuleManager: Shutting down and abandoning module WmfMediaFactory (524)
[2018.09.08-02.56.33:289][998]LogModuleManager: Shutting down and abandoning module WmfMediaEditor (522)
[2018.09.08-02.56.33:289][998]LogModuleManager: Shutting down and abandoning module MediaPlayerEditor (520)
[2018.09.08-02.56.33:289][998]LogModuleManager: Shutting down and abandoning module OpenExrWrapper (518)
[2018.09.08-02.56.33:289][998]LogModuleManager: Shutting down and abandoning module ImgMediaFactory (516)
[2018.09.08-02.56.33:289][998]LogModuleManager: Shutting down and abandoning module ImgMediaEditor (514)
[2018.09.08-02.56.33:289][998]LogModuleManager: Shutting down and abandoning module AvfMediaFactory (512)
[2018.09.08-02.56.33:289][998]LogModuleManager: Shutting down and abandoning module AvfMediaEditor (510)
[2018.09.08-02.56.33:289][998]LogModuleManager: Shutting down and abandoning module AndroidMediaFactory (508)
[2018.09.08-02.56.33:289][998]LogModuleManager: Shutting down and abandoning module AndroidMediaEditor (506)
[2018.09.08-02.56.33:289][998]LogModuleManager: Shutting down and abandoning module CharacterAI (504)
[2018.09.08-02.56.33:289][998]LogModuleManager: Shutting down and abandoning module SmartSnapping (502)
[2018.09.08-02.56.33:289][998]LogModuleManager: Shutting down and abandoning module SessionServices (500)
[2018.09.08-02.56.33:289][998]LogModuleManager: Shutting down and abandoning module ViewportSnapping (498)
[2018.09.08-02.56.33:289][998]LogModuleManager: Shutting down and abandoning module ViewportInteraction (496)
[2018.09.08-02.56.33:289][998]LogModuleManager: Shutting down and abandoning module ClothPainter (494)
[2018.09.08-02.56.33:289][998]LogModuleManager: Shutting down and abandoning module SkeletalMeshEditor (493)
[2018.09.08-02.56.33:289][998]LogModuleManager: Shutting down and abandoning module LogVisualizer (490)
[2018.09.08-02.56.33:289][998]LogModuleManager: Shutting down and abandoning module IntroTutorials (488)
[2018.09.08-02.56.33:289][998]LogModuleManager: Shutting down and abandoning module GameProjectGeneration (487)
[2018.09.08-02.56.33:289][998]LogModuleManager: Shutting down and abandoning module IOSPlatformEditor (484)
[2018.09.08-02.56.33:290][998]LogModuleManager: Shutting down and abandoning module HTML5PlatformEditor (482)
[2018.09.08-02.56.33:290][998]LogModuleManager: Shutting down and abandoning module AndroidPlatformEditor (480)
[2018.09.08-02.56.33:290][998]LogModuleManager: Shutting down and abandoning module AndroidDeviceDetection (479)
[2018.09.08-02.56.33:327][998]LogModuleManager: Shutting down and abandoning module WindowsPlatformEditor (476)
[2018.09.08-02.56.33:327][998]LogModuleManager: Shutting down and abandoning module IOSRuntimeSettings (474)
[2018.09.08-02.56.33:327][998]LogModuleManager: Shutting down and abandoning module AndroidRuntimeSettings (472)
[2018.09.08-02.56.33:327][998]LogModuleManager: Shutting down and abandoning module InputBindingEditor (470)
[2018.09.08-02.56.33:327][998]LogModuleManager: Shutting down and abandoning module MergeActors (468)
[2018.09.08-02.56.33:327][998]LogModuleManager: Shutting down and abandoning module LocalizationDashboard (466)
[2018.09.08-02.56.33:327][998]LogModuleManager: Shutting down and abandoning module LocalizationService (465)
[2018.09.08-02.56.33:327][998]LogModuleManager: Shutting down and abandoning module HardwareTargeting (462)
[2018.09.08-02.56.33:327][998]LogModuleManager: Shutting down and abandoning module DeviceProfileEditor (460)
[2018.09.08-02.56.33:327][998]LogModuleManager: Shutting down and abandoning module UndoHistory (458)
[2018.09.08-02.56.33:327][998]LogModuleManager: Shutting down and abandoning module XmlParser (456)
[2018.09.08-02.56.33:327][998]LogModuleManager: Shutting down and abandoning module Blutility (454)
[2018.09.08-02.56.33:327][998]LogModuleManager: Shutting down and abandoning module ProjectSettingsViewer (452)
[2018.09.08-02.56.33:327][998]LogModuleManager: Shutting down and abandoning module ProjectTargetPlatformEditor (451)
[2018.09.08-02.56.33:328][998]LogModuleManager: Shutting down and abandoning module EditorSettingsViewer (448)
[2018.09.08-02.56.33:328][998]LogModuleManager: Shutting down and abandoning module SettingsEditor (446)
[2018.09.08-02.56.33:328][998]LogModuleManager: Shutting down and abandoning module ProjectLauncher (444)
[2018.09.08-02.56.33:328][998]LogModuleManager: Shutting down and abandoning module SessionFrontend (442)
[2018.09.08-02.56.33:328][998]LogModuleManager: Shutting down and abandoning module ProfilerClient (440)
[2018.09.08-02.56.33:328][998]LogModuleManager: Shutting down and abandoning module DeviceManager (438)
[2018.09.08-02.56.33:328][998]LogModuleManager: Shutting down and abandoning module TargetDeviceServices (437)
[2018.09.08-02.56.33:394][998]LogModuleManager: Shutting down and abandoning module AutomationController (434)
[2018.09.08-02.56.33:394][998]LogModuleManager: Shutting down and abandoning module AutomationWindow (432)
[2018.09.08-02.56.33:394][998]LogModuleManager: Shutting down and abandoning module Layers (430)
[2018.09.08-02.56.33:394][998]LogModuleManager: Shutting down and abandoning module ComponentVisualizers (428)
[2018.09.08-02.56.33:394][998]LogModuleManager: Shutting down and abandoning module DetailCustomizations (426)
[2018.09.08-02.56.33:394][998]LogModuleManager: Shutting down and abandoning module PackagesDialog (424)
[2018.09.08-02.56.33:394][998]LogModuleManager: Shutting down and abandoning module Persona (422)
[2018.09.08-02.56.33:394][998]LogModuleManager: Shutting down and abandoning module AdvancedPreviewScene (421)
[2018.09.08-02.56.33:394][998]LogModuleManager: Shutting down and abandoning module AnimGraph (419)
[2018.09.08-02.56.33:394][998]LogModuleManager: Shutting down and abandoning module Kismet (416)
[2018.09.08-02.56.33:395][998]LogModuleManager: Shutting down and abandoning module GraphEditor (414)
[2018.09.08-02.56.33:395][998]LogModuleManager: Shutting down and abandoning module ClassViewer (412)
[2018.09.08-02.56.33:395][998]LogModuleManager: Shutting down and abandoning module Toolbox (410)
[2018.09.08-02.56.33:395][998]LogModuleManager: Shutting down and abandoning module ModuleUI (408)
[2018.09.08-02.56.33:395][998]LogModuleManager: Shutting down and abandoning module MovieSceneTools (406)
[2018.09.08-02.56.33:395][998]LogModuleManager: Shutting down and abandoning module OutputLog (404)
[2018.09.08-02.56.33:395][998]LogModuleManager: Shutting down and abandoning module GammaUI (402)
[2018.09.08-02.56.33:395][998]LogModuleManager: Shutting down and abandoning module Documentation (400)
[2018.09.08-02.56.33:395][998]LogModuleManager: Shutting down and abandoning module MovieSceneTracks (398)
[2018.09.08-02.56.33:395][998]LogModuleManager: Shutting down and abandoning module MovieScene (396)
[2018.09.08-02.56.33:395][998]LogModuleManager: Shutting down and abandoning module StreamingPauseRendering (394)
[2018.09.08-02.56.33:395][998]LogModuleManager: Shutting down and abandoning module LauncherPlatform (392)
[2018.09.08-02.56.33:395][998]LogModuleManager: Shutting down and abandoning module AnalyticsET (390)
[2018.09.08-02.56.33:395][998]LogModuleManager: Shutting down and abandoning module PortalServices (388)
[2018.09.08-02.56.33:395][998]LogModuleManager: Shutting down and abandoning module PortalRpc (386)
[2018.09.08-02.56.33:395][998]LogModuleManager: Shutting down and abandoning module MessagingRpc (384)
[2018.09.08-02.56.33:395][998]LogModuleManager: Shutting down and abandoning module AIModule (382)
[2018.09.08-02.56.33:395][998]LogModuleManager: Shutting down and abandoning module GameplayDebugger (381)
[2018.09.08-02.56.33:395][998]LogModuleManager: Shutting down and abandoning module AITestSuite (379)
[2018.09.08-02.56.33:395][998]LogModuleManager: Shutting down and abandoning module DesktopPlatform (376)
[2018.09.08-02.56.33:395][998]LogModuleManager: Shutting down and abandoning module ProfilerService (374)
[2018.09.08-02.56.33:564][998]LogModuleManager: Shutting down and abandoning module TaskGraph (372)
[2018.09.08-02.56.33:564][998]LogModuleManager: Shutting down and abandoning module SteamVRController (370)
[2018.09.08-02.56.33:564][998]LogModuleManager: Shutting down and abandoning module ProceduralMeshComponentEditor (368)
[2018.09.08-02.56.33:564][998]LogModuleManager: Shutting down and abandoning module ProceduralMeshComponent (366)
[2018.09.08-02.56.33:564][998]LogModuleManager: Shutting down and abandoning module OculusInput (364)
[2018.09.08-02.56.33:564][998]LogModuleManager: Shutting down and abandoning module MobilePatchingUtils (362)
[2018.09.08-02.56.33:564][998]LogModuleManager: Shutting down and abandoning module CustomMeshComponent (360)
[2018.09.08-02.56.33:564][998]LogModuleManager: Shutting down and abandoning module CableComponent (358)
[2018.09.08-02.56.33:564][998]LogModuleManager: Shutting down and abandoning module AudioCapture (356)
[2018.09.08-02.56.33:564][998]LogModuleManager: Shutting down and abandoning module ArchVisCharacter (354)
[2018.09.08-02.56.33:564][998]LogModuleManager: Shutting down and abandoning module AndroidPermission (352)
[2018.09.08-02.56.33:564][998]LogModuleManager: Shutting down and abandoning module NUTUnrealEngine4 (348)
[2018.09.08-02.56.33:565][998]LogModuleManager: Shutting down and abandoning module NetcodeUnitTest (346)
[2018.09.08-02.56.33:565][998]LogModuleManager: Shutting down and abandoning module MediaCompositingEditor (344)
[2018.09.08-02.56.33:565][998]LogModuleManager: Shutting down and abandoning module MediaCompositing (342)
[2018.09.08-02.56.33:565][998]LogModuleManager: Shutting down and abandoning module LinearTimecode (340)
[2018.09.08-02.56.33:565][998]LogModuleManager: Shutting down and abandoning module ImgMedia (338)
[2018.09.08-02.56.33:568][998]LogModuleManager: Shutting down and abandoning module HTML5Networking (336)
[2018.09.08-02.56.33:568][998]LogModuleManager: Shutting down and abandoning module AlembicImporter (334)
[2018.09.08-02.56.33:568][998]LogModuleManager: Shutting down and abandoning module AlembicLibrary (333)
[2018.09.08-02.56.33:568][998]LogModuleManager: Shutting down and abandoning module GeometryCache (332)
[2018.09.08-02.56.33:568][998]LogModuleManager: Shutting down and abandoning module GeometryCacheEd (331)
[2018.09.08-02.56.33:568][998]LogModuleManager: Shutting down and abandoning module DatasmithContent (326)
[2018.09.08-02.56.33:568][998]LogModuleManager: Shutting down and abandoning module SpeedTreeImporter (324)
[2018.09.08-02.56.33:568][998]LogModuleManager: Shutting down and abandoning module PluginBrowser (322)
[2018.09.08-02.56.33:568][998]LogModuleManager: Shutting down and abandoning module MobileLauncherProfileWizard (320)
[2018.09.08-02.56.33:568][998]LogModuleManager: Shutting down and abandoning module CryptoKeysOpenSSL (318)
[2018.09.08-02.56.33:568][998]LogModuleManager: Shutting down and abandoning module CryptoKeys (316)
[2018.09.08-02.56.33:568][998]LogModuleManager: Shutting down and abandoning module VisualStudioSourceCodeAccess (314)
[2018.09.08-02.56.33:568][998]LogModuleManager: Shutting down and abandoning module VisualStudioCodeSourceCodeAccess (312)
[2018.09.08-02.56.33:568][998]LogModuleManager: Shutting down and abandoning module UObjectPlugin (310)
[2018.09.08-02.56.33:568][998]LogModuleManager: Shutting down and abandoning module SubversionSourceControl (308)
[2018.09.08-02.56.33:568][998]LogModuleManager: Shutting down and abandoning module PerforceSourceControl (306)
[2018.09.08-02.56.33:568][998]LogModuleManager: Shutting down and abandoning module GitSourceControl (304)
[2018.09.08-02.56.33:568][998]LogModuleManager: Shutting down and abandoning module SourceControl (303)
[2018.09.08-02.56.33:568][998]LogModuleManager: Shutting down and abandoning module CLionSourceCodeAccess (300)
[2018.09.08-02.56.33:568][998]LogModuleManager: Shutting down and abandoning module LightPropagationVolumeEditor (298)
[2018.09.08-02.56.33:568][998]LogModuleManager: Shutting down and abandoning module PaperTiledImporter (296)
[2018.09.08-02.56.33:568][998]LogModuleManager: Shutting down and abandoning module PaperSpriteSheetImporter (294)
[2018.09.08-02.56.33:568][998]LogModuleManager: Shutting down and abandoning module Paper2DEditor (292)
[2018.09.08-02.56.33:568][998]LogModuleManager: Shutting down and abandoning module MeshPaint (291)
[2018.09.08-02.56.33:568][998]LogModuleManager: Shutting down and abandoning module RuntimePhysXCooking (288)
[2018.09.08-02.56.33:568][998]LogModuleManager: Shutting down and abandoning module PhysXVehiclesEditor (286)
[2018.09.08-02.56.33:568][998]LogModuleManager: Shutting down and abandoning module PhysXVehicles (284)
[2018.09.08-02.56.33:568][998]LogModuleManager: Shutting down and abandoning module OculusEditor (282)
[2018.09.08-02.56.33:568][998]LogModuleManager: Shutting down and abandoning module LocationServicesBPLibrary (280)
[2018.09.08-02.56.33:568][998]LogModuleManager: Shutting down and abandoning module ImmediatePhysicsEditor (278)
[2018.09.08-02.56.33:568][998]LogModuleManager: Shutting down and abandoning module ImmediatePhysics (276)
[2018.09.08-02.56.33:568][998]LogModuleManager: Shutting down and abandoning module ActorSequence (274)
[2018.09.08-02.56.33:568][998]LogModuleManager: Shutting down and abandoning module UdpMessaging (272)
[2018.09.08-02.56.33:670][998]LogModuleManager: Shutting down and abandoning module TcpMessaging (270)
[2018.09.08-02.56.33:959][998]LogModuleManager: Shutting down and abandoning module GameplayTagsEditor (268)
[2018.09.08-02.56.33:960][998]LogModuleManager: Shutting down and abandoning module FacialAnimationEditor (266)
[2018.09.08-02.56.33:960][998]LogModuleManager: Shutting down and abandoning module FacialAnimation (264)
[2018.09.08-02.56.33:960][998]LogModuleManager: Shutting down and abandoning module DataValidation (262)
[2018.09.08-02.56.33:960][998]LogModuleManager: Shutting down and abandoning module AssetManagerEditor (260)
[2018.09.08-02.56.33:960][998]LogModuleManager: Shutting down and abandoning module LevelEditor (259)
[2018.09.08-02.56.33:960][998]LogModuleManager: Shutting down and abandoning module PixelInspectorModule (258)
[2018.09.08-02.56.33:960][998]LogModuleManager: Shutting down and abandoning module CommonMenuExtensions (256)
[2018.09.08-02.56.33:961][998]LogModuleManager: Shutting down and abandoning module MainFrame (254)
[2018.09.08-02.56.33:961][998]LogModuleManager: Shutting down and abandoning module HotReload (253)
[2018.09.08-02.56.33:961][998]LogModuleManager: Shutting down and abandoning module ContentBrowser (249)
[2018.09.08-02.56.33:962][998]LogModuleManager: Shutting down and abandoning module TreeMap (247)
[2018.09.08-02.56.33:962][998]LogModuleManager: Shutting down and abandoning module LightPropagationVolumeRuntime (244)
[2018.09.08-02.56.33:962][998]LogModuleManager: Shutting down and abandoning module LiveLinkEditor (242)
[2018.09.08-02.56.33:962][998]LogModuleManager: Shutting down and abandoning module LiveLink (240)
[2018.09.08-02.56.34:774][998]LogModuleManager: Shutting down and abandoning module Paper2D (238)
[2018.09.08-02.56.34:774][998]LogModuleManager: Shutting down and abandoning module WindowsMoviePlayer (236)
[2018.09.08-02.56.34:774][998]LogModuleManager: Shutting down and abandoning module WmfMedia (234)
[2018.09.08-02.56.34:777][998]LogModuleManager: Shutting down and abandoning module Media (233)
[2018.09.08-02.56.34:783][998]LogModuleManager: Shutting down and abandoning module PacketHandler (230)
[2018.09.08-02.56.34:783][998]LogModuleManager: Shutting down and abandoning module ClothingSystemEditor (228)
[2018.09.08-02.56.34:783][998]LogModuleManager: Shutting down and abandoning module ClothingSystemRuntime (226)
[2018.09.08-02.56.34:783][998]LogModuleManager: Shutting down and abandoning module MediaAssets (224)
[2018.09.08-02.56.34:783][998]LogModuleManager: Shutting down and abandoning module Overlay (222)
[2018.09.08-02.56.34:783][998]LogModuleManager: Shutting down and abandoning module OverlayEditor (221)
[2018.09.08-02.56.34:783][998]LogModuleManager: Shutting down and abandoning module VREditor (218)
[2018.09.08-02.56.34:783][998]LogModuleManager: Shutting down and abandoning module StringTableEditor (216)
[2018.09.08-02.56.34:783][998]LogModuleManager: Shutting down and abandoning module GameplayTasksEditor (214)
[2018.09.08-02.56.34:783][998]LogModuleManager: Shutting down and abandoning module BehaviorTreeEditor (212)
[2018.09.08-02.56.34:783][998]LogModuleManager: Shutting down and abandoning module FunctionalTesting (210)
[2018.09.08-02.56.34:783][998]LogModuleManager: Shutting down and abandoning module CollisionAnalyzer (208)
[2018.09.08-02.56.34:783][998]LogModuleManager: Shutting down and abandoning module WorkspaceMenuStructure (207)
[2018.09.08-02.56.34:783][998]LogModuleManager: Shutting down and abandoning module UMG (204)
[2018.09.08-02.56.34:783][998]LogModuleManager: Shutting down and abandoning module UMGEditor (203)
[2018.09.08-02.56.34:783][998]LogModuleManager: Shutting down and abandoning module Sequencer (202)
[2018.09.08-02.56.34:783][998]LogModuleManager: Shutting down and abandoning module MessageLog (199)
[2018.09.08-02.56.34:783][998]LogModuleManager: Shutting down and abandoning module SlateReflector (194)
[2018.09.08-02.56.34:783][998]LogModuleManager: Shutting down and abandoning module Slate (192)
[2018.09.08-02.56.34:783][998]LogModuleManager: Shutting down and abandoning module EditorStyle (190)
[2018.09.08-02.56.34:785][998]LogModuleManager: Shutting down and abandoning module MRMesh (188)
[2018.09.08-02.56.34:785][998]LogModuleManager: Shutting down and abandoning module SourceCodeAccess (186)
[2018.09.08-02.56.34:785][998]LogModuleManager: Shutting down and abandoning module HeadMountedDisplay (184)
[2018.09.08-02.56.34:785][998]LogModuleManager: Shutting down and abandoning module XAudio2 (182)
[2018.09.08-02.56.34:785][998]LogModuleManager: Shutting down and abandoning module Networking (180)
[2018.09.08-02.56.34:785][998]LogModuleManager: Shutting down and abandoning module Core (178)
[2018.09.08-02.56.34:785][998]LogModuleManager: Shutting down and abandoning module LevelSequence (176)
[2018.09.08-02.56.34:785][998]LogModuleManager: Shutting down and abandoning module KismetCompiler (174)
[2018.09.08-02.56.34:785][998]LogModuleManager: Shutting down and abandoning module MeshUtilities (172)
[2018.09.08-02.56.34:785][998]LogModuleManager: Shutting down and abandoning module MeshMergeUtilities (171)
[2018.09.08-02.56.34:785][998]LogModuleManager: Shutting down and abandoning module MeshReductionInterface (170)
[2018.09.08-02.56.34:785][998]LogModuleManager: Shutting down and abandoning module SimplygonSwarm (169)
[2018.09.08-02.56.34:785][998]LogModuleManager: Shutting down and abandoning module SimplygonMeshReduction (167)
[2018.09.08-02.56.34:785][998]LogModuleManager: Shutting down and abandoning module QuadricMeshReduction (165)
[2018.09.08-02.56.34:785][998]LogModuleManager: Shutting down and abandoning module MaterialBaking (161)
[2018.09.08-02.56.34:785][998]LogModuleManager: Shutting down and abandoning module DirectoryWatcher (157)
[2018.09.08-02.56.34:786][998]LogModuleManager: Shutting down and abandoning module DerivedDataCache (154)
[2018.09.08-02.56.34:867][998]LogDerivedDataCache: Shutdown
[2018.09.08-02.56.34:867][998]LogModuleManager: Shutting down and abandoning module XGEController (152)
[2018.09.08-02.56.34:867][998]LogXGEController: Cleaning working directory: C:/Users/Matt/AppData/Local/Temp/UnrealXGEWorkingDir/
[2018.09.08-02.56.34:868][998]LogModuleManager: Shutting down and abandoning module TargetPlatform (150)
[2018.09.08-02.56.34:868][998]LogModuleManager: Shutting down and abandoning module VulkanShaderFormat (149)
[2018.09.08-02.56.34:868][998]LogModuleManager: Shutting down and abandoning module ShaderFormatVectorVM (147)
[2018.09.08-02.56.34:868][998]LogModuleManager: Shutting down and abandoning module ShaderFormatOpenGL (145)
[2018.09.08-02.56.34:868][998]LogModuleManager: Shutting down and abandoning module ShaderFormatD3D (143)
[2018.09.08-02.56.34:868][998]LogModuleManager: Shutting down and abandoning module MetalShaderFormat (141)
[2018.09.08-02.56.34:868][998]LogModuleManager: Shutting down and abandoning module TextureFormatUncompressed (139)
[2018.09.08-02.56.34:868][998]LogModuleManager: Shutting down and abandoning module TextureFormatPVR (137)
[2018.09.08-02.56.34:868][998]LogModuleManager: Shutting down and abandoning module TextureFormatDXT (135)
[2018.09.08-02.56.34:868][998]LogModuleManager: Shutting down and abandoning module TextureFormatIntelISPCTexComp (133)
[2018.09.08-02.56.34:868][998]LogModuleManager: Shutting down and abandoning module TextureFormatASTC (131)
[2018.09.08-02.56.34:868][998]LogModuleManager: Shutting down and abandoning module ImageWrapper (130)
[2018.09.08-02.56.34:868][998]LogModuleManager: Shutting down and abandoning module TextureFormatAndroid (127)
[2018.09.08-02.56.34:868][998]LogModuleManager: Shutting down and abandoning module AudioFormatOpus (125)
[2018.09.08-02.56.34:868][998]LogModuleManager: Shutting down and abandoning module AudioFormatOgg (123)
[2018.09.08-02.56.34:868][998]LogModuleManager: Shutting down and abandoning module AudioFormatADPCM (121)
[2018.09.08-02.56.34:868][998]LogModuleManager: Shutting down and abandoning module LinuxTargetPlatform (119)
[2018.09.08-02.56.34:868][998]LogModuleManager: Shutting down and abandoning module LinuxServerTargetPlatform (117)
[2018.09.08-02.56.34:868][998]LogModuleManager: Shutting down and abandoning module LinuxNoEditorTargetPlatform (115)
[2018.09.08-02.56.34:868][998]LogModuleManager: Shutting down and abandoning module LinuxClientTargetPlatform (113)
[2018.09.08-02.56.34:868][998]LogModuleManager: Shutting down and abandoning module TVOSTargetPlatform (111)
[2018.09.08-02.56.34:868][998]LogModuleManager: Shutting down and abandoning module Messaging (109)
[2018.09.08-02.56.34:868][998]LogModuleManager: Shutting down and abandoning module IOSTargetPlatform (107)
[2018.09.08-02.56.34:868][998]LogModuleManager: Shutting down and abandoning module HTML5TargetPlatform (105)
[2018.09.08-02.56.34:868][998]LogModuleManager: Shutting down and abandoning module AndroidTargetPlatform (103)
[2018.09.08-02.56.34:868][998]LogModuleManager: Shutting down and abandoning module Android_PVRTCTargetPlatform (101)
[2018.09.08-02.56.34:868][998]LogModuleManager: Shutting down and abandoning module Android_MultiTargetPlatform (99)
[2018.09.08-02.56.34:868][998]LogModuleManager: Shutting down and abandoning module Android_ETC2TargetPlatform (97)
[2018.09.08-02.56.34:868][998]LogModuleManager: Shutting down and abandoning module Android_ETC1TargetPlatform (95)
[2018.09.08-02.56.34:868][998]LogModuleManager: Shutting down and abandoning module Android_ETC1aTargetPlatform (93)
[2018.09.08-02.56.34:868][998]LogModuleManager: Shutting down and abandoning module Android_DXTTargetPlatform (91)
[2018.09.08-02.56.34:868][998]LogModuleManager: Shutting down and abandoning module Android_ATCTargetPlatform (89)
[2018.09.08-02.56.34:868][998]LogModuleManager: Shutting down and abandoning module Android_ASTCTargetPlatform (87)
[2018.09.08-02.56.34:868][998]LogModuleManager: Shutting down and abandoning module WindowsTargetPlatform (85)
[2018.09.08-02.56.34:868][998]LogModuleManager: Shutting down and abandoning module WindowsServerTargetPlatform (83)
[2018.09.08-02.56.34:868][998]LogModuleManager: Shutting down and abandoning module WindowsNoEditorTargetPlatform (81)
[2018.09.08-02.56.34:868][998]LogModuleManager: Shutting down and abandoning module WindowsClientTargetPlatform (79)
[2018.09.08-02.56.34:868][998]LogModuleManager: Shutting down and abandoning module MacTargetPlatform (77)
[2018.09.08-02.56.34:868][998]LogModuleManager: Shutting down and abandoning module MacServerTargetPlatform (75)
[2018.09.08-02.56.34:868][998]LogModuleManager: Shutting down and abandoning module MacNoEditorTargetPlatform (73)
[2018.09.08-02.56.34:868][998]LogModuleManager: Shutting down and abandoning module MacClientTargetPlatform (71)
[2018.09.08-02.56.34:868][998]LogModuleManager: Shutting down and abandoning module AllDesktopTargetPlatform (69)
[2018.09.08-02.56.34:868][998]LogModuleManager: Shutting down and abandoning module InputCore (66)
[2018.09.08-02.56.34:868][998]LogModuleManager: Shutting down and abandoning module Settings (64)
[2018.09.08-02.56.34:868][998]LogModuleManager: Shutting down and abandoning module PhysXCooking (62)
[2018.09.08-02.56.34:868][998]LogModuleManager: Shutting down and abandoning module SteamVR (60)
[2018.09.08-02.56.34:869][998]LogModuleManager: Shutting down and abandoning module OculusHMD (58)
[2018.09.08-02.56.34:869][998]LogModuleManager: Shutting down and abandoning module ExampleDeviceProfileSelector (56)
[2018.09.08-02.56.34:869][998]LogModuleManager: Shutting down and abandoning module AppleARKit (54)
[2018.09.08-02.56.34:869][998]LogModuleManager: Shutting down and abandoning module AugmentedReality (51)
[2018.09.08-02.56.34:869][998]LogModuleManager: Shutting down and abandoning module OnlineBlueprintSupport (48)
[2018.09.08-02.56.34:869][998]LogModuleManager: Shutting down and abandoning module OnlineSubsystem (44)
[2018.09.08-02.56.34:869][998]LogModuleManager: Shutting down and abandoning module XMPP (43)
[2018.09.08-02.56.34:869][998]LogModuleManager: Shutting down and abandoning module HTTP (41)
[2018.09.08-02.56.34:869][998]LogHttp: Display: Http module shutting down, but needs to wait on 1 outstanding Http requests:
[2018.09.08-02.56.34:869][998]LogHttp: Display: 	verb=[POST] url=[https://datarouter.ol.epicgames.com/datarouter/api/v1/public/data?SessionID=%7B4CC1ABAF-4808-AA32-27C6-4B8E7A5980F2%7D&AppID=UEEditor.Rocket.Release&AppVersion=4.19.2-4033788%2B%2B%2BUE4%2BRelease-4.19&UserID=8670ddc143f166d963b47d878f9a65f4%7C60970d98e3a64dd2a97c27b60aa77d2a%7Cbc5c8457-a208-415d-8abb-8bae24e0202f&AppEnvironment=datacollector-binary&UploadType=eteventstream] status=Processing
[2018.09.08-02.56.34:885][998]LogModuleManager: Shutting down and abandoning module SSL (40)
[2018.09.08-02.56.34:886][998]LogModuleManager: Shutting down and abandoning module AnimationModifiers (36)
[2018.09.08-02.56.34:886][998]LogModuleManager: Shutting down and abandoning module PropertyEditor (35)
[2018.09.08-02.56.34:886][998]LogModuleManager: Shutting down and abandoning module AudioEditor (32)
[2018.09.08-02.56.34:886][998]LogModuleManager: Shutting down and abandoning module TextureCompressor (30)
[2018.09.08-02.56.34:886][998]LogModuleManager: Shutting down and abandoning module ShaderCore (28)
[2018.09.08-02.56.34:886][998]LogModuleManager: Shutting down and abandoning module Landscape (26)
[2018.09.08-02.56.34:886][998]LogModuleManager: Shutting down and abandoning module SlateRHIRenderer (24)
[2018.09.08-02.56.34:887][998]LogModuleManager: Shutting down and abandoning module OpenGLDrv (22)
[2018.09.08-02.56.34:887][998]LogModuleManager: Shutting down and abandoning module D3D11RHI (20)
[2018.09.08-02.56.34:887][998]LogModuleManager: Shutting down and abandoning module AnimGraphRuntime (18)
[2018.09.08-02.56.34:887][998]LogModuleManager: Shutting down and abandoning module Renderer (16)
[2018.09.08-02.56.34:887][998]LogModuleManager: Shutting down and abandoning module Engine (14)
[2018.09.08-02.56.34:887][998]LogModuleManager: Shutting down and abandoning module CoreUObject (12)
[2018.09.08-02.56.34:887][998]LogModuleManager: Shutting down and abandoning module NetworkFile (10)
[2018.09.08-02.56.34:887][998]LogModuleManager: Shutting down and abandoning module CookedIterativeFile (8)
[2018.09.08-02.56.34:887][998]LogModuleManager: Shutting down and abandoning module StreamingFile (6)
[2018.09.08-02.56.34:887][998]LogModuleManager: Shutting down and abandoning module SandboxFile (4)
[2018.09.08-02.56.34:887][998]LogModuleManager: Shutting down and abandoning module PakFile (2)
[2018.09.08-02.56.34:902][998]LogExit: Exiting.
[2018.09.08-02.56.34:915][998]Log file closed, 09/08/18 12:56:34
