Log file open, 09/07/18 11:50:01
LogWindows: Failed to load 'aqProf.dll' (GetLastError=126)
LogWindows: File 'aqProf.dll' does not exist
LogWindows: Failed to load 'VtuneApi.dll' (GetLastError=126)
LogWindows: File 'VtuneApi.dll' does not exist
LogWindows: Failed to load 'VtuneApi32e.dll' (GetLastError=126)
LogWindows: File 'VtuneApi32e.dll' does not exist
LogInit: Display: Running engine for game: CIU_CarnEvil_Final
LogPlatformFile: Not using cached read wrapper
LogInit: Display: RandInit(-654723635) SRandInit(-654723635).
LogInit: Read version file with build ID '3944462'
LogInit: Overriding engine version to CL 4033788, compatible CL 3944462
LogInit: Registered custom module enumerator with build ID '3944462'
LogTaskGraph: Started task graph with 5 named threads and 59 total threads with 3 sets of task threads.
LogStats: Stats thread started at 0.654497
LogD3D11RHI: Aftermath initialized
LogICUInternationalization: Display: ICU TimeZone Detection - Raw Offset: +10:00, Platform Override: ''
LogModuleManager: Display: Found up-to-date module file ../../../Engine/Plugins/2D/Paper2D/Binaries/Win64/UE4Editor-Paper2D.dll (API version 3944462).
LogModuleManager: Display: Found up-to-date module file ../../../Engine/Plugins/2D/Paper2D/Binaries/Win64/UE4Editor-Paper2DEditor.dll (API version 3944462).
LogModuleManager: Display: Found up-to-date module file ../../../Engine/Plugins/2D/Paper2D/Binaries/Win64/UE4Editor-PaperSpriteSheetImporter.dll (API version 3944462).
LogModuleManager: Display: Found up-to-date module file ../../../Engine/Plugins/2D/Paper2D/Binaries/Win64/UE4Editor-PaperTiledImporter.dll (API version 3944462).
LogModuleManager: Display: Found up-to-date module file ../../../Engine/Plugins/2D/Paper2D/Binaries/Win64/UE4Editor-SmartSnapping.dll (API version 3944462).
LogModuleManager: Display: Found up-to-date module file ../../../Engine/Plugins/Blendables/LightPropagationVolume/Binaries/Win64/UE4Editor-LightPropagationVolumeRuntime.dll (API version 3944462).
LogModuleManager: Display: Found up-to-date module file ../../../Engine/Plugins/Blendables/LightPropagationVolume/Binaries/Win64/UE4Editor-LightPropagationVolumeEditor.dll (API version 3944462).
LogModuleManager: Display: Found up-to-date module file ../../../Engine/Plugins/Developer/CLionSourceCodeAccess/Binaries/Win64/UE4Editor-CLionSourceCodeAccess.dll (API version 3944462).
LogModuleManager: Display: Found up-to-date module file ../../../Engine/Plugins/Developer/GitSourceControl/Binaries/Win64/UE4Editor-GitSourceControl.dll (API version 3944462).
LogModuleManager: Display: Found up-to-date module file ../../../Engine/Plugins/Developer/PerforceSourceControl/Binaries/Win64/UE4Editor-PerforceSourceControl.dll (API version 3944462).
LogModuleManager: Display: Found up-to-date module file ../../../Engine/Plugins/Developer/SubversionSourceControl/Binaries/Win64/UE4Editor-SubversionSourceControl.dll (API version 3944462).
LogModuleManager: Display: Found up-to-date module file ../../../Engine/Plugins/Developer/UObjectPlugin/Binaries/Win64/UE4Editor-UObjectPlugin.dll (API version 3944462).
LogModuleManager: Display: Found up-to-date module file ../../../Engine/Plugins/Developer/VisualStudioCodeSourceCodeAccess/Binaries/Win64/UE4Editor-VisualStudioCodeSourceCodeAccess.dll (API version 3944462).
LogModuleManager: Display: Found up-to-date module file ../../../Engine/Plugins/Developer/VisualStudioSourceCodeAccess/Binaries/Win64/UE4Editor-VisualStudioSourceCodeAccess.dll (API version 3944462).
LogModuleManager: Display: Found up-to-date module file ../../../Engine/Plugins/Editor/AssetManagerEditor/Binaries/Win64/UE4Editor-AssetManagerEditor.dll (API version 3944462).
LogModuleManager: Display: Found up-to-date module file ../../../Engine/Plugins/Editor/CryptoKeys/Binaries/Win64/UE4Editor-CryptoKeys.dll (API version 3944462).
LogModuleManager: Display: Found up-to-date module file ../../../Engine/Plugins/Editor/CryptoKeys/Binaries/Win64/UE4Editor-CryptoKeysOpenSSL.dll (API version 3944462).
LogModuleManager: Display: Found up-to-date module file ../../../Engine/Plugins/Editor/DataValidation/Binaries/Win64/UE4Editor-DataValidation.dll (API version 3944462).
LogModuleManager: Display: Found up-to-date module file ../../../Engine/Plugins/Editor/FacialAnimation/Binaries/Win64/UE4Editor-FacialAnimation.dll (API version 3944462).
LogModuleManager: Display: Found up-to-date module file ../../../Engine/Plugins/Editor/FacialAnimation/Binaries/Win64/UE4Editor-FacialAnimationEditor.dll (API version 3944462).
LogModuleManager: Display: Found up-to-date module file ../../../Engine/Plugins/Editor/GameplayTagsEditor/Binaries/Win64/UE4Editor-GameplayTagsEditor.dll (API version 3944462).
LogModuleManager: Display: Found up-to-date module file ../../../Engine/Plugins/Editor/MobileLauncherProfileWizard/Binaries/Win64/UE4Editor-MobileLauncherProfileWizard.dll (API version 3944462).
LogModuleManager: Display: Found up-to-date module file ../../../Engine/Plugins/Editor/PluginBrowser/Binaries/Win64/UE4Editor-PluginBrowser.dll (API version 3944462).
LogModuleManager: Display: Found up-to-date module file ../../../Engine/Plugins/Editor/SpeedTreeImporter/Binaries/Win64/UE4Editor-SpeedTreeImporter.dll (API version 3944462).
LogModuleManager: Display: Found up-to-date module file ../../../Engine/Plugins/Enterprise/DatasmithContent/Binaries/Win64/UE4Editor-DatasmithContent.dll (API version 3944462).
LogModuleManager: Display: Found up-to-date module file ../../../Engine/Plugins/Experimental/AlembicImporter/Binaries/Win64/UE4Editor-AlembicImporter.dll (API version 3944462).
LogModuleManager: Display: Found up-to-date module file ../../../Engine/Plugins/Experimental/AlembicImporter/Binaries/Win64/UE4Editor-AlembicLibrary.dll (API version 3944462).
LogModuleManager: Display: Found up-to-date module file ../../../Engine/Plugins/Experimental/CharacterAI/Binaries/Win64/UE4Editor-CharacterAI.dll (API version 3944462).
LogModuleManager: Display: Found up-to-date module file ../../../Engine/Plugins/Experimental/HTML5Networking/Binaries/Win64/UE4Editor-HTML5Networking.dll (API version 3944462).
LogModuleManager: Display: Found up-to-date module file ../../../Engine/Plugins/Media/AndroidMedia/Binaries/Win64/UE4Editor-AndroidMediaEditor.dll (API version 3944462).
LogModuleManager: Display: Found up-to-date module file ../../../Engine/Plugins/Media/AndroidMedia/Binaries/Win64/UE4Editor-AndroidMediaFactory.dll (API version 3944462).
LogModuleManager: Display: Found up-to-date module file ../../../Engine/Plugins/Media/AvfMedia/Binaries/Win64/UE4Editor-AvfMediaEditor.dll (API version 3944462).
LogModuleManager: Display: Found up-to-date module file ../../../Engine/Plugins/Media/AvfMedia/Binaries/Win64/UE4Editor-AvfMediaFactory.dll (API version 3944462).
LogModuleManager: Display: Found up-to-date module file ../../../Engine/Plugins/Media/AvfMedia/Binaries/Win64/UE4Editor-AvfMediaFactory.dll (API version 3944462).
LogModuleManager: Display: Found up-to-date module file ../../../Engine/Plugins/Media/ImgMedia/Binaries/Win64/UE4Editor-ImgMedia.dll (API version 3944462).
LogModuleManager: Display: Found up-to-date module file ../../../Engine/Plugins/Media/ImgMedia/Binaries/Win64/UE4Editor-ImgMediaEditor.dll (API version 3944462).
LogModuleManager: Display: Found up-to-date module file ../../../Engine/Plugins/Media/ImgMedia/Binaries/Win64/UE4Editor-ImgMediaFactory.dll (API version 3944462).
LogModuleManager: Display: Found up-to-date module file ../../../Engine/Plugins/Media/ImgMedia/Binaries/Win64/UE4Editor-ImgMediaFactory.dll (API version 3944462).
LogModuleManager: Display: Found up-to-date module file ../../../Engine/Plugins/Media/ImgMedia/Binaries/Win64/UE4Editor-OpenExrWrapper.dll (API version 3944462).
LogModuleManager: Display: Found up-to-date module file ../../../Engine/Plugins/Media/LinearTimecode/Binaries/Win64/UE4Editor-LinearTimecode.dll (API version 3944462).
LogModuleManager: Display: Found up-to-date module file ../../../Engine/Plugins/Media/MediaCompositing/Binaries/Win64/UE4Editor-MediaCompositing.dll (API version 3944462).
LogModuleManager: Display: Found up-to-date module file ../../../Engine/Plugins/Media/MediaCompositing/Binaries/Win64/UE4Editor-MediaCompositingEditor.dll (API version 3944462).
LogModuleManager: Display: Found up-to-date module file ../../../Engine/Plugins/Media/MediaPlayerEditor/Binaries/Win64/UE4Editor-MediaPlayerEditor.dll (API version 3944462).
LogModuleManager: Display: Found up-to-date module file ../../../Engine/Plugins/Media/WmfMedia/Binaries/Win64/UE4Editor-WmfMedia.dll (API version 3944462).
LogModuleManager: Display: Found up-to-date module file ../../../Engine/Plugins/Media/WmfMedia/Binaries/Win64/UE4Editor-WmfMediaEditor.dll (API version 3944462).
LogModuleManager: Display: Found up-to-date module file ../../../Engine/Plugins/Media/WmfMedia/Binaries/Win64/UE4Editor-WmfMediaFactory.dll (API version 3944462).
LogModuleManager: Display: Found up-to-date module file ../../../Engine/Plugins/Media/WmfMedia/Binaries/Win64/UE4Editor-WmfMediaFactory.dll (API version 3944462).
LogModuleManager: Display: Found up-to-date module file ../../../Engine/Plugins/Messaging/TcpMessaging/Binaries/Win64/UE4Editor-TcpMessaging.dll (API version 3944462).
LogModuleManager: Display: Found up-to-date module file ../../../Engine/Plugins/Messaging/UdpMessaging/Binaries/Win64/UE4Editor-UdpMessaging.dll (API version 3944462).
LogModuleManager: Display: Found up-to-date module file ../../../Engine/Plugins/MovieScene/ActorSequence/Binaries/Win64/UE4Editor-ActorSequence.dll (API version 3944462).
LogModuleManager: Display: Found up-to-date module file ../../../Engine/Plugins/MovieScene/LevelSequenceEditor/Binaries/Win64/UE4Editor-LevelSequenceEditor.dll (API version 3944462).
LogModuleManager: Display: Found up-to-date module file ../../../Engine/Plugins/MovieScene/MatineeToLevelSequence/Binaries/Win64/UE4Editor-MatineeToLevelSequence.dll (API version 3944462).
LogModuleManager: Display: Found up-to-date module file ../../../Engine/Plugins/NetcodeUnitTest/NetcodeUnitTest/Binaries/Win64/UE4Editor-NetcodeUnitTest.dll (API version 3944462).
LogModuleManager: Display: Found up-to-date module file ../../../Engine/Plugins/NetcodeUnitTest/NUTUnrealEngine4/Binaries/Win64/UE4Editor-NUTUnrealEngine4.dll (API version 3944462).
LogModuleManager: Display: Found up-to-date module file ../../../Engine/Plugins/Online/OnlineSubsystem/Binaries/Win64/UE4Editor-OnlineSubsystem.dll (API version 3944462).
LogModuleManager: Display: Found up-to-date module file ../../../Engine/Plugins/Runtime/AndroidPermission/Binaries/Win64/UE4Editor-AndroidPermission.dll (API version 3944462).
LogModuleManager: Display: Found up-to-date module file ../../../Engine/Plugins/Online/OnlineSubsystemNull/Binaries/Win64/UE4Editor-OnlineSubsystemNull.dll (API version 3944462).
LogModuleManager: Display: Found up-to-date module file ../../../Engine/Plugins/Online/OnlineSubsystemUtils/Binaries/Win64/UE4Editor-OnlineSubsystemUtils.dll (API version 3944462).
LogModuleManager: Display: Found up-to-date module file ../../../Engine/Plugins/Online/OnlineSubsystemUtils/Binaries/Win64/UE4Editor-OnlineBlueprintSupport.dll (API version 3944462).
LogModuleManager: Display: Found up-to-date module file ../../../Engine/Plugins/Runtime/AndroidDeviceProfileSelector/Binaries/Win64/UE4Editor-AndroidDeviceProfileSelector.dll (API version 3944462).
LogModuleManager: Display: Found up-to-date module file ../../../Engine/Plugins/Runtime/AppleARKit/Binaries/Win64/UE4Editor-AppleARKit.dll (API version 3944462).
LogModuleManager: Display: Found up-to-date module file ../../../Engine/Plugins/Runtime/ProceduralMeshComponent/Binaries/Win64/UE4Editor-ProceduralMeshComponent.dll (API version 3944462).
LogModuleManager: Display: Found up-to-date module file ../../../Engine/Plugins/Runtime/ProceduralMeshComponent/Binaries/Win64/UE4Editor-ProceduralMeshComponentEditor.dll (API version 3944462).
LogModuleManager: Display: Found up-to-date module file ../../../Engine/Plugins/Animation/LiveLink/Binaries/Win64/UE4Editor-LiveLink.dll (API version 3944462).
LogModuleManager: Display: Found up-to-date module file ../../../Engine/Plugins/Animation/LiveLink/Binaries/Win64/UE4Editor-LiveLinkEditor.dll (API version 3944462).
LogModuleManager: Display: Found up-to-date module file ../../../Engine/Plugins/Runtime/ArchVisCharacter/Binaries/Win64/UE4Editor-ArchVisCharacter.dll (API version 3944462).
LogModuleManager: Display: Found up-to-date module file ../../../Engine/Plugins/Runtime/AudioCapture/Binaries/Win64/UE4Editor-AudioCapture.dll (API version 3944462).
LogModuleManager: Display: Found up-to-date module file ../../../Engine/Plugins/Runtime/AudioCapture/Binaries/Win64/UE4Editor-AudioCaptureEditor.dll (API version 3944462).
LogModuleManager: Display: Found up-to-date module file ../../../Engine/Plugins/Runtime/CableComponent/Binaries/Win64/UE4Editor-CableComponent.dll (API version 3944462).
LogModuleManager: Display: Found up-to-date module file ../../../Engine/Plugins/Runtime/CustomMeshComponent/Binaries/Win64/UE4Editor-CustomMeshComponent.dll (API version 3944462).
LogModuleManager: Display: Found up-to-date module file ../../../Engine/Plugins/Runtime/ExampleDeviceProfileSelector/Binaries/Win64/UE4Editor-ExampleDeviceProfileSelector.dll (API version 3944462).
LogModuleManager: Display: Found up-to-date module file ../../../Engine/Plugins/Runtime/ImmediatePhysics/Binaries/Win64/UE4Editor-ImmediatePhysics.dll (API version 3944462).
LogModuleManager: Display: Found up-to-date module file ../../../Engine/Plugins/Runtime/ImmediatePhysics/Binaries/Win64/UE4Editor-ImmediatePhysicsEditor.dll (API version 3944462).
LogModuleManager: Display: Found up-to-date module file ../../../Engine/Plugins/Runtime/LocationServicesBPLibrary/Binaries/Win64/UE4Editor-LocationServicesBPLibrary.dll (API version 3944462).
LogModuleManager: Display: Found up-to-date module file ../../../Engine/Plugins/Runtime/MobilePatchingUtils/Binaries/Win64/UE4Editor-MobilePatchingUtils.dll (API version 3944462).
LogModuleManager: Display: Found up-to-date module file ../../../Engine/Plugins/Runtime/Oculus/OculusVR/Binaries/Win64/UE4Editor-OculusHMD.dll (API version 3944462).
LogModuleManager: Display: Found up-to-date module file ../../../Engine/Plugins/Runtime/Oculus/OculusVR/Binaries/Win64/UE4Editor-OculusInput.dll (API version 3944462).
LogModuleManager: Display: Found up-to-date module file ../../../Engine/Plugins/Runtime/Oculus/OculusVR/Binaries/Win64/UE4Editor-OculusEditor.dll (API version 3944462).
LogModuleManager: Display: Found up-to-date module file ../../../Engine/Plugins/Runtime/PhysXVehicles/Binaries/Win64/UE4Editor-PhysXVehicles.dll (API version 3944462).
LogModuleManager: Display: Found up-to-date module file ../../../Engine/Plugins/Runtime/PhysXVehicles/Binaries/Win64/UE4Editor-PhysXVehiclesEditor.dll (API version 3944462).
LogModuleManager: Display: Found up-to-date module file ../../../Engine/Plugins/Runtime/RuntimePhysXCooking/Binaries/Win64/UE4Editor-RuntimePhysXCooking.dll (API version 3944462).
LogModuleManager: Display: Found up-to-date module file ../../../Engine/Plugins/Runtime/Steam/SteamVR/Binaries/Win64/UE4Editor-SteamVR.dll (API version 3944462).
LogModuleManager: Display: Found up-to-date module file ../../../Engine/Plugins/Runtime/Steam/SteamVR/Binaries/Win64/UE4Editor-SteamVRController.dll (API version 3944462).
LogModuleManager: Display: Found up-to-date module file ../../../Engine/Plugins/Runtime/WindowsMoviePlayer/Binaries/Win64/UE4Editor-WindowsMoviePlayer.dll (API version 3944462).
LogPluginManager: Mounting plugin Paper2D
LogPluginManager: Mounting plugin LiveLink
LogPluginManager: Mounting plugin LightPropagationVolume
LogPluginManager: Mounting plugin CLionSourceCodeAccess
LogPluginManager: Mounting plugin CodeLiteSourceCodeAccess
LogPluginManager: Mounting plugin GitSourceControl
LogPluginManager: Mounting plugin KDevelopSourceCodeAccess
LogPluginManager: Mounting plugin NullSourceCodeAccess
LogPluginManager: Mounting plugin PerforceSourceControl
LogPluginManager: Mounting plugin SubversionSourceControl
LogPluginManager: Mounting plugin UObjectPlugin
LogPluginManager: Mounting plugin VisualStudioCodeSourceCodeAccess
LogPluginManager: Mounting plugin VisualStudioSourceCodeAccess
LogPluginManager: Mounting plugin XCodeSourceCodeAccess
LogPluginManager: Mounting plugin AssetManagerEditor
LogPluginManager: Mounting plugin CryptoKeys
LogPluginManager: Mounting plugin DataValidation
LogPluginManager: Mounting plugin FacialAnimation
LogPluginManager: Mounting plugin GameplayTagsEditor
LogPluginManager: Mounting plugin MobileLauncherProfileWizard
LogPluginManager: Mounting plugin PluginBrowser
LogPluginManager: Mounting plugin SpeedTreeImporter
LogPluginManager: Mounting plugin DatasmithContent
LogPluginManager: Mounting plugin AlembicImporter
LogPluginManager: Mounting plugin CharacterAI
LogPluginManager: Mounting plugin HTML5Networking
LogPluginManager: Mounting plugin AndroidMedia
LogPluginManager: Mounting plugin AvfMedia
LogPluginManager: Mounting plugin ImgMedia
LogPluginManager: Mounting plugin LinearTimecode
LogPluginManager: Mounting plugin MediaCompositing
LogPluginManager: Mounting plugin MediaPlayerEditor
LogPluginManager: Mounting plugin WmfMedia
LogPluginManager: Mounting plugin TcpMessaging
LogPluginManager: Mounting plugin UdpMessaging
LogPluginManager: Mounting plugin ActorSequence
LogPluginManager: Mounting plugin LevelSequenceEditor
LogPluginManager: Mounting plugin MatineeToLevelSequence
LogPluginManager: Mounting plugin NetcodeUnitTest
LogPluginManager: Mounting plugin NUTUnrealEngine4
LogPluginManager: Mounting plugin OnlineSubsystemGooglePlay
LogPluginManager: Mounting plugin OnlineSubsystemIOS
LogPluginManager: Mounting plugin OnlineSubsystem
LogPluginManager: Mounting plugin OnlineSubsystemNull
LogPluginManager: Mounting plugin OnlineSubsystemUtils
LogPluginManager: Mounting plugin AndroidDeviceProfileSelector
LogPluginManager: Mounting plugin AndroidMoviePlayer
LogPluginManager: Mounting plugin AndroidPermission
LogPluginManager: Mounting plugin AppleARKit
LogPluginManager: Mounting plugin AppleMoviePlayer
LogPluginManager: Mounting plugin ArchVisCharacter
LogPluginManager: Mounting plugin AudioCapture
LogPluginManager: Mounting plugin CableComponent
LogPluginManager: Mounting plugin CustomMeshComponent
LogPluginManager: Mounting plugin ExampleDeviceProfileSelector
LogPluginManager: Mounting plugin GoogleCloudMessaging
LogPluginManager: Mounting plugin ImmediatePhysics
LogPluginManager: Mounting plugin IOSDeviceProfileSelector
LogPluginManager: Mounting plugin LinuxDeviceProfileSelector
LogPluginManager: Mounting plugin LocationServicesBPLibrary
LogPluginManager: Mounting plugin MobilePatchingUtils
LogPluginManager: Mounting plugin OculusVR
LogPluginManager: Plugin shader directory ../../../Engine/Plugins/Runtime/Oculus/OculusVR/Shaders found
LogPluginManager: Mapping shader source directory ../../../Engine/Plugins/Runtime/Oculus/OculusVR/Shaders to virtual directory /Plugin/OculusVR
LogPluginManager: Mounting plugin PhysXVehicles
LogPluginManager: Mounting plugin ProceduralMeshComponent
LogPluginManager: Mounting plugin RuntimePhysXCooking
LogPluginManager: Mounting plugin SteamVR
LogPluginManager: Mounting plugin WindowsMoviePlayer
LogStreaming: Display: Took  0.622s to configure plugins.
LogInit: Using libcurl 7.47.1
LogInit:  - built for x86_64-pc-win32
LogInit:  - supports SSL with OpenSSL/1.0.2g
LogInit:  - supports HTTP deflate (compression) using libz 1.2.8
LogInit:  - other features:
LogInit:      CURL_VERSION_SSL
LogInit:      CURL_VERSION_LIBZ
LogInit:      CURL_VERSION_IPV6
LogInit:      CURL_VERSION_ASYNCHDNS
LogInit:      CURL_VERSION_LARGEFILE
LogInit:      CURL_VERSION_IDN
LogInit:  CurlRequestOptions (configurable via config and command line):
LogInit:  - bVerifyPeer = false  - Libcurl will NOT verify peer certificate
LogInit:  - bUseHttpProxy = false  - Libcurl will NOT use HTTP proxy
LogInit:  - bDontReuseConnections = false  - Libcurl will reuse connections
LogInit:  - CertBundlePath = nullptr  - Libcurl will use whatever was configured at build time.
LogInit:  - MaxHostConnections = 16  - Libcurl will limit the number of connections to a host
LogInit:  - LocalHostAddr = Default
LogInit: WinSock: version 1.1 (2.2), MaxSocks=32767, MaxUdp=65467
LogInit: WinSock: I am DESKTOP-QTNQBAN (192.168.0.5:0)
LogInit: Build: ++UE4+Release-4.19-CL-4033788
LogInit: Engine Version: 4.19.2-4033788+++UE4+Release-4.19
LogInit: Compatible Engine Version: 4.19.0-3944462+++UE4+Release-4.19
LogInit: Net CL: 3944462
LogDevObjectVersion: Number of dev versions registered: 18
LogDevObjectVersion:   Dev-Blueprints (B0D832E4-1F89-4F0D-ACCF-7EB736FD4AA2): 10
LogDevObjectVersion:   Dev-Build (E1C64328-A22C-4D53-A36C-8E866417BD8C): 0
LogDevObjectVersion:   Dev-Core (375EC13C-06E4-48FB-B500-84F0262A717E): 2
LogDevObjectVersion:   Dev-Editor (E4B068ED-F494-42E9-A231-DA0B2E46BB41): 23
LogDevObjectVersion:   Dev-Framework (CFFC743F-43B0-4480-9391-14DF171D2073): 33
LogDevObjectVersion:   Dev-Mobile (B02B49B5-BB20-44E9-A304-32B752E40360): 2
LogDevObjectVersion:   Dev-Networking (A4E4105C-59A1-49B5-A7C5-40C4547EDFEE): 0
LogDevObjectVersion:   Dev-Online (39C831C9-5AE6-47DC-9A44-9C173E1C8E7C): 0
LogDevObjectVersion:   Dev-Physics (78F01B33-EBEA-4F98-B9B4-84EACCB95AA2): 0
LogDevObjectVersion:   Dev-Platform (6631380F-2D4D-43E0-8009-CF276956A95A): 0
LogDevObjectVersion:   Dev-Rendering (12F88B9F-8875-4AFC-A67C-D90C383ABD29): 25
LogDevObjectVersion:   Dev-Sequencer (7B5AE74C-D270-4C10-A958-57980B212A5A): 6
LogDevObjectVersion:   Dev-VR (D7296918-1DD6-4BDD-9DE2-64A83CC13884): 1
LogDevObjectVersion:   Dev-LoadTimes (C2A15278-BFE7-4AFE-6C17-90FF531DF755): 1
LogDevObjectVersion:   Private-Geometry (6EACA3D4-40EC-4CC1-B786-8BED09428FC5): 2
LogDevObjectVersion:   Dev-AnimPhys (29E575DD-E0A3-4627-9D10-D276232CDCEA): 16
LogDevObjectVersion:   Dev-ReflectionCapture (6B266CEC-1EC7-4B8F-A30B-E4D90942FC07): 1
LogDevObjectVersion:   Dev-Automation (0DF73D61-A23F-47EA-B727-89E90C41499A): 1
LogInit: Compiled (64-bit): Apr 27 2018 02:06:57
LogInit: Compiled with Visual C++: 19.00.24215.01
LogInit: Build Configuration: Development
LogInit: Branch Name: ++UE4+Release-4.19
LogInit: Command Line:  
LogInit: Base Directory: D:/Game Engines/Epic Games/UE_4.19/Engine/Binaries/Win64/
LogInit: Installed Engine Build: 1
LogStreaming: Display: Took  0.002s to delete old logs.
LogInit: Presizing for max 8388607 objects, including 0 objects not considered by GC, pre-allocating 0 bytes for permanent pool.
LogInit: Object subsystem initialized
[2018.09.07-01.50.01:901][  0]LogInit: Selected Device Profile: [Windows]
[2018.09.07-01.50.01:901][  0]LogInit: Applying CVar settings loaded from the selected device profile: [Windows]
[2018.09.07-01.50.01:926][  0]LogInit: Computer: DESKTOP-QTNQBAN
[2018.09.07-01.50.01:926][  0]LogInit: User: Matt
[2018.09.07-01.50.01:926][  0]LogInit: CPU Page size=4096, Cores=10
[2018.09.07-01.50.01:926][  0]LogInit: High frequency timer resolution =3.234370 MHz
[2018.09.07-01.50.01:927][  0]LogMemory: Memory total: Physical=31.7GB (32GB approx)
[2018.09.07-01.50.01:927][  0]LogMemory: Platform Memory Stats for Windows
[2018.09.07-01.50.01:927][  0]LogMemory: Process Physical Memory: 277.06 MB used, 277.06 MB peak
[2018.09.07-01.50.01:927][  0]LogMemory: Process Virtual Memory: 273.09 MB used, 273.09 MB peak
[2018.09.07-01.50.01:927][  0]LogMemory: Physical Memory: 18264.27 MB used,  14182.09 MB free, 32446.36 MB total
[2018.09.07-01.50.01:927][  0]LogMemory: Virtual Memory: 4843.56 MB used,  14182.09 MB free, 134217728.00 MB total
[2018.09.07-01.50.01:951][  0]LogInit: Using OS detected language (en-GB).
[2018.09.07-01.50.01:951][  0]LogInit: Using OS detected locale (en-GB).
[2018.09.07-01.50.01:953][  0]LogTextLocalizationManager: No specific localization for 'en-GB' exists, so the 'en' localization will be used.
[2018.09.07-01.50.02:326][  0]LogStreaming: Display: Took  0.374s to EndInitTextLocalization.
[2018.09.07-01.50.02:326][  0]LogInit: Setting process to per monitor DPI aware
[2018.09.07-01.50.02:368][  0]LogSlate: New Slate User Created.  User Index 0, Is Virtual User: 0
[2018.09.07-01.50.02:368][  0]LogSlate: Slate User Registered.  User Index 0, Is Virtual User: 0
[2018.09.07-01.50.02:511][  0]LogD3D11RHI: D3D11 adapters:
[2018.09.07-01.50.02:630][  0]LogD3D11RHI:    0. 'NVIDIA GeForce GTX 1080 Ti' (Feature Level 11_0)
[2018.09.07-01.50.02:630][  0]LogD3D11RHI:       11127/0/16223 MB DedicatedVideo/DedicatedSystem/SharedSystem, Outputs:1, VendorId:0x10de
[2018.09.07-01.50.02:632][  0]LogD3D11RHI:    1. 'Microsoft Basic Render Driver' (Feature Level 11_0)
[2018.09.07-01.50.02:632][  0]LogD3D11RHI:       0/0/16223 MB DedicatedVideo/DedicatedSystem/SharedSystem, Outputs:0, VendorId:0x1414
[2018.09.07-01.50.02:632][  0]LogD3D11RHI: Chosen D3D11 Adapter: 0
[2018.09.07-01.50.02:644][  0]LogD3D11RHI: Creating new Direct3DDevice
[2018.09.07-01.50.02:644][  0]LogD3D11RHI:     GPU DeviceId: 0x1b06 (for the marketing name, search the web for "GPU Device Id")
[2018.09.07-01.50.02:644][  0]LogWindows: EnumDisplayDevices:
[2018.09.07-01.50.02:644][  0]LogWindows:    0. 'NVIDIA GeForce GTX 1080 Ti' (P:1 D:1)
[2018.09.07-01.50.02:644][  0]LogWindows:    1. 'NVIDIA GeForce GTX 1080 Ti' (P:0 D:0)
[2018.09.07-01.50.02:644][  0]LogWindows:    2. 'NVIDIA GeForce GTX 1080 Ti' (P:0 D:0)
[2018.09.07-01.50.02:644][  0]LogWindows:    3. 'NVIDIA GeForce GTX 1080 Ti' (P:0 D:0)
[2018.09.07-01.50.02:644][  0]LogWindows: DebugString: GetVideoDriverDetailsInvalid PrimaryIsNotTheChoosenAdapter GetVideoDriverDetailsInvalid PrimaryIsNotTheChoosenAdapter GetVideoDriverDetailsInvalid PrimaryIsNotTheChoosenAdapter GetVideoDriverDetailsInvalid PrimaryIsNotTheChoosenAdapter FoundDriverCount:0 
[2018.09.07-01.50.02:644][  0]LogD3D11RHI:     Adapter Name: NVIDIA GeForce GTX 1080 Ti
[2018.09.07-01.50.02:644][  0]LogD3D11RHI:   Driver Version: Unknown (internal:Unknown, unified:Unknown)
[2018.09.07-01.50.02:644][  0]LogD3D11RHI:      Driver Date: Unknown
[2018.09.07-01.50.02:644][  0]LogRHI: Texture pool is 7788 MB (70% of 11127 MB)
[2018.09.07-01.50.02:712][  0]LogD3D11RHI: [Aftermath] Aftermath enabled and primed
[2018.09.07-01.50.02:712][  0]LogD3D11RHI: [Aftermath] Aftermath enabled and primed
[2018.09.07-01.50.02:712][  0]LogD3D11RHI: Async texture creation enabled
[2018.09.07-01.50.02:766][  0]LogD3D11RHI: GPU Timing Frequency: 1000.000000 (Debug: 2 2)
[2018.09.07-01.50.02:769][  0]LogShaderCompilers: Guid format shader working directory is -22 characters bigger than the processId version (C:/Users/Matt/Desktop/CIU_Final_CarnEvil_4.19.2/CIU_CarnEvil_Final/Intermediate/Shaders/WorkingDirectory/23052/).
[2018.09.07-01.50.02:769][  0]LogShaderCompilers: Cleaned the shader compiler working directory 'C:/Users/Matt/AppData/Local/Temp/UnrealShaderWorkingDir/2A50C4094579EE89119BC59F87EC8B0B/'.
[2018.09.07-01.50.03:052][  0]LogTemp: Display: Loaded TP AllDesktopTargetPlatform
[2018.09.07-01.50.03:071][  0]LogTemp: Display: Loaded TP MacClientTargetPlatform
[2018.09.07-01.50.03:095][  0]LogTemp: Display: Loaded TP MacNoEditorTargetPlatform
[2018.09.07-01.50.03:109][  0]LogTemp: Display: Loaded TP MacServerTargetPlatform
[2018.09.07-01.50.03:120][  0]LogTemp: Display: Loaded TP MacTargetPlatform
[2018.09.07-01.50.03:131][  0]LogTemp: Display: Loaded TP WindowsClientTargetPlatform
[2018.09.07-01.50.03:142][  0]LogTemp: Display: Loaded TP WindowsNoEditorTargetPlatform
[2018.09.07-01.50.03:152][  0]LogTemp: Display: Loaded TP WindowsServerTargetPlatform
[2018.09.07-01.50.03:157][  0]LogTemp: Display: Loaded TP WindowsTargetPlatform
[2018.09.07-01.50.03:167][  0]LogTemp: Display: Loaded TP Android_ASTCTargetPlatform
[2018.09.07-01.50.03:177][  0]LogTemp: Display: Loaded TP Android_ATCTargetPlatform
[2018.09.07-01.50.03:186][  0]LogTemp: Display: Loaded TP Android_DXTTargetPlatform
[2018.09.07-01.50.03:196][  0]LogTemp: Display: Loaded TP Android_ETC1aTargetPlatform
[2018.09.07-01.50.03:206][  0]LogTemp: Display: Loaded TP Android_ETC1TargetPlatform
[2018.09.07-01.50.03:215][  0]LogTemp: Display: Loaded TP Android_ETC2TargetPlatform
[2018.09.07-01.50.03:235][  0]LogTemp: Display: Loaded TP Android_MultiTargetPlatform
[2018.09.07-01.50.03:235][  0]LogTemp: Display: Loaded TP Android_PVRTCTargetPlatform
[2018.09.07-01.50.03:245][  0]LogTemp: Display: Loaded TP AndroidTargetPlatform
[2018.09.07-01.50.03:246][  0]LogTemp: Display: Loaded TP HTML5TargetPlatform
[2018.09.07-01.50.03:280][  0]LogTemp: Display: Loaded TP IOSTargetPlatform
[2018.09.07-01.50.03:303][  0]LogTemp: Display: Loaded TP TVOSTargetPlatform
[2018.09.07-01.50.03:326][  0]LogTemp: Display: Loaded TP LinuxClientTargetPlatform
[2018.09.07-01.50.03:340][  0]LogTemp: Display: Loaded TP LinuxNoEditorTargetPlatform
[2018.09.07-01.50.03:350][  0]LogTemp: Display: Loaded TP LinuxServerTargetPlatform
[2018.09.07-01.50.03:360][  0]LogTemp: Display: Loaded TP LinuxTargetPlatform
[2018.09.07-01.50.03:360][  0]LogTargetPlatformManager: Display: Building Assets For Windows
[2018.09.07-01.50.03:436][  0]LogXGEController: Cleaning working directory: C:/Users/Matt/AppData/Local/Temp/UnrealXGEWorkingDir/
[2018.09.07-01.50.03:436][  0]LogXGEController: Cannot use XGE Controller as Incredibuild is not installed on this machine.
[2018.09.07-01.50.03:436][  0]LogShaderCompilers: Cannot use XGE Shader Compiler as Incredibuild is not installed on this machine.
[2018.09.07-01.50.03:436][  0]LogShaderCompilers: Display: Using Local Shader Compiler.
[2018.09.07-01.50.03:994][  0]LogDerivedDataCache: Display: Max Cache Size: 512 MB
[2018.09.07-01.50.04:056][  0]LogDerivedDataCache: Loaded boot cache 0.06s 74MB C:/Users/Matt/AppData/Local/UnrealEngine/4.19/DerivedDataCache/Boot.ddc.
[2018.09.07-01.50.04:056][  0]LogDerivedDataCache: Display: Loaded Boot cache: C:/Users/Matt/AppData/Local/UnrealEngine/4.19/DerivedDataCache/Boot.ddc
[2018.09.07-01.50.04:056][  0]LogDerivedDataCache: FDerivedDataBackendGraph:  Pak pak cache file C:/Users/Matt/Desktop/CIU_Final_CarnEvil_4.19.2/CIU_CarnEvil_Final/DerivedDataCache/DDC.ddp not found, will not use a pak cache.
[2018.09.07-01.50.04:056][  0]LogDerivedDataCache: Unable to find inner node Pak for hierarchical cache Hierarchy.
[2018.09.07-01.50.04:056][  0]LogDerivedDataCache: FDerivedDataBackendGraph:  CompressedPak pak cache file C:/Users/Matt/Desktop/CIU_Final_CarnEvil_4.19.2/CIU_CarnEvil_Final/DerivedDataCache/Compressed.ddp not found, will not use a pak cache.
[2018.09.07-01.50.04:056][  0]LogDerivedDataCache: Unable to find inner node CompressedPak for hierarchical cache Hierarchy.
[2018.09.07-01.50.04:069][  0]LogDerivedDataCache: Display: Pak cache opened for reading ../../../Engine/DerivedDataCache/Compressed.ddp.
[2018.09.07-01.50.04:080][  0]LogDerivedDataCache: Using Local data cache path C:/Users/Matt/AppData/Local/UnrealEngine/Common/DerivedDataCache: Writable
[2018.09.07-01.50.04:080][  0]LogDerivedDataCache: Shared data cache path not found in *engine.ini, will not use an Shared cache.
[2018.09.07-01.50.04:080][  0]LogDerivedDataCache: Unable to find inner node Shared for hierarchical cache Hierarchy.
[2018.09.07-01.50.04:105][  0]LogMaterial: Verifying Global Shaders for PCD3D_SM5
[2018.09.07-01.50.04:105][  0]LogSlate: Using Freetype 2.6.0
[2018.09.07-01.50.04:106][  0]LogSlate: SlateFontCache - WITH_FREETYPE: 1, WITH_HARFBUZZ: 1
[2018.09.07-01.50.04:106][  0]LogSlate: SlateFontCache - WITH_FREETYPE: 1, WITH_HARFBUZZ: 1
[2018.09.07-01.50.04:233][  0]LogAssetRegistry: FAssetRegistry took 0.0290 seconds to start up
[2018.09.07-01.50.04:551][  0]LogInit: Selected Device Profile: [Windows]
[2018.09.07-01.50.04:663][  0]LogSimplygon: Simplygon DLL not present - disabling.
[2018.09.07-01.50.04:664][  0]LogMeshReduction: Using SimplygonSwarm for distributed automatic mesh merging
[2018.09.07-01.50.04:664][  0]LogMeshReduction: Using QuadricMeshReduction for automatic static mesh reduction
[2018.09.07-01.50.04:664][  0]LogMeshReduction: No automatic skeletal mesh reduction module available
[2018.09.07-01.50.04:664][  0]LogMeshReduction: No automatic mesh merging module available
[2018.09.07-01.50.04:664][  0]LogMeshMerging: No automatic mesh merging module available
[2018.09.07-01.50.04:688][  0]LogNetVersion: CIU_CarnEvil_Final , NetCL: 3944462, EngineNetVer: 2, GameNetVer: 0 (Checksum: 2718905845)
[2018.09.07-01.50.05:284][  0]LogPackageLocalizationCache: Processed 9 localized package path(s) for 2 prioritized culture(s) in 0.110920 seconds
[2018.09.07-01.50.05:290][  0]LogUObjectArray: 36728 objects as part of root set at end of initial load.
[2018.09.07-01.50.05:290][  0]LogUObjectAllocator: 7314304 out of 0 bytes used by permanent object pool.
[2018.09.07-01.50.05:290][  0]LogUObjectArray: CloseDisregardForGC: 0/0 objects in disregard for GC pool
[2018.09.07-01.50.06:710][  0]LogTcpMessaging: Initializing TcpMessaging bridge
[2018.09.07-01.50.06:732][  0]LogUdpMessaging: Initializing bridge on interface 0.0.0.0:0 to multicast group 230.0.0.1:6666.
[2018.09.07-01.50.06:966][  0]SourceControl: Source control is disabled
[2018.09.07-01.50.06:966][  0]SourceControl: Source control is disabled
[2018.09.07-01.50.06:975][  0]SourceControl: Source control is disabled
[2018.09.07-01.50.06:984][  0]SourceControl: Source control is disabled
[2018.09.07-01.50.07:308][  0]LogAndroidPermission: UAndroidPermissionCallbackProxy::GetInstance
[2018.09.07-01.50.07:489][  0]LogOcInput: OculusInput pre-init called
[2018.09.07-01.50.07:570][  0]LogEngine: Initializing Engine...
[2018.09.07-01.50.08:929][  0]LogHMD: SteamVR initialized.  Driver: holographic  Display: WindowsHolographic
[2018.09.07-01.50.08:930][  0]LogStats: UGameplayTagsManager::ConstructGameplayTagTree: Construct from data asset -  0.000 s
[2018.09.07-01.50.08:930][  0]LogStats: UGameplayTagsManager::ConstructGameplayTagTree: GameplayTagTreeChangedEvent.Broadcast -  0.000 s
[2018.09.07-01.50.09:124][  0]LogAIModule: Creating AISystem for world Untitled
[2018.09.07-01.50.09:219][  0]LogInit: XAudio2 using 'Headset Earphone (Sennheiser Communication Audio)' : 2 channels at 48 kHz using 16 bits per sample (channel mask 0x3)
[2018.09.07-01.50.09:241][  0]LogInit: FAudioDevice initialized.
[2018.09.07-01.50.09:328][  0]LogDerivedDataCache: Saved boot cache 0.09s 74MB C:/Users/Matt/AppData/Local/UnrealEngine/4.19/DerivedDataCache/Boot.ddc.
[2018.09.07-01.50.09:352][  0]LogInit: Texture streaming: Enabled
[2018.09.07-01.50.09:378][  0]LogEngineSessionManager: EngineSessionManager initialized
[2018.09.07-01.50.09:403][  0]LogInit: Transaction tracking system initialized
[2018.09.07-01.50.09:428][  0]BlueprintLog: New page: Editor Load
[2018.09.07-01.50.09:527][  0]LocalizationService: Localization service is disabled
[2018.09.07-01.50.09:615][  0]LogConsoleResponse: Display: 
[2018.09.07-01.50.09:730][  0]LogCook: Display: Max memory allowance for cook 16384mb min free memory 0mb
[2018.09.07-01.50.09:730][  0]LogCook: Display: Mobile HDR setting 1
[2018.09.07-01.50.09:730][  0]LogGameplayTags: Display: UGameplayTagsManager::DoneAddingNativeTags. DelegateIsBound: 0
[2018.09.07-01.50.09:730][  0]LogStats: UGameplayTagsManager::ConstructGameplayTagTree: Construct from data asset -  0.000 s
[2018.09.07-01.50.09:730][  0]LogStats: UGameplayTagsManager::ConstructGameplayTagTree: GameplayTagTreeChangedEvent.Broadcast -  0.000 s
[2018.09.07-01.50.09:962][  0]LogFileCache: Scanning file cache for directory 'C:/Users/Matt/Desktop/CIU_Final_CarnEvil_4.19.2/CIU_CarnEvil_Final/Content/' took 0.04s
[2018.09.07-01.50.09:962][  0]SourceControl: Source control is disabled
[2018.09.07-01.50.09:962][  0]Cmd: MAP LOAD FILE="C:/Users/Matt/Desktop/CIU_Final_CarnEvil_4.19.2/CIU_CarnEvil_Final/Content/_Scenes/IntroScene.umap" TEMPLATE=0 SHOWPROGRESS=1 FEATURELEVEL=3
[2018.09.07-01.50.09:963][  0]LightingResults: New page: Lighting Build
[2018.09.07-01.50.09:965][  0]MapCheck: New page: Map Check
[2018.09.07-01.50.09:965][  0]LightingResults: New page: Lighting Build
[2018.09.07-01.50.10:073][  0]LogUObjectGlobals: Created PersistentFrame Addr=0x0000028a99962db8, Size=24, Default__RightHand_AnimBP_C Function /Game/VirtualReality/Mannequin/Animations/RightHand_AnimBP.RightHand_AnimBP_C:ExecuteUbergraph_RightHand_AnimBP
[2018.09.07-01.50.10:076][  0]LogUObjectGlobals: Destroyed PersistentFrame Addr=0x0000028a99962db8, Size=24
[2018.09.07-01.50.10:076][  0]LogUObjectGlobals: Created PersistentFrame Addr=0x0000028a99962db8, Size=24, Default__RightHand_AnimBP_C Function /Engine/Transient.REINST_RightHand_AnimBP_C_0:ExecuteUbergraph_RightHand_AnimBP
[2018.09.07-01.50.10:078][  0]LogUObjectGlobals: Created PersistentFrame Addr=0x0000028a99962080, Size=24, Default__RightHand_AnimBP_C Function /Game/VirtualReality/Mannequin/Animations/RightHand_AnimBP.RightHand_AnimBP_C:ExecuteUbergraph_RightHand_AnimBP
[2018.09.07-01.50.10:117][  0]LogUObjectGlobals: Created PersistentFrame Addr=0x0000028aa375b000, Size=968, Default__BP_MotionController_C Function /Game/VirtualRealityBP/Blueprints/BP_MotionController.BP_MotionController_C:ExecuteUbergraph_BP_MotionController
[2018.09.07-01.50.10:139][  0]LogUObjectGlobals: Destroyed PersistentFrame Addr=0x0000028aa375b000, Size=968
[2018.09.07-01.50.10:140][  0]LogUObjectGlobals: Created PersistentFrame Addr=0x0000028aa375b000, Size=968, Default__BP_MotionController_C Function /Engine/Transient.REINST_BP_MotionController_C_8:ExecuteUbergraph_BP_MotionController
[2018.09.07-01.50.10:161][  0]LogUObjectGlobals: Created PersistentFrame Addr=0x0000028aa3759000, Size=968, Default__BP_MotionController_C Function /Game/VirtualRealityBP/Blueprints/BP_MotionController.BP_MotionController_C:ExecuteUbergraph_BP_MotionController
[2018.09.07-01.50.10:168][  0]LogUObjectGlobals: Created PersistentFrame Addr=0x0000028a9a203100, Size=752, Default__MotionControllerPawn_C Function /Game/VirtualRealityBP/Blueprints/MotionControllerPawn.MotionControllerPawn_C:ExecuteUbergraph_MotionControllerPawn
[2018.09.07-01.50.10:179][  0]LogUObjectGlobals: Destroyed PersistentFrame Addr=0x0000028a9a203100, Size=752
[2018.09.07-01.50.10:179][  0]LogUObjectGlobals: Created PersistentFrame Addr=0x0000028a9a245f00, Size=752, Default__MotionControllerPawn_C Function /Engine/Transient.REINST_MotionControllerPawn_C_10:ExecuteUbergraph_MotionControllerPawn
[2018.09.07-01.50.10:188][  0]LogUObjectGlobals: Created PersistentFrame Addr=0x0000028a9a244400, Size=752, Default__MotionControllerPawn_C Function /Game/VirtualRealityBP/Blueprints/MotionControllerPawn.MotionControllerPawn_C:ExecuteUbergraph_MotionControllerPawn
[2018.09.07-01.50.10:660][  0]LogSkeletalMesh: Skeletal Mesh found in DDC [1.742843ms] /Game/VirtualReality/Mannequin/Character/Mesh/MannequinHand_Right.MannequinHand_Right
[2018.09.07-01.50.10:952][  0]LogAIModule: Creating AISystem for world IntroScene
[2018.09.07-01.50.10:964][  0]LogEditorServer: Finished looking for orphan Actors (0.000 secs)
[2018.09.07-01.50.10:981][  0]LogUObjectGlobals: Destroyed PersistentFrame Addr=0x0000028a99962db8, Size=24
[2018.09.07-01.50.10:981][  0]LogUObjectGlobals: Destroyed PersistentFrame Addr=0x0000028aa375b000, Size=968
[2018.09.07-01.50.10:981][  0]LogUObjectGlobals: Destroyed PersistentFrame Addr=0x0000028a9a245f00, Size=752
[2018.09.07-01.50.11:016][  0]Cmd: MAP CHECKDEP NOCLEARLOG
[2018.09.07-01.50.11:053][  0]MapCheck: Map check complete: 0 Error(s), 0 Warning(s), took 36.466ms to complete.
[2018.09.07-01.50.11:053][  0]LogFileHelpers: Loading map 'IntroScene' took 1.090
[2018.09.07-01.50.11:194][  0]LogCollectionManager: Loaded 0 collections in 0.001196 seconds
[2018.09.07-01.50.11:227][  0]LogFileCache: Scanning file cache for directory 'C:/Users/Matt/Desktop/CIU_Final_CarnEvil_4.19.2/CIU_CarnEvil_Final/Saved/Collections/' took 0.01s
[2018.09.07-01.50.11:227][  0]LogFileCache: Scanning file cache for directory 'C:/Users/Matt/Desktop/CIU_Final_CarnEvil_4.19.2/CIU_CarnEvil_Final/Content/Developers/Matt/Collections/' took 0.01s
[2018.09.07-01.50.11:227][  0]LogFileCache: Scanning file cache for directory 'C:/Users/Matt/Desktop/CIU_Final_CarnEvil_4.19.2/CIU_CarnEvil_Final/Content/Collections/' took 0.00s
[2018.09.07-01.50.11:227][  0]LogCollectionManager: Rebuilt the GUID cache for 0 collections in 0.000001 seconds
[2018.09.07-01.50.11:235][  0]LogContentBrowser: Native class hierarchy populated in 0.0081 seconds. Added 2452 classes and 558 folders.
[2018.09.07-01.50.11:242][  0]LogContentBrowser: Native class hierarchy updated for 'WidgetCarousel' in 0.0003 seconds. Added 0 classes and 0 folders.
[2018.09.07-01.50.11:274][  0]LogContentBrowser: Native class hierarchy updated for 'AddContentDialog' in 0.0002 seconds. Added 0 classes and 0 folders.
[2018.09.07-01.50.11:278][  0]LogContentBrowser: Native class hierarchy updated for 'SceneOutliner' in 0.0002 seconds. Added 1 classes and 2 folders.
[2018.09.07-01.50.11:371][  0]LogContentBrowser: Native class hierarchy updated for 'HierarchicalLODOutliner' in 0.0003 seconds. Added 0 classes and 0 folders.
[2018.09.07-01.50.11:371][  0]LogLoad: (Engine Initialization) Total time: 12.08 seconds
[2018.09.07-01.50.11:371][  0]LogLoad: (Engine Initialization) Total Blueprint compile time: 0.00 seconds
[2018.09.07-01.50.11:739][  0]LogContentStreaming: Texture pool size now 3000 MB
[2018.09.07-01.50.11:741][  0]LogSlate: Took 0.000267 seconds to synchronously load lazily loaded font '../../../Engine/Content/Slate/Fonts/Roboto-Regular.ttf' (155K)
[2018.09.07-01.50.11:743][  0]LogSlate: Took 0.000147 seconds to synchronously load lazily loaded font '../../../Engine/Content/Slate/Fonts/Roboto-Bold.ttf' (160K)
[2018.09.07-01.50.11:747][  0]LogSlate: Took 0.000153 seconds to synchronously load lazily loaded font '../../../Engine/Content/Editor/Slate/Fonts/FontAwesome.ttf' (139K)
[2018.09.07-01.50.11:860][  0]LogSlate: Took 0.000227 seconds to synchronously load lazily loaded font '../../../Engine/Content/Slate/Fonts/Roboto-Light.ttf' (167K)
[2018.09.07-01.50.12:080][  2]LogRenderer: Reallocating scene render targets to support 868x496 Format 10 NumSamples 1 (Frame:1).
[2018.09.07-01.50.12:746][  3]LogAssetRegistry: Asset discovery search completed in 8.5354 seconds
[2018.09.07-01.50.12:750][  3]LogCollectionManager: Rebuilt the object cache for 0 collections in 0.000001 seconds (found 0 objects)
[2018.09.07-01.50.12:750][  3]LogCollectionManager: Fixed up redirectors for 0 collections in 0.000084 seconds (updated 0 objects)
[2018.09.07-01.50.18:058][ 19]LogSlate: FSceneViewport::OnFocusLost() reason 0
[2018.09.07-01.50.21:133][319]LogSlate: Took 0.000178 seconds to synchronously load lazily loaded font '../../../Engine/Content/Slate/Fonts/Roboto-Light.ttf' (167K)
[2018.09.07-01.50.21:620][319]LogAIModule: Creating AISystem for world Maze
[2018.09.07-01.50.21:658][319]Cmd: MAP LOAD FILE="C:/Users/Matt/Desktop/CIU_Final_CarnEvil_4.19.2/CIU_CarnEvil_Final/Content/_Scenes/Maze.umap" TEMPLATE=0 SHOWPROGRESS=1 FEATURELEVEL=3
[2018.09.07-01.50.21:658][319]LightingResults: New page: Lighting Build
[2018.09.07-01.50.21:659][319]LoadErrors: New page: Loading map: Maze.umap
[2018.09.07-01.50.21:660][319]MapCheck: New page: Map Check
[2018.09.07-01.50.21:660][319]LightingResults: New page: Lighting Build
[2018.09.07-01.50.21:744][319]LogEditorServer: Finished looking for orphan Actors (0.000 secs)
[2018.09.07-01.50.21:801][319]Cmd: MAP CHECKDEP NOCLEARLOG
[2018.09.07-01.50.21:855][319]MapCheck: Map check complete: 0 Error(s), 0 Warning(s), took 53.482ms to complete.
[2018.09.07-01.50.21:856][319]LogFileHelpers: Loading map 'Maze' took 0.199
[2018.09.07-01.50.23:786][541]LogTemp: Repeating last play command: VR Preview
[2018.09.07-01.50.23:811][541]LogBlueprintUserMessages: Early PlayInEditor Detection: Level '/Game/_Scenes/Maze.Maze:PersistentLevel' has LevelScriptBlueprint '/Game/_Scenes/Maze.Maze:PersistentLevel.Maze' with GeneratedClass '/Game/_Scenes/Maze.Maze_C' with ClassGeneratedBy '/Game/_Scenes/Maze.Maze:PersistentLevel.Maze'
[2018.09.07-01.50.23:812][541]LogPlayLevel: PlayLevel: No blueprints needed recompiling
[2018.09.07-01.50.23:812][541]PIE: New page: PIE session: Maze (7 Sep 2018 21:50:23)
[2018.09.07-01.50.23:812][541]LogPlayLevel: Creating play world package: /Game/_Scenes/UEDPIE_0_Maze
[2018.09.07-01.50.23:822][541]LogPlayLevel: PIE: StaticDuplicateObject took: (0.009753s)
[2018.09.07-01.50.23:822][541]LogAIModule: Creating AISystem for world Maze
[2018.09.07-01.50.23:823][541]LogPlayLevel: PIE: World Init took: (0.000636s)
[2018.09.07-01.50.23:823][541]LogPlayLevel: PIE: Created PIE world by copying editor world from /Game/_Scenes/Maze.Maze to /Game/_Scenes/UEDPIE_0_Maze.Maze (0.010610s)
[2018.09.07-01.50.23:845][541]LogInit: XAudio2 using 'Headset Earphone (Sennheiser Communication Audio)' : 2 channels at 48 kHz using 16 bits per sample (channel mask 0x3)
[2018.09.07-01.50.23:854][541]LogInit: FAudioDevice initialized.
[2018.09.07-01.50.23:961][541]LogUObjectGlobals: Warning: Failed to find object 'Class None.'
[2018.09.07-01.50.23:961][541]LogLoad: Game class is 'GameModeBase'
[2018.09.07-01.50.23:972][541]LogWorld: Bringing World /Game/_Scenes/UEDPIE_0_Maze.Maze up for play (max tick rate 0) at 2018.09.07-11.50.23
[2018.09.07-01.50.23:973][541]LogWorld: Bringing up level for play took: 0.008973
[2018.09.07-01.50.23:977][541]LogContentBrowser: Native class hierarchy updated for 'MovieSceneCapture' in 0.0005 seconds. Added 11 classes and 0 folders.
[2018.09.07-01.50.23:989][541]PIE: Play in editor start time for /Game/_Scenes/UEDPIE_0_Maze 1.176
[2018.09.07-01.50.23:990][541]LogBlueprintUserMessages: Late PlayInEditor Detection: Level '/Game/_Scenes/Maze.Maze:PersistentLevel' has LevelScriptBlueprint '/Game/_Scenes/Maze.Maze:PersistentLevel.Maze' with GeneratedClass '/Game/_Scenes/Maze.Maze_C' with ClassGeneratedBy '/Game/_Scenes/Maze.Maze:PersistentLevel.Maze'
[2018.09.07-01.50.24:070][542]LogRenderer: Reallocating scene render targets to support 4512x2256 Format 10 NumSamples 1 (Frame:1).
[2018.09.07-01.50.57:383][527]LogBlueprintUserMessages: Early EndPlayMap Detection: Level '/Game/_Scenes/Maze.Maze:PersistentLevel' has LevelScriptBlueprint '/Game/_Scenes/Maze.Maze:PersistentLevel.Maze' with GeneratedClass '/Game/_Scenes/Maze.Maze_C' with ClassGeneratedBy '/Game/_Scenes/Maze.Maze:PersistentLevel.Maze'
[2018.09.07-01.50.57:639][527]LogSlate: Window 'CIU_CarnEvil_Final Game Preview Standalone (64-bit/PCD3D_SM5)' being destroyed
[2018.09.07-01.50.57:674][527]LogBlueprintUserMessages: Late EndPlayMap Detection: Level '/Game/_Scenes/Maze.Maze:PersistentLevel' has LevelScriptBlueprint '/Game/_Scenes/Maze.Maze:PersistentLevel.Maze' with GeneratedClass '/Game/_Scenes/Maze.Maze_C' with ClassGeneratedBy '/Game/_Scenes/Maze.Maze:PersistentLevel.Maze'
[2018.09.07-01.51.07:984][684]LogEditorViewport: Clicking on Actor (LMB): MotionControllerPawn_C (VRPawn)
[2018.09.07-01.51.14:214][250]LogSlate: FSceneViewport::OnFocusLost() reason 0
[2018.09.07-01.51.14:315][262]LogTemp: Repeating last play command: VR Preview
[2018.09.07-01.51.14:340][262]LogBlueprintUserMessages: Early PlayInEditor Detection: Level '/Game/_Scenes/Maze.Maze:PersistentLevel' has LevelScriptBlueprint '/Game/_Scenes/Maze.Maze:PersistentLevel.Maze' with GeneratedClass '/Game/_Scenes/Maze.Maze_C' with ClassGeneratedBy '/Game/_Scenes/Maze.Maze:PersistentLevel.Maze'
[2018.09.07-01.51.14:340][262]LogPlayLevel: PlayLevel: No blueprints needed recompiling
[2018.09.07-01.51.14:341][262]PIE: New page: PIE session: Maze (7 Sep 2018 21:51:14)
[2018.09.07-01.51.14:341][262]LogPlayLevel: Creating play world package: /Game/_Scenes/UEDPIE_0_Maze
[2018.09.07-01.51.14:349][262]LogPlayLevel: PIE: StaticDuplicateObject took: (0.007807s)
[2018.09.07-01.51.14:349][262]LogAIModule: Creating AISystem for world Maze
[2018.09.07-01.51.14:349][262]LogPlayLevel: PIE: World Init took: (0.000655s)
[2018.09.07-01.51.14:349][262]LogPlayLevel: PIE: Created PIE world by copying editor world from /Game/_Scenes/Maze.Maze to /Game/_Scenes/UEDPIE_0_Maze.Maze (0.008632s)
[2018.09.07-01.51.14:420][262]LogInit: XAudio2 using 'Headset Earphone (Sennheiser Communication Audio)' : 2 channels at 48 kHz using 16 bits per sample (channel mask 0x3)
[2018.09.07-01.51.14:433][262]LogInit: FAudioDevice initialized.
[2018.09.07-01.51.14:544][262]LogUObjectGlobals: Warning: Failed to find object 'Class None.'
[2018.09.07-01.51.14:544][262]LogLoad: Game class is 'GameModeBase'
[2018.09.07-01.51.14:552][262]LogWorld: Bringing World /Game/_Scenes/UEDPIE_0_Maze.Maze up for play (max tick rate 0) at 2018.09.07-11.51.14
[2018.09.07-01.51.14:553][262]LogWorld: Bringing up level for play took: 0.008453
[2018.09.07-01.51.14:566][262]PIE: Play in editor start time for /Game/_Scenes/UEDPIE_0_Maze -0.247
[2018.09.07-01.51.14:567][262]LogBlueprintUserMessages: Late PlayInEditor Detection: Level '/Game/_Scenes/Maze.Maze:PersistentLevel' has LevelScriptBlueprint '/Game/_Scenes/Maze.Maze:PersistentLevel.Maze' with GeneratedClass '/Game/_Scenes/Maze.Maze_C' with ClassGeneratedBy '/Game/_Scenes/Maze.Maze:PersistentLevel.Maze'
[2018.09.07-01.52.02:916][599]LogBlueprintUserMessages: Early EndPlayMap Detection: Level '/Game/_Scenes/Maze.Maze:PersistentLevel' has LevelScriptBlueprint '/Game/_Scenes/Maze.Maze:PersistentLevel.Maze' with GeneratedClass '/Game/_Scenes/Maze.Maze_C' with ClassGeneratedBy '/Game/_Scenes/Maze.Maze:PersistentLevel.Maze'
[2018.09.07-01.52.03:163][599]LogSlate: Window 'CIU_CarnEvil_Final Game Preview Standalone (64-bit/PCD3D_SM5)' being destroyed
[2018.09.07-01.52.03:210][599]LogBlueprintUserMessages: Late EndPlayMap Detection: Level '/Game/_Scenes/Maze.Maze:PersistentLevel' has LevelScriptBlueprint '/Game/_Scenes/Maze.Maze:PersistentLevel.Maze' with GeneratedClass '/Game/_Scenes/Maze.Maze_C' with ClassGeneratedBy '/Game/_Scenes/Maze.Maze:PersistentLevel.Maze'
[2018.09.07-01.52.08:986][262]LogEditorViewport: Clicking on Actor (LMB): PaperSpriteActor (OriginalAsset_Carn_Wall_Sprite)
[2018.09.07-01.52.55:716][731]LogSlate: FSceneViewport::OnFocusLost() reason 0
[2018.09.07-01.53.04:717][753]LogSlate: FSceneViewport::OnFocusLost() reason 0
[2018.09.07-01.53.08:876][211]LogSlate: FSceneViewport::OnFocusLost() reason 0
[2018.09.07-01.53.12:477][598]LogSlate: FSceneViewport::OnFocusLost() reason 0
[2018.09.07-01.53.15:559][933]LogSlate: FSceneViewport::OnFocusLost() reason 0
[2018.09.07-01.53.34:927][ 93]LogEditorViewport: Clicking on Actor (LMB): StaticMeshActor (Tunnel_BentEndforCornersNotSmooth)
[2018.09.07-01.53.38:144][457]LogSlate: FSceneViewport::OnFocusLost() reason 0
[2018.09.07-01.53.40:709][748]Cmd: DUPLICATE
[2018.09.07-01.53.40:709][748]Cmd: ACTOR DUPLICATE
[2018.09.07-01.53.46:045][358]Cmd: DUPLICATE
[2018.09.07-01.53.46:046][358]Cmd: ACTOR DUPLICATE
[2018.09.07-01.53.53:513][193]Cmd: DELETE
[2018.09.07-01.53.53:514][193]Cmd: ACTOR DELETE
[2018.09.07-01.53.53:517][193]LogEditorActor: Deleted Actor: StaticMeshActor
[2018.09.07-01.53.53:517][193]LogEditorActor: Deleted Actor: StaticMeshActor
[2018.09.07-01.53.53:517][193]LogEditorActor: Deleted Actor: StaticMeshActor
[2018.09.07-01.53.53:534][193]LogEditorActor: Deleted 3 Actors (0.020 secs)
[2018.09.07-01.53.55:644][401]LogEditorViewport: Clicking on Actor (LMB): StaticMeshActor (Tunnel_BentEndforCornersSmooth)
[2018.09.07-01.53.57:098][562]LogSlate: FSceneViewport::OnFocusLost() reason 0
[2018.09.07-01.54.00:134][901]Cmd: DUPLICATE
[2018.09.07-01.54.00:134][901]Cmd: ACTOR DUPLICATE
[2018.09.07-01.54.31:674][378]LogSlate: FSceneViewport::OnFocusLost() reason 0
[2018.09.07-01.54.43:115][694]Cmd: OBJ SAVEPACKAGE PACKAGE="/Game/_Scenes/Maze" FILE="C:/Users/Matt/Desktop/CIU_Final_CarnEvil_4.19.2/CIU_CarnEvil_Final/Content/_Scenes/Maze.umap" SILENT=true AUTOSAVING=false KEEPDIRTY=false
[2018.09.07-01.54.43:303][694]LogSavePackage: Save=147.63ms
[2018.09.07-01.54.43:303][694]LogSavePackage: Moving 'C:/Users/Matt/Desktop/CIU_Final_CarnEvil_4.19.2/CIU_CarnEvil_Final/Saved/Maze69B6AAE0486B7500637497AF36B5B479.tmp' to 'C:/Users/Matt/Desktop/CIU_Final_CarnEvil_4.19.2/CIU_CarnEvil_Final/Content/_Scenes/Maze.umap'
[2018.09.07-01.54.43:306][694]LogSavePackage: Display: Finished SavePackage C:/Users/Matt/Desktop/CIU_Final_CarnEvil_4.19.2/CIU_CarnEvil_Final/Content/_Scenes/Maze.umap
[2018.09.07-01.54.43:354][694]LogFileHelpers: Saving map 'Maze' took 0.290
[2018.09.07-01.54.49:325][353]Cmd: CLOSE_SLATE_MAINFRAME
[2018.09.07-01.54.49:433][353]LogSlate: Window 'CIU_CarnEvil_Final - Unreal Editor' being destroyed
[2018.09.07-01.54.49:433][353]LogWindowsTextInputMethodSystem: Display: IME system now deactivated.
[2018.09.07-01.54.49:688][354]Cmd: QUIT_EDITOR
[2018.09.07-01.54.50:624][354]LogSlate: Slate User Destroyed.  User Index 0, Is Virtual User: 0
[2018.09.07-01.54.50:624][354]LogExit: Preparing to exit.
[2018.09.07-01.54.50:941][354]LogExit: Editor shut down
[2018.09.07-01.54.50:945][354]LogExit: Transaction tracking system shut down
[2018.09.07-01.54.50:946][354]LogUObjectGlobals: Destroyed PersistentFrame Addr=0x0000028a99962080, Size=24
[2018.09.07-01.54.50:947][354]LogUObjectGlobals: Destroyed PersistentFrame Addr=0x0000028aa3759000, Size=968
[2018.09.07-01.54.50:951][354]LogUObjectGlobals: Destroyed PersistentFrame Addr=0x0000028a9a244400, Size=752
[2018.09.07-01.54.51:254][354]LogDirectoryWatcher: A directory notification for '../../../Engine/Content/' was aborted.
[2018.09.07-01.54.51:254][354]LogDirectoryWatcher: A directory notification for 'C:/Users/Matt/Desktop/CIU_Final_CarnEvil_4.19.2/CIU_CarnEvil_Final/Content/' was aborted.
[2018.09.07-01.54.51:254][354]LogDirectoryWatcher: A directory notification for '../../Plugins/2D/Paper2D/Content/' was aborted.
[2018.09.07-01.54.51:255][354]LogDirectoryWatcher: A directory notification for '../../Plugins/Enterprise/DatasmithContent/Content/' was aborted.
[2018.09.07-01.54.51:255][354]LogDirectoryWatcher: A directory notification for '../../Plugins/Media/MediaCompositing/Content/' was aborted.
[2018.09.07-01.54.51:255][354]LogDirectoryWatcher: A directory notification for '../../Plugins/Runtime/AppleARKit/Content/' was aborted.
[2018.09.07-01.54.51:255][354]LogDirectoryWatcher: A directory notification for '../../Plugins/Runtime/Oculus/OculusVR/Content/' was aborted.
[2018.09.07-01.54.51:255][354]LogDirectoryWatcher: A directory notification for '../../Plugins/Runtime/Steam/SteamVR/Content/' was aborted.
[2018.09.07-01.54.51:388][354]LogExit: Object subsystem successfully closed.
[2018.09.07-01.54.51:482][354]LogShaderCompilers: Display: Shaders left to compile 0
[2018.09.07-01.54.51:486][354]LogD3D11RHI: Shutdown
[2018.09.07-01.54.51:486][354]LogD3D11RHI: CleanupD3DDevice
[2018.09.07-01.54.51:489][354]LogD3D11RHI: ~FD3D11DynamicRHI
[2018.09.07-01.54.51:498][354]LogModuleManager: Shutting down and abandoning module HierarchicalLODUtilities (578)
[2018.09.07-01.54.51:498][354]LogModuleManager: Shutting down and abandoning module MovieSceneCapture (576)
[2018.09.07-01.54.51:498][354]LogModuleManager: Shutting down and abandoning module HierarchicalLODOutliner (574)
[2018.09.07-01.54.51:498][354]LogModuleManager: Shutting down and abandoning module SceneOutliner (572)
[2018.09.07-01.54.51:498][354]LogModuleManager: Shutting down and abandoning module AddContentDialog (570)
[2018.09.07-01.54.51:498][354]LogDirectoryWatcher: A directory notification for 'D:/Game Engines/Epic Games/UE_4.19/FeaturePacks/' was aborted.
[2018.09.07-01.54.51:499][354]LogDirectoryWatcher: A directory notification for 'D:/Game Engines/Epic Games/UE_4.19/Enterprise/FeaturePacks/' was aborted.
[2018.09.07-01.54.51:499][354]LogModuleManager: Shutting down and abandoning module WidgetCarousel (569)
[2018.09.07-01.54.51:499][354]LogModuleManager: Shutting down and abandoning module EditorWidgets (566)
[2018.09.07-01.54.51:499][354]LogModuleManager: Shutting down and abandoning module CollectionManager (564)
[2018.09.07-01.54.51:499][354]LogDirectoryWatcher: A directory notification for 'C:/Users/Matt/Desktop/CIU_Final_CarnEvil_4.19.2/CIU_CarnEvil_Final/Content/Collections/' was aborted.
[2018.09.07-01.54.51:500][354]LogDirectoryWatcher: A directory notification for 'C:/Users/Matt/Desktop/CIU_Final_CarnEvil_4.19.2/CIU_CarnEvil_Final/Content/Developers/Matt/Collections/' was aborted.
[2018.09.07-01.54.51:500][354]LogDirectoryWatcher: A directory notification for 'C:/Users/Matt/Desktop/CIU_Final_CarnEvil_4.19.2/CIU_CarnEvil_Final/Saved/Collections/' was aborted.
[2018.09.07-01.54.51:500][354]LogModuleManager: Shutting down and abandoning module StatsViewer (562)
[2018.09.07-01.54.51:500][354]LogModuleManager: Shutting down and abandoning module FoliageEdit (560)
[2018.09.07-01.54.51:500][354]LogModuleManager: Shutting down and abandoning module LandscapeEditor (558)
[2018.09.07-01.54.51:500][354]LogModuleManager: Shutting down and abandoning module MeshPaintMode (556)
[2018.09.07-01.54.51:500][354]LogModuleManager: Shutting down and abandoning module SceneDepthPickerMode (554)
[2018.09.07-01.54.51:500][354]LogModuleManager: Shutting down and abandoning module ActorPickerMode (552)
[2018.09.07-01.54.51:500][354]LogModuleManager: Shutting down and abandoning module GeometryMode (550)
[2018.09.07-01.54.51:500][354]LogModuleManager: Shutting down and abandoning module TextureAlignMode (548)
[2018.09.07-01.54.51:500][354]LogModuleManager: Shutting down and abandoning module BspMode (546)
[2018.09.07-01.54.51:500][354]LogModuleManager: Shutting down and abandoning module PIEPreviewDeviceProfileSelector (544)
[2018.09.07-01.54.51:500][354]LogModuleManager: Shutting down and abandoning module HardwareSurvey (542)
[2018.09.07-01.54.51:500][354]LogModuleManager: Shutting down and abandoning module SequenceRecorderSections (540)
[2018.09.07-01.54.51:500][354]LogModuleManager: Shutting down and abandoning module AutomationWorker (538)
[2018.09.07-01.54.51:500][354]LogModuleManager: Shutting down and abandoning module AudioCaptureEditor (536)
[2018.09.07-01.54.51:500][354]LogModuleManager: Shutting down and abandoning module SequenceRecorder (535)
[2018.09.07-01.54.51:500][354]LogModuleManager: Shutting down and abandoning module MatineeToLevelSequence (532)
[2018.09.07-01.54.51:500][354]LogModuleManager: Shutting down and abandoning module LevelSequenceEditor (530)
[2018.09.07-01.54.51:500][354]LogModuleManager: Shutting down and abandoning module PlacementMode (529)
[2018.09.07-01.54.51:500][354]LogModuleManager: Shutting down and abandoning module MaterialEditor (528)
[2018.09.07-01.54.51:500][354]LogModuleManager: Shutting down and abandoning module WmfMediaFactory (524)
[2018.09.07-01.54.51:500][354]LogModuleManager: Shutting down and abandoning module WmfMediaEditor (522)
[2018.09.07-01.54.51:500][354]LogModuleManager: Shutting down and abandoning module MediaPlayerEditor (520)
[2018.09.07-01.54.51:500][354]LogModuleManager: Shutting down and abandoning module OpenExrWrapper (518)
[2018.09.07-01.54.51:500][354]LogModuleManager: Shutting down and abandoning module ImgMediaFactory (516)
[2018.09.07-01.54.51:500][354]LogModuleManager: Shutting down and abandoning module ImgMediaEditor (514)
[2018.09.07-01.54.51:500][354]LogModuleManager: Shutting down and abandoning module AvfMediaFactory (512)
[2018.09.07-01.54.51:500][354]LogModuleManager: Shutting down and abandoning module AvfMediaEditor (510)
[2018.09.07-01.54.51:500][354]LogModuleManager: Shutting down and abandoning module AndroidMediaFactory (508)
[2018.09.07-01.54.51:500][354]LogModuleManager: Shutting down and abandoning module AndroidMediaEditor (506)
[2018.09.07-01.54.51:500][354]LogModuleManager: Shutting down and abandoning module CharacterAI (504)
[2018.09.07-01.54.51:500][354]LogModuleManager: Shutting down and abandoning module SmartSnapping (502)
[2018.09.07-01.54.51:500][354]LogModuleManager: Shutting down and abandoning module SessionServices (500)
[2018.09.07-01.54.51:500][354]LogModuleManager: Shutting down and abandoning module ViewportSnapping (498)
[2018.09.07-01.54.51:500][354]LogModuleManager: Shutting down and abandoning module ViewportInteraction (496)
[2018.09.07-01.54.51:500][354]LogModuleManager: Shutting down and abandoning module ClothPainter (494)
[2018.09.07-01.54.51:500][354]LogModuleManager: Shutting down and abandoning module SkeletalMeshEditor (493)
[2018.09.07-01.54.51:500][354]LogModuleManager: Shutting down and abandoning module LogVisualizer (490)
[2018.09.07-01.54.51:500][354]LogModuleManager: Shutting down and abandoning module IntroTutorials (488)
[2018.09.07-01.54.51:501][354]LogModuleManager: Shutting down and abandoning module GameProjectGeneration (487)
[2018.09.07-01.54.51:501][354]LogModuleManager: Shutting down and abandoning module IOSPlatformEditor (484)
[2018.09.07-01.54.51:501][354]LogModuleManager: Shutting down and abandoning module HTML5PlatformEditor (482)
[2018.09.07-01.54.51:501][354]LogModuleManager: Shutting down and abandoning module AndroidPlatformEditor (480)
[2018.09.07-01.54.51:501][354]LogModuleManager: Shutting down and abandoning module AndroidDeviceDetection (479)
[2018.09.07-01.54.51:723][354]LogModuleManager: Shutting down and abandoning module WindowsPlatformEditor (476)
[2018.09.07-01.54.51:723][354]LogModuleManager: Shutting down and abandoning module IOSRuntimeSettings (474)
[2018.09.07-01.54.51:723][354]LogModuleManager: Shutting down and abandoning module AndroidRuntimeSettings (472)
[2018.09.07-01.54.51:723][354]LogModuleManager: Shutting down and abandoning module InputBindingEditor (470)
[2018.09.07-01.54.51:723][354]LogModuleManager: Shutting down and abandoning module MergeActors (468)
[2018.09.07-01.54.51:723][354]LogModuleManager: Shutting down and abandoning module LocalizationDashboard (466)
[2018.09.07-01.54.51:723][354]LogModuleManager: Shutting down and abandoning module LocalizationService (465)
[2018.09.07-01.54.51:723][354]LogModuleManager: Shutting down and abandoning module HardwareTargeting (462)
[2018.09.07-01.54.51:723][354]LogModuleManager: Shutting down and abandoning module DeviceProfileEditor (460)
[2018.09.07-01.54.51:724][354]LogModuleManager: Shutting down and abandoning module UndoHistory (458)
[2018.09.07-01.54.51:724][354]LogModuleManager: Shutting down and abandoning module XmlParser (456)
[2018.09.07-01.54.51:724][354]LogModuleManager: Shutting down and abandoning module Blutility (454)
[2018.09.07-01.54.51:724][354]LogModuleManager: Shutting down and abandoning module ProjectSettingsViewer (452)
[2018.09.07-01.54.51:724][354]LogModuleManager: Shutting down and abandoning module ProjectTargetPlatformEditor (451)
[2018.09.07-01.54.51:724][354]LogModuleManager: Shutting down and abandoning module EditorSettingsViewer (448)
[2018.09.07-01.54.51:724][354]LogModuleManager: Shutting down and abandoning module SettingsEditor (446)
[2018.09.07-01.54.51:724][354]LogModuleManager: Shutting down and abandoning module ProjectLauncher (444)
[2018.09.07-01.54.51:724][354]LogModuleManager: Shutting down and abandoning module SessionFrontend (442)
[2018.09.07-01.54.51:724][354]LogModuleManager: Shutting down and abandoning module ProfilerClient (440)
[2018.09.07-01.54.51:724][354]LogModuleManager: Shutting down and abandoning module DeviceManager (438)
[2018.09.07-01.54.51:724][354]LogModuleManager: Shutting down and abandoning module TargetDeviceServices (437)
[2018.09.07-01.54.51:790][354]LogModuleManager: Shutting down and abandoning module AutomationController (434)
[2018.09.07-01.54.51:790][354]LogModuleManager: Shutting down and abandoning module AutomationWindow (432)
[2018.09.07-01.54.51:790][354]LogModuleManager: Shutting down and abandoning module Layers (430)
[2018.09.07-01.54.51:790][354]LogModuleManager: Shutting down and abandoning module ComponentVisualizers (428)
[2018.09.07-01.54.51:790][354]LogModuleManager: Shutting down and abandoning module DetailCustomizations (426)
[2018.09.07-01.54.51:790][354]LogModuleManager: Shutting down and abandoning module PackagesDialog (424)
[2018.09.07-01.54.51:790][354]LogModuleManager: Shutting down and abandoning module Persona (422)
[2018.09.07-01.54.51:791][354]LogModuleManager: Shutting down and abandoning module AdvancedPreviewScene (421)
[2018.09.07-01.54.51:791][354]LogModuleManager: Shutting down and abandoning module AnimGraph (419)
[2018.09.07-01.54.51:791][354]LogModuleManager: Shutting down and abandoning module Kismet (416)
[2018.09.07-01.54.51:792][354]LogModuleManager: Shutting down and abandoning module GraphEditor (414)
[2018.09.07-01.54.51:792][354]LogModuleManager: Shutting down and abandoning module ClassViewer (412)
[2018.09.07-01.54.51:792][354]LogModuleManager: Shutting down and abandoning module Toolbox (410)
[2018.09.07-01.54.51:792][354]LogModuleManager: Shutting down and abandoning module ModuleUI (408)
[2018.09.07-01.54.51:792][354]LogModuleManager: Shutting down and abandoning module MovieSceneTools (406)
[2018.09.07-01.54.51:792][354]LogModuleManager: Shutting down and abandoning module OutputLog (404)
[2018.09.07-01.54.51:792][354]LogModuleManager: Shutting down and abandoning module GammaUI (402)
[2018.09.07-01.54.51:792][354]LogModuleManager: Shutting down and abandoning module Documentation (400)
[2018.09.07-01.54.51:793][354]LogModuleManager: Shutting down and abandoning module MovieSceneTracks (398)
[2018.09.07-01.54.51:793][354]LogModuleManager: Shutting down and abandoning module MovieScene (396)
[2018.09.07-01.54.51:793][354]LogModuleManager: Shutting down and abandoning module StreamingPauseRendering (394)
[2018.09.07-01.54.51:793][354]LogModuleManager: Shutting down and abandoning module LauncherPlatform (392)
[2018.09.07-01.54.51:793][354]LogModuleManager: Shutting down and abandoning module AnalyticsET (390)
[2018.09.07-01.54.51:793][354]LogModuleManager: Shutting down and abandoning module PortalServices (388)
[2018.09.07-01.54.51:793][354]LogModuleManager: Shutting down and abandoning module PortalRpc (386)
[2018.09.07-01.54.51:793][354]LogModuleManager: Shutting down and abandoning module MessagingRpc (384)
[2018.09.07-01.54.51:793][354]LogModuleManager: Shutting down and abandoning module AIModule (382)
[2018.09.07-01.54.51:793][354]LogModuleManager: Shutting down and abandoning module GameplayDebugger (381)
[2018.09.07-01.54.51:793][354]LogModuleManager: Shutting down and abandoning module AITestSuite (379)
[2018.09.07-01.54.51:793][354]LogModuleManager: Shutting down and abandoning module DesktopPlatform (376)
[2018.09.07-01.54.51:793][354]LogModuleManager: Shutting down and abandoning module ProfilerService (374)
[2018.09.07-01.54.51:859][354]LogModuleManager: Shutting down and abandoning module TaskGraph (372)
[2018.09.07-01.54.51:859][354]LogModuleManager: Shutting down and abandoning module SteamVRController (370)
[2018.09.07-01.54.51:859][354]LogModuleManager: Shutting down and abandoning module ProceduralMeshComponentEditor (368)
[2018.09.07-01.54.51:859][354]LogModuleManager: Shutting down and abandoning module ProceduralMeshComponent (366)
[2018.09.07-01.54.51:859][354]LogModuleManager: Shutting down and abandoning module OculusInput (364)
[2018.09.07-01.54.51:859][354]LogModuleManager: Shutting down and abandoning module MobilePatchingUtils (362)
[2018.09.07-01.54.51:859][354]LogModuleManager: Shutting down and abandoning module CustomMeshComponent (360)
[2018.09.07-01.54.51:859][354]LogModuleManager: Shutting down and abandoning module CableComponent (358)
[2018.09.07-01.54.51:859][354]LogModuleManager: Shutting down and abandoning module AudioCapture (356)
[2018.09.07-01.54.51:859][354]LogModuleManager: Shutting down and abandoning module ArchVisCharacter (354)
[2018.09.07-01.54.51:859][354]LogModuleManager: Shutting down and abandoning module AndroidPermission (352)
[2018.09.07-01.54.51:859][354]LogModuleManager: Shutting down and abandoning module NUTUnrealEngine4 (348)
[2018.09.07-01.54.51:859][354]LogModuleManager: Shutting down and abandoning module NetcodeUnitTest (346)
[2018.09.07-01.54.51:859][354]LogModuleManager: Shutting down and abandoning module MediaCompositingEditor (344)
[2018.09.07-01.54.51:860][354]LogModuleManager: Shutting down and abandoning module MediaCompositing (342)
[2018.09.07-01.54.51:860][354]LogModuleManager: Shutting down and abandoning module LinearTimecode (340)
[2018.09.07-01.54.51:860][354]LogModuleManager: Shutting down and abandoning module ImgMedia (338)
[2018.09.07-01.54.51:867][354]LogModuleManager: Shutting down and abandoning module HTML5Networking (336)
[2018.09.07-01.54.51:867][354]LogModuleManager: Shutting down and abandoning module AlembicImporter (334)
[2018.09.07-01.54.51:867][354]LogModuleManager: Shutting down and abandoning module AlembicLibrary (333)
[2018.09.07-01.54.51:867][354]LogModuleManager: Shutting down and abandoning module GeometryCache (332)
[2018.09.07-01.54.51:867][354]LogModuleManager: Shutting down and abandoning module GeometryCacheEd (331)
[2018.09.07-01.54.51:867][354]LogModuleManager: Shutting down and abandoning module DatasmithContent (326)
[2018.09.07-01.54.51:867][354]LogModuleManager: Shutting down and abandoning module SpeedTreeImporter (324)
[2018.09.07-01.54.51:867][354]LogModuleManager: Shutting down and abandoning module PluginBrowser (322)
[2018.09.07-01.54.51:867][354]LogModuleManager: Shutting down and abandoning module MobileLauncherProfileWizard (320)
[2018.09.07-01.54.51:867][354]LogModuleManager: Shutting down and abandoning module CryptoKeysOpenSSL (318)
[2018.09.07-01.54.51:868][354]LogModuleManager: Shutting down and abandoning module CryptoKeys (316)
[2018.09.07-01.54.51:868][354]LogModuleManager: Shutting down and abandoning module VisualStudioSourceCodeAccess (314)
[2018.09.07-01.54.51:868][354]LogModuleManager: Shutting down and abandoning module VisualStudioCodeSourceCodeAccess (312)
[2018.09.07-01.54.51:868][354]LogModuleManager: Shutting down and abandoning module UObjectPlugin (310)
[2018.09.07-01.54.51:868][354]LogModuleManager: Shutting down and abandoning module SubversionSourceControl (308)
[2018.09.07-01.54.51:868][354]LogModuleManager: Shutting down and abandoning module PerforceSourceControl (306)
[2018.09.07-01.54.51:868][354]LogModuleManager: Shutting down and abandoning module GitSourceControl (304)
[2018.09.07-01.54.51:868][354]LogModuleManager: Shutting down and abandoning module SourceControl (303)
[2018.09.07-01.54.51:868][354]LogModuleManager: Shutting down and abandoning module CLionSourceCodeAccess (300)
[2018.09.07-01.54.51:868][354]LogModuleManager: Shutting down and abandoning module LightPropagationVolumeEditor (298)
[2018.09.07-01.54.51:868][354]LogModuleManager: Shutting down and abandoning module PaperTiledImporter (296)
[2018.09.07-01.54.51:868][354]LogModuleManager: Shutting down and abandoning module PaperSpriteSheetImporter (294)
[2018.09.07-01.54.51:868][354]LogModuleManager: Shutting down and abandoning module Paper2DEditor (292)
[2018.09.07-01.54.51:868][354]LogModuleManager: Shutting down and abandoning module MeshPaint (291)
[2018.09.07-01.54.51:868][354]LogModuleManager: Shutting down and abandoning module RuntimePhysXCooking (288)
[2018.09.07-01.54.51:868][354]LogModuleManager: Shutting down and abandoning module PhysXVehiclesEditor (286)
[2018.09.07-01.54.51:869][354]LogModuleManager: Shutting down and abandoning module PhysXVehicles (284)
[2018.09.07-01.54.51:869][354]LogModuleManager: Shutting down and abandoning module OculusEditor (282)
[2018.09.07-01.54.51:869][354]LogModuleManager: Shutting down and abandoning module LocationServicesBPLibrary (280)
[2018.09.07-01.54.51:869][354]LogModuleManager: Shutting down and abandoning module ImmediatePhysicsEditor (278)
[2018.09.07-01.54.51:869][354]LogModuleManager: Shutting down and abandoning module ImmediatePhysics (276)
[2018.09.07-01.54.51:869][354]LogModuleManager: Shutting down and abandoning module ActorSequence (274)
[2018.09.07-01.54.51:869][354]LogModuleManager: Shutting down and abandoning module UdpMessaging (272)
[2018.09.07-01.54.51:969][354]LogModuleManager: Shutting down and abandoning module TcpMessaging (270)
[2018.09.07-01.54.52:070][354]LogModuleManager: Shutting down and abandoning module GameplayTagsEditor (268)
[2018.09.07-01.54.52:070][354]LogModuleManager: Shutting down and abandoning module FacialAnimationEditor (266)
[2018.09.07-01.54.52:070][354]LogModuleManager: Shutting down and abandoning module FacialAnimation (264)
[2018.09.07-01.54.52:070][354]LogModuleManager: Shutting down and abandoning module DataValidation (262)
[2018.09.07-01.54.52:070][354]LogModuleManager: Shutting down and abandoning module AssetManagerEditor (260)
[2018.09.07-01.54.52:070][354]LogModuleManager: Shutting down and abandoning module LevelEditor (259)
[2018.09.07-01.54.52:072][354]LogModuleManager: Shutting down and abandoning module PixelInspectorModule (258)
[2018.09.07-01.54.52:072][354]LogModuleManager: Shutting down and abandoning module CommonMenuExtensions (256)
[2018.09.07-01.54.52:072][354]LogModuleManager: Shutting down and abandoning module MainFrame (254)
[2018.09.07-01.54.52:072][354]LogModuleManager: Shutting down and abandoning module HotReload (253)
[2018.09.07-01.54.52:073][354]LogModuleManager: Shutting down and abandoning module ContentBrowser (249)
[2018.09.07-01.54.52:075][354]LogModuleManager: Shutting down and abandoning module TreeMap (247)
[2018.09.07-01.54.52:075][354]LogModuleManager: Shutting down and abandoning module LightPropagationVolumeRuntime (244)
[2018.09.07-01.54.52:075][354]LogModuleManager: Shutting down and abandoning module LiveLinkEditor (242)
[2018.09.07-01.54.52:075][354]LogModuleManager: Shutting down and abandoning module LiveLink (240)
[2018.09.07-01.54.52:646][354]LogModuleManager: Shutting down and abandoning module Paper2D (238)
[2018.09.07-01.54.52:646][354]LogModuleManager: Shutting down and abandoning module WindowsMoviePlayer (236)
[2018.09.07-01.54.52:647][354]LogModuleManager: Shutting down and abandoning module WmfMedia (234)
[2018.09.07-01.54.52:649][354]LogModuleManager: Shutting down and abandoning module Media (233)
[2018.09.07-01.54.52:655][354]LogModuleManager: Shutting down and abandoning module PacketHandler (230)
[2018.09.07-01.54.52:655][354]LogModuleManager: Shutting down and abandoning module ClothingSystemEditor (228)
[2018.09.07-01.54.52:655][354]LogModuleManager: Shutting down and abandoning module ClothingSystemRuntime (226)
[2018.09.07-01.54.52:655][354]LogModuleManager: Shutting down and abandoning module MediaAssets (224)
[2018.09.07-01.54.52:655][354]LogModuleManager: Shutting down and abandoning module Overlay (222)
[2018.09.07-01.54.52:656][354]LogModuleManager: Shutting down and abandoning module OverlayEditor (221)
[2018.09.07-01.54.52:656][354]LogModuleManager: Shutting down and abandoning module VREditor (218)
[2018.09.07-01.54.52:656][354]LogModuleManager: Shutting down and abandoning module StringTableEditor (216)
[2018.09.07-01.54.52:656][354]LogModuleManager: Shutting down and abandoning module GameplayTasksEditor (214)
[2018.09.07-01.54.52:656][354]LogModuleManager: Shutting down and abandoning module BehaviorTreeEditor (212)
[2018.09.07-01.54.52:656][354]LogModuleManager: Shutting down and abandoning module FunctionalTesting (210)
[2018.09.07-01.54.52:656][354]LogModuleManager: Shutting down and abandoning module CollisionAnalyzer (208)
[2018.09.07-01.54.52:656][354]LogModuleManager: Shutting down and abandoning module WorkspaceMenuStructure (207)
[2018.09.07-01.54.52:656][354]LogModuleManager: Shutting down and abandoning module UMG (204)
[2018.09.07-01.54.52:656][354]LogModuleManager: Shutting down and abandoning module UMGEditor (203)
[2018.09.07-01.54.52:656][354]LogModuleManager: Shutting down and abandoning module Sequencer (202)
[2018.09.07-01.54.52:656][354]LogModuleManager: Shutting down and abandoning module MessageLog (199)
[2018.09.07-01.54.52:656][354]LogModuleManager: Shutting down and abandoning module SlateReflector (194)
[2018.09.07-01.54.52:657][354]LogModuleManager: Shutting down and abandoning module Slate (192)
[2018.09.07-01.54.52:657][354]LogModuleManager: Shutting down and abandoning module EditorStyle (190)
[2018.09.07-01.54.52:660][354]LogModuleManager: Shutting down and abandoning module MRMesh (188)
[2018.09.07-01.54.52:660][354]LogModuleManager: Shutting down and abandoning module SourceCodeAccess (186)
[2018.09.07-01.54.52:660][354]LogModuleManager: Shutting down and abandoning module HeadMountedDisplay (184)
[2018.09.07-01.54.52:660][354]LogModuleManager: Shutting down and abandoning module XAudio2 (182)
[2018.09.07-01.54.52:661][354]LogModuleManager: Shutting down and abandoning module Networking (180)
[2018.09.07-01.54.52:661][354]LogModuleManager: Shutting down and abandoning module Core (178)
[2018.09.07-01.54.52:661][354]LogModuleManager: Shutting down and abandoning module LevelSequence (176)
[2018.09.07-01.54.52:661][354]LogModuleManager: Shutting down and abandoning module KismetCompiler (174)
[2018.09.07-01.54.52:661][354]LogModuleManager: Shutting down and abandoning module MeshUtilities (172)
[2018.09.07-01.54.52:661][354]LogModuleManager: Shutting down and abandoning module MeshMergeUtilities (171)
[2018.09.07-01.54.52:661][354]LogModuleManager: Shutting down and abandoning module MeshReductionInterface (170)
[2018.09.07-01.54.52:661][354]LogModuleManager: Shutting down and abandoning module SimplygonSwarm (169)
[2018.09.07-01.54.52:661][354]LogModuleManager: Shutting down and abandoning module SimplygonMeshReduction (167)
[2018.09.07-01.54.52:661][354]LogModuleManager: Shutting down and abandoning module QuadricMeshReduction (165)
[2018.09.07-01.54.52:661][354]LogModuleManager: Shutting down and abandoning module MaterialBaking (161)
[2018.09.07-01.54.52:661][354]LogModuleManager: Shutting down and abandoning module DirectoryWatcher (157)
[2018.09.07-01.54.52:663][354]LogModuleManager: Shutting down and abandoning module DerivedDataCache (154)
[2018.09.07-01.54.52:681][354]LogDerivedDataCache: Shutdown
[2018.09.07-01.54.52:681][354]LogModuleManager: Shutting down and abandoning module XGEController (152)
[2018.09.07-01.54.52:681][354]LogXGEController: Cleaning working directory: C:/Users/Matt/AppData/Local/Temp/UnrealXGEWorkingDir/
[2018.09.07-01.54.52:681][354]LogModuleManager: Shutting down and abandoning module TargetPlatform (150)
[2018.09.07-01.54.52:681][354]LogModuleManager: Shutting down and abandoning module VulkanShaderFormat (149)
[2018.09.07-01.54.52:681][354]LogModuleManager: Shutting down and abandoning module ShaderFormatVectorVM (147)
[2018.09.07-01.54.52:681][354]LogModuleManager: Shutting down and abandoning module ShaderFormatOpenGL (145)
[2018.09.07-01.54.52:681][354]LogModuleManager: Shutting down and abandoning module ShaderFormatD3D (143)
[2018.09.07-01.54.52:681][354]LogModuleManager: Shutting down and abandoning module MetalShaderFormat (141)
[2018.09.07-01.54.52:681][354]LogModuleManager: Shutting down and abandoning module TextureFormatUncompressed (139)
[2018.09.07-01.54.52:682][354]LogModuleManager: Shutting down and abandoning module TextureFormatPVR (137)
[2018.09.07-01.54.52:682][354]LogModuleManager: Shutting down and abandoning module TextureFormatDXT (135)
[2018.09.07-01.54.52:682][354]LogModuleManager: Shutting down and abandoning module TextureFormatIntelISPCTexComp (133)
[2018.09.07-01.54.52:682][354]LogModuleManager: Shutting down and abandoning module TextureFormatASTC (131)
[2018.09.07-01.54.52:682][354]LogModuleManager: Shutting down and abandoning module ImageWrapper (130)
[2018.09.07-01.54.52:682][354]LogModuleManager: Shutting down and abandoning module TextureFormatAndroid (127)
[2018.09.07-01.54.52:682][354]LogModuleManager: Shutting down and abandoning module AudioFormatOpus (125)
[2018.09.07-01.54.52:682][354]LogModuleManager: Shutting down and abandoning module AudioFormatOgg (123)
[2018.09.07-01.54.52:682][354]LogModuleManager: Shutting down and abandoning module AudioFormatADPCM (121)
[2018.09.07-01.54.52:682][354]LogModuleManager: Shutting down and abandoning module LinuxTargetPlatform (119)
[2018.09.07-01.54.52:682][354]LogModuleManager: Shutting down and abandoning module LinuxServerTargetPlatform (117)
[2018.09.07-01.54.52:682][354]LogModuleManager: Shutting down and abandoning module LinuxNoEditorTargetPlatform (115)
[2018.09.07-01.54.52:682][354]LogModuleManager: Shutting down and abandoning module LinuxClientTargetPlatform (113)
[2018.09.07-01.54.52:682][354]LogModuleManager: Shutting down and abandoning module TVOSTargetPlatform (111)
[2018.09.07-01.54.52:682][354]LogModuleManager: Shutting down and abandoning module Messaging (109)
[2018.09.07-01.54.52:682][354]LogModuleManager: Shutting down and abandoning module IOSTargetPlatform (107)
[2018.09.07-01.54.52:682][354]LogModuleManager: Shutting down and abandoning module HTML5TargetPlatform (105)
[2018.09.07-01.54.52:682][354]LogModuleManager: Shutting down and abandoning module AndroidTargetPlatform (103)
[2018.09.07-01.54.52:682][354]LogModuleManager: Shutting down and abandoning module Android_PVRTCTargetPlatform (101)
[2018.09.07-01.54.52:682][354]LogModuleManager: Shutting down and abandoning module Android_MultiTargetPlatform (99)
[2018.09.07-01.54.52:682][354]LogModuleManager: Shutting down and abandoning module Android_ETC2TargetPlatform (97)
[2018.09.07-01.54.52:682][354]LogModuleManager: Shutting down and abandoning module Android_ETC1TargetPlatform (95)
[2018.09.07-01.54.52:683][354]LogModuleManager: Shutting down and abandoning module Android_ETC1aTargetPlatform (93)
[2018.09.07-01.54.52:683][354]LogModuleManager: Shutting down and abandoning module Android_DXTTargetPlatform (91)
[2018.09.07-01.54.52:683][354]LogModuleManager: Shutting down and abandoning module Android_ATCTargetPlatform (89)
[2018.09.07-01.54.52:683][354]LogModuleManager: Shutting down and abandoning module Android_ASTCTargetPlatform (87)
[2018.09.07-01.54.52:683][354]LogModuleManager: Shutting down and abandoning module WindowsTargetPlatform (85)
[2018.09.07-01.54.52:683][354]LogModuleManager: Shutting down and abandoning module WindowsServerTargetPlatform (83)
[2018.09.07-01.54.52:683][354]LogModuleManager: Shutting down and abandoning module WindowsNoEditorTargetPlatform (81)
[2018.09.07-01.54.52:683][354]LogModuleManager: Shutting down and abandoning module WindowsClientTargetPlatform (79)
[2018.09.07-01.54.52:683][354]LogModuleManager: Shutting down and abandoning module MacTargetPlatform (77)
[2018.09.07-01.54.52:683][354]LogModuleManager: Shutting down and abandoning module MacServerTargetPlatform (75)
[2018.09.07-01.54.52:683][354]LogModuleManager: Shutting down and abandoning module MacNoEditorTargetPlatform (73)
[2018.09.07-01.54.52:683][354]LogModuleManager: Shutting down and abandoning module MacClientTargetPlatform (71)
[2018.09.07-01.54.52:683][354]LogModuleManager: Shutting down and abandoning module AllDesktopTargetPlatform (69)
[2018.09.07-01.54.52:683][354]LogModuleManager: Shutting down and abandoning module InputCore (66)
[2018.09.07-01.54.52:683][354]LogModuleManager: Shutting down and abandoning module Settings (64)
[2018.09.07-01.54.52:683][354]LogModuleManager: Shutting down and abandoning module PhysXCooking (62)
[2018.09.07-01.54.52:683][354]LogModuleManager: Shutting down and abandoning module SteamVR (60)
[2018.09.07-01.54.52:683][354]LogModuleManager: Shutting down and abandoning module OculusHMD (58)
[2018.09.07-01.54.52:683][354]LogModuleManager: Shutting down and abandoning module ExampleDeviceProfileSelector (56)
[2018.09.07-01.54.52:683][354]LogModuleManager: Shutting down and abandoning module AppleARKit (54)
[2018.09.07-01.54.52:683][354]LogModuleManager: Shutting down and abandoning module AugmentedReality (51)
[2018.09.07-01.54.52:683][354]LogModuleManager: Shutting down and abandoning module OnlineBlueprintSupport (48)
[2018.09.07-01.54.52:683][354]LogModuleManager: Shutting down and abandoning module OnlineSubsystem (44)
[2018.09.07-01.54.52:684][354]LogModuleManager: Shutting down and abandoning module XMPP (43)
[2018.09.07-01.54.52:684][354]LogModuleManager: Shutting down and abandoning module HTTP (41)
[2018.09.07-01.54.52:684][354]LogHttp: Display: Http module shutting down, but needs to wait on 1 outstanding Http requests:
[2018.09.07-01.54.52:684][354]LogHttp: Display: 	verb=[POST] url=[https://datarouter.ol.epicgames.com/datarouter/api/v1/public/data?SessionID=%7BCB7A4ADE-4C40-3B54-D02D-0AA96C5CB248%7D&AppID=UEEditor.Rocket.Release&AppVersion=4.19.2-4033788%2B%2B%2BUE4%2BRelease-4.19&UserID=8670ddc143f166d963b47d878f9a65f4%7C60970d98e3a64dd2a97c27b60aa77d2a%7Cbc5c8457-a208-415d-8abb-8bae24e0202f&AppEnvironment=datacollector-binary&UploadType=eteventstream] status=Processing
[2018.09.07-01.54.52:696][354]LogModuleManager: Shutting down and abandoning module SSL (40)
[2018.09.07-01.54.52:698][354]LogModuleManager: Shutting down and abandoning module AnimationModifiers (36)
[2018.09.07-01.54.52:698][354]LogModuleManager: Shutting down and abandoning module PropertyEditor (35)
[2018.09.07-01.54.52:698][354]LogModuleManager: Shutting down and abandoning module AudioEditor (32)
[2018.09.07-01.54.52:698][354]LogModuleManager: Shutting down and abandoning module TextureCompressor (30)
[2018.09.07-01.54.52:699][354]LogModuleManager: Shutting down and abandoning module ShaderCore (28)
[2018.09.07-01.54.52:699][354]LogModuleManager: Shutting down and abandoning module Landscape (26)
[2018.09.07-01.54.52:699][354]LogModuleManager: Shutting down and abandoning module SlateRHIRenderer (24)
[2018.09.07-01.54.52:700][354]LogModuleManager: Shutting down and abandoning module OpenGLDrv (22)
[2018.09.07-01.54.52:700][354]LogModuleManager: Shutting down and abandoning module D3D11RHI (20)
[2018.09.07-01.54.52:700][354]LogModuleManager: Shutting down and abandoning module AnimGraphRuntime (18)
[2018.09.07-01.54.52:700][354]LogModuleManager: Shutting down and abandoning module Renderer (16)
[2018.09.07-01.54.52:700][354]LogModuleManager: Shutting down and abandoning module Engine (14)
[2018.09.07-01.54.52:700][354]LogModuleManager: Shutting down and abandoning module CoreUObject (12)
[2018.09.07-01.54.52:700][354]LogModuleManager: Shutting down and abandoning module NetworkFile (10)
[2018.09.07-01.54.52:700][354]LogModuleManager: Shutting down and abandoning module CookedIterativeFile (8)
[2018.09.07-01.54.52:700][354]LogModuleManager: Shutting down and abandoning module StreamingFile (6)
[2018.09.07-01.54.52:700][354]LogModuleManager: Shutting down and abandoning module SandboxFile (4)
[2018.09.07-01.54.52:700][354]LogModuleManager: Shutting down and abandoning module PakFile (2)
[2018.09.07-01.54.52:737][354]LogExit: Exiting.
[2018.09.07-01.54.52:771][354]Log file closed, 09/07/18 11:54:52
