Log file open, 09/11/18 15:08:13
LogWindows: Failed to load 'aqProf.dll' (GetLastError=126)
LogWindows: File 'aqProf.dll' does not exist
LogWindows: Failed to load 'VtuneApi.dll' (GetLastError=126)
LogWindows: File 'VtuneApi.dll' does not exist
LogWindows: Failed to load 'VtuneApi32e.dll' (GetLastError=126)
LogWindows: File 'VtuneApi32e.dll' does not exist
LogInit: Display: Running engine for game: CIU_CarnEvil_Final
LogPlatformFile: Not using cached read wrapper
LogInit: Display: RandInit(-1061586656) SRandInit(-1061586656).
LogInit: Read version file with build ID '3944462'
LogInit: Overriding engine version to CL 4033788, compatible CL 3944462
LogInit: Registered custom module enumerator with build ID '3944462'
LogTaskGraph: Started task graph with 5 named threads and 59 total threads with 3 sets of task threads.
LogStats: Stats thread started at 0.655455
LogD3D11RHI: Aftermath initialized
LogICUInternationalization: Display: ICU TimeZone Detection - Raw Offset: +10:00, Platform Override: ''
LogModuleManager: Display: Found up-to-date module file ../../../Engine/Plugins/2D/Paper2D/Binaries/Win64/UE4Editor-Paper2D.dll (API version 3944462).
LogModuleManager: Display: Found up-to-date module file ../../../Engine/Plugins/2D/Paper2D/Binaries/Win64/UE4Editor-Paper2DEditor.dll (API version 3944462).
LogModuleManager: Display: Found up-to-date module file ../../../Engine/Plugins/2D/Paper2D/Binaries/Win64/UE4Editor-PaperSpriteSheetImporter.dll (API version 3944462).
LogModuleManager: Display: Found up-to-date module file ../../../Engine/Plugins/2D/Paper2D/Binaries/Win64/UE4Editor-PaperTiledImporter.dll (API version 3944462).
LogModuleManager: Display: Found up-to-date module file ../../../Engine/Plugins/2D/Paper2D/Binaries/Win64/UE4Editor-SmartSnapping.dll (API version 3944462).
LogModuleManager: Display: Found up-to-date module file ../../../Engine/Plugins/Blendables/LightPropagationVolume/Binaries/Win64/UE4Editor-LightPropagationVolumeRuntime.dll (API version 3944462).
LogModuleManager: Display: Found up-to-date module file ../../../Engine/Plugins/Blendables/LightPropagationVolume/Binaries/Win64/UE4Editor-LightPropagationVolumeEditor.dll (API version 3944462).
LogModuleManager: Display: Found up-to-date module file ../../../Engine/Plugins/Developer/CLionSourceCodeAccess/Binaries/Win64/UE4Editor-CLionSourceCodeAccess.dll (API version 3944462).
LogModuleManager: Display: Found up-to-date module file ../../../Engine/Plugins/Developer/GitSourceControl/Binaries/Win64/UE4Editor-GitSourceControl.dll (API version 3944462).
LogModuleManager: Display: Found up-to-date module file ../../../Engine/Plugins/Developer/PerforceSourceControl/Binaries/Win64/UE4Editor-PerforceSourceControl.dll (API version 3944462).
LogModuleManager: Display: Found up-to-date module file ../../../Engine/Plugins/Developer/SubversionSourceControl/Binaries/Win64/UE4Editor-SubversionSourceControl.dll (API version 3944462).
LogModuleManager: Display: Found up-to-date module file ../../../Engine/Plugins/Developer/UObjectPlugin/Binaries/Win64/UE4Editor-UObjectPlugin.dll (API version 3944462).
LogModuleManager: Display: Found up-to-date module file ../../../Engine/Plugins/Developer/VisualStudioCodeSourceCodeAccess/Binaries/Win64/UE4Editor-VisualStudioCodeSourceCodeAccess.dll (API version 3944462).
LogModuleManager: Display: Found up-to-date module file ../../../Engine/Plugins/Developer/VisualStudioSourceCodeAccess/Binaries/Win64/UE4Editor-VisualStudioSourceCodeAccess.dll (API version 3944462).
LogModuleManager: Display: Found up-to-date module file ../../../Engine/Plugins/Editor/AssetManagerEditor/Binaries/Win64/UE4Editor-AssetManagerEditor.dll (API version 3944462).
LogModuleManager: Display: Found up-to-date module file ../../../Engine/Plugins/Editor/CryptoKeys/Binaries/Win64/UE4Editor-CryptoKeys.dll (API version 3944462).
LogModuleManager: Display: Found up-to-date module file ../../../Engine/Plugins/Editor/CryptoKeys/Binaries/Win64/UE4Editor-CryptoKeysOpenSSL.dll (API version 3944462).
LogModuleManager: Display: Found up-to-date module file ../../../Engine/Plugins/Editor/DataValidation/Binaries/Win64/UE4Editor-DataValidation.dll (API version 3944462).
LogModuleManager: Display: Found up-to-date module file ../../../Engine/Plugins/Editor/FacialAnimation/Binaries/Win64/UE4Editor-FacialAnimation.dll (API version 3944462).
LogModuleManager: Display: Found up-to-date module file ../../../Engine/Plugins/Editor/FacialAnimation/Binaries/Win64/UE4Editor-FacialAnimationEditor.dll (API version 3944462).
LogModuleManager: Display: Found up-to-date module file ../../../Engine/Plugins/Editor/GameplayTagsEditor/Binaries/Win64/UE4Editor-GameplayTagsEditor.dll (API version 3944462).
LogModuleManager: Display: Found up-to-date module file ../../../Engine/Plugins/Editor/MobileLauncherProfileWizard/Binaries/Win64/UE4Editor-MobileLauncherProfileWizard.dll (API version 3944462).
LogModuleManager: Display: Found up-to-date module file ../../../Engine/Plugins/Editor/PluginBrowser/Binaries/Win64/UE4Editor-PluginBrowser.dll (API version 3944462).
LogModuleManager: Display: Found up-to-date module file ../../../Engine/Plugins/Editor/SpeedTreeImporter/Binaries/Win64/UE4Editor-SpeedTreeImporter.dll (API version 3944462).
LogModuleManager: Display: Found up-to-date module file ../../../Engine/Plugins/Enterprise/DatasmithContent/Binaries/Win64/UE4Editor-DatasmithContent.dll (API version 3944462).
LogModuleManager: Display: Found up-to-date module file ../../../Engine/Plugins/Experimental/AlembicImporter/Binaries/Win64/UE4Editor-AlembicImporter.dll (API version 3944462).
LogModuleManager: Display: Found up-to-date module file ../../../Engine/Plugins/Experimental/AlembicImporter/Binaries/Win64/UE4Editor-AlembicLibrary.dll (API version 3944462).
LogModuleManager: Display: Found up-to-date module file ../../../Engine/Plugins/Experimental/CharacterAI/Binaries/Win64/UE4Editor-CharacterAI.dll (API version 3944462).
LogModuleManager: Display: Found up-to-date module file ../../../Engine/Plugins/Experimental/HTML5Networking/Binaries/Win64/UE4Editor-HTML5Networking.dll (API version 3944462).
LogModuleManager: Display: Found up-to-date module file ../../../Engine/Plugins/Media/AndroidMedia/Binaries/Win64/UE4Editor-AndroidMediaEditor.dll (API version 3944462).
LogModuleManager: Display: Found up-to-date module file ../../../Engine/Plugins/Media/AndroidMedia/Binaries/Win64/UE4Editor-AndroidMediaFactory.dll (API version 3944462).
LogModuleManager: Display: Found up-to-date module file ../../../Engine/Plugins/Media/AvfMedia/Binaries/Win64/UE4Editor-AvfMediaEditor.dll (API version 3944462).
LogModuleManager: Display: Found up-to-date module file ../../../Engine/Plugins/Media/AvfMedia/Binaries/Win64/UE4Editor-AvfMediaFactory.dll (API version 3944462).
LogModuleManager: Display: Found up-to-date module file ../../../Engine/Plugins/Media/AvfMedia/Binaries/Win64/UE4Editor-AvfMediaFactory.dll (API version 3944462).
LogModuleManager: Display: Found up-to-date module file ../../../Engine/Plugins/Media/ImgMedia/Binaries/Win64/UE4Editor-ImgMedia.dll (API version 3944462).
LogModuleManager: Display: Found up-to-date module file ../../../Engine/Plugins/Media/ImgMedia/Binaries/Win64/UE4Editor-ImgMediaEditor.dll (API version 3944462).
LogModuleManager: Display: Found up-to-date module file ../../../Engine/Plugins/Media/ImgMedia/Binaries/Win64/UE4Editor-ImgMediaFactory.dll (API version 3944462).
LogModuleManager: Display: Found up-to-date module file ../../../Engine/Plugins/Media/ImgMedia/Binaries/Win64/UE4Editor-ImgMediaFactory.dll (API version 3944462).
LogModuleManager: Display: Found up-to-date module file ../../../Engine/Plugins/Media/ImgMedia/Binaries/Win64/UE4Editor-OpenExrWrapper.dll (API version 3944462).
LogModuleManager: Display: Found up-to-date module file ../../../Engine/Plugins/Media/LinearTimecode/Binaries/Win64/UE4Editor-LinearTimecode.dll (API version 3944462).
LogModuleManager: Display: Found up-to-date module file ../../../Engine/Plugins/Media/MediaCompositing/Binaries/Win64/UE4Editor-MediaCompositing.dll (API version 3944462).
LogModuleManager: Display: Found up-to-date module file ../../../Engine/Plugins/Media/MediaCompositing/Binaries/Win64/UE4Editor-MediaCompositingEditor.dll (API version 3944462).
LogModuleManager: Display: Found up-to-date module file ../../../Engine/Plugins/Media/MediaPlayerEditor/Binaries/Win64/UE4Editor-MediaPlayerEditor.dll (API version 3944462).
LogModuleManager: Display: Found up-to-date module file ../../../Engine/Plugins/Media/WmfMedia/Binaries/Win64/UE4Editor-WmfMedia.dll (API version 3944462).
LogModuleManager: Display: Found up-to-date module file ../../../Engine/Plugins/Media/WmfMedia/Binaries/Win64/UE4Editor-WmfMediaEditor.dll (API version 3944462).
LogModuleManager: Display: Found up-to-date module file ../../../Engine/Plugins/Media/WmfMedia/Binaries/Win64/UE4Editor-WmfMediaFactory.dll (API version 3944462).
LogModuleManager: Display: Found up-to-date module file ../../../Engine/Plugins/Media/WmfMedia/Binaries/Win64/UE4Editor-WmfMediaFactory.dll (API version 3944462).
LogModuleManager: Display: Found up-to-date module file ../../../Engine/Plugins/Messaging/TcpMessaging/Binaries/Win64/UE4Editor-TcpMessaging.dll (API version 3944462).
LogModuleManager: Display: Found up-to-date module file ../../../Engine/Plugins/Messaging/UdpMessaging/Binaries/Win64/UE4Editor-UdpMessaging.dll (API version 3944462).
LogModuleManager: Display: Found up-to-date module file ../../../Engine/Plugins/MovieScene/ActorSequence/Binaries/Win64/UE4Editor-ActorSequence.dll (API version 3944462).
LogModuleManager: Display: Found up-to-date module file ../../../Engine/Plugins/MovieScene/LevelSequenceEditor/Binaries/Win64/UE4Editor-LevelSequenceEditor.dll (API version 3944462).
LogModuleManager: Display: Found up-to-date module file ../../../Engine/Plugins/MovieScene/MatineeToLevelSequence/Binaries/Win64/UE4Editor-MatineeToLevelSequence.dll (API version 3944462).
LogModuleManager: Display: Found up-to-date module file ../../../Engine/Plugins/NetcodeUnitTest/NetcodeUnitTest/Binaries/Win64/UE4Editor-NetcodeUnitTest.dll (API version 3944462).
LogModuleManager: Display: Found up-to-date module file ../../../Engine/Plugins/NetcodeUnitTest/NUTUnrealEngine4/Binaries/Win64/UE4Editor-NUTUnrealEngine4.dll (API version 3944462).
LogModuleManager: Display: Found up-to-date module file ../../../Engine/Plugins/Online/OnlineSubsystem/Binaries/Win64/UE4Editor-OnlineSubsystem.dll (API version 3944462).
LogModuleManager: Display: Found up-to-date module file ../../../Engine/Plugins/Runtime/AndroidPermission/Binaries/Win64/UE4Editor-AndroidPermission.dll (API version 3944462).
LogModuleManager: Display: Found up-to-date module file ../../../Engine/Plugins/Online/OnlineSubsystemNull/Binaries/Win64/UE4Editor-OnlineSubsystemNull.dll (API version 3944462).
LogModuleManager: Display: Found up-to-date module file ../../../Engine/Plugins/Online/OnlineSubsystemUtils/Binaries/Win64/UE4Editor-OnlineSubsystemUtils.dll (API version 3944462).
LogModuleManager: Display: Found up-to-date module file ../../../Engine/Plugins/Online/OnlineSubsystemUtils/Binaries/Win64/UE4Editor-OnlineBlueprintSupport.dll (API version 3944462).
LogModuleManager: Display: Found up-to-date module file ../../../Engine/Plugins/Runtime/AndroidDeviceProfileSelector/Binaries/Win64/UE4Editor-AndroidDeviceProfileSelector.dll (API version 3944462).
LogModuleManager: Display: Found up-to-date module file ../../../Engine/Plugins/Runtime/AppleARKit/Binaries/Win64/UE4Editor-AppleARKit.dll (API version 3944462).
LogModuleManager: Display: Found up-to-date module file ../../../Engine/Plugins/Runtime/ProceduralMeshComponent/Binaries/Win64/UE4Editor-ProceduralMeshComponent.dll (API version 3944462).
LogModuleManager: Display: Found up-to-date module file ../../../Engine/Plugins/Runtime/ProceduralMeshComponent/Binaries/Win64/UE4Editor-ProceduralMeshComponentEditor.dll (API version 3944462).
LogModuleManager: Display: Found up-to-date module file ../../../Engine/Plugins/Animation/LiveLink/Binaries/Win64/UE4Editor-LiveLink.dll (API version 3944462).
LogModuleManager: Display: Found up-to-date module file ../../../Engine/Plugins/Animation/LiveLink/Binaries/Win64/UE4Editor-LiveLinkEditor.dll (API version 3944462).
LogModuleManager: Display: Found up-to-date module file ../../../Engine/Plugins/Runtime/ArchVisCharacter/Binaries/Win64/UE4Editor-ArchVisCharacter.dll (API version 3944462).
LogModuleManager: Display: Found up-to-date module file ../../../Engine/Plugins/Runtime/AudioCapture/Binaries/Win64/UE4Editor-AudioCapture.dll (API version 3944462).
LogModuleManager: Display: Found up-to-date module file ../../../Engine/Plugins/Runtime/AudioCapture/Binaries/Win64/UE4Editor-AudioCaptureEditor.dll (API version 3944462).
LogModuleManager: Display: Found up-to-date module file ../../../Engine/Plugins/Runtime/CableComponent/Binaries/Win64/UE4Editor-CableComponent.dll (API version 3944462).
LogModuleManager: Display: Found up-to-date module file ../../../Engine/Plugins/Runtime/CustomMeshComponent/Binaries/Win64/UE4Editor-CustomMeshComponent.dll (API version 3944462).
LogModuleManager: Display: Found up-to-date module file ../../../Engine/Plugins/Runtime/ExampleDeviceProfileSelector/Binaries/Win64/UE4Editor-ExampleDeviceProfileSelector.dll (API version 3944462).
LogModuleManager: Display: Found up-to-date module file ../../../Engine/Plugins/Runtime/ImmediatePhysics/Binaries/Win64/UE4Editor-ImmediatePhysics.dll (API version 3944462).
LogModuleManager: Display: Found up-to-date module file ../../../Engine/Plugins/Runtime/ImmediatePhysics/Binaries/Win64/UE4Editor-ImmediatePhysicsEditor.dll (API version 3944462).
LogModuleManager: Display: Found up-to-date module file ../../../Engine/Plugins/Runtime/LocationServicesBPLibrary/Binaries/Win64/UE4Editor-LocationServicesBPLibrary.dll (API version 3944462).
LogModuleManager: Display: Found up-to-date module file ../../../Engine/Plugins/Runtime/MobilePatchingUtils/Binaries/Win64/UE4Editor-MobilePatchingUtils.dll (API version 3944462).
LogModuleManager: Display: Found up-to-date module file ../../../Engine/Plugins/Runtime/Oculus/OculusVR/Binaries/Win64/UE4Editor-OculusHMD.dll (API version 3944462).
LogModuleManager: Display: Found up-to-date module file ../../../Engine/Plugins/Runtime/Oculus/OculusVR/Binaries/Win64/UE4Editor-OculusInput.dll (API version 3944462).
LogModuleManager: Display: Found up-to-date module file ../../../Engine/Plugins/Runtime/Oculus/OculusVR/Binaries/Win64/UE4Editor-OculusEditor.dll (API version 3944462).
LogModuleManager: Display: Found up-to-date module file ../../../Engine/Plugins/Runtime/PhysXVehicles/Binaries/Win64/UE4Editor-PhysXVehicles.dll (API version 3944462).
LogModuleManager: Display: Found up-to-date module file ../../../Engine/Plugins/Runtime/PhysXVehicles/Binaries/Win64/UE4Editor-PhysXVehiclesEditor.dll (API version 3944462).
LogModuleManager: Display: Found up-to-date module file ../../../Engine/Plugins/Runtime/RuntimePhysXCooking/Binaries/Win64/UE4Editor-RuntimePhysXCooking.dll (API version 3944462).
LogModuleManager: Display: Found up-to-date module file ../../../Engine/Plugins/Runtime/Steam/SteamVR/Binaries/Win64/UE4Editor-SteamVR.dll (API version 3944462).
LogModuleManager: Display: Found up-to-date module file ../../../Engine/Plugins/Runtime/Steam/SteamVR/Binaries/Win64/UE4Editor-SteamVRController.dll (API version 3944462).
LogModuleManager: Display: Found up-to-date module file ../../../Engine/Plugins/Runtime/WindowsMoviePlayer/Binaries/Win64/UE4Editor-WindowsMoviePlayer.dll (API version 3944462).
LogPluginManager: Mounting plugin Paper2D
LogPluginManager: Mounting plugin LiveLink
LogPluginManager: Mounting plugin LightPropagationVolume
LogPluginManager: Mounting plugin CLionSourceCodeAccess
LogPluginManager: Mounting plugin CodeLiteSourceCodeAccess
LogPluginManager: Mounting plugin GitSourceControl
LogPluginManager: Mounting plugin KDevelopSourceCodeAccess
LogPluginManager: Mounting plugin NullSourceCodeAccess
LogPluginManager: Mounting plugin PerforceSourceControl
LogPluginManager: Mounting plugin SubversionSourceControl
LogPluginManager: Mounting plugin UObjectPlugin
LogPluginManager: Mounting plugin VisualStudioCodeSourceCodeAccess
LogPluginManager: Mounting plugin VisualStudioSourceCodeAccess
LogPluginManager: Mounting plugin XCodeSourceCodeAccess
LogPluginManager: Mounting plugin AssetManagerEditor
LogPluginManager: Mounting plugin CryptoKeys
LogPluginManager: Mounting plugin DataValidation
LogPluginManager: Mounting plugin FacialAnimation
LogPluginManager: Mounting plugin GameplayTagsEditor
LogPluginManager: Mounting plugin MobileLauncherProfileWizard
LogPluginManager: Mounting plugin PluginBrowser
LogPluginManager: Mounting plugin SpeedTreeImporter
LogPluginManager: Mounting plugin DatasmithContent
LogPluginManager: Mounting plugin AlembicImporter
LogPluginManager: Mounting plugin CharacterAI
LogPluginManager: Mounting plugin HTML5Networking
LogPluginManager: Mounting plugin AndroidMedia
LogPluginManager: Mounting plugin AvfMedia
LogPluginManager: Mounting plugin ImgMedia
LogPluginManager: Mounting plugin LinearTimecode
LogPluginManager: Mounting plugin MediaCompositing
LogPluginManager: Mounting plugin MediaPlayerEditor
LogPluginManager: Mounting plugin WmfMedia
LogPluginManager: Mounting plugin TcpMessaging
LogPluginManager: Mounting plugin UdpMessaging
LogPluginManager: Mounting plugin ActorSequence
LogPluginManager: Mounting plugin LevelSequenceEditor
LogPluginManager: Mounting plugin MatineeToLevelSequence
LogPluginManager: Mounting plugin NetcodeUnitTest
LogPluginManager: Mounting plugin NUTUnrealEngine4
LogPluginManager: Mounting plugin OnlineSubsystemGooglePlay
LogPluginManager: Mounting plugin OnlineSubsystemIOS
LogPluginManager: Mounting plugin OnlineSubsystem
LogPluginManager: Mounting plugin OnlineSubsystemNull
LogPluginManager: Mounting plugin OnlineSubsystemUtils
LogPluginManager: Mounting plugin AndroidDeviceProfileSelector
LogPluginManager: Mounting plugin AndroidMoviePlayer
LogPluginManager: Mounting plugin AndroidPermission
LogPluginManager: Mounting plugin AppleARKit
LogPluginManager: Mounting plugin AppleMoviePlayer
LogPluginManager: Mounting plugin ArchVisCharacter
LogPluginManager: Mounting plugin AudioCapture
LogPluginManager: Mounting plugin CableComponent
LogPluginManager: Mounting plugin CustomMeshComponent
LogPluginManager: Mounting plugin ExampleDeviceProfileSelector
LogPluginManager: Mounting plugin GoogleCloudMessaging
LogPluginManager: Mounting plugin ImmediatePhysics
LogPluginManager: Mounting plugin IOSDeviceProfileSelector
LogPluginManager: Mounting plugin LinuxDeviceProfileSelector
LogPluginManager: Mounting plugin LocationServicesBPLibrary
LogPluginManager: Mounting plugin MobilePatchingUtils
LogPluginManager: Mounting plugin OculusVR
LogPluginManager: Plugin shader directory ../../../Engine/Plugins/Runtime/Oculus/OculusVR/Shaders found
LogPluginManager: Mapping shader source directory ../../../Engine/Plugins/Runtime/Oculus/OculusVR/Shaders to virtual directory /Plugin/OculusVR
LogPluginManager: Mounting plugin PhysXVehicles
LogPluginManager: Mounting plugin ProceduralMeshComponent
LogPluginManager: Mounting plugin RuntimePhysXCooking
LogPluginManager: Mounting plugin SteamVR
LogPluginManager: Mounting plugin WindowsMoviePlayer
LogStreaming: Display: Took  0.609s to configure plugins.
LogInit: Using libcurl 7.47.1
LogInit:  - built for x86_64-pc-win32
LogInit:  - supports SSL with OpenSSL/1.0.2g
LogInit:  - supports HTTP deflate (compression) using libz 1.2.8
LogInit:  - other features:
LogInit:      CURL_VERSION_SSL
LogInit:      CURL_VERSION_LIBZ
LogInit:      CURL_VERSION_IPV6
LogInit:      CURL_VERSION_ASYNCHDNS
LogInit:      CURL_VERSION_LARGEFILE
LogInit:      CURL_VERSION_IDN
LogInit:  CurlRequestOptions (configurable via config and command line):
LogInit:  - bVerifyPeer = false  - Libcurl will NOT verify peer certificate
LogInit:  - bUseHttpProxy = false  - Libcurl will NOT use HTTP proxy
LogInit:  - bDontReuseConnections = false  - Libcurl will reuse connections
LogInit:  - CertBundlePath = nullptr  - Libcurl will use whatever was configured at build time.
LogInit:  - MaxHostConnections = 16  - Libcurl will limit the number of connections to a host
LogInit:  - LocalHostAddr = Default
LogInit: WinSock: version 1.1 (2.2), MaxSocks=32767, MaxUdp=65467
LogInit: WinSock: I am DESKTOP-QTNQBAN (192.168.0.5:0)
LogInit: Build: ++UE4+Release-4.19-CL-4033788
LogInit: Engine Version: 4.19.2-4033788+++UE4+Release-4.19
LogInit: Compatible Engine Version: 4.19.0-3944462+++UE4+Release-4.19
LogInit: Net CL: 3944462
LogDevObjectVersion: Number of dev versions registered: 18
LogDevObjectVersion:   Dev-Blueprints (B0D832E4-1F89-4F0D-ACCF-7EB736FD4AA2): 10
LogDevObjectVersion:   Dev-Build (E1C64328-A22C-4D53-A36C-8E866417BD8C): 0
LogDevObjectVersion:   Dev-Core (375EC13C-06E4-48FB-B500-84F0262A717E): 2
LogDevObjectVersion:   Dev-Editor (E4B068ED-F494-42E9-A231-DA0B2E46BB41): 23
LogDevObjectVersion:   Dev-Framework (CFFC743F-43B0-4480-9391-14DF171D2073): 33
LogDevObjectVersion:   Dev-Mobile (B02B49B5-BB20-44E9-A304-32B752E40360): 2
LogDevObjectVersion:   Dev-Networking (A4E4105C-59A1-49B5-A7C5-40C4547EDFEE): 0
LogDevObjectVersion:   Dev-Online (39C831C9-5AE6-47DC-9A44-9C173E1C8E7C): 0
LogDevObjectVersion:   Dev-Physics (78F01B33-EBEA-4F98-B9B4-84EACCB95AA2): 0
LogDevObjectVersion:   Dev-Platform (6631380F-2D4D-43E0-8009-CF276956A95A): 0
LogDevObjectVersion:   Dev-Rendering (12F88B9F-8875-4AFC-A67C-D90C383ABD29): 25
LogDevObjectVersion:   Dev-Sequencer (7B5AE74C-D270-4C10-A958-57980B212A5A): 6
LogDevObjectVersion:   Dev-VR (D7296918-1DD6-4BDD-9DE2-64A83CC13884): 1
LogDevObjectVersion:   Dev-LoadTimes (C2A15278-BFE7-4AFE-6C17-90FF531DF755): 1
LogDevObjectVersion:   Private-Geometry (6EACA3D4-40EC-4CC1-B786-8BED09428FC5): 2
LogDevObjectVersion:   Dev-AnimPhys (29E575DD-E0A3-4627-9D10-D276232CDCEA): 16
LogDevObjectVersion:   Dev-ReflectionCapture (6B266CEC-1EC7-4B8F-A30B-E4D90942FC07): 1
LogDevObjectVersion:   Dev-Automation (0DF73D61-A23F-47EA-B727-89E90C41499A): 1
LogInit: Compiled (64-bit): Apr 27 2018 02:06:57
LogInit: Compiled with Visual C++: 19.00.24215.01
LogInit: Build Configuration: Development
LogInit: Branch Name: ++UE4+Release-4.19
LogInit: Command Line:  
LogInit: Base Directory: D:/Game Engines/Epic Games/UE_4.19/Engine/Binaries/Win64/
LogInit: Installed Engine Build: 1
LogStreaming: Display: Took  0.002s to delete old logs.
LogInit: Presizing for max 8388607 objects, including 0 objects not considered by GC, pre-allocating 0 bytes for permanent pool.
LogInit: Object subsystem initialized
[2018.09.11-05.08.14:563][  0]LogInit: Selected Device Profile: [Windows]
[2018.09.11-05.08.14:563][  0]LogInit: Applying CVar settings loaded from the selected device profile: [Windows]
[2018.09.11-05.08.14:590][  0]LogInit: Computer: DESKTOP-QTNQBAN
[2018.09.11-05.08.14:590][  0]LogInit: User: Matt
[2018.09.11-05.08.14:590][  0]LogInit: CPU Page size=4096, Cores=10
[2018.09.11-05.08.14:590][  0]LogInit: High frequency timer resolution =3.234378 MHz
[2018.09.11-05.08.14:591][  0]LogMemory: Memory total: Physical=31.7GB (32GB approx)
[2018.09.11-05.08.14:591][  0]LogMemory: Platform Memory Stats for Windows
[2018.09.11-05.08.14:591][  0]LogMemory: Process Physical Memory: 277.26 MB used, 277.26 MB peak
[2018.09.11-05.08.14:591][  0]LogMemory: Process Virtual Memory: 273.15 MB used, 273.15 MB peak
[2018.09.11-05.08.14:591][  0]LogMemory: Physical Memory: 14718.00 MB used,  17728.36 MB free, 32446.36 MB total
[2018.09.11-05.08.14:591][  0]LogMemory: Virtual Memory: 4843.56 MB used,  17728.36 MB free, 134217728.00 MB total
[2018.09.11-05.08.14:621][  0]LogInit: Using OS detected language (en-GB).
[2018.09.11-05.08.14:621][  0]LogInit: Using OS detected locale (en-GB).
[2018.09.11-05.08.14:624][  0]LogTextLocalizationManager: No specific localization for 'en-GB' exists, so the 'en' localization will be used.
[2018.09.11-05.08.14:996][  0]LogStreaming: Display: Took  0.375s to EndInitTextLocalization.
[2018.09.11-05.08.14:996][  0]LogInit: Setting process to per monitor DPI aware
[2018.09.11-05.08.15:040][  0]LogSlate: New Slate User Created.  User Index 0, Is Virtual User: 0
[2018.09.11-05.08.15:040][  0]LogSlate: Slate User Registered.  User Index 0, Is Virtual User: 0
[2018.09.11-05.08.15:190][  0]LogD3D11RHI: D3D11 adapters:
[2018.09.11-05.08.15:283][  0]LogD3D11RHI:    0. 'NVIDIA GeForce GTX 1080 Ti' (Feature Level 11_0)
[2018.09.11-05.08.15:283][  0]LogD3D11RHI:       11127/0/16223 MB DedicatedVideo/DedicatedSystem/SharedSystem, Outputs:1, VendorId:0x10de
[2018.09.11-05.08.15:287][  0]LogD3D11RHI:    1. 'Microsoft Basic Render Driver' (Feature Level 11_0)
[2018.09.11-05.08.15:287][  0]LogD3D11RHI:       0/0/16223 MB DedicatedVideo/DedicatedSystem/SharedSystem, Outputs:0, VendorId:0x1414
[2018.09.11-05.08.15:287][  0]LogD3D11RHI: Chosen D3D11 Adapter: 0
[2018.09.11-05.08.15:306][  0]LogD3D11RHI: Creating new Direct3DDevice
[2018.09.11-05.08.15:307][  0]LogD3D11RHI:     GPU DeviceId: 0x1b06 (for the marketing name, search the web for "GPU Device Id")
[2018.09.11-05.08.15:307][  0]LogWindows: EnumDisplayDevices:
[2018.09.11-05.08.15:307][  0]LogWindows:    0. 'NVIDIA GeForce GTX 1080 Ti' (P:1 D:1)
[2018.09.11-05.08.15:308][  0]LogWindows:    1. 'NVIDIA GeForce GTX 1080 Ti' (P:0 D:0)
[2018.09.11-05.08.15:308][  0]LogWindows:    2. 'NVIDIA GeForce GTX 1080 Ti' (P:0 D:0)
[2018.09.11-05.08.15:308][  0]LogWindows:    3. 'NVIDIA GeForce GTX 1080 Ti' (P:0 D:0)
[2018.09.11-05.08.15:308][  0]LogWindows: DebugString: GetVideoDriverDetailsInvalid PrimaryIsNotTheChoosenAdapter GetVideoDriverDetailsInvalid PrimaryIsNotTheChoosenAdapter GetVideoDriverDetailsInvalid PrimaryIsNotTheChoosenAdapter GetVideoDriverDetailsInvalid PrimaryIsNotTheChoosenAdapter FoundDriverCount:0 
[2018.09.11-05.08.15:308][  0]LogD3D11RHI:     Adapter Name: NVIDIA GeForce GTX 1080 Ti
[2018.09.11-05.08.15:308][  0]LogD3D11RHI:   Driver Version: Unknown (internal:Unknown, unified:Unknown)
[2018.09.11-05.08.15:309][  0]LogD3D11RHI:      Driver Date: Unknown
[2018.09.11-05.08.15:309][  0]LogRHI: Texture pool is 7788 MB (70% of 11127 MB)
[2018.09.11-05.08.15:369][  0]LogD3D11RHI: [Aftermath] Aftermath enabled and primed
[2018.09.11-05.08.15:369][  0]LogD3D11RHI: [Aftermath] Aftermath enabled and primed
[2018.09.11-05.08.15:369][  0]LogD3D11RHI: Async texture creation enabled
[2018.09.11-05.08.15:438][  0]LogD3D11RHI: GPU Timing Frequency: 1000.000000 (Debug: 2 2)
[2018.09.11-05.08.15:443][  0]LogShaderCompilers: Guid format shader working directory is -22 characters bigger than the processId version (C:/Users/Matt/Desktop/CIU_Final_CarnEvil_4.19.2/CIU_CarnEvil_Final/Intermediate/Shaders/WorkingDirectory/17744/).
[2018.09.11-05.08.15:444][  0]LogShaderCompilers: Cleaned the shader compiler working directory 'C:/Users/Matt/AppData/Local/Temp/UnrealShaderWorkingDir/ACBA1659463B6BE7C2209886A27EBF62/'.
[2018.09.11-05.08.15:698][  0]LogTemp: Display: Loaded TP AllDesktopTargetPlatform
[2018.09.11-05.08.15:708][  0]LogTemp: Display: Loaded TP MacClientTargetPlatform
[2018.09.11-05.08.15:718][  0]LogTemp: Display: Loaded TP MacNoEditorTargetPlatform
[2018.09.11-05.08.15:728][  0]LogTemp: Display: Loaded TP MacServerTargetPlatform
[2018.09.11-05.08.15:743][  0]LogTemp: Display: Loaded TP MacTargetPlatform
[2018.09.11-05.08.15:753][  0]LogTemp: Display: Loaded TP WindowsClientTargetPlatform
[2018.09.11-05.08.15:763][  0]LogTemp: Display: Loaded TP WindowsNoEditorTargetPlatform
[2018.09.11-05.08.15:773][  0]LogTemp: Display: Loaded TP WindowsServerTargetPlatform
[2018.09.11-05.08.15:778][  0]LogTemp: Display: Loaded TP WindowsTargetPlatform
[2018.09.11-05.08.15:787][  0]LogTemp: Display: Loaded TP Android_ASTCTargetPlatform
[2018.09.11-05.08.15:796][  0]LogTemp: Display: Loaded TP Android_ATCTargetPlatform
[2018.09.11-05.08.15:806][  0]LogTemp: Display: Loaded TP Android_DXTTargetPlatform
[2018.09.11-05.08.15:815][  0]LogTemp: Display: Loaded TP Android_ETC1aTargetPlatform
[2018.09.11-05.08.15:825][  0]LogTemp: Display: Loaded TP Android_ETC1TargetPlatform
[2018.09.11-05.08.15:834][  0]LogTemp: Display: Loaded TP Android_ETC2TargetPlatform
[2018.09.11-05.08.15:852][  0]LogTemp: Display: Loaded TP Android_MultiTargetPlatform
[2018.09.11-05.08.15:852][  0]LogTemp: Display: Loaded TP Android_PVRTCTargetPlatform
[2018.09.11-05.08.15:861][  0]LogTemp: Display: Loaded TP AndroidTargetPlatform
[2018.09.11-05.08.15:862][  0]LogTemp: Display: Loaded TP HTML5TargetPlatform
[2018.09.11-05.08.15:895][  0]LogTemp: Display: Loaded TP IOSTargetPlatform
[2018.09.11-05.08.15:920][  0]LogTemp: Display: Loaded TP TVOSTargetPlatform
[2018.09.11-05.08.15:933][  0]LogTemp: Display: Loaded TP LinuxClientTargetPlatform
[2018.09.11-05.08.15:943][  0]LogTemp: Display: Loaded TP LinuxNoEditorTargetPlatform
[2018.09.11-05.08.15:952][  0]LogTemp: Display: Loaded TP LinuxServerTargetPlatform
[2018.09.11-05.08.15:962][  0]LogTemp: Display: Loaded TP LinuxTargetPlatform
[2018.09.11-05.08.15:962][  0]LogTargetPlatformManager: Display: Building Assets For Windows
[2018.09.11-05.08.16:046][  0]LogXGEController: Cleaning working directory: C:/Users/Matt/AppData/Local/Temp/UnrealXGEWorkingDir/
[2018.09.11-05.08.16:046][  0]LogXGEController: Cannot use XGE Controller as Incredibuild is not installed on this machine.
[2018.09.11-05.08.16:046][  0]LogShaderCompilers: Cannot use XGE Shader Compiler as Incredibuild is not installed on this machine.
[2018.09.11-05.08.16:046][  0]LogShaderCompilers: Display: Using Local Shader Compiler.
[2018.09.11-05.08.16:563][  0]LogDerivedDataCache: Display: Max Cache Size: 512 MB
[2018.09.11-05.08.16:632][  0]LogDerivedDataCache: Loaded boot cache 0.07s 90MB C:/Users/Matt/AppData/Local/UnrealEngine/4.19/DerivedDataCache/Boot.ddc.
[2018.09.11-05.08.16:632][  0]LogDerivedDataCache: Display: Loaded Boot cache: C:/Users/Matt/AppData/Local/UnrealEngine/4.19/DerivedDataCache/Boot.ddc
[2018.09.11-05.08.16:632][  0]LogDerivedDataCache: FDerivedDataBackendGraph:  Pak pak cache file C:/Users/Matt/Desktop/CIU_Final_CarnEvil_4.19.2/CIU_CarnEvil_Final/DerivedDataCache/DDC.ddp not found, will not use a pak cache.
[2018.09.11-05.08.16:632][  0]LogDerivedDataCache: Unable to find inner node Pak for hierarchical cache Hierarchy.
[2018.09.11-05.08.16:632][  0]LogDerivedDataCache: FDerivedDataBackendGraph:  CompressedPak pak cache file C:/Users/Matt/Desktop/CIU_Final_CarnEvil_4.19.2/CIU_CarnEvil_Final/DerivedDataCache/Compressed.ddp not found, will not use a pak cache.
[2018.09.11-05.08.16:632][  0]LogDerivedDataCache: Unable to find inner node CompressedPak for hierarchical cache Hierarchy.
[2018.09.11-05.08.16:645][  0]LogDerivedDataCache: Display: Pak cache opened for reading ../../../Engine/DerivedDataCache/Compressed.ddp.
[2018.09.11-05.08.16:657][  0]LogDerivedDataCache: Using Local data cache path C:/Users/Matt/AppData/Local/UnrealEngine/Common/DerivedDataCache: Writable
[2018.09.11-05.08.16:657][  0]LogDerivedDataCache: Shared data cache path not found in *engine.ini, will not use an Shared cache.
[2018.09.11-05.08.16:657][  0]LogDerivedDataCache: Unable to find inner node Shared for hierarchical cache Hierarchy.
[2018.09.11-05.08.16:668][  0]LogMaterial: Verifying Global Shaders for PCD3D_SM5
[2018.09.11-05.08.16:668][  0]LogSlate: Using Freetype 2.6.0
[2018.09.11-05.08.16:668][  0]LogSlate: SlateFontCache - WITH_FREETYPE: 1, WITH_HARFBUZZ: 1
[2018.09.11-05.08.16:668][  0]LogSlate: SlateFontCache - WITH_FREETYPE: 1, WITH_HARFBUZZ: 1
[2018.09.11-05.08.16:760][  0]LogAssetRegistry: FAssetRegistry took 0.0261 seconds to start up
[2018.09.11-05.08.17:063][  0]LogInit: Selected Device Profile: [Windows]
[2018.09.11-05.08.17:197][  0]LogSimplygon: Simplygon DLL not present - disabling.
[2018.09.11-05.08.17:199][  0]LogMeshReduction: Using SimplygonSwarm for distributed automatic mesh merging
[2018.09.11-05.08.17:199][  0]LogMeshReduction: Using QuadricMeshReduction for automatic static mesh reduction
[2018.09.11-05.08.17:199][  0]LogMeshReduction: No automatic skeletal mesh reduction module available
[2018.09.11-05.08.17:199][  0]LogMeshReduction: No automatic mesh merging module available
[2018.09.11-05.08.17:199][  0]LogMeshMerging: No automatic mesh merging module available
[2018.09.11-05.08.17:221][  0]LogNetVersion: CIU_CarnEvil_Final , NetCL: 3944462, EngineNetVer: 2, GameNetVer: 0 (Checksum: 2718905845)
[2018.09.11-05.08.17:745][  0]LogPackageLocalizationCache: Processed 9 localized package path(s) for 2 prioritized culture(s) in 0.088736 seconds
[2018.09.11-05.08.17:750][  0]LogUObjectArray: 36728 objects as part of root set at end of initial load.
[2018.09.11-05.08.17:750][  0]LogUObjectAllocator: 7314312 out of 0 bytes used by permanent object pool.
[2018.09.11-05.08.17:750][  0]LogUObjectArray: CloseDisregardForGC: 0/0 objects in disregard for GC pool
[2018.09.11-05.08.19:115][  0]LogTcpMessaging: Initializing TcpMessaging bridge
[2018.09.11-05.08.19:138][  0]LogUdpMessaging: Initializing bridge on interface 0.0.0.0:0 to multicast group 230.0.0.1:6666.
[2018.09.11-05.08.19:365][  0]SourceControl: Source control is disabled
[2018.09.11-05.08.19:365][  0]SourceControl: Source control is disabled
[2018.09.11-05.08.19:374][  0]SourceControl: Source control is disabled
[2018.09.11-05.08.19:382][  0]SourceControl: Source control is disabled
[2018.09.11-05.08.19:693][  0]LogAndroidPermission: UAndroidPermissionCallbackProxy::GetInstance
[2018.09.11-05.08.19:853][  0]LogOcInput: OculusInput pre-init called
[2018.09.11-05.08.19:940][  0]LogEngine: Initializing Engine...
[2018.09.11-05.08.25:179][  0]LogHMD: Failed to initialize OpenVR with code 108
[2018.09.11-05.08.25:183][  0]LogStats: UGameplayTagsManager::ConstructGameplayTagTree: Construct from data asset -  0.000 s
[2018.09.11-05.08.25:183][  0]LogStats: UGameplayTagsManager::ConstructGameplayTagTree: GameplayTagTreeChangedEvent.Broadcast -  0.000 s
[2018.09.11-05.08.25:378][  0]LogAIModule: Creating AISystem for world Untitled
[2018.09.11-05.08.25:454][  0]LogInit: XAudio2 using 'Headset Earphone (Sennheiser Communication Audio)' : 2 channels at 48 kHz using 16 bits per sample (channel mask 0x3)
[2018.09.11-05.08.25:471][  0]LogInit: FAudioDevice initialized.
[2018.09.11-05.08.25:580][  0]LogDerivedDataCache: Saved boot cache 0.11s 90MB C:/Users/Matt/AppData/Local/UnrealEngine/4.19/DerivedDataCache/Boot.ddc.
[2018.09.11-05.08.25:604][  0]LogInit: Texture streaming: Enabled
[2018.09.11-05.08.25:615][  0]LogEngineSessionManager: EngineSessionManager initialized
[2018.09.11-05.08.25:634][  0]LogInit: Transaction tracking system initialized
[2018.09.11-05.08.25:648][  0]BlueprintLog: New page: Editor Load
[2018.09.11-05.08.25:690][  0]LocalizationService: Localization service is disabled
[2018.09.11-05.08.25:782][  0]LogConsoleResponse: Display: 
[2018.09.11-05.08.25:901][  0]LogCook: Display: Max memory allowance for cook 16384mb min free memory 0mb
[2018.09.11-05.08.25:901][  0]LogCook: Display: Mobile HDR setting 1
[2018.09.11-05.08.25:901][  0]LogGameplayTags: Display: UGameplayTagsManager::DoneAddingNativeTags. DelegateIsBound: 0
[2018.09.11-05.08.25:901][  0]LogStats: UGameplayTagsManager::ConstructGameplayTagTree: Construct from data asset -  0.000 s
[2018.09.11-05.08.25:901][  0]LogStats: UGameplayTagsManager::ConstructGameplayTagTree: GameplayTagTreeChangedEvent.Broadcast -  0.000 s
[2018.09.11-05.08.26:162][  0]LogFileCache: Scanning file cache for directory 'C:/Users/Matt/Desktop/CIU_Final_CarnEvil_4.19.2/CIU_CarnEvil_Final/Content/' took 0.04s
[2018.09.11-05.08.26:162][  0]SourceControl: Source control is disabled
[2018.09.11-05.08.26:163][  0]Cmd: MAP LOAD FILE="C:/Users/Matt/Desktop/CIU_Final_CarnEvil_4.19.2/CIU_CarnEvil_Final/Content/_Scenes/IntroScene.umap" TEMPLATE=0 SHOWPROGRESS=1 FEATURELEVEL=3
[2018.09.11-05.08.26:163][  0]LightingResults: New page: Lighting Build
[2018.09.11-05.08.26:165][  0]MapCheck: New page: Map Check
[2018.09.11-05.08.26:165][  0]LightingResults: New page: Lighting Build
[2018.09.11-05.08.26:267][  0]LogUObjectGlobals: Created PersistentFrame Addr=0x0000013d2b0b0820, Size=24, Default__RightHand_AnimBP_C Function /Game/VirtualReality/Mannequin/Animations/RightHand_AnimBP.RightHand_AnimBP_C:ExecuteUbergraph_RightHand_AnimBP
[2018.09.11-05.08.26:270][  0]LogUObjectGlobals: Destroyed PersistentFrame Addr=0x0000013d2b0b0820, Size=24
[2018.09.11-05.08.26:270][  0]LogUObjectGlobals: Created PersistentFrame Addr=0x0000013d2bbdbee0, Size=24, Default__RightHand_AnimBP_C Function /Engine/Transient.REINST_RightHand_AnimBP_C_0:ExecuteUbergraph_RightHand_AnimBP
[2018.09.11-05.08.26:272][  0]LogUObjectGlobals: Created PersistentFrame Addr=0x0000013d2bbdb958, Size=24, Default__RightHand_AnimBP_C Function /Game/VirtualReality/Mannequin/Animations/RightHand_AnimBP.RightHand_AnimBP_C:ExecuteUbergraph_RightHand_AnimBP
[2018.09.11-05.08.26:313][  0]LogUObjectGlobals: Created PersistentFrame Addr=0x0000013d2bcb4400, Size=968, Default__BP_MotionController_C Function /Game/VirtualRealityBP/Blueprints/BP_MotionController.BP_MotionController_C:ExecuteUbergraph_BP_MotionController
[2018.09.11-05.08.26:336][  0]LogUObjectGlobals: Destroyed PersistentFrame Addr=0x0000013d2bcb4400, Size=968
[2018.09.11-05.08.26:336][  0]LogUObjectGlobals: Created PersistentFrame Addr=0x0000013d2b49e800, Size=968, Default__BP_MotionController_C Function /Engine/Transient.REINST_BP_MotionController_C_8:ExecuteUbergraph_BP_MotionController
[2018.09.11-05.08.26:355][  0]LogUObjectGlobals: Created PersistentFrame Addr=0x0000013d2b49d800, Size=968, Default__BP_MotionController_C Function /Game/VirtualRealityBP/Blueprints/BP_MotionController.BP_MotionController_C:ExecuteUbergraph_BP_MotionController
[2018.09.11-05.08.26:361][  0]LogUObjectGlobals: Created PersistentFrame Addr=0x0000013d2b6ff400, Size=752, Default__MotionControllerPawn_C Function /Game/VirtualRealityBP/Blueprints/MotionControllerPawn.MotionControllerPawn_C:ExecuteUbergraph_MotionControllerPawn
[2018.09.11-05.08.26:371][  0]LogUObjectGlobals: Destroyed PersistentFrame Addr=0x0000013d2b6ff400, Size=752
[2018.09.11-05.08.26:371][  0]LogUObjectGlobals: Created PersistentFrame Addr=0x0000013d2b75e200, Size=752, Default__MotionControllerPawn_C Function /Engine/Transient.REINST_MotionControllerPawn_C_10:ExecuteUbergraph_MotionControllerPawn
[2018.09.11-05.08.26:379][  0]LogUObjectGlobals: Created PersistentFrame Addr=0x0000013d2b75c700, Size=752, Default__MotionControllerPawn_C Function /Game/VirtualRealityBP/Blueprints/MotionControllerPawn.MotionControllerPawn_C:ExecuteUbergraph_MotionControllerPawn
[2018.09.11-05.08.26:597][  0]LogSkeletalMesh: Skeletal Mesh found in DDC [2.217119ms] /Game/VirtualReality/Mannequin/Character/Mesh/MannequinHand_Right.MannequinHand_Right
[2018.09.11-05.08.27:213][  0]LogAIModule: Creating AISystem for world IntroScene
[2018.09.11-05.08.27:359][  0]LogEditorServer: Finished looking for orphan Actors (0.000 secs)
[2018.09.11-05.08.27:377][  0]LogUObjectGlobals: Destroyed PersistentFrame Addr=0x0000013d2bbdbee0, Size=24
[2018.09.11-05.08.27:377][  0]LogUObjectGlobals: Destroyed PersistentFrame Addr=0x0000013d2b49e800, Size=968
[2018.09.11-05.08.27:378][  0]LogUObjectGlobals: Destroyed PersistentFrame Addr=0x0000013d2b75e200, Size=752
[2018.09.11-05.08.27:379][  0]Cmd: MAP CHECKDEP NOCLEARLOG
[2018.09.11-05.08.27:419][  0]MapCheck: Map check complete: 0 Error(s), 0 Warning(s), took 40.093ms to complete.
[2018.09.11-05.08.27:419][  0]LogFileHelpers: Loading map 'IntroScene' took 1.257
[2018.09.11-05.08.27:565][  0]LogCollectionManager: Loaded 0 collections in 0.000740 seconds
[2018.09.11-05.08.27:605][  0]LogFileCache: Scanning file cache for directory 'C:/Users/Matt/Desktop/CIU_Final_CarnEvil_4.19.2/CIU_CarnEvil_Final/Saved/Collections/' took 0.01s
[2018.09.11-05.08.27:605][  0]LogFileCache: Scanning file cache for directory 'C:/Users/Matt/Desktop/CIU_Final_CarnEvil_4.19.2/CIU_CarnEvil_Final/Content/Developers/Matt/Collections/' took 0.01s
[2018.09.11-05.08.27:605][  0]LogFileCache: Scanning file cache for directory 'C:/Users/Matt/Desktop/CIU_Final_CarnEvil_4.19.2/CIU_CarnEvil_Final/Content/Collections/' took 0.01s
[2018.09.11-05.08.27:605][  0]LogCollectionManager: Rebuilt the GUID cache for 0 collections in 0.000001 seconds
[2018.09.11-05.08.27:617][  0]LogContentBrowser: Native class hierarchy populated in 0.0113 seconds. Added 2452 classes and 558 folders.
[2018.09.11-05.08.27:623][  0]LogContentBrowser: Native class hierarchy updated for 'WidgetCarousel' in 0.0002 seconds. Added 0 classes and 0 folders.
[2018.09.11-05.08.27:670][  0]LogContentBrowser: Native class hierarchy updated for 'AddContentDialog' in 0.0002 seconds. Added 0 classes and 0 folders.
[2018.09.11-05.08.27:675][  0]LogContentBrowser: Native class hierarchy updated for 'SceneOutliner' in 0.0002 seconds. Added 1 classes and 2 folders.
[2018.09.11-05.08.27:741][  0]LogSlate: Took 0.000328 seconds to synchronously load lazily loaded font '../../../Engine/Content/Slate/Fonts/Roboto-Regular.ttf' (155K)
[2018.09.11-05.08.27:744][  0]LogSlate: Took 0.000265 seconds to synchronously load lazily loaded font '../../../Engine/Content/Slate/Fonts/Roboto-Bold.ttf' (160K)
[2018.09.11-05.08.27:751][  0]LogSlate: Took 0.000215 seconds to synchronously load lazily loaded font '../../../Engine/Content/Editor/Slate/Fonts/FontAwesome.ttf' (139K)
[2018.09.11-05.08.27:861][  0]LogRenderer: Reallocating scene render targets to support 924x540 Format 10 NumSamples 1 (Frame:1).
[2018.09.11-05.08.28:063][  0]LogContentBrowser: Native class hierarchy updated for 'HierarchicalLODOutliner' in 0.0005 seconds. Added 0 classes and 0 folders.
[2018.09.11-05.08.28:063][  0]LogLoad: (Engine Initialization) Total time: 16.11 seconds
[2018.09.11-05.08.28:063][  0]LogLoad: (Engine Initialization) Total Blueprint compile time: 0.00 seconds
[2018.09.11-05.08.28:425][  0]LogContentStreaming: Texture pool size now 3000 MB
[2018.09.11-05.08.28:494][  0]LogSlate: Took 0.000205 seconds to synchronously load lazily loaded font '../../../Engine/Content/Slate/Fonts/Roboto-Light.ttf' (167K)
[2018.09.11-05.08.28:654][  3]LogAssetRegistry: Asset discovery search completed in 11.9169 seconds
[2018.09.11-05.08.28:659][  3]LogCollectionManager: Rebuilt the object cache for 0 collections in 0.000001 seconds (found 0 objects)
[2018.09.11-05.08.28:659][  3]LogCollectionManager: Fixed up redirectors for 0 collections in 0.000090 seconds (updated 0 objects)
[2018.09.11-05.08.29:701][103]LogSlate: FSceneViewport::OnFocusLost() reason 0
[2018.09.11-05.09.03:153][145]LogSlate: Window 'Delete Assets' being destroyed
[2018.09.11-05.09.11:533][122]LogSlate: Took 0.000163 seconds to synchronously load lazily loaded font '../../../Engine/Content/Slate/Fonts/Roboto-Light.ttf' (167K)
[2018.09.11-05.09.11:756][122]LogPhysics: Warning: UBodySetup::GetCookInfo: Triangle data from '/Game/_Scenes/Maze.Maze:PersistentLevel.ModelComponent_1704' invalid (900 verts, 0 indices).
[2018.09.11-05.09.11:756][122]LogPhysics: Warning: Attempt to build physics data for /Game/_Scenes/Maze.Maze:PersistentLevel.ModelComponent_1704.BodySetup_1681 when we are unable to.
[2018.09.11-05.09.12:107][122]LogAIModule: Creating AISystem for world Maze
[2018.09.11-05.09.12:155][122]Cmd: MAP LOAD FILE="C:/Users/Matt/Desktop/CIU_Final_CarnEvil_4.19.2/CIU_CarnEvil_Final/Content/_Scenes/Maze.umap" TEMPLATE=0 SHOWPROGRESS=1 FEATURELEVEL=3
[2018.09.11-05.09.12:155][122]LightingResults: New page: Lighting Build
[2018.09.11-05.09.12:155][122]LoadErrors: New page: Loading map: Maze.umap
[2018.09.11-05.09.12:157][122]MapCheck: New page: Map Check
[2018.09.11-05.09.12:157][122]LightingResults: New page: Lighting Build
[2018.09.11-05.09.12:256][122]LogEditorServer: Finished looking for orphan Actors (0.000 secs)
[2018.09.11-05.09.12:309][122]Cmd: MAP CHECKDEP NOCLEARLOG
[2018.09.11-05.09.12:361][122]MapCheck: Map check complete: 0 Error(s), 0 Warning(s), took 51.662ms to complete.
[2018.09.11-05.09.12:363][122]LogFileHelpers: Loading map 'Maze' took 0.210
[2018.09.11-05.09.22:728][907]LogEditorViewport: Clicking Background
[2018.09.11-05.09.26:290][169]LogSlate: FSceneViewport::OnFocusLost() reason 0
[2018.09.11-05.09.31:786][579]Cmd: DELETE
[2018.09.11-05.09.31:786][579]Cmd: ACTOR DELETE
[2018.09.11-05.09.31:803][579]LogEditorActor: Deleted Actor: Brush
[2018.09.11-05.09.31:803][579]LogEditorActor: Deleted Actor: Brush
[2018.09.11-05.09.31:830][579]LogEditorActor: Deleted 2 Actors (0.044 secs)
[2018.09.11-05.09.42:783][420]LogSlate: FSceneViewport::OnFocusLost() reason 0
[2018.09.11-05.09.56:746][452]LogSlate: FSceneViewport::OnFocusLost() reason 0
[2018.09.11-05.10.29:542][421]LogEditorViewport: Clicking on Actor (LMB): PaperSpriteActor (OriginalAsset_Carn_Wall_Sprite5)
[2018.09.11-05.10.47:108][206]LogSlate: FSceneViewport::OnFocusLost() reason 0
[2018.09.11-05.10.47:222][214]Cmd: OBJ SAVEPACKAGE PACKAGE="/Game/_Scenes/Maze" FILE="C:/Users/Matt/Desktop/CIU_Final_CarnEvil_4.19.2/CIU_CarnEvil_Final/Content/_Scenes/Maze.umap" SILENT=true AUTOSAVING=false KEEPDIRTY=false
[2018.09.11-05.10.47:591][214]LogSavePackage: Save=322.60ms
[2018.09.11-05.10.47:591][214]LogSavePackage: Moving 'C:/Users/Matt/Desktop/CIU_Final_CarnEvil_4.19.2/CIU_CarnEvil_Final/Saved/Maze026375CC422602363710758DA4E01673.tmp' to 'C:/Users/Matt/Desktop/CIU_Final_CarnEvil_4.19.2/CIU_CarnEvil_Final/Content/_Scenes/Maze.umap'
[2018.09.11-05.10.47:596][214]LogSavePackage: Display: Finished SavePackage C:/Users/Matt/Desktop/CIU_Final_CarnEvil_4.19.2/CIU_CarnEvil_Final/Content/_Scenes/Maze.umap
[2018.09.11-05.10.47:673][214]Cmd: OBJ SAVEPACKAGE PACKAGE="/Game/_Scenes/Maze_BuiltData" FILE="C:/Users/Matt/Desktop/CIU_Final_CarnEvil_4.19.2/CIU_CarnEvil_Final/Content/_Scenes/Maze_BuiltData.uasset" SILENT=true
[2018.09.11-05.10.48:084][214]LogSavePackage: Save=372.84ms
[2018.09.11-05.10.48:084][214]LogSavePackage: Moving 'C:/Users/Matt/Desktop/CIU_Final_CarnEvil_4.19.2/CIU_CarnEvil_Final/Saved/Maze_BuiltDataB62BEF6C45D19F28D92B3E9C6903A1D3.tmp' to 'C:/Users/Matt/Desktop/CIU_Final_CarnEvil_4.19.2/CIU_CarnEvil_Final/Content/_Scenes/Maze_BuiltData.uasset'
[2018.09.11-05.10.48:086][214]LogSavePackage: Display: Finished SavePackage C:/Users/Matt/Desktop/CIU_Final_CarnEvil_4.19.2/CIU_CarnEvil_Final/Content/_Scenes/Maze_BuiltData.uasset
[2018.09.11-05.11.01:257][205]EditorErrors: New page: Actor attachment
[2018.09.11-05.11.25:463][ 25]Cmd: OBJ SAVEPACKAGE PACKAGE="/Game/_Scenes/Maze" FILE="C:/Users/Matt/Desktop/CIU_Final_CarnEvil_4.19.2/CIU_CarnEvil_Final/Content/_Scenes/Maze.umap" SILENT=true AUTOSAVING=false KEEPDIRTY=false
[2018.09.11-05.11.25:785][ 25]LogSavePackage: Save=286.62ms
[2018.09.11-05.11.25:785][ 25]LogSavePackage: Moving 'C:/Users/Matt/Desktop/CIU_Final_CarnEvil_4.19.2/CIU_CarnEvil_Final/Saved/Maze61B7F43E46BD2985E5C0188589D290EB.tmp' to 'C:/Users/Matt/Desktop/CIU_Final_CarnEvil_4.19.2/CIU_CarnEvil_Final/Content/_Scenes/Maze.umap'
[2018.09.11-05.11.25:788][ 25]LogSavePackage: Display: Finished SavePackage C:/Users/Matt/Desktop/CIU_Final_CarnEvil_4.19.2/CIU_CarnEvil_Final/Content/_Scenes/Maze.umap
[2018.09.11-05.11.25:845][ 25]Cmd: OBJ SAVEPACKAGE PACKAGE="/Game/_Scenes/Maze_BuiltData" FILE="C:/Users/Matt/Desktop/CIU_Final_CarnEvil_4.19.2/CIU_CarnEvil_Final/Content/_Scenes/Maze_BuiltData.uasset" SILENT=true
[2018.09.11-05.11.26:116][ 25]LogSavePackage: Save=250.57ms
[2018.09.11-05.11.26:116][ 25]LogSavePackage: Moving 'C:/Users/Matt/Desktop/CIU_Final_CarnEvil_4.19.2/CIU_CarnEvil_Final/Saved/Maze_BuiltData294D285949DE96420EA1A2BF701E5A04.tmp' to 'C:/Users/Matt/Desktop/CIU_Final_CarnEvil_4.19.2/CIU_CarnEvil_Final/Content/_Scenes/Maze_BuiltData.uasset'
[2018.09.11-05.11.26:121][ 25]LogSavePackage: Display: Finished SavePackage C:/Users/Matt/Desktop/CIU_Final_CarnEvil_4.19.2/CIU_CarnEvil_Final/Content/_Scenes/Maze_BuiltData.uasset
[2018.09.11-05.11.31:017][405]Cmd: CLOSE_SLATE_MAINFRAME
[2018.09.11-05.11.31:146][405]LogSlate: Window 'CIU_CarnEvil_Final - Unreal Editor' being destroyed
[2018.09.11-05.11.31:147][405]LogWindowsTextInputMethodSystem: Display: IME system now deactivated.
[2018.09.11-05.11.31:430][406]Cmd: QUIT_EDITOR
[2018.09.11-05.11.31:479][406]LogSlate: Slate User Destroyed.  User Index 0, Is Virtual User: 0
[2018.09.11-05.11.31:480][406]LogExit: Preparing to exit.
[2018.09.11-05.11.32:293][406]LogExit: Editor shut down
[2018.09.11-05.11.32:296][406]LogExit: Transaction tracking system shut down
[2018.09.11-05.11.32:297][406]LogUObjectGlobals: Destroyed PersistentFrame Addr=0x0000013d2bbdb958, Size=24
[2018.09.11-05.11.32:298][406]LogUObjectGlobals: Destroyed PersistentFrame Addr=0x0000013d2b49d800, Size=968
[2018.09.11-05.11.32:301][406]LogUObjectGlobals: Destroyed PersistentFrame Addr=0x0000013d2b75c700, Size=752
[2018.09.11-05.11.32:473][406]LogDirectoryWatcher: A directory notification for '../../../Engine/Content/' was aborted.
[2018.09.11-05.11.32:474][406]LogDirectoryWatcher: A directory notification for 'C:/Users/Matt/Desktop/CIU_Final_CarnEvil_4.19.2/CIU_CarnEvil_Final/Content/' was aborted.
[2018.09.11-05.11.32:474][406]LogDirectoryWatcher: A directory notification for '../../Plugins/2D/Paper2D/Content/' was aborted.
[2018.09.11-05.11.32:474][406]LogDirectoryWatcher: A directory notification for '../../Plugins/Enterprise/DatasmithContent/Content/' was aborted.
[2018.09.11-05.11.32:474][406]LogDirectoryWatcher: A directory notification for '../../Plugins/Media/MediaCompositing/Content/' was aborted.
[2018.09.11-05.11.32:474][406]LogDirectoryWatcher: A directory notification for '../../Plugins/Runtime/AppleARKit/Content/' was aborted.
[2018.09.11-05.11.32:474][406]LogDirectoryWatcher: A directory notification for '../../Plugins/Runtime/Oculus/OculusVR/Content/' was aborted.
[2018.09.11-05.11.32:474][406]LogDirectoryWatcher: A directory notification for '../../Plugins/Runtime/Steam/SteamVR/Content/' was aborted.
[2018.09.11-05.11.32:581][406]LogExit: Object subsystem successfully closed.
[2018.09.11-05.11.32:656][406]LogShaderCompilers: Display: Shaders left to compile 0
[2018.09.11-05.11.32:661][406]LogD3D11RHI: Shutdown
[2018.09.11-05.11.32:661][406]LogD3D11RHI: CleanupD3DDevice
[2018.09.11-05.11.32:669][406]LogD3D11RHI: ~FD3D11DynamicRHI
[2018.09.11-05.11.32:677][406]LogModuleManager: Shutting down and abandoning module HierarchicalLODOutliner (574)
[2018.09.11-05.11.32:677][406]LogModuleManager: Shutting down and abandoning module SceneOutliner (572)
[2018.09.11-05.11.32:677][406]LogModuleManager: Shutting down and abandoning module AddContentDialog (570)
[2018.09.11-05.11.32:677][406]LogDirectoryWatcher: A directory notification for 'D:/Game Engines/Epic Games/UE_4.19/FeaturePacks/' was aborted.
[2018.09.11-05.11.32:677][406]LogDirectoryWatcher: A directory notification for 'D:/Game Engines/Epic Games/UE_4.19/Enterprise/FeaturePacks/' was aborted.
[2018.09.11-05.11.32:692][406]LogModuleManager: Shutting down and abandoning module WidgetCarousel (569)
[2018.09.11-05.11.32:692][406]LogModuleManager: Shutting down and abandoning module EditorWidgets (566)
[2018.09.11-05.11.32:692][406]LogModuleManager: Shutting down and abandoning module CollectionManager (564)
[2018.09.11-05.11.32:692][406]LogDirectoryWatcher: A directory notification for 'C:/Users/Matt/Desktop/CIU_Final_CarnEvil_4.19.2/CIU_CarnEvil_Final/Content/Collections/' was aborted.
[2018.09.11-05.11.32:692][406]LogDirectoryWatcher: A directory notification for 'C:/Users/Matt/Desktop/CIU_Final_CarnEvil_4.19.2/CIU_CarnEvil_Final/Content/Developers/Matt/Collections/' was aborted.
[2018.09.11-05.11.32:692][406]LogDirectoryWatcher: A directory notification for 'C:/Users/Matt/Desktop/CIU_Final_CarnEvil_4.19.2/CIU_CarnEvil_Final/Saved/Collections/' was aborted.
[2018.09.11-05.11.32:692][406]LogModuleManager: Shutting down and abandoning module StatsViewer (562)
[2018.09.11-05.11.32:692][406]LogModuleManager: Shutting down and abandoning module FoliageEdit (560)
[2018.09.11-05.11.32:692][406]LogModuleManager: Shutting down and abandoning module LandscapeEditor (558)
[2018.09.11-05.11.32:692][406]LogModuleManager: Shutting down and abandoning module MeshPaintMode (556)
[2018.09.11-05.11.32:692][406]LogModuleManager: Shutting down and abandoning module SceneDepthPickerMode (554)
[2018.09.11-05.11.32:692][406]LogModuleManager: Shutting down and abandoning module ActorPickerMode (552)
[2018.09.11-05.11.32:692][406]LogModuleManager: Shutting down and abandoning module GeometryMode (550)
[2018.09.11-05.11.32:692][406]LogModuleManager: Shutting down and abandoning module TextureAlignMode (548)
[2018.09.11-05.11.32:692][406]LogModuleManager: Shutting down and abandoning module BspMode (546)
[2018.09.11-05.11.32:692][406]LogModuleManager: Shutting down and abandoning module PIEPreviewDeviceProfileSelector (544)
[2018.09.11-05.11.32:693][406]LogModuleManager: Shutting down and abandoning module HardwareSurvey (542)
[2018.09.11-05.11.32:693][406]LogModuleManager: Shutting down and abandoning module SequenceRecorderSections (540)
[2018.09.11-05.11.32:693][406]LogModuleManager: Shutting down and abandoning module AutomationWorker (538)
[2018.09.11-05.11.32:693][406]LogModuleManager: Shutting down and abandoning module AudioCaptureEditor (536)
[2018.09.11-05.11.32:693][406]LogModuleManager: Shutting down and abandoning module SequenceRecorder (535)
[2018.09.11-05.11.32:693][406]LogModuleManager: Shutting down and abandoning module MatineeToLevelSequence (532)
[2018.09.11-05.11.32:693][406]LogModuleManager: Shutting down and abandoning module LevelSequenceEditor (530)
[2018.09.11-05.11.32:693][406]LogModuleManager: Shutting down and abandoning module PlacementMode (529)
[2018.09.11-05.11.32:693][406]LogModuleManager: Shutting down and abandoning module MaterialEditor (528)
[2018.09.11-05.11.32:693][406]LogModuleManager: Shutting down and abandoning module WmfMediaFactory (524)
[2018.09.11-05.11.32:693][406]LogModuleManager: Shutting down and abandoning module WmfMediaEditor (522)
[2018.09.11-05.11.32:693][406]LogModuleManager: Shutting down and abandoning module MediaPlayerEditor (520)
[2018.09.11-05.11.32:693][406]LogModuleManager: Shutting down and abandoning module OpenExrWrapper (518)
[2018.09.11-05.11.32:693][406]LogModuleManager: Shutting down and abandoning module ImgMediaFactory (516)
[2018.09.11-05.11.32:693][406]LogModuleManager: Shutting down and abandoning module ImgMediaEditor (514)
[2018.09.11-05.11.32:693][406]LogModuleManager: Shutting down and abandoning module AvfMediaFactory (512)
[2018.09.11-05.11.32:693][406]LogModuleManager: Shutting down and abandoning module AvfMediaEditor (510)
[2018.09.11-05.11.32:693][406]LogModuleManager: Shutting down and abandoning module AndroidMediaFactory (508)
[2018.09.11-05.11.32:693][406]LogModuleManager: Shutting down and abandoning module AndroidMediaEditor (506)
[2018.09.11-05.11.32:693][406]LogModuleManager: Shutting down and abandoning module CharacterAI (504)
[2018.09.11-05.11.32:693][406]LogModuleManager: Shutting down and abandoning module SmartSnapping (502)
[2018.09.11-05.11.32:693][406]LogModuleManager: Shutting down and abandoning module SessionServices (500)
[2018.09.11-05.11.32:693][406]LogModuleManager: Shutting down and abandoning module ViewportSnapping (498)
[2018.09.11-05.11.32:693][406]LogModuleManager: Shutting down and abandoning module ViewportInteraction (496)
[2018.09.11-05.11.32:693][406]LogModuleManager: Shutting down and abandoning module ClothPainter (494)
[2018.09.11-05.11.32:693][406]LogModuleManager: Shutting down and abandoning module SkeletalMeshEditor (493)
[2018.09.11-05.11.32:693][406]LogModuleManager: Shutting down and abandoning module LogVisualizer (490)
[2018.09.11-05.11.32:693][406]LogModuleManager: Shutting down and abandoning module IntroTutorials (488)
[2018.09.11-05.11.32:693][406]LogModuleManager: Shutting down and abandoning module GameProjectGeneration (487)
[2018.09.11-05.11.32:693][406]LogModuleManager: Shutting down and abandoning module IOSPlatformEditor (484)
[2018.09.11-05.11.32:693][406]LogModuleManager: Shutting down and abandoning module HTML5PlatformEditor (482)
[2018.09.11-05.11.32:693][406]LogModuleManager: Shutting down and abandoning module AndroidPlatformEditor (480)
[2018.09.11-05.11.32:693][406]LogModuleManager: Shutting down and abandoning module AndroidDeviceDetection (479)
[2018.09.11-05.11.32:816][406]LogModuleManager: Shutting down and abandoning module WindowsPlatformEditor (476)
[2018.09.11-05.11.32:816][406]LogModuleManager: Shutting down and abandoning module IOSRuntimeSettings (474)
[2018.09.11-05.11.32:816][406]LogModuleManager: Shutting down and abandoning module AndroidRuntimeSettings (472)
[2018.09.11-05.11.32:816][406]LogModuleManager: Shutting down and abandoning module InputBindingEditor (470)
[2018.09.11-05.11.32:816][406]LogModuleManager: Shutting down and abandoning module MergeActors (468)
[2018.09.11-05.11.32:816][406]LogModuleManager: Shutting down and abandoning module LocalizationDashboard (466)
[2018.09.11-05.11.32:816][406]LogModuleManager: Shutting down and abandoning module LocalizationService (465)
[2018.09.11-05.11.32:816][406]LogModuleManager: Shutting down and abandoning module HardwareTargeting (462)
[2018.09.11-05.11.32:816][406]LogModuleManager: Shutting down and abandoning module DeviceProfileEditor (460)
[2018.09.11-05.11.32:816][406]LogModuleManager: Shutting down and abandoning module UndoHistory (458)
[2018.09.11-05.11.32:816][406]LogModuleManager: Shutting down and abandoning module XmlParser (456)
[2018.09.11-05.11.32:816][406]LogModuleManager: Shutting down and abandoning module Blutility (454)
[2018.09.11-05.11.32:816][406]LogModuleManager: Shutting down and abandoning module ProjectSettingsViewer (452)
[2018.09.11-05.11.32:817][406]LogModuleManager: Shutting down and abandoning module ProjectTargetPlatformEditor (451)
[2018.09.11-05.11.32:817][406]LogModuleManager: Shutting down and abandoning module EditorSettingsViewer (448)
[2018.09.11-05.11.32:817][406]LogModuleManager: Shutting down and abandoning module SettingsEditor (446)
[2018.09.11-05.11.32:817][406]LogModuleManager: Shutting down and abandoning module ProjectLauncher (444)
[2018.09.11-05.11.32:817][406]LogModuleManager: Shutting down and abandoning module SessionFrontend (442)
[2018.09.11-05.11.32:817][406]LogModuleManager: Shutting down and abandoning module ProfilerClient (440)
[2018.09.11-05.11.32:817][406]LogModuleManager: Shutting down and abandoning module DeviceManager (438)
[2018.09.11-05.11.32:817][406]LogModuleManager: Shutting down and abandoning module TargetDeviceServices (437)
[2018.09.11-05.11.32:883][406]LogModuleManager: Shutting down and abandoning module AutomationController (434)
[2018.09.11-05.11.32:883][406]LogModuleManager: Shutting down and abandoning module AutomationWindow (432)
[2018.09.11-05.11.32:883][406]LogModuleManager: Shutting down and abandoning module Layers (430)
[2018.09.11-05.11.32:883][406]LogModuleManager: Shutting down and abandoning module ComponentVisualizers (428)
[2018.09.11-05.11.32:883][406]LogModuleManager: Shutting down and abandoning module DetailCustomizations (426)
[2018.09.11-05.11.32:883][406]LogModuleManager: Shutting down and abandoning module PackagesDialog (424)
[2018.09.11-05.11.32:884][406]LogModuleManager: Shutting down and abandoning module Persona (422)
[2018.09.11-05.11.32:884][406]LogModuleManager: Shutting down and abandoning module AdvancedPreviewScene (421)
[2018.09.11-05.11.32:884][406]LogModuleManager: Shutting down and abandoning module AnimGraph (419)
[2018.09.11-05.11.32:884][406]LogModuleManager: Shutting down and abandoning module Kismet (416)
[2018.09.11-05.11.32:885][406]LogModuleManager: Shutting down and abandoning module GraphEditor (414)
[2018.09.11-05.11.32:885][406]LogModuleManager: Shutting down and abandoning module ClassViewer (412)
[2018.09.11-05.11.32:885][406]LogModuleManager: Shutting down and abandoning module Toolbox (410)
[2018.09.11-05.11.32:885][406]LogModuleManager: Shutting down and abandoning module ModuleUI (408)
[2018.09.11-05.11.32:885][406]LogModuleManager: Shutting down and abandoning module MovieSceneTools (406)
[2018.09.11-05.11.32:885][406]LogModuleManager: Shutting down and abandoning module OutputLog (404)
[2018.09.11-05.11.32:885][406]LogModuleManager: Shutting down and abandoning module GammaUI (402)
[2018.09.11-05.11.32:885][406]LogModuleManager: Shutting down and abandoning module Documentation (400)
[2018.09.11-05.11.32:885][406]LogModuleManager: Shutting down and abandoning module MovieSceneTracks (398)
[2018.09.11-05.11.32:886][406]LogModuleManager: Shutting down and abandoning module MovieScene (396)
[2018.09.11-05.11.32:886][406]LogModuleManager: Shutting down and abandoning module StreamingPauseRendering (394)
[2018.09.11-05.11.32:886][406]LogModuleManager: Shutting down and abandoning module LauncherPlatform (392)
[2018.09.11-05.11.32:886][406]LogModuleManager: Shutting down and abandoning module AnalyticsET (390)
[2018.09.11-05.11.32:886][406]LogModuleManager: Shutting down and abandoning module PortalServices (388)
[2018.09.11-05.11.32:886][406]LogModuleManager: Shutting down and abandoning module PortalRpc (386)
[2018.09.11-05.11.32:886][406]LogModuleManager: Shutting down and abandoning module MessagingRpc (384)
[2018.09.11-05.11.32:886][406]LogModuleManager: Shutting down and abandoning module AIModule (382)
[2018.09.11-05.11.32:886][406]LogModuleManager: Shutting down and abandoning module GameplayDebugger (381)
[2018.09.11-05.11.32:886][406]LogModuleManager: Shutting down and abandoning module AITestSuite (379)
[2018.09.11-05.11.32:886][406]LogModuleManager: Shutting down and abandoning module DesktopPlatform (376)
[2018.09.11-05.11.32:886][406]LogModuleManager: Shutting down and abandoning module ProfilerService (374)
[2018.09.11-05.11.32:943][406]LogModuleManager: Shutting down and abandoning module TaskGraph (372)
[2018.09.11-05.11.32:944][406]LogModuleManager: Shutting down and abandoning module SteamVRController (370)
[2018.09.11-05.11.32:944][406]LogModuleManager: Shutting down and abandoning module ProceduralMeshComponentEditor (368)
[2018.09.11-05.11.32:944][406]LogModuleManager: Shutting down and abandoning module ProceduralMeshComponent (366)
[2018.09.11-05.11.32:944][406]LogModuleManager: Shutting down and abandoning module OculusInput (364)
[2018.09.11-05.11.32:944][406]LogModuleManager: Shutting down and abandoning module MobilePatchingUtils (362)
[2018.09.11-05.11.32:944][406]LogModuleManager: Shutting down and abandoning module CustomMeshComponent (360)
[2018.09.11-05.11.32:944][406]LogModuleManager: Shutting down and abandoning module CableComponent (358)
[2018.09.11-05.11.32:944][406]LogModuleManager: Shutting down and abandoning module AudioCapture (356)
[2018.09.11-05.11.32:944][406]LogModuleManager: Shutting down and abandoning module ArchVisCharacter (354)
[2018.09.11-05.11.32:944][406]LogModuleManager: Shutting down and abandoning module AndroidPermission (352)
[2018.09.11-05.11.32:944][406]LogModuleManager: Shutting down and abandoning module NUTUnrealEngine4 (348)
[2018.09.11-05.11.32:944][406]LogModuleManager: Shutting down and abandoning module NetcodeUnitTest (346)
[2018.09.11-05.11.32:944][406]LogModuleManager: Shutting down and abandoning module MediaCompositingEditor (344)
[2018.09.11-05.11.32:944][406]LogModuleManager: Shutting down and abandoning module MediaCompositing (342)
[2018.09.11-05.11.32:944][406]LogModuleManager: Shutting down and abandoning module LinearTimecode (340)
[2018.09.11-05.11.32:944][406]LogModuleManager: Shutting down and abandoning module ImgMedia (338)
[2018.09.11-05.11.32:950][406]LogModuleManager: Shutting down and abandoning module HTML5Networking (336)
[2018.09.11-05.11.32:950][406]LogModuleManager: Shutting down and abandoning module AlembicImporter (334)
[2018.09.11-05.11.32:950][406]LogModuleManager: Shutting down and abandoning module AlembicLibrary (333)
[2018.09.11-05.11.32:951][406]LogModuleManager: Shutting down and abandoning module GeometryCache (332)
[2018.09.11-05.11.32:951][406]LogModuleManager: Shutting down and abandoning module GeometryCacheEd (331)
[2018.09.11-05.11.32:951][406]LogModuleManager: Shutting down and abandoning module DatasmithContent (326)
[2018.09.11-05.11.32:951][406]LogModuleManager: Shutting down and abandoning module SpeedTreeImporter (324)
[2018.09.11-05.11.32:951][406]LogModuleManager: Shutting down and abandoning module PluginBrowser (322)
[2018.09.11-05.11.32:951][406]LogModuleManager: Shutting down and abandoning module MobileLauncherProfileWizard (320)
[2018.09.11-05.11.32:951][406]LogModuleManager: Shutting down and abandoning module CryptoKeysOpenSSL (318)
[2018.09.11-05.11.32:951][406]LogModuleManager: Shutting down and abandoning module CryptoKeys (316)
[2018.09.11-05.11.32:951][406]LogModuleManager: Shutting down and abandoning module VisualStudioSourceCodeAccess (314)
[2018.09.11-05.11.32:951][406]LogModuleManager: Shutting down and abandoning module VisualStudioCodeSourceCodeAccess (312)
[2018.09.11-05.11.32:951][406]LogModuleManager: Shutting down and abandoning module UObjectPlugin (310)
[2018.09.11-05.11.32:951][406]LogModuleManager: Shutting down and abandoning module SubversionSourceControl (308)
[2018.09.11-05.11.32:951][406]LogModuleManager: Shutting down and abandoning module PerforceSourceControl (306)
[2018.09.11-05.11.32:951][406]LogModuleManager: Shutting down and abandoning module GitSourceControl (304)
[2018.09.11-05.11.32:951][406]LogModuleManager: Shutting down and abandoning module SourceControl (303)
[2018.09.11-05.11.32:951][406]LogModuleManager: Shutting down and abandoning module CLionSourceCodeAccess (300)
[2018.09.11-05.11.32:951][406]LogModuleManager: Shutting down and abandoning module LightPropagationVolumeEditor (298)
[2018.09.11-05.11.32:952][406]LogModuleManager: Shutting down and abandoning module PaperTiledImporter (296)
[2018.09.11-05.11.32:952][406]LogModuleManager: Shutting down and abandoning module PaperSpriteSheetImporter (294)
[2018.09.11-05.11.32:952][406]LogModuleManager: Shutting down and abandoning module Paper2DEditor (292)
[2018.09.11-05.11.32:952][406]LogModuleManager: Shutting down and abandoning module MeshPaint (291)
[2018.09.11-05.11.32:952][406]LogModuleManager: Shutting down and abandoning module RuntimePhysXCooking (288)
[2018.09.11-05.11.32:952][406]LogModuleManager: Shutting down and abandoning module PhysXVehiclesEditor (286)
[2018.09.11-05.11.32:952][406]LogModuleManager: Shutting down and abandoning module PhysXVehicles (284)
[2018.09.11-05.11.32:952][406]LogModuleManager: Shutting down and abandoning module OculusEditor (282)
[2018.09.11-05.11.32:952][406]LogModuleManager: Shutting down and abandoning module LocationServicesBPLibrary (280)
[2018.09.11-05.11.32:952][406]LogModuleManager: Shutting down and abandoning module ImmediatePhysicsEditor (278)
[2018.09.11-05.11.32:952][406]LogModuleManager: Shutting down and abandoning module ImmediatePhysics (276)
[2018.09.11-05.11.32:952][406]LogModuleManager: Shutting down and abandoning module ActorSequence (274)
[2018.09.11-05.11.32:952][406]LogModuleManager: Shutting down and abandoning module UdpMessaging (272)
[2018.09.11-05.11.33:053][406]LogModuleManager: Shutting down and abandoning module TcpMessaging (270)
[2018.09.11-05.11.33:217][406]LogModuleManager: Shutting down and abandoning module GameplayTagsEditor (268)
[2018.09.11-05.11.33:217][406]LogModuleManager: Shutting down and abandoning module FacialAnimationEditor (266)
[2018.09.11-05.11.33:217][406]LogModuleManager: Shutting down and abandoning module FacialAnimation (264)
[2018.09.11-05.11.33:217][406]LogModuleManager: Shutting down and abandoning module DataValidation (262)
[2018.09.11-05.11.33:217][406]LogModuleManager: Shutting down and abandoning module AssetManagerEditor (260)
[2018.09.11-05.11.33:217][406]LogModuleManager: Shutting down and abandoning module LevelEditor (259)
[2018.09.11-05.11.33:219][406]LogModuleManager: Shutting down and abandoning module PixelInspectorModule (258)
[2018.09.11-05.11.33:219][406]LogModuleManager: Shutting down and abandoning module CommonMenuExtensions (256)
[2018.09.11-05.11.33:219][406]LogModuleManager: Shutting down and abandoning module MainFrame (254)
[2018.09.11-05.11.33:220][406]LogModuleManager: Shutting down and abandoning module HotReload (253)
[2018.09.11-05.11.33:220][406]LogModuleManager: Shutting down and abandoning module ContentBrowser (249)
[2018.09.11-05.11.33:222][406]LogModuleManager: Shutting down and abandoning module TreeMap (247)
[2018.09.11-05.11.33:222][406]LogModuleManager: Shutting down and abandoning module LightPropagationVolumeRuntime (244)
[2018.09.11-05.11.33:222][406]LogModuleManager: Shutting down and abandoning module LiveLinkEditor (242)
[2018.09.11-05.11.33:222][406]LogModuleManager: Shutting down and abandoning module LiveLink (240)
[2018.09.11-05.11.34:021][406]LogModuleManager: Shutting down and abandoning module Paper2D (238)
[2018.09.11-05.11.34:021][406]LogModuleManager: Shutting down and abandoning module WindowsMoviePlayer (236)
[2018.09.11-05.11.34:021][406]LogModuleManager: Shutting down and abandoning module WmfMedia (234)
[2018.09.11-05.11.34:024][406]LogModuleManager: Shutting down and abandoning module Media (233)
[2018.09.11-05.11.34:035][406]LogModuleManager: Shutting down and abandoning module PacketHandler (230)
[2018.09.11-05.11.34:035][406]LogModuleManager: Shutting down and abandoning module ClothingSystemEditor (228)
[2018.09.11-05.11.34:035][406]LogModuleManager: Shutting down and abandoning module ClothingSystemRuntime (226)
[2018.09.11-05.11.34:035][406]LogModuleManager: Shutting down and abandoning module MediaAssets (224)
[2018.09.11-05.11.34:035][406]LogModuleManager: Shutting down and abandoning module Overlay (222)
[2018.09.11-05.11.34:035][406]LogModuleManager: Shutting down and abandoning module OverlayEditor (221)
[2018.09.11-05.11.34:035][406]LogModuleManager: Shutting down and abandoning module VREditor (218)
[2018.09.11-05.11.34:035][406]LogModuleManager: Shutting down and abandoning module StringTableEditor (216)
[2018.09.11-05.11.34:035][406]LogModuleManager: Shutting down and abandoning module GameplayTasksEditor (214)
[2018.09.11-05.11.34:035][406]LogModuleManager: Shutting down and abandoning module BehaviorTreeEditor (212)
[2018.09.11-05.11.34:036][406]LogModuleManager: Shutting down and abandoning module FunctionalTesting (210)
[2018.09.11-05.11.34:036][406]LogModuleManager: Shutting down and abandoning module CollisionAnalyzer (208)
[2018.09.11-05.11.34:036][406]LogModuleManager: Shutting down and abandoning module WorkspaceMenuStructure (207)
[2018.09.11-05.11.34:036][406]LogModuleManager: Shutting down and abandoning module UMG (204)
[2018.09.11-05.11.34:036][406]LogModuleManager: Shutting down and abandoning module UMGEditor (203)
[2018.09.11-05.11.34:036][406]LogModuleManager: Shutting down and abandoning module Sequencer (202)
[2018.09.11-05.11.34:036][406]LogModuleManager: Shutting down and abandoning module MessageLog (199)
[2018.09.11-05.11.34:036][406]LogModuleManager: Shutting down and abandoning module SlateReflector (194)
[2018.09.11-05.11.34:036][406]LogModuleManager: Shutting down and abandoning module Slate (192)
[2018.09.11-05.11.34:036][406]LogModuleManager: Shutting down and abandoning module EditorStyle (190)
[2018.09.11-05.11.34:038][406]LogModuleManager: Shutting down and abandoning module MRMesh (188)
[2018.09.11-05.11.34:038][406]LogModuleManager: Shutting down and abandoning module SourceCodeAccess (186)
[2018.09.11-05.11.34:038][406]LogModuleManager: Shutting down and abandoning module HeadMountedDisplay (184)
[2018.09.11-05.11.34:038][406]LogModuleManager: Shutting down and abandoning module XAudio2 (182)
[2018.09.11-05.11.34:038][406]LogModuleManager: Shutting down and abandoning module Networking (180)
[2018.09.11-05.11.34:038][406]LogModuleManager: Shutting down and abandoning module Core (178)
[2018.09.11-05.11.34:038][406]LogModuleManager: Shutting down and abandoning module LevelSequence (176)
[2018.09.11-05.11.34:038][406]LogModuleManager: Shutting down and abandoning module KismetCompiler (174)
[2018.09.11-05.11.34:038][406]LogModuleManager: Shutting down and abandoning module MeshUtilities (172)
[2018.09.11-05.11.34:039][406]LogModuleManager: Shutting down and abandoning module MeshMergeUtilities (171)
[2018.09.11-05.11.34:039][406]LogModuleManager: Shutting down and abandoning module MeshReductionInterface (170)
[2018.09.11-05.11.34:039][406]LogModuleManager: Shutting down and abandoning module SimplygonSwarm (169)
[2018.09.11-05.11.34:039][406]LogModuleManager: Shutting down and abandoning module SimplygonMeshReduction (167)
[2018.09.11-05.11.34:039][406]LogModuleManager: Shutting down and abandoning module QuadricMeshReduction (165)
[2018.09.11-05.11.34:039][406]LogModuleManager: Shutting down and abandoning module MaterialBaking (161)
[2018.09.11-05.11.34:039][406]LogModuleManager: Shutting down and abandoning module DirectoryWatcher (157)
[2018.09.11-05.11.34:040][406]LogModuleManager: Shutting down and abandoning module DerivedDataCache (154)
[2018.09.11-05.11.34:105][406]LogDerivedDataCache: Shutdown
[2018.09.11-05.11.34:106][406]LogModuleManager: Shutting down and abandoning module XGEController (152)
[2018.09.11-05.11.34:106][406]LogXGEController: Cleaning working directory: C:/Users/Matt/AppData/Local/Temp/UnrealXGEWorkingDir/
[2018.09.11-05.11.34:106][406]LogModuleManager: Shutting down and abandoning module TargetPlatform (150)
[2018.09.11-05.11.34:106][406]LogModuleManager: Shutting down and abandoning module VulkanShaderFormat (149)
[2018.09.11-05.11.34:106][406]LogModuleManager: Shutting down and abandoning module ShaderFormatVectorVM (147)
[2018.09.11-05.11.34:106][406]LogModuleManager: Shutting down and abandoning module ShaderFormatOpenGL (145)
[2018.09.11-05.11.34:106][406]LogModuleManager: Shutting down and abandoning module ShaderFormatD3D (143)
[2018.09.11-05.11.34:106][406]LogModuleManager: Shutting down and abandoning module MetalShaderFormat (141)
[2018.09.11-05.11.34:106][406]LogModuleManager: Shutting down and abandoning module TextureFormatUncompressed (139)
[2018.09.11-05.11.34:106][406]LogModuleManager: Shutting down and abandoning module TextureFormatPVR (137)
[2018.09.11-05.11.34:106][406]LogModuleManager: Shutting down and abandoning module TextureFormatDXT (135)
[2018.09.11-05.11.34:106][406]LogModuleManager: Shutting down and abandoning module TextureFormatIntelISPCTexComp (133)
[2018.09.11-05.11.34:106][406]LogModuleManager: Shutting down and abandoning module TextureFormatASTC (131)
[2018.09.11-05.11.34:106][406]LogModuleManager: Shutting down and abandoning module ImageWrapper (130)
[2018.09.11-05.11.34:106][406]LogModuleManager: Shutting down and abandoning module TextureFormatAndroid (127)
[2018.09.11-05.11.34:106][406]LogModuleManager: Shutting down and abandoning module AudioFormatOpus (125)
[2018.09.11-05.11.34:106][406]LogModuleManager: Shutting down and abandoning module AudioFormatOgg (123)
[2018.09.11-05.11.34:106][406]LogModuleManager: Shutting down and abandoning module AudioFormatADPCM (121)
[2018.09.11-05.11.34:106][406]LogModuleManager: Shutting down and abandoning module LinuxTargetPlatform (119)
[2018.09.11-05.11.34:106][406]LogModuleManager: Shutting down and abandoning module LinuxServerTargetPlatform (117)
[2018.09.11-05.11.34:106][406]LogModuleManager: Shutting down and abandoning module LinuxNoEditorTargetPlatform (115)
[2018.09.11-05.11.34:106][406]LogModuleManager: Shutting down and abandoning module LinuxClientTargetPlatform (113)
[2018.09.11-05.11.34:106][406]LogModuleManager: Shutting down and abandoning module TVOSTargetPlatform (111)
[2018.09.11-05.11.34:106][406]LogModuleManager: Shutting down and abandoning module Messaging (109)
[2018.09.11-05.11.34:107][406]LogModuleManager: Shutting down and abandoning module IOSTargetPlatform (107)
[2018.09.11-05.11.34:107][406]LogModuleManager: Shutting down and abandoning module HTML5TargetPlatform (105)
[2018.09.11-05.11.34:107][406]LogModuleManager: Shutting down and abandoning module AndroidTargetPlatform (103)
[2018.09.11-05.11.34:107][406]LogModuleManager: Shutting down and abandoning module Android_PVRTCTargetPlatform (101)
[2018.09.11-05.11.34:107][406]LogModuleManager: Shutting down and abandoning module Android_MultiTargetPlatform (99)
[2018.09.11-05.11.34:107][406]LogModuleManager: Shutting down and abandoning module Android_ETC2TargetPlatform (97)
[2018.09.11-05.11.34:107][406]LogModuleManager: Shutting down and abandoning module Android_ETC1TargetPlatform (95)
[2018.09.11-05.11.34:107][406]LogModuleManager: Shutting down and abandoning module Android_ETC1aTargetPlatform (93)
[2018.09.11-05.11.34:107][406]LogModuleManager: Shutting down and abandoning module Android_DXTTargetPlatform (91)
[2018.09.11-05.11.34:107][406]LogModuleManager: Shutting down and abandoning module Android_ATCTargetPlatform (89)
[2018.09.11-05.11.34:107][406]LogModuleManager: Shutting down and abandoning module Android_ASTCTargetPlatform (87)
[2018.09.11-05.11.34:107][406]LogModuleManager: Shutting down and abandoning module WindowsTargetPlatform (85)
[2018.09.11-05.11.34:107][406]LogModuleManager: Shutting down and abandoning module WindowsServerTargetPlatform (83)
[2018.09.11-05.11.34:107][406]LogModuleManager: Shutting down and abandoning module WindowsNoEditorTargetPlatform (81)
[2018.09.11-05.11.34:107][406]LogModuleManager: Shutting down and abandoning module WindowsClientTargetPlatform (79)
[2018.09.11-05.11.34:107][406]LogModuleManager: Shutting down and abandoning module MacTargetPlatform (77)
[2018.09.11-05.11.34:107][406]LogModuleManager: Shutting down and abandoning module MacServerTargetPlatform (75)
[2018.09.11-05.11.34:107][406]LogModuleManager: Shutting down and abandoning module MacNoEditorTargetPlatform (73)
[2018.09.11-05.11.34:107][406]LogModuleManager: Shutting down and abandoning module MacClientTargetPlatform (71)
[2018.09.11-05.11.34:107][406]LogModuleManager: Shutting down and abandoning module AllDesktopTargetPlatform (69)
[2018.09.11-05.11.34:107][406]LogModuleManager: Shutting down and abandoning module InputCore (66)
[2018.09.11-05.11.34:107][406]LogModuleManager: Shutting down and abandoning module Settings (64)
[2018.09.11-05.11.34:107][406]LogModuleManager: Shutting down and abandoning module PhysXCooking (62)
[2018.09.11-05.11.34:107][406]LogModuleManager: Shutting down and abandoning module SteamVR (60)
[2018.09.11-05.11.34:107][406]LogModuleManager: Shutting down and abandoning module OculusHMD (58)
[2018.09.11-05.11.34:107][406]LogModuleManager: Shutting down and abandoning module ExampleDeviceProfileSelector (56)
[2018.09.11-05.11.34:107][406]LogModuleManager: Shutting down and abandoning module AppleARKit (54)
[2018.09.11-05.11.34:107][406]LogModuleManager: Shutting down and abandoning module AugmentedReality (51)
[2018.09.11-05.11.34:107][406]LogModuleManager: Shutting down and abandoning module OnlineBlueprintSupport (48)
[2018.09.11-05.11.34:107][406]LogModuleManager: Shutting down and abandoning module OnlineSubsystem (44)
[2018.09.11-05.11.34:108][406]LogModuleManager: Shutting down and abandoning module XMPP (43)
[2018.09.11-05.11.34:108][406]LogModuleManager: Shutting down and abandoning module HTTP (41)
[2018.09.11-05.11.34:108][406]LogHttp: Display: Http module shutting down, but needs to wait on 1 outstanding Http requests:
[2018.09.11-05.11.34:108][406]LogHttp: Display: 	verb=[POST] url=[https://datarouter.ol.epicgames.com/datarouter/api/v1/public/data?SessionID=%7B61D3A7B4-4201-2F5F-69D3-8AB75E34AA9B%7D&AppID=UEEditor.Rocket.Release&AppVersion=4.19.2-4033788%2B%2B%2BUE4%2BRelease-4.19&UserID=8670ddc143f166d963b47d878f9a65f4%7C60970d98e3a64dd2a97c27b60aa77d2a%7Cbc5c8457-a208-415d-8abb-8bae24e0202f&AppEnvironment=datacollector-binary&UploadType=eteventstream] status=Processing
[2018.09.11-05.11.34:135][406]LogModuleManager: Shutting down and abandoning module SSL (40)
[2018.09.11-05.11.34:136][406]LogModuleManager: Shutting down and abandoning module AnimationModifiers (36)
[2018.09.11-05.11.34:136][406]LogModuleManager: Shutting down and abandoning module PropertyEditor (35)
[2018.09.11-05.11.34:136][406]LogModuleManager: Shutting down and abandoning module AudioEditor (32)
[2018.09.11-05.11.34:136][406]LogModuleManager: Shutting down and abandoning module TextureCompressor (30)
[2018.09.11-05.11.34:137][406]LogModuleManager: Shutting down and abandoning module ShaderCore (28)
[2018.09.11-05.11.34:137][406]LogModuleManager: Shutting down and abandoning module Landscape (26)
[2018.09.11-05.11.34:137][406]LogModuleManager: Shutting down and abandoning module SlateRHIRenderer (24)
[2018.09.11-05.11.34:137][406]LogModuleManager: Shutting down and abandoning module OpenGLDrv (22)
[2018.09.11-05.11.34:137][406]LogModuleManager: Shutting down and abandoning module D3D11RHI (20)
[2018.09.11-05.11.34:137][406]LogModuleManager: Shutting down and abandoning module AnimGraphRuntime (18)
[2018.09.11-05.11.34:137][406]LogModuleManager: Shutting down and abandoning module Renderer (16)
[2018.09.11-05.11.34:137][406]LogModuleManager: Shutting down and abandoning module Engine (14)
[2018.09.11-05.11.34:137][406]LogModuleManager: Shutting down and abandoning module CoreUObject (12)
[2018.09.11-05.11.34:137][406]LogModuleManager: Shutting down and abandoning module NetworkFile (10)
[2018.09.11-05.11.34:137][406]LogModuleManager: Shutting down and abandoning module CookedIterativeFile (8)
[2018.09.11-05.11.34:138][406]LogModuleManager: Shutting down and abandoning module StreamingFile (6)
[2018.09.11-05.11.34:138][406]LogModuleManager: Shutting down and abandoning module SandboxFile (4)
[2018.09.11-05.11.34:138][406]LogModuleManager: Shutting down and abandoning module PakFile (2)
[2018.09.11-05.11.34:154][406]LogExit: Exiting.
[2018.09.11-05.11.34:177][406]Log file closed, 09/11/18 15:11:34
